[0.020s] Invoking command in '/home/y/lxy_ROS2/ROS2_git/build/base_interface_demo': CMAKE_PREFIX_PATH=${CMAKE_PREFIX_PATH}:/home/y/lxy_ROS2/ws00_helloworld/install/pkg02_helloworld_py:/opt/ros/humble /usr/local/bin/cmake --build /home/y/lxy_ROS2/ROS2_git/build/base_interface_demo -- -j4 -l4
[0.028s] -- Found ament_cmake: 1.3.10 (/opt/ros/humble/share/ament_cmake/cmake)
[0.091s] -- Found rosidl_default_generators: 1.2.0 (/opt/ros/humble/share/rosidl_default_generators/cmake)
[0.094s] -- Using all available rosidl_typesupport_c: rosidl_typesupport_fastrtps_c;rosidl_typesupport_introspection_c
[0.096s] -- Found rosidl_adapter: 3.1.5 (/opt/ros/humble/share/rosidl_adapter/cmake)
[0.117s] -- Using all available rosidl_typesupport_cpp: rosidl_typesupport_fastrtps_cpp;rosidl_typesupport_introspection_cpp
[0.279s] -- Found ament_cmake_ros: 0.10.0 (/opt/ros/humble/share/ament_cmake_ros/cmake)
[0.340s] -- Using all available rosidl_typesupport_c: rosidl_typesupport_fastrtps_c;rosidl_typesupport_introspection_c
[0.422s] -- Using all available rosidl_typesupport_cpp: rosidl_typesupport_fastrtps_cpp;rosidl_typesupport_introspection_cpp
[0.439s] -- Found python_cmake_module: 0.10.0 (/opt/ros/humble/share/python_cmake_module/cmake)
[0.455s] -- Using PYTHON_EXECUTABLE: /usr/bin/python3
[0.455s] -- Using PYTHON_INCLUDE_DIRS: /usr/include/python3.10
[0.455s] -- Using PYTHON_LIBRARIES: /usr/lib/x86_64-linux-gnu/libpython3.10.so
[0.470s] -- Found ament_lint_auto: 0.12.11 (/opt/ros/humble/share/ament_lint_auto/cmake)
[0.477s] -- Added test 'lint_cmake' to check CMake code style
[0.478s] -- Added test 'xmllint' to check XML markup files
[0.480s] -- Configuring done (0.5s)
[0.516s] -- Generating done (0.0s)
[0.519s] -- Build files have been written to: /home/y/lxy_ROS2/ROS2_git/build/base_interface_demo
[0.533s] [  2%] [34m[1mGenerating C code for ROS interfaces[0m
[0.538s] [  5%] [34m[1mGenerating C++ code for ROS interfaces[0m
[0.545s] [  5%] Built target ament_cmake_python_copy_base_interface_demo
[0.712s] running egg_info
[0.712s] writing base_interface_demo.egg-info/PKG-INFO
[0.715s] writing dependency_links to base_interface_demo.egg-info/dependency_links.txt
[0.716s] writing top-level names to base_interface_demo.egg-info/top_level.txt
[0.716s] reading manifest file 'base_interface_demo.egg-info/SOURCES.txt'
[0.717s] writing manifest file 'base_interface_demo.egg-info/SOURCES.txt'
[0.732s] [  5%] Built target ament_cmake_python_build_base_interface_demo_egg
[0.736s] [  7%] [32mBuilding C object CMakeFiles/base_interface_demo__rosidl_generator_c.dir/rosidl_generator_c/base_interface_demo/msg/detail/student__functions.c.o[0m
[0.740s] [ 10%] [32mBuilding C object CMakeFiles/base_interface_demo__rosidl_generator_c.dir/rosidl_generator_c/base_interface_demo/srv/detail/add_ints__functions.c.o[0m
[0.756s] [ 10%] Built target base_interface_demo__cpp
[0.765s] [ 12%] [34m[1mGenerating C++ introspection for ROS interfaces[0m
[0.765s] [ 15%] [34m[1mGenerating C++ type support for eProsima Fast-RTPS[0m
[0.782s] [ 17%] [34m[1mGenerating C++ type support dispatch for ROS interfaces[0m
[0.785s] [ 20%] [32m[1mLinking C shared library libbase_interface_demo__rosidl_generator_c.so[0m
[0.806s] [ 20%] Built target base_interface_demo__rosidl_generator_c
[0.816s] [ 23%] [34m[1mGenerating C introspection for ROS interfaces[0m
[0.954s] [ 25%] [32mBuilding CXX object CMakeFiles/base_interface_demo__rosidl_typesupport_cpp.dir/rosidl_typesupport_cpp/base_interface_demo/msg/student__type_support.cpp.o[0m
[0.991s] [ 28%] [32mBuilding CXX object CMakeFiles/base_interface_demo__rosidl_typesupport_fastrtps_cpp.dir/rosidl_typesupport_fastrtps_cpp/base_interface_demo/msg/detail/dds_fastrtps/student__type_support.cpp.o[0m
[1.001s] [ 30%] [32mBuilding CXX object CMakeFiles/base_interface_demo__rosidl_typesupport_introspection_cpp.dir/rosidl_typesupport_introspection_cpp/base_interface_demo/msg/detail/student__type_support.cpp.o[0m
[1.004s] [ 33%] [32mBuilding C object CMakeFiles/base_interface_demo__rosidl_typesupport_introspection_c.dir/rosidl_typesupport_introspection_c/base_interface_demo/msg/detail/student__type_support.c.o[0m
[1.030s] [ 35%] [32mBuilding C object CMakeFiles/base_interface_demo__rosidl_typesupport_introspection_c.dir/rosidl_typesupport_introspection_c/base_interface_demo/srv/detail/add_ints__type_support.c.o[0m
[1.056s] [ 38%] [32m[1mLinking C shared library libbase_interface_demo__rosidl_typesupport_introspection_c.so[0m
[1.085s] [ 38%] Built target base_interface_demo__rosidl_typesupport_introspection_c
[1.098s] [ 41%] [32mBuilding CXX object CMakeFiles/base_interface_demo__rosidl_typesupport_introspection_cpp.dir/rosidl_typesupport_introspection_cpp/base_interface_demo/srv/detail/add_ints__type_support.cpp.o[0m
[1.147s] [ 43%] [32mBuilding CXX object CMakeFiles/base_interface_demo__rosidl_typesupport_cpp.dir/rosidl_typesupport_cpp/base_interface_demo/srv/add_ints__type_support.cpp.o[0m
[1.231s] [ 46%] [32mBuilding CXX object CMakeFiles/base_interface_demo__rosidl_typesupport_fastrtps_cpp.dir/rosidl_typesupport_fastrtps_cpp/base_interface_demo/srv/detail/dds_fastrtps/add_ints__type_support.cpp.o[0m
[1.261s] [ 48%] [34m[1mGenerating C type support dispatch for ROS interfaces[0m
[1.308s] [ 51%] [32m[1mLinking CXX shared library libbase_interface_demo__rosidl_typesupport_cpp.so[0m
[1.334s] [ 51%] Built target base_interface_demo__rosidl_typesupport_cpp
[1.339s] [ 53%] [34m[1mGenerating C type support for eProsima Fast-RTPS[0m
[1.376s] [ 56%] [32m[1mLinking CXX shared library libbase_interface_demo__rosidl_typesupport_introspection_cpp.so[0m
[1.419s] [ 56%] Built target base_interface_demo__rosidl_typesupport_introspection_cpp
[1.449s] [ 58%] [32mBuilding CXX object CMakeFiles/base_interface_demo__rosidl_typesupport_c.dir/rosidl_typesupport_c/base_interface_demo/msg/student__type_support.cpp.o[0m
[1.449s] [ 61%] [32mBuilding CXX object CMakeFiles/base_interface_demo__rosidl_typesupport_c.dir/rosidl_typesupport_c/base_interface_demo/srv/add_ints__type_support.cpp.o[0m
[1.467s] [ 64%] [32m[1mLinking CXX shared library libbase_interface_demo__rosidl_typesupport_c.so[0m
[1.488s] [ 64%] Built target base_interface_demo__rosidl_typesupport_c
[1.501s] [ 66%] [32m[1mLinking CXX shared library libbase_interface_demo__rosidl_typesupport_fastrtps_cpp.so[0m
[1.546s] [ 66%] Built target base_interface_demo__rosidl_typesupport_fastrtps_cpp
[1.555s] [ 69%] [32mBuilding CXX object CMakeFiles/base_interface_demo__rosidl_typesupport_fastrtps_c.dir/rosidl_typesupport_fastrtps_c/base_interface_demo/msg/detail/student__type_support_c.cpp.o[0m
[1.556s] [ 71%] [32mBuilding CXX object CMakeFiles/base_interface_demo__rosidl_typesupport_fastrtps_c.dir/rosidl_typesupport_fastrtps_c/base_interface_demo/srv/detail/add_ints__type_support_c.cpp.o[0m
[1.750s] [ 74%] [32m[1mLinking CXX shared library libbase_interface_demo__rosidl_typesupport_fastrtps_c.so[0m
[1.793s] [ 74%] Built target base_interface_demo__rosidl_typesupport_fastrtps_c
[1.802s] [ 74%] Built target base_interface_demo
[1.811s] [ 76%] [34m[1mGenerating Python code for ROS interfaces[0m
[2.088s] [ 76%] Built target base_interface_demo__py
[2.100s] [ 79%] [32mBuilding C object CMakeFiles/base_interface_demo__rosidl_generator_py.dir/rosidl_generator_py/base_interface_demo/msg/_student_s.c.o[0m
[2.101s] [ 82%] [32mBuilding C object CMakeFiles/base_interface_demo__rosidl_generator_py.dir/rosidl_generator_py/base_interface_demo/srv/_add_ints_s.c.o[0m
[2.168s] [ 84%] [32m[1mLinking C shared library rosidl_generator_py/base_interface_demo/libbase_interface_demo__rosidl_generator_py.so[0m
[2.189s] [ 84%] Built target base_interface_demo__rosidl_generator_py
[2.200s] [ 89%] [32mBuilding C object CMakeFiles/base_interface_demo__rosidl_typesupport_c__pyext.dir/rosidl_generator_py/base_interface_demo/_base_interface_demo_s.ep.rosidl_typesupport_c.c.o[0m
[2.200s] [ 89%] [32mBuilding C object CMakeFiles/base_interface_demo__rosidl_typesupport_fastrtps_c__pyext.dir/rosidl_generator_py/base_interface_demo/_base_interface_demo_s.ep.rosidl_typesupport_fastrtps_c.c.o[0m
[2.200s] [ 92%] [32mBuilding C object CMakeFiles/base_interface_demo__rosidl_typesupport_introspection_c__pyext.dir/rosidl_generator_py/base_interface_demo/_base_interface_demo_s.ep.rosidl_typesupport_introspection_c.c.o[0m
[2.274s] [ 94%] [32m[1mLinking C shared library rosidl_generator_py/base_interface_demo/base_interface_demo_s__rosidl_typesupport_c.cpython-310-x86_64-linux-gnu.so[0m
[2.276s] [ 97%] [32m[1mLinking C shared library rosidl_generator_py/base_interface_demo/base_interface_demo_s__rosidl_typesupport_fastrtps_c.cpython-310-x86_64-linux-gnu.so[0m
[2.287s] [100%] [32m[1mLinking C shared library rosidl_generator_py/base_interface_demo/base_interface_demo_s__rosidl_typesupport_introspection_c.cpython-310-x86_64-linux-gnu.so[0m
[2.291s] [100%] Built target base_interface_demo__rosidl_typesupport_c__pyext
[2.295s] [100%] Built target base_interface_demo__rosidl_typesupport_fastrtps_c__pyext
[2.305s] [100%] Built target base_interface_demo__rosidl_typesupport_introspection_c__pyext
[2.310s] Invoked command in '/home/y/lxy_ROS2/ROS2_git/build/base_interface_demo' returned '0': CMAKE_PREFIX_PATH=${CMAKE_PREFIX_PATH}:/home/y/lxy_ROS2/ws00_helloworld/install/pkg02_helloworld_py:/opt/ros/humble /usr/local/bin/cmake --build /home/y/lxy_ROS2/ROS2_git/build/base_interface_demo -- -j4 -l4
[2.375s] Invoking command in '/home/y/lxy_ROS2/ROS2_git/build/base_interface_demo': CMAKE_PREFIX_PATH=${CMAKE_PREFIX_PATH}:/home/y/lxy_ROS2/ws00_helloworld/install/pkg02_helloworld_py:/opt/ros/humble /usr/local/bin/cmake --install /home/y/lxy_ROS2/ROS2_git/build/base_interface_demo
[2.377s] -- Install configuration: ""
[2.377s] -- Up-to-date: /home/y/lxy_ROS2/ROS2_git/install/base_interface_demo/share/ament_index/resource_index/rosidl_interfaces/base_interface_demo
[2.382s] -- Up-to-date: /home/y/lxy_ROS2/ROS2_git/install/base_interface_demo/include/base_interface_demo/base_interface_demo
[2.382s] -- Up-to-date: /home/y/lxy_ROS2/ROS2_git/install/base_interface_demo/include/base_interface_demo/base_interface_demo/msg
[2.382s] -- Up-to-date: /home/y/lxy_ROS2/ROS2_git/install/base_interface_demo/include/base_interface_demo/base_interface_demo/msg/rosidl_generator_c__visibility_control.h
[2.382s] -- Up-to-date: /home/y/lxy_ROS2/ROS2_git/install/base_interface_demo/include/base_interface_demo/base_interface_demo/msg/detail
[2.382s] -- Installing: /home/y/lxy_ROS2/ROS2_git/install/base_interface_demo/include/base_interface_demo/base_interface_demo/msg/detail/student__type_support.h
[2.383s] -- Installing: /home/y/lxy_ROS2/ROS2_git/install/base_interface_demo/include/base_interface_demo/base_interface_demo/msg/detail/student__functions.c
[2.383s] -- Installing: /home/y/lxy_ROS2/ROS2_git/install/base_interface_demo/include/base_interface_demo/base_interface_demo/msg/detail/student__functions.h
[2.383s] -- Installing: /home/y/lxy_ROS2/ROS2_git/install/base_interface_demo/include/base_interface_demo/base_interface_demo/msg/detail/student__struct.h
[2.383s] -- Installing: /home/y/lxy_ROS2/ROS2_git/install/base_interface_demo/include/base_interface_demo/base_interface_demo/msg/student.h
[2.383s] -- Up-to-date: /home/y/lxy_ROS2/ROS2_git/install/base_interface_demo/include/base_interface_demo/base_interface_demo/srv
[2.383s] -- Installing: /home/y/lxy_ROS2/ROS2_git/install/base_interface_demo/include/base_interface_demo/base_interface_demo/srv/add_ints.h
[2.383s] -- Up-to-date: /home/y/lxy_ROS2/ROS2_git/install/base_interface_demo/include/base_interface_demo/base_interface_demo/srv/detail
[2.383s] -- Installing: /home/y/lxy_ROS2/ROS2_git/install/base_interface_demo/include/base_interface_demo/base_interface_demo/srv/detail/add_ints__functions.h
[2.383s] -- Installing: /home/y/lxy_ROS2/ROS2_git/install/base_interface_demo/include/base_interface_demo/base_interface_demo/srv/detail/add_ints__struct.h
[2.383s] -- Installing: /home/y/lxy_ROS2/ROS2_git/install/base_interface_demo/include/base_interface_demo/base_interface_demo/srv/detail/add_ints__functions.c
[2.383s] -- Installing: /home/y/lxy_ROS2/ROS2_git/install/base_interface_demo/include/base_interface_demo/base_interface_demo/srv/detail/add_ints__type_support.h
[2.383s] -- Up-to-date: /home/y/lxy_ROS2/ROS2_git/install/base_interface_demo/share/base_interface_demo/environment/library_path.sh
[2.383s] -- Installing: /home/y/lxy_ROS2/ROS2_git/install/base_interface_demo/share/base_interface_demo/environment/library_path.dsv
[2.383s] -- Installing: /home/y/lxy_ROS2/ROS2_git/install/base_interface_demo/lib/libbase_interface_demo__rosidl_generator_c.so
[2.383s] -- Set runtime path of "/home/y/lxy_ROS2/ROS2_git/install/base_interface_demo/lib/libbase_interface_demo__rosidl_generator_c.so" to ""
[2.384s] -- Up-to-date: /home/y/lxy_ROS2/ROS2_git/install/base_interface_demo/include/base_interface_demo/base_interface_demo
[2.384s] -- Up-to-date: /home/y/lxy_ROS2/ROS2_git/install/base_interface_demo/include/base_interface_demo/base_interface_demo/msg
[2.384s] -- Up-to-date: /home/y/lxy_ROS2/ROS2_git/install/base_interface_demo/include/base_interface_demo/base_interface_demo/msg/detail
[2.384s] -- Installing: /home/y/lxy_ROS2/ROS2_git/install/base_interface_demo/include/base_interface_demo/base_interface_demo/msg/detail/student__rosidl_typesupport_fastrtps_c.h
[2.384s] -- Up-to-date: /home/y/lxy_ROS2/ROS2_git/install/base_interface_demo/include/base_interface_demo/base_interface_demo/msg/rosidl_typesupport_fastrtps_c__visibility_control.h
[2.384s] -- Up-to-date: /home/y/lxy_ROS2/ROS2_git/install/base_interface_demo/include/base_interface_demo/base_interface_demo/srv
[2.384s] -- Up-to-date: /home/y/lxy_ROS2/ROS2_git/install/base_interface_demo/include/base_interface_demo/base_interface_demo/srv/detail
[2.384s] -- Installing: /home/y/lxy_ROS2/ROS2_git/install/base_interface_demo/include/base_interface_demo/base_interface_demo/srv/detail/add_ints__rosidl_typesupport_fastrtps_c.h
[2.384s] -- Installing: /home/y/lxy_ROS2/ROS2_git/install/base_interface_demo/lib/libbase_interface_demo__rosidl_typesupport_fastrtps_c.so
[2.384s] -- Set runtime path of "/home/y/lxy_ROS2/ROS2_git/install/base_interface_demo/lib/libbase_interface_demo__rosidl_typesupport_fastrtps_c.so" to ""
[2.384s] -- Up-to-date: /home/y/lxy_ROS2/ROS2_git/install/base_interface_demo/include/base_interface_demo/base_interface_demo
[2.384s] -- Up-to-date: /home/y/lxy_ROS2/ROS2_git/install/base_interface_demo/include/base_interface_demo/base_interface_demo/msg
[2.384s] -- Up-to-date: /home/y/lxy_ROS2/ROS2_git/install/base_interface_demo/include/base_interface_demo/base_interface_demo/msg/rosidl_typesupport_introspection_c__visibility_control.h
[2.384s] -- Up-to-date: /home/y/lxy_ROS2/ROS2_git/install/base_interface_demo/include/base_interface_demo/base_interface_demo/msg/detail
[2.384s] -- Installing: /home/y/lxy_ROS2/ROS2_git/install/base_interface_demo/include/base_interface_demo/base_interface_demo/msg/detail/student__type_support.c
[2.385s] -- Installing: /home/y/lxy_ROS2/ROS2_git/install/base_interface_demo/include/base_interface_demo/base_interface_demo/msg/detail/student__rosidl_typesupport_introspection_c.h
[2.385s] -- Up-to-date: /home/y/lxy_ROS2/ROS2_git/install/base_interface_demo/include/base_interface_demo/base_interface_demo/srv
[2.385s] -- Up-to-date: /home/y/lxy_ROS2/ROS2_git/install/base_interface_demo/include/base_interface_demo/base_interface_demo/srv/detail
[2.385s] -- Installing: /home/y/lxy_ROS2/ROS2_git/install/base_interface_demo/include/base_interface_demo/base_interface_demo/srv/detail/add_ints__rosidl_typesupport_introspection_c.h
[2.385s] -- Installing: /home/y/lxy_ROS2/ROS2_git/install/base_interface_demo/include/base_interface_demo/base_interface_demo/srv/detail/add_ints__type_support.c
[2.385s] -- Installing: /home/y/lxy_ROS2/ROS2_git/install/base_interface_demo/lib/libbase_interface_demo__rosidl_typesupport_introspection_c.so
[2.385s] -- Set runtime path of "/home/y/lxy_ROS2/ROS2_git/install/base_interface_demo/lib/libbase_interface_demo__rosidl_typesupport_introspection_c.so" to ""
[2.385s] -- Installing: /home/y/lxy_ROS2/ROS2_git/install/base_interface_demo/lib/libbase_interface_demo__rosidl_typesupport_c.so
[2.385s] -- Set runtime path of "/home/y/lxy_ROS2/ROS2_git/install/base_interface_demo/lib/libbase_interface_demo__rosidl_typesupport_c.so" to ""
[2.385s] -- Up-to-date: /home/y/lxy_ROS2/ROS2_git/install/base_interface_demo/include/base_interface_demo/base_interface_demo
[2.385s] -- Up-to-date: /home/y/lxy_ROS2/ROS2_git/install/base_interface_demo/include/base_interface_demo/base_interface_demo/msg
[2.385s] -- Up-to-date: /home/y/lxy_ROS2/ROS2_git/install/base_interface_demo/include/base_interface_demo/base_interface_demo/msg/detail
[2.385s] -- Installing: /home/y/lxy_ROS2/ROS2_git/install/base_interface_demo/include/base_interface_demo/base_interface_demo/msg/detail/student__traits.hpp
[2.385s] -- Installing: /home/y/lxy_ROS2/ROS2_git/install/base_interface_demo/include/base_interface_demo/base_interface_demo/msg/detail/student__builder.hpp
[2.385s] -- Installing: /home/y/lxy_ROS2/ROS2_git/install/base_interface_demo/include/base_interface_demo/base_interface_demo/msg/detail/student__struct.hpp
[2.386s] -- Installing: /home/y/lxy_ROS2/ROS2_git/install/base_interface_demo/include/base_interface_demo/base_interface_demo/msg/student.hpp
[2.386s] -- Up-to-date: /home/y/lxy_ROS2/ROS2_git/install/base_interface_demo/include/base_interface_demo/base_interface_demo/srv
[2.386s] -- Installing: /home/y/lxy_ROS2/ROS2_git/install/base_interface_demo/include/base_interface_demo/base_interface_demo/srv/add_ints.hpp
[2.388s] -- Up-to-date: /home/y/lxy_ROS2/ROS2_git/install/base_interface_demo/include/base_interface_demo/base_interface_demo/srv/detail
[2.388s] -- Installing: /home/y/lxy_ROS2/ROS2_git/install/base_interface_demo/include/base_interface_demo/base_interface_demo/srv/detail/add_ints__builder.hpp
[2.388s] -- Installing: /home/y/lxy_ROS2/ROS2_git/install/base_interface_demo/include/base_interface_demo/base_interface_demo/srv/detail/add_ints__struct.hpp
[2.388s] -- Installing: /home/y/lxy_ROS2/ROS2_git/install/base_interface_demo/include/base_interface_demo/base_interface_demo/srv/detail/add_ints__traits.hpp
[2.388s] -- Up-to-date: /home/y/lxy_ROS2/ROS2_git/install/base_interface_demo/include/base_interface_demo/base_interface_demo
[2.388s] -- Up-to-date: /home/y/lxy_ROS2/ROS2_git/install/base_interface_demo/include/base_interface_demo/base_interface_demo/msg
[2.388s] -- Up-to-date: /home/y/lxy_ROS2/ROS2_git/install/base_interface_demo/include/base_interface_demo/base_interface_demo/msg/detail
[2.388s] -- Up-to-date: /home/y/lxy_ROS2/ROS2_git/install/base_interface_demo/include/base_interface_demo/base_interface_demo/msg/detail/dds_fastrtps
[2.388s] -- Installing: /home/y/lxy_ROS2/ROS2_git/install/base_interface_demo/include/base_interface_demo/base_interface_demo/msg/detail/student__rosidl_typesupport_fastrtps_cpp.hpp
[2.388s] -- Up-to-date: /home/y/lxy_ROS2/ROS2_git/install/base_interface_demo/include/base_interface_demo/base_interface_demo/msg/rosidl_typesupport_fastrtps_cpp__visibility_control.h
[2.388s] -- Up-to-date: /home/y/lxy_ROS2/ROS2_git/install/base_interface_demo/include/base_interface_demo/base_interface_demo/srv
[2.388s] -- Up-to-date: /home/y/lxy_ROS2/ROS2_git/install/base_interface_demo/include/base_interface_demo/base_interface_demo/srv/detail
[2.388s] -- Up-to-date: /home/y/lxy_ROS2/ROS2_git/install/base_interface_demo/include/base_interface_demo/base_interface_demo/srv/detail/dds_fastrtps
[2.388s] -- Installing: /home/y/lxy_ROS2/ROS2_git/install/base_interface_demo/include/base_interface_demo/base_interface_demo/srv/detail/add_ints__rosidl_typesupport_fastrtps_cpp.hpp
[2.389s] -- Installing: /home/y/lxy_ROS2/ROS2_git/install/base_interface_demo/lib/libbase_interface_demo__rosidl_typesupport_fastrtps_cpp.so
[2.389s] -- Set runtime path of "/home/y/lxy_ROS2/ROS2_git/install/base_interface_demo/lib/libbase_interface_demo__rosidl_typesupport_fastrtps_cpp.so" to ""
[2.389s] -- Up-to-date: /home/y/lxy_ROS2/ROS2_git/install/base_interface_demo/include/base_interface_demo/base_interface_demo
[2.389s] -- Up-to-date: /home/y/lxy_ROS2/ROS2_git/install/base_interface_demo/include/base_interface_demo/base_interface_demo/msg
[2.389s] -- Up-to-date: /home/y/lxy_ROS2/ROS2_git/install/base_interface_demo/include/base_interface_demo/base_interface_demo/msg/detail
[2.389s] -- Installing: /home/y/lxy_ROS2/ROS2_git/install/base_interface_demo/include/base_interface_demo/base_interface_demo/msg/detail/student__rosidl_typesupport_introspection_cpp.hpp
[2.389s] -- Installing: /home/y/lxy_ROS2/ROS2_git/install/base_interface_demo/include/base_interface_demo/base_interface_demo/msg/detail/student__type_support.cpp
[2.389s] -- Up-to-date: /home/y/lxy_ROS2/ROS2_git/install/base_interface_demo/include/base_interface_demo/base_interface_demo/srv
[2.389s] -- Up-to-date: /home/y/lxy_ROS2/ROS2_git/install/base_interface_demo/include/base_interface_demo/base_interface_demo/srv/detail
[2.389s] -- Installing: /home/y/lxy_ROS2/ROS2_git/install/base_interface_demo/include/base_interface_demo/base_interface_demo/srv/detail/add_ints__type_support.cpp
[2.389s] -- Installing: /home/y/lxy_ROS2/ROS2_git/install/base_interface_demo/include/base_interface_demo/base_interface_demo/srv/detail/add_ints__rosidl_typesupport_introspection_cpp.hpp
[2.389s] -- Installing: /home/y/lxy_ROS2/ROS2_git/install/base_interface_demo/lib/libbase_interface_demo__rosidl_typesupport_introspection_cpp.so
[2.389s] -- Set runtime path of "/home/y/lxy_ROS2/ROS2_git/install/base_interface_demo/lib/libbase_interface_demo__rosidl_typesupport_introspection_cpp.so" to ""
[2.389s] -- Installing: /home/y/lxy_ROS2/ROS2_git/install/base_interface_demo/lib/libbase_interface_demo__rosidl_typesupport_cpp.so
[2.390s] -- Set runtime path of "/home/y/lxy_ROS2/ROS2_git/install/base_interface_demo/lib/libbase_interface_demo__rosidl_typesupport_cpp.so" to ""
[2.390s] -- Up-to-date: /home/y/lxy_ROS2/ROS2_git/install/base_interface_demo/share/base_interface_demo/environment/pythonpath.sh
[2.390s] -- Installing: /home/y/lxy_ROS2/ROS2_git/install/base_interface_demo/share/base_interface_demo/environment/pythonpath.dsv
[2.390s] -- Up-to-date: /home/y/lxy_ROS2/ROS2_git/install/base_interface_demo/local/lib/python3.10/dist-packages/base_interface_demo-0.0.0-py3.10.egg-info
[2.390s] -- Installing: /home/y/lxy_ROS2/ROS2_git/install/base_interface_demo/local/lib/python3.10/dist-packages/base_interface_demo-0.0.0-py3.10.egg-info/dependency_links.txt
[2.390s] -- Installing: /home/y/lxy_ROS2/ROS2_git/install/base_interface_demo/local/lib/python3.10/dist-packages/base_interface_demo-0.0.0-py3.10.egg-info/top_level.txt
[2.390s] -- Installing: /home/y/lxy_ROS2/ROS2_git/install/base_interface_demo/local/lib/python3.10/dist-packages/base_interface_demo-0.0.0-py3.10.egg-info/PKG-INFO
[2.390s] -- Installing: /home/y/lxy_ROS2/ROS2_git/install/base_interface_demo/local/lib/python3.10/dist-packages/base_interface_demo-0.0.0-py3.10.egg-info/SOURCES.txt
[2.390s] -- Up-to-date: /home/y/lxy_ROS2/ROS2_git/install/base_interface_demo/local/lib/python3.10/dist-packages/base_interface_demo
[2.390s] -- Installing: /home/y/lxy_ROS2/ROS2_git/install/base_interface_demo/local/lib/python3.10/dist-packages/base_interface_demo/__init__.py
[2.390s] -- Installing: /home/y/lxy_ROS2/ROS2_git/install/base_interface_demo/local/lib/python3.10/dist-packages/base_interface_demo/_base_interface_demo_s.ep.rosidl_typesupport_introspection_c.c
[2.390s] -- Up-to-date: /home/y/lxy_ROS2/ROS2_git/install/base_interface_demo/local/lib/python3.10/dist-packages/base_interface_demo/msg
[2.390s] -- Installing: /home/y/lxy_ROS2/ROS2_git/install/base_interface_demo/local/lib/python3.10/dist-packages/base_interface_demo/msg/_student_s.c
[2.391s] -- Installing: /home/y/lxy_ROS2/ROS2_git/install/base_interface_demo/local/lib/python3.10/dist-packages/base_interface_demo/msg/__init__.py
[2.391s] -- Installing: /home/y/lxy_ROS2/ROS2_git/install/base_interface_demo/local/lib/python3.10/dist-packages/base_interface_demo/msg/_student.py
[2.391s] -- Installing: /home/y/lxy_ROS2/ROS2_git/install/base_interface_demo/local/lib/python3.10/dist-packages/base_interface_demo/libbase_interface_demo__rosidl_generator_py.so
[2.391s] -- Installing: /home/y/lxy_ROS2/ROS2_git/install/base_interface_demo/local/lib/python3.10/dist-packages/base_interface_demo/_base_interface_demo_s.ep.rosidl_typesupport_fastrtps_c.c
[2.391s] -- Installing: /home/y/lxy_ROS2/ROS2_git/install/base_interface_demo/local/lib/python3.10/dist-packages/base_interface_demo/_base_interface_demo_s.ep.rosidl_typesupport_c.c
[2.391s] -- Installing: /home/y/lxy_ROS2/ROS2_git/install/base_interface_demo/local/lib/python3.10/dist-packages/base_interface_demo/base_interface_demo_s__rosidl_typesupport_fastrtps_c.cpython-310-x86_64-linux-gnu.so
[2.391s] -- Installing: /home/y/lxy_ROS2/ROS2_git/install/base_interface_demo/local/lib/python3.10/dist-packages/base_interface_demo/base_interface_demo_s__rosidl_typesupport_c.cpython-310-x86_64-linux-gnu.so
[2.391s] -- Installing: /home/y/lxy_ROS2/ROS2_git/install/base_interface_demo/local/lib/python3.10/dist-packages/base_interface_demo/base_interface_demo_s__rosidl_typesupport_introspection_c.cpython-310-x86_64-linux-gnu.so
[2.391s] -- Up-to-date: /home/y/lxy_ROS2/ROS2_git/install/base_interface_demo/local/lib/python3.10/dist-packages/base_interface_demo/srv
[2.391s] -- Installing: /home/y/lxy_ROS2/ROS2_git/install/base_interface_demo/local/lib/python3.10/dist-packages/base_interface_demo/srv/__init__.py
[2.391s] -- Installing: /home/y/lxy_ROS2/ROS2_git/install/base_interface_demo/local/lib/python3.10/dist-packages/base_interface_demo/srv/_add_ints_s.c
[2.391s] -- Installing: /home/y/lxy_ROS2/ROS2_git/install/base_interface_demo/local/lib/python3.10/dist-packages/base_interface_demo/srv/_add_ints.py
[2.415s] Listing '/home/y/lxy_ROS2/ROS2_git/install/base_interface_demo/local/lib/python3.10/dist-packages/base_interface_demo'...
[2.415s] Compiling '/home/y/lxy_ROS2/ROS2_git/install/base_interface_demo/local/lib/python3.10/dist-packages/base_interface_demo/__init__.py'...
[2.415s] Listing '/home/y/lxy_ROS2/ROS2_git/install/base_interface_demo/local/lib/python3.10/dist-packages/base_interface_demo/msg'...
[2.415s] Compiling '/home/y/lxy_ROS2/ROS2_git/install/base_interface_demo/local/lib/python3.10/dist-packages/base_interface_demo/msg/__init__.py'...
[2.415s] Compiling '/home/y/lxy_ROS2/ROS2_git/install/base_interface_demo/local/lib/python3.10/dist-packages/base_interface_demo/msg/_student.py'...
[2.415s] Listing '/home/y/lxy_ROS2/ROS2_git/install/base_interface_demo/local/lib/python3.10/dist-packages/base_interface_demo/srv'...
[2.415s] Compiling '/home/y/lxy_ROS2/ROS2_git/install/base_interface_demo/local/lib/python3.10/dist-packages/base_interface_demo/srv/__init__.py'...
[2.415s] Compiling '/home/y/lxy_ROS2/ROS2_git/install/base_interface_demo/local/lib/python3.10/dist-packages/base_interface_demo/srv/_add_ints.py'...
[2.418s] -- Installing: /home/y/lxy_ROS2/ROS2_git/install/base_interface_demo/local/lib/python3.10/dist-packages/base_interface_demo/base_interface_demo_s__rosidl_typesupport_fastrtps_c.cpython-310-x86_64-linux-gnu.so
[2.418s] -- Set runtime path of "/home/y/lxy_ROS2/ROS2_git/install/base_interface_demo/local/lib/python3.10/dist-packages/base_interface_demo/base_interface_demo_s__rosidl_typesupport_fastrtps_c.cpython-310-x86_64-linux-gnu.so" to ""
[2.419s] -- Installing: /home/y/lxy_ROS2/ROS2_git/install/base_interface_demo/local/lib/python3.10/dist-packages/base_interface_demo/base_interface_demo_s__rosidl_typesupport_introspection_c.cpython-310-x86_64-linux-gnu.so
[2.419s] -- Set runtime path of "/home/y/lxy_ROS2/ROS2_git/install/base_interface_demo/local/lib/python3.10/dist-packages/base_interface_demo/base_interface_demo_s__rosidl_typesupport_introspection_c.cpython-310-x86_64-linux-gnu.so" to ""
[2.419s] -- Installing: /home/y/lxy_ROS2/ROS2_git/install/base_interface_demo/local/lib/python3.10/dist-packages/base_interface_demo/base_interface_demo_s__rosidl_typesupport_c.cpython-310-x86_64-linux-gnu.so
[2.419s] -- Set runtime path of "/home/y/lxy_ROS2/ROS2_git/install/base_interface_demo/local/lib/python3.10/dist-packages/base_interface_demo/base_interface_demo_s__rosidl_typesupport_c.cpython-310-x86_64-linux-gnu.so" to ""
[2.419s] -- Installing: /home/y/lxy_ROS2/ROS2_git/install/base_interface_demo/lib/libbase_interface_demo__rosidl_generator_py.so
[2.419s] -- Set runtime path of "/home/y/lxy_ROS2/ROS2_git/install/base_interface_demo/lib/libbase_interface_demo__rosidl_generator_py.so" to ""
[2.420s] -- Up-to-date: /home/y/lxy_ROS2/ROS2_git/install/base_interface_demo/share/base_interface_demo/msg/Student.idl
[2.420s] -- Installing: /home/y/lxy_ROS2/ROS2_git/install/base_interface_demo/share/base_interface_demo/srv/AddInts.idl
[2.420s] -- Up-to-date: /home/y/lxy_ROS2/ROS2_git/install/base_interface_demo/share/base_interface_demo/msg/Student.msg
[2.420s] -- Installing: /home/y/lxy_ROS2/ROS2_git/install/base_interface_demo/share/base_interface_demo/srv/AddInts.srv
[2.420s] -- Installing: /home/y/lxy_ROS2/ROS2_git/install/base_interface_demo/share/base_interface_demo/srv/AddInts_Request.msg
[2.420s] -- Up-to-date: /home/y/lxy_ROS2/ROS2_git/install/base_interface_demo/share/base_interface_demo/srv/AddInts_Response.msg
[2.420s] -- Up-to-date: /home/y/lxy_ROS2/ROS2_git/install/base_interface_demo/share/ament_index/resource_index/package_run_dependencies/base_interface_demo
[2.420s] -- Installing: /home/y/lxy_ROS2/ROS2_git/install/base_interface_demo/share/ament_index/resource_index/parent_prefix_path/base_interface_demo
[2.420s] -- Up-to-date: /home/y/lxy_ROS2/ROS2_git/install/base_interface_demo/share/base_interface_demo/environment/ament_prefix_path.sh
[2.420s] -- Installing: /home/y/lxy_ROS2/ROS2_git/install/base_interface_demo/share/base_interface_demo/environment/ament_prefix_path.dsv
[2.420s] -- Up-to-date: /home/y/lxy_ROS2/ROS2_git/install/base_interface_demo/share/base_interface_demo/environment/path.sh
[2.420s] -- Installing: /home/y/lxy_ROS2/ROS2_git/install/base_interface_demo/share/base_interface_demo/environment/path.dsv
[2.420s] -- Up-to-date: /home/y/lxy_ROS2/ROS2_git/install/base_interface_demo/share/base_interface_demo/local_setup.bash
[2.420s] -- Up-to-date: /home/y/lxy_ROS2/ROS2_git/install/base_interface_demo/share/base_interface_demo/local_setup.sh
[2.420s] -- Up-to-date: /home/y/lxy_ROS2/ROS2_git/install/base_interface_demo/share/base_interface_demo/local_setup.zsh
[2.420s] -- Installing: /home/y/lxy_ROS2/ROS2_git/install/base_interface_demo/share/base_interface_demo/local_setup.dsv
[2.420s] -- Installing: /home/y/lxy_ROS2/ROS2_git/install/base_interface_demo/share/base_interface_demo/package.dsv
[2.421s] -- Up-to-date: /home/y/lxy_ROS2/ROS2_git/install/base_interface_demo/share/ament_index/resource_index/packages/base_interface_demo
[2.421s] -- Up-to-date: /home/y/lxy_ROS2/ROS2_git/install/base_interface_demo/share/base_interface_demo/cmake/export_base_interface_demo__rosidl_generator_cExport.cmake
[2.421s] -- Up-to-date: /home/y/lxy_ROS2/ROS2_git/install/base_interface_demo/share/base_interface_demo/cmake/export_base_interface_demo__rosidl_generator_cExport-noconfig.cmake
[2.421s] -- Up-to-date: /home/y/lxy_ROS2/ROS2_git/install/base_interface_demo/share/base_interface_demo/cmake/export_base_interface_demo__rosidl_typesupport_fastrtps_cExport.cmake
[2.421s] -- Up-to-date: /home/y/lxy_ROS2/ROS2_git/install/base_interface_demo/share/base_interface_demo/cmake/export_base_interface_demo__rosidl_typesupport_fastrtps_cExport-noconfig.cmake
[2.421s] -- Up-to-date: /home/y/lxy_ROS2/ROS2_git/install/base_interface_demo/share/base_interface_demo/cmake/base_interface_demo__rosidl_typesupport_introspection_cExport.cmake
[2.421s] -- Up-to-date: /home/y/lxy_ROS2/ROS2_git/install/base_interface_demo/share/base_interface_demo/cmake/base_interface_demo__rosidl_typesupport_introspection_cExport-noconfig.cmake
[2.421s] -- Up-to-date: /home/y/lxy_ROS2/ROS2_git/install/base_interface_demo/share/base_interface_demo/cmake/base_interface_demo__rosidl_typesupport_cExport.cmake
[2.421s] -- Up-to-date: /home/y/lxy_ROS2/ROS2_git/install/base_interface_demo/share/base_interface_demo/cmake/base_interface_demo__rosidl_typesupport_cExport-noconfig.cmake
[2.421s] -- Up-to-date: /home/y/lxy_ROS2/ROS2_git/install/base_interface_demo/share/base_interface_demo/cmake/export_base_interface_demo__rosidl_generator_cppExport.cmake
[2.421s] -- Up-to-date: /home/y/lxy_ROS2/ROS2_git/install/base_interface_demo/share/base_interface_demo/cmake/export_base_interface_demo__rosidl_typesupport_fastrtps_cppExport.cmake
[2.421s] -- Up-to-date: /home/y/lxy_ROS2/ROS2_git/install/base_interface_demo/share/base_interface_demo/cmake/export_base_interface_demo__rosidl_typesupport_fastrtps_cppExport-noconfig.cmake
[2.421s] -- Up-to-date: /home/y/lxy_ROS2/ROS2_git/install/base_interface_demo/share/base_interface_demo/cmake/base_interface_demo__rosidl_typesupport_introspection_cppExport.cmake
[2.421s] -- Up-to-date: /home/y/lxy_ROS2/ROS2_git/install/base_interface_demo/share/base_interface_demo/cmake/base_interface_demo__rosidl_typesupport_introspection_cppExport-noconfig.cmake
[2.421s] -- Up-to-date: /home/y/lxy_ROS2/ROS2_git/install/base_interface_demo/share/base_interface_demo/cmake/base_interface_demo__rosidl_typesupport_cppExport.cmake
[2.421s] -- Up-to-date: /home/y/lxy_ROS2/ROS2_git/install/base_interface_demo/share/base_interface_demo/cmake/base_interface_demo__rosidl_typesupport_cppExport-noconfig.cmake
[2.421s] -- Up-to-date: /home/y/lxy_ROS2/ROS2_git/install/base_interface_demo/share/base_interface_demo/cmake/export_base_interface_demo__rosidl_generator_pyExport.cmake
[2.421s] -- Up-to-date: /home/y/lxy_ROS2/ROS2_git/install/base_interface_demo/share/base_interface_demo/cmake/export_base_interface_demo__rosidl_generator_pyExport-noconfig.cmake
[2.421s] -- Up-to-date: /home/y/lxy_ROS2/ROS2_git/install/base_interface_demo/share/base_interface_demo/cmake/rosidl_cmake-extras.cmake
[2.422s] -- Up-to-date: /home/y/lxy_ROS2/ROS2_git/install/base_interface_demo/share/base_interface_demo/cmake/ament_cmake_export_include_directories-extras.cmake
[2.422s] -- Up-to-date: /home/y/lxy_ROS2/ROS2_git/install/base_interface_demo/share/base_interface_demo/cmake/ament_cmake_export_libraries-extras.cmake
[2.422s] -- Up-to-date: /home/y/lxy_ROS2/ROS2_git/install/base_interface_demo/share/base_interface_demo/cmake/ament_cmake_export_targets-extras.cmake
[2.422s] -- Up-to-date: /home/y/lxy_ROS2/ROS2_git/install/base_interface_demo/share/base_interface_demo/cmake/rosidl_cmake_export_typesupport_targets-extras.cmake
[2.422s] -- Up-to-date: /home/y/lxy_ROS2/ROS2_git/install/base_interface_demo/share/base_interface_demo/cmake/ament_cmake_export_dependencies-extras.cmake
[2.422s] -- Up-to-date: /home/y/lxy_ROS2/ROS2_git/install/base_interface_demo/share/base_interface_demo/cmake/rosidl_cmake_export_typesupport_libraries-extras.cmake
[2.422s] -- Up-to-date: /home/y/lxy_ROS2/ROS2_git/install/base_interface_demo/share/base_interface_demo/cmake/base_interface_demoConfig.cmake
[2.422s] -- Up-to-date: /home/y/lxy_ROS2/ROS2_git/install/base_interface_demo/share/base_interface_demo/cmake/base_interface_demoConfig-version.cmake
[2.422s] -- Up-to-date: /home/y/lxy_ROS2/ROS2_git/install/base_interface_demo/share/base_interface_demo/package.xml
[2.424s] Invoked command in '/home/y/lxy_ROS2/ROS2_git/build/base_interface_demo' returned '0': CMAKE_PREFIX_PATH=${CMAKE_PREFIX_PATH}:/home/y/lxy_ROS2/ws00_helloworld/install/pkg02_helloworld_py:/opt/ros/humble /usr/local/bin/cmake --install /home/y/lxy_ROS2/ROS2_git/build/base_interface_demo
