[ 50%] Built target demo02_listen_str
[100%] Built target demo01_talk_str
-- Install configuration: ""
-- Installing: /home/y/lxy_ROS2/ROS2_git/install/pk02_topic_cpp/lib/pk02_topic_cpp/demo01_talk_str
-- Set runtime path of "/home/y/lxy_ROS2/ROS2_git/install/pk02_topic_cpp/lib/pk02_topic_cpp/demo01_talk_str" to ""
-- Installing: /home/y/lxy_ROS2/ROS2_git/install/pk02_topic_cpp/lib/pk02_topic_cpp/demo02_listen_str
-- Set runtime path of "/home/y/lxy_ROS2/ROS2_git/install/pk02_topic_cpp/lib/pk02_topic_cpp/demo02_listen_str" to ""
-- Up-to-date: /home/y/lxy_ROS2/ROS2_git/install/pk02_topic_cpp/share/ament_index/resource_index/package_run_dependencies/pk02_topic_cpp
-- Up-to-date: /home/y/lxy_ROS2/ROS2_git/install/pk02_topic_cpp/share/ament_index/resource_index/parent_prefix_path/pk02_topic_cpp
-- Installing: /home/y/lxy_ROS2/ROS2_git/install/pk02_topic_cpp/share/pk02_topic_cpp/environment/ament_prefix_path.sh
-- Installing: /home/y/lxy_ROS2/ROS2_git/install/pk02_topic_cpp/share/pk02_topic_cpp/environment/ament_prefix_path.dsv
-- Installing: /home/y/lxy_ROS2/ROS2_git/install/pk02_topic_cpp/share/pk02_topic_cpp/environment/path.sh
-- Installing: /home/y/lxy_ROS2/ROS2_git/install/pk02_topic_cpp/share/pk02_topic_cpp/environment/path.dsv
-- Up-to-date: /home/y/lxy_ROS2/ROS2_git/install/pk02_topic_cpp/share/pk02_topic_cpp/local_setup.bash
-- Up-to-date: /home/y/lxy_ROS2/ROS2_git/install/pk02_topic_cpp/share/pk02_topic_cpp/local_setup.sh
-- Up-to-date: /home/y/lxy_ROS2/ROS2_git/install/pk02_topic_cpp/share/pk02_topic_cpp/local_setup.zsh
-- Installing: /home/y/lxy_ROS2/ROS2_git/install/pk02_topic_cpp/share/pk02_topic_cpp/local_setup.dsv
-- Installing: /home/y/lxy_ROS2/ROS2_git/install/pk02_topic_cpp/share/pk02_topic_cpp/package.dsv
-- Up-to-date: /home/y/lxy_ROS2/ROS2_git/install/pk02_topic_cpp/share/ament_index/resource_index/packages/pk02_topic_cpp
-- Up-to-date: /home/y/lxy_ROS2/ROS2_git/install/pk02_topic_cpp/share/pk02_topic_cpp/cmake/pk02_topic_cppConfig.cmake
-- Up-to-date: /home/y/lxy_ROS2/ROS2_git/install/pk02_topic_cpp/share/pk02_topic_cpp/cmake/pk02_topic_cppConfig-version.cmake
-- Up-to-date: /home/y/lxy_ROS2/ROS2_git/install/pk02_topic_cpp/share/pk02_topic_cpp/package.xml
