[0.018s] Invoking command in '/home/y/lxy_ROS2/ROS2_git/build/pk02_topic_cpp': CMAKE_PREFIX_PATH=${CMAKE_PREFIX_PATH}:/home/y/lxy_ROS2/ws00_helloworld/install/pkg02_helloworld_py:/opt/ros/humble /usr/local/bin/cmake --build /home/y/lxy_ROS2/ROS2_git/build/pk02_topic_cpp -- -j4 -l4
[0.049s] [ 50%] Built target demo02_listen_str
[0.051s] [100%] Built target demo01_talk_str
[0.060s] Invoked command in '/home/y/lxy_ROS2/ROS2_git/build/pk02_topic_cpp' returned '0': CMAKE_PREFIX_PATH=${CMAKE_PREFIX_PATH}:/home/y/lxy_ROS2/ws00_helloworld/install/pkg02_helloworld_py:/opt/ros/humble /usr/local/bin/cmake --build /home/y/lxy_ROS2/ROS2_git/build/pk02_topic_cpp -- -j4 -l4
[0.085s] Invoking command in '/home/y/lxy_ROS2/ROS2_git/build/pk02_topic_cpp': CMAKE_PREFIX_PATH=${CMAKE_PREFIX_PATH}:/home/y/lxy_ROS2/ws00_helloworld/install/pkg02_helloworld_py:/opt/ros/humble /usr/local/bin/cmake --install /home/y/lxy_ROS2/ROS2_git/build/pk02_topic_cpp
[0.093s] -- Install configuration: ""
[0.093s] -- Installing: /home/y/lxy_ROS2/ROS2_git/install/pk02_topic_cpp/lib/pk02_topic_cpp/demo01_talk_str
[0.093s] -- Set runtime path of "/home/y/lxy_ROS2/ROS2_git/install/pk02_topic_cpp/lib/pk02_topic_cpp/demo01_talk_str" to ""
[0.093s] -- Installing: /home/y/lxy_ROS2/ROS2_git/install/pk02_topic_cpp/lib/pk02_topic_cpp/demo02_listen_str
[0.095s] -- Set runtime path of "/home/y/lxy_ROS2/ROS2_git/install/pk02_topic_cpp/lib/pk02_topic_cpp/demo02_listen_str" to ""
[0.095s] -- Up-to-date: /home/y/lxy_ROS2/ROS2_git/install/pk02_topic_cpp/share/ament_index/resource_index/package_run_dependencies/pk02_topic_cpp
[0.095s] -- Up-to-date: /home/y/lxy_ROS2/ROS2_git/install/pk02_topic_cpp/share/ament_index/resource_index/parent_prefix_path/pk02_topic_cpp
[0.095s] -- Installing: /home/y/lxy_ROS2/ROS2_git/install/pk02_topic_cpp/share/pk02_topic_cpp/environment/ament_prefix_path.sh
[0.096s] -- Installing: /home/y/lxy_ROS2/ROS2_git/install/pk02_topic_cpp/share/pk02_topic_cpp/environment/ament_prefix_path.dsv
[0.096s] -- Installing: /home/y/lxy_ROS2/ROS2_git/install/pk02_topic_cpp/share/pk02_topic_cpp/environment/path.sh
[0.096s] -- Installing: /home/y/lxy_ROS2/ROS2_git/install/pk02_topic_cpp/share/pk02_topic_cpp/environment/path.dsv
[0.096s] -- Up-to-date: /home/y/lxy_ROS2/ROS2_git/install/pk02_topic_cpp/share/pk02_topic_cpp/local_setup.bash
[0.096s] -- Up-to-date: /home/y/lxy_ROS2/ROS2_git/install/pk02_topic_cpp/share/pk02_topic_cpp/local_setup.sh
[0.096s] -- Up-to-date: /home/y/lxy_ROS2/ROS2_git/install/pk02_topic_cpp/share/pk02_topic_cpp/local_setup.zsh
[0.096s] -- Installing: /home/y/lxy_ROS2/ROS2_git/install/pk02_topic_cpp/share/pk02_topic_cpp/local_setup.dsv
[0.096s] -- Installing: /home/y/lxy_ROS2/ROS2_git/install/pk02_topic_cpp/share/pk02_topic_cpp/package.dsv
[0.097s] -- Up-to-date: /home/y/lxy_ROS2/ROS2_git/install/pk02_topic_cpp/share/ament_index/resource_index/packages/pk02_topic_cpp
[0.097s] -- Up-to-date: /home/y/lxy_ROS2/ROS2_git/install/pk02_topic_cpp/share/pk02_topic_cpp/cmake/pk02_topic_cppConfig.cmake
[0.097s] -- Up-to-date: /home/y/lxy_ROS2/ROS2_git/install/pk02_topic_cpp/share/pk02_topic_cpp/cmake/pk02_topic_cppConfig-version.cmake
[0.097s] -- Up-to-date: /home/y/lxy_ROS2/ROS2_git/install/pk02_topic_cpp/share/pk02_topic_cpp/package.xml
[0.106s] Invoked command in '/home/y/lxy_ROS2/ROS2_git/build/pk02_topic_cpp' returned '0': CMAKE_PREFIX_PATH=${CMAKE_PREFIX_PATH}:/home/y/lxy_ROS2/ws00_helloworld/install/pkg02_helloworld_py:/opt/ros/humble /usr/local/bin/cmake --install /home/y/lxy_ROS2/ROS2_git/build/pk02_topic_cpp
