-- The C compiler identification is GNU 11.4.0
-- The CXX compiler identification is GNU 11.4.0
-- Detecting C compiler ABI info
-- Detecting C compiler ABI info - done
-- Check for working C compiler: /usr/bin/cc - skipped
-- Detecting C compile features
-- Detecting C compile features - done
-- Detecting CXX compiler ABI info
-- Detecting CXX compiler ABI info - done
-- Check for working CXX compiler: /usr/bin/c++ - skipped
-- Detecting CXX compile features
-- Detecting CXX compile features - done
-- Found ament_cmake: 1.3.10 (/opt/ros/humble/share/ament_cmake/cmake)
-- Found Python3: /usr/bin/python3 (found version "3.10.12") found components: Interpreter 
-- Found rclcpp: 16.0.10 (/opt/ros/humble/share/rclcpp/cmake)
-- Found rosidl_generator_c: 3.1.5 (/opt/ros/humble/share/rosidl_generator_c/cmake)
-- Found rosidl_adapter: 3.1.5 (/opt/ros/humble/share/rosidl_adapter/cmake)
-- Found rosidl_generator_cpp: 3.1.5 (/opt/ros/humble/share/rosidl_generator_cpp/cmake)
-- Using all available rosidl_typesupport_c: rosidl_typesupport_fastrtps_c;rosidl_typesupport_introspection_c
-- Using all available rosidl_typesupport_cpp: rosidl_typesupport_fastrtps_cpp;rosidl_typesupport_introspection_cpp
-- Found rmw_implementation_cmake: 6.1.2 (/opt/ros/humble/share/rmw_implementation_cmake/cmake)
-- Found rmw_fastrtps_cpp: 6.2.7 (/opt/ros/humble/share/rmw_fastrtps_cpp/cmake)
-- Found OpenSSL: /usr/lib/x86_64-linux-gnu/libcrypto.so (found version "3.0.2")  
-- Found FastRTPS: /opt/ros/humble/include  
-- Using RMW implementation 'rmw_fastrtps_cpp' as default
-- Performing Test CMAKE_HAVE_LIBC_PTHREAD
-- Performing Test CMAKE_HAVE_LIBC_PTHREAD - Success
-- Found Threads: TRUE  
-- Found ament_lint_auto: 0.12.11 (/opt/ros/humble/share/ament_lint_auto/cmake)
-- Added test 'cppcheck' to perform static code analysis on C / C++ code
-- Configured cppcheck include dirs: 
-- Configured cppcheck exclude dirs and/or files: 
-- Added test 'lint_cmake' to check CMake code style
-- Added test 'uncrustify' to check C / C++ code style
-- Configured uncrustify additional arguments: 
-- Added test 'xmllint' to check XML markup files
-- Configuring done (0.9s)
-- Generating done (0.0s)
-- Build files have been written to: /home/y/lxy_ROS2/ROS2_git/build/pk05_parm_cpp
[ 25%] [32mBuilding CXX object CMakeFiles/demo01_param_server.dir/src/demo01_param_server.cpp.o[0m
[ 50%] [32mBuilding CXX object CMakeFiles/demo02_param_client.dir/src/demo02_param_client.cpp.o[0m
[ 75%] [32m[1mLinking CXX executable demo01_param_server[0m
[ 75%] Built target demo01_param_server
[100%] [32m[1mLinking CXX executable demo02_param_client[0m
[100%] Built target demo02_param_client
-- Install configuration: ""
-- Installing: /home/y/lxy_ROS2/ROS2_git/install/pk05_parm_cpp/lib/pk05_parm_cpp/demo01_param_server
-- Set runtime path of "/home/y/lxy_ROS2/ROS2_git/install/pk05_parm_cpp/lib/pk05_parm_cpp/demo01_param_server" to ""
-- Installing: /home/y/lxy_ROS2/ROS2_git/install/pk05_parm_cpp/lib/pk05_parm_cpp/demo02_param_client
-- Set runtime path of "/home/y/lxy_ROS2/ROS2_git/install/pk05_parm_cpp/lib/pk05_parm_cpp/demo02_param_client" to ""
-- Installing: /home/y/lxy_ROS2/ROS2_git/install/pk05_parm_cpp/share/ament_index/resource_index/package_run_dependencies/pk05_parm_cpp
-- Installing: /home/y/lxy_ROS2/ROS2_git/install/pk05_parm_cpp/share/ament_index/resource_index/parent_prefix_path/pk05_parm_cpp
-- Installing: /home/y/lxy_ROS2/ROS2_git/install/pk05_parm_cpp/share/pk05_parm_cpp/environment/ament_prefix_path.sh
-- Installing: /home/y/lxy_ROS2/ROS2_git/install/pk05_parm_cpp/share/pk05_parm_cpp/environment/ament_prefix_path.dsv
-- Installing: /home/y/lxy_ROS2/ROS2_git/install/pk05_parm_cpp/share/pk05_parm_cpp/environment/path.sh
-- Installing: /home/y/lxy_ROS2/ROS2_git/install/pk05_parm_cpp/share/pk05_parm_cpp/environment/path.dsv
-- Installing: /home/y/lxy_ROS2/ROS2_git/install/pk05_parm_cpp/share/pk05_parm_cpp/local_setup.bash
-- Installing: /home/y/lxy_ROS2/ROS2_git/install/pk05_parm_cpp/share/pk05_parm_cpp/local_setup.sh
-- Installing: /home/y/lxy_ROS2/ROS2_git/install/pk05_parm_cpp/share/pk05_parm_cpp/local_setup.zsh
-- Installing: /home/y/lxy_ROS2/ROS2_git/install/pk05_parm_cpp/share/pk05_parm_cpp/local_setup.dsv
-- Installing: /home/y/lxy_ROS2/ROS2_git/install/pk05_parm_cpp/share/pk05_parm_cpp/package.dsv
-- Installing: /home/y/lxy_ROS2/ROS2_git/install/pk05_parm_cpp/share/ament_index/resource_index/packages/pk05_parm_cpp
-- Installing: /home/y/lxy_ROS2/ROS2_git/install/pk05_parm_cpp/share/pk05_parm_cpp/cmake/pk05_parm_cppConfig.cmake
-- Installing: /home/y/lxy_ROS2/ROS2_git/install/pk05_parm_cpp/share/pk05_parm_cpp/cmake/pk05_parm_cppConfig-version.cmake
-- Installing: /home/y/lxy_ROS2/ROS2_git/install/pk05_parm_cpp/share/pk05_parm_cpp/package.xml
