[0.009s] Invoking command in '/home/y/lxy_ROS2/ROS2_git/build/pk05_parm_cpp': CMAKE_PREFIX_PATH=${CMAKE_PREFIX_PATH}:/home/y/lxy_ROS2/ws00_helloworld/install/pkg02_helloworld_py:/opt/ros/humble /usr/local/bin/cmake /home/y/lxy_ROS2/ROS2_git/src/pk05_parm_cpp -DCMAKE_INSTALL_PREFIX=/home/y/lxy_ROS2/ROS2_git/install/pk05_parm_cpp
[0.095s] -- The C compiler identification is GNU 11.4.0
[0.133s] -- The CXX compiler identification is GNU 11.4.0
[0.140s] -- Detecting C compiler ABI info
[0.186s] -- Detecting C compiler ABI info - done
[0.192s] -- Check for working C compiler: /usr/bin/cc - skipped
[0.192s] -- Detecting C compile features
[0.192s] -- Detecting C compile features - done
[0.194s] -- Detecting CXX compiler ABI info
[0.247s] -- Detecting CXX compiler ABI info - done
[0.253s] -- Check for working CXX compiler: /usr/bin/c++ - skipped
[0.254s] -- Detecting CXX compile features
[0.254s] -- Detecting CXX compile features - done
[0.264s] -- Found ament_cmake: 1.3.10 (/opt/ros/humble/share/ament_cmake/cmake)
[0.361s] -- Found Python3: /usr/bin/python3 (found version "3.10.12") found components: Interpreter 
[0.433s] -- Found rclcpp: 16.0.10 (/opt/ros/humble/share/rclcpp/cmake)
[0.479s] -- Found rosidl_generator_c: 3.1.5 (/opt/ros/humble/share/rosidl_generator_c/cmake)
[0.484s] -- Found rosidl_adapter: 3.1.5 (/opt/ros/humble/share/rosidl_adapter/cmake)
[0.492s] -- Found rosidl_generator_cpp: 3.1.5 (/opt/ros/humble/share/rosidl_generator_cpp/cmake)
[0.503s] -- Using all available rosidl_typesupport_c: rosidl_typesupport_fastrtps_c;rosidl_typesupport_introspection_c
[0.517s] -- Using all available rosidl_typesupport_cpp: rosidl_typesupport_fastrtps_cpp;rosidl_typesupport_introspection_cpp
[0.559s] -- Found rmw_implementation_cmake: 6.1.2 (/opt/ros/humble/share/rmw_implementation_cmake/cmake)
[0.562s] -- Found rmw_fastrtps_cpp: 6.2.7 (/opt/ros/humble/share/rmw_fastrtps_cpp/cmake)
[0.649s] -- Found OpenSSL: /usr/lib/x86_64-linux-gnu/libcrypto.so (found version "3.0.2")  
[0.674s] -- Found FastRTPS: /opt/ros/humble/include  
[0.708s] -- Using RMW implementation 'rmw_fastrtps_cpp' as default
[0.718s] -- Performing Test CMAKE_HAVE_LIBC_PTHREAD
[0.766s] -- Performing Test CMAKE_HAVE_LIBC_PTHREAD - Success
[0.766s] -- Found Threads: TRUE  
[0.813s] -- Found ament_lint_auto: 0.12.11 (/opt/ros/humble/share/ament_lint_auto/cmake)
[0.873s] -- Added test 'cppcheck' to perform static code analysis on C / C++ code
[0.873s] -- Configured cppcheck include dirs: 
[0.873s] -- Configured cppcheck exclude dirs and/or files: 
[0.874s] -- Added test 'lint_cmake' to check CMake code style
[0.875s] -- Added test 'uncrustify' to check C / C++ code style
[0.875s] -- Configured uncrustify additional arguments: 
[0.875s] -- Added test 'xmllint' to check XML markup files
[0.877s] -- Configuring done (0.9s)
[0.883s] -- Generating done (0.0s)
[0.885s] -- Build files have been written to: /home/y/lxy_ROS2/ROS2_git/build/pk05_parm_cpp
[0.891s] Invoked command in '/home/y/lxy_ROS2/ROS2_git/build/pk05_parm_cpp' returned '0': CMAKE_PREFIX_PATH=${CMAKE_PREFIX_PATH}:/home/y/lxy_ROS2/ws00_helloworld/install/pkg02_helloworld_py:/opt/ros/humble /usr/local/bin/cmake /home/y/lxy_ROS2/ROS2_git/src/pk05_parm_cpp -DCMAKE_INSTALL_PREFIX=/home/y/lxy_ROS2/ROS2_git/install/pk05_parm_cpp
[0.893s] Invoking command in '/home/y/lxy_ROS2/ROS2_git/build/pk05_parm_cpp': CMAKE_PREFIX_PATH=${CMAKE_PREFIX_PATH}:/home/y/lxy_ROS2/ws00_helloworld/install/pkg02_helloworld_py:/opt/ros/humble /usr/local/bin/cmake --build /home/y/lxy_ROS2/ROS2_git/build/pk05_parm_cpp -- -j4 -l4
[0.913s] [ 25%] [32mBuilding CXX object CMakeFiles/demo01_param_server.dir/src/demo01_param_server.cpp.o[0m
[0.913s] [ 50%] [32mBuilding CXX object CMakeFiles/demo02_param_client.dir/src/demo02_param_client.cpp.o[0m
[2.931s] [ 75%] [32m[1mLinking CXX executable demo01_param_server[0m
[2.998s] [ 75%] Built target demo01_param_server
[3.067s] [100%] [32m[1mLinking CXX executable demo02_param_client[0m
[3.142s] [100%] Built target demo02_param_client
[3.146s] Invoked command in '/home/y/lxy_ROS2/ROS2_git/build/pk05_parm_cpp' returned '0': CMAKE_PREFIX_PATH=${CMAKE_PREFIX_PATH}:/home/y/lxy_ROS2/ws00_helloworld/install/pkg02_helloworld_py:/opt/ros/humble /usr/local/bin/cmake --build /home/y/lxy_ROS2/ROS2_git/build/pk05_parm_cpp -- -j4 -l4
[3.171s] Invoking command in '/home/y/lxy_ROS2/ROS2_git/build/pk05_parm_cpp': CMAKE_PREFIX_PATH=${CMAKE_PREFIX_PATH}:/home/y/lxy_ROS2/ws00_helloworld/install/pkg02_helloworld_py:/opt/ros/humble /usr/local/bin/cmake --install /home/y/lxy_ROS2/ROS2_git/build/pk05_parm_cpp
[3.173s] -- Install configuration: ""
[3.173s] -- Installing: /home/y/lxy_ROS2/ROS2_git/install/pk05_parm_cpp/lib/pk05_parm_cpp/demo01_param_server
[3.173s] -- Set runtime path of "/home/y/lxy_ROS2/ROS2_git/install/pk05_parm_cpp/lib/pk05_parm_cpp/demo01_param_server" to ""
[3.173s] -- Installing: /home/y/lxy_ROS2/ROS2_git/install/pk05_parm_cpp/lib/pk05_parm_cpp/demo02_param_client
[3.174s] -- Set runtime path of "/home/y/lxy_ROS2/ROS2_git/install/pk05_parm_cpp/lib/pk05_parm_cpp/demo02_param_client" to ""
[3.174s] -- Installing: /home/y/lxy_ROS2/ROS2_git/install/pk05_parm_cpp/share/ament_index/resource_index/package_run_dependencies/pk05_parm_cpp
[3.175s] -- Installing: /home/y/lxy_ROS2/ROS2_git/install/pk05_parm_cpp/share/ament_index/resource_index/parent_prefix_path/pk05_parm_cpp
[3.175s] -- Installing: /home/y/lxy_ROS2/ROS2_git/install/pk05_parm_cpp/share/pk05_parm_cpp/environment/ament_prefix_path.sh
[3.175s] -- Installing: /home/y/lxy_ROS2/ROS2_git/install/pk05_parm_cpp/share/pk05_parm_cpp/environment/ament_prefix_path.dsv
[3.175s] -- Installing: /home/y/lxy_ROS2/ROS2_git/install/pk05_parm_cpp/share/pk05_parm_cpp/environment/path.sh
[3.175s] -- Installing: /home/y/lxy_ROS2/ROS2_git/install/pk05_parm_cpp/share/pk05_parm_cpp/environment/path.dsv
[3.175s] -- Installing: /home/y/lxy_ROS2/ROS2_git/install/pk05_parm_cpp/share/pk05_parm_cpp/local_setup.bash
[3.175s] -- Installing: /home/y/lxy_ROS2/ROS2_git/install/pk05_parm_cpp/share/pk05_parm_cpp/local_setup.sh
[3.175s] -- Installing: /home/y/lxy_ROS2/ROS2_git/install/pk05_parm_cpp/share/pk05_parm_cpp/local_setup.zsh
[3.175s] -- Installing: /home/y/lxy_ROS2/ROS2_git/install/pk05_parm_cpp/share/pk05_parm_cpp/local_setup.dsv
[3.175s] -- Installing: /home/y/lxy_ROS2/ROS2_git/install/pk05_parm_cpp/share/pk05_parm_cpp/package.dsv
[3.175s] -- Installing: /home/y/lxy_ROS2/ROS2_git/install/pk05_parm_cpp/share/ament_index/resource_index/packages/pk05_parm_cpp
[3.176s] -- Installing: /home/y/lxy_ROS2/ROS2_git/install/pk05_parm_cpp/share/pk05_parm_cpp/cmake/pk05_parm_cppConfig.cmake
[3.176s] -- Installing: /home/y/lxy_ROS2/ROS2_git/install/pk05_parm_cpp/share/pk05_parm_cpp/cmake/pk05_parm_cppConfig-version.cmake
[3.176s] -- Installing: /home/y/lxy_ROS2/ROS2_git/install/pk05_parm_cpp/share/pk05_parm_cpp/package.xml
[3.177s] Invoked command in '/home/y/lxy_ROS2/ROS2_git/build/pk05_parm_cpp' returned '0': CMAKE_PREFIX_PATH=${CMAKE_PREFIX_PATH}:/home/y/lxy_ROS2/ws00_helloworld/install/pkg02_helloworld_py:/opt/ros/humble /usr/local/bin/cmake --install /home/y/lxy_ROS2/ROS2_git/build/pk05_parm_cpp
