[0.009s] Invoking command in '/home/y/lxy_ROS2/ROS2_git/build/base_interface_demo': CMAKE_PREFIX_PATH=${CMAKE_PREFIX_PATH}:/home/y/lxy_ROS2/ws00_helloworld/install/pkg02_helloworld_py:/opt/ros/humble /usr/local/bin/cmake --build /home/y/lxy_ROS2/ROS2_git/build/base_interface_demo -- -j4 -l4
[0.022s] -- Found ament_cmake: 1.3.10 (/opt/ros/humble/share/ament_cmake/cmake)
[0.088s] -- Found rosidl_default_generators: 1.2.0 (/opt/ros/humble/share/rosidl_default_generators/cmake)
[0.090s] -- Using all available rosidl_typesupport_c: rosidl_typesupport_fastrtps_c;rosidl_typesupport_introspection_c
[0.092s] -- Found rosidl_adapter: 3.1.5 (/opt/ros/humble/share/rosidl_adapter/cmake)
[0.169s] -- Using all available rosidl_typesupport_cpp: rosidl_typesupport_fastrtps_cpp;rosidl_typesupport_introspection_cpp
[0.398s] -- Found ament_cmake_ros: 0.10.0 (/opt/ros/humble/share/ament_cmake_ros/cmake)
[0.466s] -- Using all available rosidl_typesupport_c: rosidl_typesupport_fastrtps_c;rosidl_typesupport_introspection_c
[0.553s] -- Using all available rosidl_typesupport_cpp: rosidl_typesupport_fastrtps_cpp;rosidl_typesupport_introspection_cpp
[0.569s] -- Found python_cmake_module: 0.10.0 (/opt/ros/humble/share/python_cmake_module/cmake)
[0.585s] -- Using PYTHON_EXECUTABLE: /usr/bin/python3
[0.585s] -- Using PYTHON_INCLUDE_DIRS: /usr/include/python3.10
[0.585s] -- Using PYTHON_LIBRARIES: /usr/lib/x86_64-linux-gnu/libpython3.10.so
[0.606s] -- Found ament_lint_auto: 0.12.11 (/opt/ros/humble/share/ament_lint_auto/cmake)
[0.612s] -- Added test 'lint_cmake' to check CMake code style
[0.614s] -- Added test 'xmllint' to check XML markup files
[0.614s] -- Configuring done (0.6s)
[0.653s] -- Generating done (0.0s)
[0.656s] -- Build files have been written to: /home/y/lxy_ROS2/ROS2_git/build/base_interface_demo
[0.667s] [  2%] [34m[1mGenerating C code for ROS interfaces[0m
[0.672s] [  4%] [34m[1mGenerating C++ code for ROS interfaces[0m
[0.680s] [  4%] Built target ament_cmake_python_copy_base_interface_demo
[0.843s] running egg_info
[0.843s] writing base_interface_demo.egg-info/PKG-INFO
[0.844s] writing dependency_links to base_interface_demo.egg-info/dependency_links.txt
[0.844s] writing top-level names to base_interface_demo.egg-info/top_level.txt
[0.846s] reading manifest file 'base_interface_demo.egg-info/SOURCES.txt'
[0.846s] writing manifest file 'base_interface_demo.egg-info/SOURCES.txt'
[0.864s] [  4%] Built target ament_cmake_python_build_base_interface_demo_egg
[1.015s] [  6%] [32mBuilding C object CMakeFiles/base_interface_demo__rosidl_generator_c.dir/rosidl_generator_c/base_interface_demo/msg/detail/student__functions.c.o[0m
[1.016s] [  8%] [32mBuilding C object CMakeFiles/base_interface_demo__rosidl_generator_c.dir/rosidl_generator_c/base_interface_demo/srv/detail/add_ints__functions.c.o[0m
[1.016s] [ 10%] [32mBuilding C object CMakeFiles/base_interface_demo__rosidl_generator_c.dir/rosidl_generator_c/base_interface_demo/action/detail/progress__functions.c.o[0m
[1.044s] [ 10%] Built target base_interface_demo__cpp
[1.050s] [ 12%] [34m[1mGenerating C++ type support dispatch for ROS interfaces[0m
[1.057s] [ 14%] [34m[1mGenerating C++ type support for eProsima Fast-RTPS[0m
[1.059s] [ 17%] [34m[1mGenerating C++ introspection for ROS interfaces[0m
[1.122s] [ 19%] [32m[1mLinking C shared library libbase_interface_demo__rosidl_generator_c.so[0m
[1.152s] [ 19%] Built target base_interface_demo__rosidl_generator_c
[1.157s] [ 21%] [34m[1mGenerating C type support for eProsima Fast-RTPS[0m
[1.293s] [ 23%] [32mBuilding CXX object CMakeFiles/base_interface_demo__rosidl_typesupport_cpp.dir/rosidl_typesupport_cpp/base_interface_demo/msg/student__type_support.cpp.o[0m
[1.339s] [ 25%] [32mBuilding CXX object CMakeFiles/base_interface_demo__rosidl_typesupport_introspection_cpp.dir/rosidl_typesupport_introspection_cpp/base_interface_demo/msg/detail/student__type_support.cpp.o[0m
[1.417s] [ 27%] [32mBuilding CXX object CMakeFiles/base_interface_demo__rosidl_typesupport_fastrtps_cpp.dir/rosidl_typesupport_fastrtps_cpp/base_interface_demo/msg/detail/dds_fastrtps/student__type_support.cpp.o[0m
[1.495s] [ 29%] [32mBuilding CXX object CMakeFiles/base_interface_demo__rosidl_typesupport_cpp.dir/rosidl_typesupport_cpp/base_interface_demo/srv/add_ints__type_support.cpp.o[0m
[1.496s] [ 31%] [32mBuilding CXX object CMakeFiles/base_interface_demo__rosidl_typesupport_fastrtps_c.dir/rosidl_typesupport_fastrtps_c/base_interface_demo/msg/detail/student__type_support_c.cpp.o[0m
[1.588s] [ 34%] [32mBuilding CXX object CMakeFiles/base_interface_demo__rosidl_typesupport_introspection_cpp.dir/rosidl_typesupport_introspection_cpp/base_interface_demo/srv/detail/add_ints__type_support.cpp.o[0m
[1.667s] [ 36%] [32mBuilding CXX object CMakeFiles/base_interface_demo__rosidl_typesupport_fastrtps_cpp.dir/rosidl_typesupport_fastrtps_cpp/base_interface_demo/srv/detail/dds_fastrtps/add_ints__type_support.cpp.o[0m
[1.694s] [ 38%] [32mBuilding CXX object CMakeFiles/base_interface_demo__rosidl_typesupport_cpp.dir/rosidl_typesupport_cpp/base_interface_demo/action/progress__type_support.cpp.o[0m
[1.716s] [ 40%] [32mBuilding CXX object CMakeFiles/base_interface_demo__rosidl_typesupport_fastrtps_c.dir/rosidl_typesupport_fastrtps_c/base_interface_demo/srv/detail/add_ints__type_support_c.cpp.o[0m
[1.811s] [ 42%] [32mBuilding CXX object CMakeFiles/base_interface_demo__rosidl_typesupport_introspection_cpp.dir/rosidl_typesupport_introspection_cpp/base_interface_demo/action/detail/progress__type_support.cpp.o[0m
[1.935s] [ 44%] [32mBuilding CXX object CMakeFiles/base_interface_demo__rosidl_typesupport_fastrtps_cpp.dir/rosidl_typesupport_fastrtps_cpp/base_interface_demo/action/detail/dds_fastrtps/progress__type_support.cpp.o[0m
[1.944s] [ 46%] [32mBuilding CXX object CMakeFiles/base_interface_demo__rosidl_typesupport_fastrtps_c.dir/rosidl_typesupport_fastrtps_c/base_interface_demo/action/detail/progress__type_support_c.cpp.o[0m
[2.068s] [ 48%] [32m[1mLinking CXX shared library libbase_interface_demo__rosidl_typesupport_cpp.so[0m
[2.108s] [ 48%] Built target base_interface_demo__rosidl_typesupport_cpp
[2.115s] [ 51%] [34m[1mGenerating C introspection for ROS interfaces[0m
[2.185s] [ 53%] [32m[1mLinking CXX shared library libbase_interface_demo__rosidl_typesupport_introspection_cpp.so[0m
[2.214s] [ 55%] [32m[1mLinking CXX shared library libbase_interface_demo__rosidl_typesupport_fastrtps_c.so[0m
[2.228s] [ 55%] Built target base_interface_demo__rosidl_typesupport_introspection_cpp
[2.232s] [ 57%] [34m[1mGenerating C type support dispatch for ROS interfaces[0m
[2.278s] [ 57%] Built target base_interface_demo__rosidl_typesupport_fastrtps_c
[2.301s] [ 59%] [32m[1mLinking CXX shared library libbase_interface_demo__rosidl_typesupport_fastrtps_cpp.so[0m
[2.355s] [ 59%] Built target base_interface_demo__rosidl_typesupport_fastrtps_cpp
[2.419s] [ 61%] [32mBuilding C object CMakeFiles/base_interface_demo__rosidl_typesupport_introspection_c.dir/rosidl_typesupport_introspection_c/base_interface_demo/msg/detail/student__type_support.c.o[0m
[2.419s] [ 63%] [32mBuilding C object CMakeFiles/base_interface_demo__rosidl_typesupport_introspection_c.dir/rosidl_typesupport_introspection_c/base_interface_demo/action/detail/progress__type_support.c.o[0m
[2.420s] [ 65%] [32mBuilding C object CMakeFiles/base_interface_demo__rosidl_typesupport_introspection_c.dir/rosidl_typesupport_introspection_c/base_interface_demo/srv/detail/add_ints__type_support.c.o[0m
[2.454s] [ 68%] [32mBuilding CXX object CMakeFiles/base_interface_demo__rosidl_typesupport_c.dir/rosidl_typesupport_c/base_interface_demo/msg/student__type_support.cpp.o[0m
[2.454s] [ 70%] [32m[1mLinking C shared library libbase_interface_demo__rosidl_typesupport_introspection_c.so[0m
[2.454s] [ 72%] [32mBuilding CXX object CMakeFiles/base_interface_demo__rosidl_typesupport_c.dir/rosidl_typesupport_c/base_interface_demo/action/progress__type_support.cpp.o[0m
[2.454s] [ 74%] [32mBuilding CXX object CMakeFiles/base_interface_demo__rosidl_typesupport_c.dir/rosidl_typesupport_c/base_interface_demo/srv/add_ints__type_support.cpp.o[0m
[2.473s] [ 74%] Built target base_interface_demo__rosidl_typesupport_introspection_c
[2.488s] [ 76%] [32m[1mLinking CXX shared library libbase_interface_demo__rosidl_typesupport_c.so[0m
[2.514s] [ 76%] Built target base_interface_demo__rosidl_typesupport_c
[2.522s] [ 76%] Built target base_interface_demo
[2.530s] [ 78%] [34m[1mGenerating Python code for ROS interfaces[0m
[3.098s] [ 78%] Built target base_interface_demo__py
[3.113s] [ 80%] [32mBuilding C object CMakeFiles/base_interface_demo__rosidl_generator_py.dir/rosidl_generator_py/base_interface_demo/srv/_add_ints_s.c.o[0m
[3.113s] [ 82%] [32mBuilding C object CMakeFiles/base_interface_demo__rosidl_generator_py.dir/rosidl_generator_py/base_interface_demo/action/_progress_s.c.o[0m
[3.113s] [ 85%] [32mBuilding C object CMakeFiles/base_interface_demo__rosidl_generator_py.dir/rosidl_generator_py/base_interface_demo/msg/_student_s.c.o[0m
[3.206s] [ 87%] [32m[1mLinking C shared library rosidl_generator_py/base_interface_demo/libbase_interface_demo__rosidl_generator_py.so[0m
[3.233s] [ 87%] Built target base_interface_demo__rosidl_generator_py
[3.243s] [ 89%] [32mBuilding C object CMakeFiles/base_interface_demo__rosidl_typesupport_fastrtps_c__pyext.dir/rosidl_generator_py/base_interface_demo/_base_interface_demo_s.ep.rosidl_typesupport_fastrtps_c.c.o[0m
[3.245s] [ 91%] [32mBuilding C object CMakeFiles/base_interface_demo__rosidl_typesupport_introspection_c__pyext.dir/rosidl_generator_py/base_interface_demo/_base_interface_demo_s.ep.rosidl_typesupport_introspection_c.c.o[0m
[3.249s] [ 93%] [32mBuilding C object CMakeFiles/base_interface_demo__rosidl_typesupport_c__pyext.dir/rosidl_generator_py/base_interface_demo/_base_interface_demo_s.ep.rosidl_typesupport_c.c.o[0m
[3.333s] [ 95%] [32m[1mLinking C shared library rosidl_generator_py/base_interface_demo/base_interface_demo_s__rosidl_typesupport_introspection_c.cpython-310-x86_64-linux-gnu.so[0m
[3.337s] [ 97%] [32m[1mLinking C shared library rosidl_generator_py/base_interface_demo/base_interface_demo_s__rosidl_typesupport_c.cpython-310-x86_64-linux-gnu.so[0m
[3.341s] [100%] [32m[1mLinking C shared library rosidl_generator_py/base_interface_demo/base_interface_demo_s__rosidl_typesupport_fastrtps_c.cpython-310-x86_64-linux-gnu.so[0m
[3.359s] [100%] Built target base_interface_demo__rosidl_typesupport_introspection_c__pyext
[3.360s] [100%] Built target base_interface_demo__rosidl_typesupport_c__pyext
[3.366s] [100%] Built target base_interface_demo__rosidl_typesupport_fastrtps_c__pyext
[3.372s] Invoked command in '/home/y/lxy_ROS2/ROS2_git/build/base_interface_demo' returned '0': CMAKE_PREFIX_PATH=${CMAKE_PREFIX_PATH}:/home/y/lxy_ROS2/ws00_helloworld/install/pkg02_helloworld_py:/opt/ros/humble /usr/local/bin/cmake --build /home/y/lxy_ROS2/ROS2_git/build/base_interface_demo -- -j4 -l4
[3.452s] Invoking command in '/home/y/lxy_ROS2/ROS2_git/build/base_interface_demo': CMAKE_PREFIX_PATH=${CMAKE_PREFIX_PATH}:/home/y/lxy_ROS2/ws00_helloworld/install/pkg02_helloworld_py:/opt/ros/humble /usr/local/bin/cmake --install /home/y/lxy_ROS2/ROS2_git/build/base_interface_demo
[3.454s] -- Install configuration: ""
[3.454s] -- Installing: /home/y/lxy_ROS2/ROS2_git/install/base_interface_demo/share/ament_index/resource_index/rosidl_interfaces/base_interface_demo
[3.454s] -- Up-to-date: /home/y/lxy_ROS2/ROS2_git/install/base_interface_demo/include/base_interface_demo/base_interface_demo
[3.454s] -- Up-to-date: /home/y/lxy_ROS2/ROS2_git/install/base_interface_demo/include/base_interface_demo/base_interface_demo/msg
[3.454s] -- Up-to-date: /home/y/lxy_ROS2/ROS2_git/install/base_interface_demo/include/base_interface_demo/base_interface_demo/msg/rosidl_generator_c__visibility_control.h
[3.454s] -- Up-to-date: /home/y/lxy_ROS2/ROS2_git/install/base_interface_demo/include/base_interface_demo/base_interface_demo/msg/detail
[3.454s] -- Installing: /home/y/lxy_ROS2/ROS2_git/install/base_interface_demo/include/base_interface_demo/base_interface_demo/msg/detail/student__type_support.h
[3.454s] -- Installing: /home/y/lxy_ROS2/ROS2_git/install/base_interface_demo/include/base_interface_demo/base_interface_demo/msg/detail/student__functions.c
[3.454s] -- Installing: /home/y/lxy_ROS2/ROS2_git/install/base_interface_demo/include/base_interface_demo/base_interface_demo/msg/detail/student__functions.h
[3.454s] -- Installing: /home/y/lxy_ROS2/ROS2_git/install/base_interface_demo/include/base_interface_demo/base_interface_demo/msg/detail/student__struct.h
[3.454s] -- Installing: /home/y/lxy_ROS2/ROS2_git/install/base_interface_demo/include/base_interface_demo/base_interface_demo/msg/student.h
[3.454s] -- Installing: /home/y/lxy_ROS2/ROS2_git/install/base_interface_demo/include/base_interface_demo/base_interface_demo/action
[3.455s] -- Installing: /home/y/lxy_ROS2/ROS2_git/install/base_interface_demo/include/base_interface_demo/base_interface_demo/action/progress.h
[3.455s] -- Installing: /home/y/lxy_ROS2/ROS2_git/install/base_interface_demo/include/base_interface_demo/base_interface_demo/action/detail
[3.455s] -- Installing: /home/y/lxy_ROS2/ROS2_git/install/base_interface_demo/include/base_interface_demo/base_interface_demo/action/detail/progress__functions.h
[3.455s] -- Installing: /home/y/lxy_ROS2/ROS2_git/install/base_interface_demo/include/base_interface_demo/base_interface_demo/action/detail/progress__type_support.h
[3.455s] -- Installing: /home/y/lxy_ROS2/ROS2_git/install/base_interface_demo/include/base_interface_demo/base_interface_demo/action/detail/progress__functions.c
[3.455s] -- Installing: /home/y/lxy_ROS2/ROS2_git/install/base_interface_demo/include/base_interface_demo/base_interface_demo/action/detail/progress__struct.h
[3.455s] -- Up-to-date: /home/y/lxy_ROS2/ROS2_git/install/base_interface_demo/include/base_interface_demo/base_interface_demo/srv
[3.455s] -- Installing: /home/y/lxy_ROS2/ROS2_git/install/base_interface_demo/include/base_interface_demo/base_interface_demo/srv/add_ints.h
[3.455s] -- Up-to-date: /home/y/lxy_ROS2/ROS2_git/install/base_interface_demo/include/base_interface_demo/base_interface_demo/srv/detail
[3.455s] -- Installing: /home/y/lxy_ROS2/ROS2_git/install/base_interface_demo/include/base_interface_demo/base_interface_demo/srv/detail/add_ints__functions.h
[3.455s] -- Installing: /home/y/lxy_ROS2/ROS2_git/install/base_interface_demo/include/base_interface_demo/base_interface_demo/srv/detail/add_ints__struct.h
[3.455s] -- Installing: /home/y/lxy_ROS2/ROS2_git/install/base_interface_demo/include/base_interface_demo/base_interface_demo/srv/detail/add_ints__functions.c
[3.455s] -- Installing: /home/y/lxy_ROS2/ROS2_git/install/base_interface_demo/include/base_interface_demo/base_interface_demo/srv/detail/add_ints__type_support.h
[3.455s] -- Up-to-date: /home/y/lxy_ROS2/ROS2_git/install/base_interface_demo/share/base_interface_demo/environment/library_path.sh
[3.455s] -- Installing: /home/y/lxy_ROS2/ROS2_git/install/base_interface_demo/share/base_interface_demo/environment/library_path.dsv
[3.455s] -- Installing: /home/y/lxy_ROS2/ROS2_git/install/base_interface_demo/lib/libbase_interface_demo__rosidl_generator_c.so
[3.456s] -- Set runtime path of "/home/y/lxy_ROS2/ROS2_git/install/base_interface_demo/lib/libbase_interface_demo__rosidl_generator_c.so" to ""
[3.456s] -- Up-to-date: /home/y/lxy_ROS2/ROS2_git/install/base_interface_demo/include/base_interface_demo/base_interface_demo
[3.456s] -- Up-to-date: /home/y/lxy_ROS2/ROS2_git/install/base_interface_demo/include/base_interface_demo/base_interface_demo/msg
[3.456s] -- Up-to-date: /home/y/lxy_ROS2/ROS2_git/install/base_interface_demo/include/base_interface_demo/base_interface_demo/msg/detail
[3.456s] -- Installing: /home/y/lxy_ROS2/ROS2_git/install/base_interface_demo/include/base_interface_demo/base_interface_demo/msg/detail/student__rosidl_typesupport_fastrtps_c.h
[3.456s] -- Up-to-date: /home/y/lxy_ROS2/ROS2_git/install/base_interface_demo/include/base_interface_demo/base_interface_demo/msg/rosidl_typesupport_fastrtps_c__visibility_control.h
[3.456s] -- Up-to-date: /home/y/lxy_ROS2/ROS2_git/install/base_interface_demo/include/base_interface_demo/base_interface_demo/action
[3.459s] -- Up-to-date: /home/y/lxy_ROS2/ROS2_git/install/base_interface_demo/include/base_interface_demo/base_interface_demo/action/detail
[3.459s] -- Installing: /home/y/lxy_ROS2/ROS2_git/install/base_interface_demo/include/base_interface_demo/base_interface_demo/action/detail/progress__rosidl_typesupport_fastrtps_c.h
[3.459s] -- Up-to-date: /home/y/lxy_ROS2/ROS2_git/install/base_interface_demo/include/base_interface_demo/base_interface_demo/srv
[3.459s] -- Up-to-date: /home/y/lxy_ROS2/ROS2_git/install/base_interface_demo/include/base_interface_demo/base_interface_demo/srv/detail
[3.459s] -- Installing: /home/y/lxy_ROS2/ROS2_git/install/base_interface_demo/include/base_interface_demo/base_interface_demo/srv/detail/add_ints__rosidl_typesupport_fastrtps_c.h
[3.459s] -- Installing: /home/y/lxy_ROS2/ROS2_git/install/base_interface_demo/lib/libbase_interface_demo__rosidl_typesupport_fastrtps_c.so
[3.459s] -- Set runtime path of "/home/y/lxy_ROS2/ROS2_git/install/base_interface_demo/lib/libbase_interface_demo__rosidl_typesupport_fastrtps_c.so" to ""
[3.459s] -- Up-to-date: /home/y/lxy_ROS2/ROS2_git/install/base_interface_demo/include/base_interface_demo/base_interface_demo
[3.459s] -- Up-to-date: /home/y/lxy_ROS2/ROS2_git/install/base_interface_demo/include/base_interface_demo/base_interface_demo/msg
[3.459s] -- Up-to-date: /home/y/lxy_ROS2/ROS2_git/install/base_interface_demo/include/base_interface_demo/base_interface_demo/msg/rosidl_typesupport_introspection_c__visibility_control.h
[3.459s] -- Up-to-date: /home/y/lxy_ROS2/ROS2_git/install/base_interface_demo/include/base_interface_demo/base_interface_demo/msg/detail
[3.459s] -- Installing: /home/y/lxy_ROS2/ROS2_git/install/base_interface_demo/include/base_interface_demo/base_interface_demo/msg/detail/student__type_support.c
[3.459s] -- Installing: /home/y/lxy_ROS2/ROS2_git/install/base_interface_demo/include/base_interface_demo/base_interface_demo/msg/detail/student__rosidl_typesupport_introspection_c.h
[3.459s] -- Up-to-date: /home/y/lxy_ROS2/ROS2_git/install/base_interface_demo/include/base_interface_demo/base_interface_demo/action
[3.459s] -- Up-to-date: /home/y/lxy_ROS2/ROS2_git/install/base_interface_demo/include/base_interface_demo/base_interface_demo/action/detail
[3.459s] -- Installing: /home/y/lxy_ROS2/ROS2_git/install/base_interface_demo/include/base_interface_demo/base_interface_demo/action/detail/progress__type_support.c
[3.459s] -- Installing: /home/y/lxy_ROS2/ROS2_git/install/base_interface_demo/include/base_interface_demo/base_interface_demo/action/detail/progress__rosidl_typesupport_introspection_c.h
[3.459s] -- Up-to-date: /home/y/lxy_ROS2/ROS2_git/install/base_interface_demo/include/base_interface_demo/base_interface_demo/srv
[3.459s] -- Up-to-date: /home/y/lxy_ROS2/ROS2_git/install/base_interface_demo/include/base_interface_demo/base_interface_demo/srv/detail
[3.459s] -- Installing: /home/y/lxy_ROS2/ROS2_git/install/base_interface_demo/include/base_interface_demo/base_interface_demo/srv/detail/add_ints__rosidl_typesupport_introspection_c.h
[3.459s] -- Installing: /home/y/lxy_ROS2/ROS2_git/install/base_interface_demo/include/base_interface_demo/base_interface_demo/srv/detail/add_ints__type_support.c
[3.459s] -- Installing: /home/y/lxy_ROS2/ROS2_git/install/base_interface_demo/lib/libbase_interface_demo__rosidl_typesupport_introspection_c.so
[3.459s] -- Set runtime path of "/home/y/lxy_ROS2/ROS2_git/install/base_interface_demo/lib/libbase_interface_demo__rosidl_typesupport_introspection_c.so" to ""
[3.459s] -- Installing: /home/y/lxy_ROS2/ROS2_git/install/base_interface_demo/lib/libbase_interface_demo__rosidl_typesupport_c.so
[3.459s] -- Set runtime path of "/home/y/lxy_ROS2/ROS2_git/install/base_interface_demo/lib/libbase_interface_demo__rosidl_typesupport_c.so" to ""
[3.459s] -- Up-to-date: /home/y/lxy_ROS2/ROS2_git/install/base_interface_demo/include/base_interface_demo/base_interface_demo
[3.459s] -- Up-to-date: /home/y/lxy_ROS2/ROS2_git/install/base_interface_demo/include/base_interface_demo/base_interface_demo/msg
[3.459s] -- Up-to-date: /home/y/lxy_ROS2/ROS2_git/install/base_interface_demo/include/base_interface_demo/base_interface_demo/msg/detail
[3.460s] -- Installing: /home/y/lxy_ROS2/ROS2_git/install/base_interface_demo/include/base_interface_demo/base_interface_demo/msg/detail/student__traits.hpp
[3.460s] -- Installing: /home/y/lxy_ROS2/ROS2_git/install/base_interface_demo/include/base_interface_demo/base_interface_demo/msg/detail/student__builder.hpp
[3.460s] -- Installing: /home/y/lxy_ROS2/ROS2_git/install/base_interface_demo/include/base_interface_demo/base_interface_demo/msg/detail/student__struct.hpp
[3.460s] -- Installing: /home/y/lxy_ROS2/ROS2_git/install/base_interface_demo/include/base_interface_demo/base_interface_demo/msg/student.hpp
[3.460s] -- Up-to-date: /home/y/lxy_ROS2/ROS2_git/install/base_interface_demo/include/base_interface_demo/base_interface_demo/action
[3.460s] -- Installing: /home/y/lxy_ROS2/ROS2_git/install/base_interface_demo/include/base_interface_demo/base_interface_demo/action/progress.hpp
[3.460s] -- Up-to-date: /home/y/lxy_ROS2/ROS2_git/install/base_interface_demo/include/base_interface_demo/base_interface_demo/action/detail
[3.460s] -- Installing: /home/y/lxy_ROS2/ROS2_git/install/base_interface_demo/include/base_interface_demo/base_interface_demo/action/detail/progress__traits.hpp
[3.460s] -- Installing: /home/y/lxy_ROS2/ROS2_git/install/base_interface_demo/include/base_interface_demo/base_interface_demo/action/detail/progress__builder.hpp
[3.460s] -- Installing: /home/y/lxy_ROS2/ROS2_git/install/base_interface_demo/include/base_interface_demo/base_interface_demo/action/detail/progress__struct.hpp
[3.460s] -- Up-to-date: /home/y/lxy_ROS2/ROS2_git/install/base_interface_demo/include/base_interface_demo/base_interface_demo/srv
[3.460s] -- Installing: /home/y/lxy_ROS2/ROS2_git/install/base_interface_demo/include/base_interface_demo/base_interface_demo/srv/add_ints.hpp
[3.460s] -- Up-to-date: /home/y/lxy_ROS2/ROS2_git/install/base_interface_demo/include/base_interface_demo/base_interface_demo/srv/detail
[3.460s] -- Installing: /home/y/lxy_ROS2/ROS2_git/install/base_interface_demo/include/base_interface_demo/base_interface_demo/srv/detail/add_ints__builder.hpp
[3.460s] -- Installing: /home/y/lxy_ROS2/ROS2_git/install/base_interface_demo/include/base_interface_demo/base_interface_demo/srv/detail/add_ints__struct.hpp
[3.460s] -- Installing: /home/y/lxy_ROS2/ROS2_git/install/base_interface_demo/include/base_interface_demo/base_interface_demo/srv/detail/add_ints__traits.hpp
[3.460s] -- Up-to-date: /home/y/lxy_ROS2/ROS2_git/install/base_interface_demo/include/base_interface_demo/base_interface_demo
[3.460s] -- Up-to-date: /home/y/lxy_ROS2/ROS2_git/install/base_interface_demo/include/base_interface_demo/base_interface_demo/msg
[3.460s] -- Up-to-date: /home/y/lxy_ROS2/ROS2_git/install/base_interface_demo/include/base_interface_demo/base_interface_demo/msg/detail
[3.460s] -- Up-to-date: /home/y/lxy_ROS2/ROS2_git/install/base_interface_demo/include/base_interface_demo/base_interface_demo/msg/detail/dds_fastrtps
[3.460s] -- Installing: /home/y/lxy_ROS2/ROS2_git/install/base_interface_demo/include/base_interface_demo/base_interface_demo/msg/detail/student__rosidl_typesupport_fastrtps_cpp.hpp
[3.460s] -- Up-to-date: /home/y/lxy_ROS2/ROS2_git/install/base_interface_demo/include/base_interface_demo/base_interface_demo/msg/rosidl_typesupport_fastrtps_cpp__visibility_control.h
[3.460s] -- Up-to-date: /home/y/lxy_ROS2/ROS2_git/install/base_interface_demo/include/base_interface_demo/base_interface_demo/action
[3.460s] -- Up-to-date: /home/y/lxy_ROS2/ROS2_git/install/base_interface_demo/include/base_interface_demo/base_interface_demo/action/detail
[3.460s] -- Installing: /home/y/lxy_ROS2/ROS2_git/install/base_interface_demo/include/base_interface_demo/base_interface_demo/action/detail/progress__rosidl_typesupport_fastrtps_cpp.hpp
[3.460s] -- Installing: /home/y/lxy_ROS2/ROS2_git/install/base_interface_demo/include/base_interface_demo/base_interface_demo/action/detail/dds_fastrtps
[3.460s] -- Up-to-date: /home/y/lxy_ROS2/ROS2_git/install/base_interface_demo/include/base_interface_demo/base_interface_demo/srv
[3.460s] -- Up-to-date: /home/y/lxy_ROS2/ROS2_git/install/base_interface_demo/include/base_interface_demo/base_interface_demo/srv/detail
[3.460s] -- Up-to-date: /home/y/lxy_ROS2/ROS2_git/install/base_interface_demo/include/base_interface_demo/base_interface_demo/srv/detail/dds_fastrtps
[3.460s] -- Installing: /home/y/lxy_ROS2/ROS2_git/install/base_interface_demo/include/base_interface_demo/base_interface_demo/srv/detail/add_ints__rosidl_typesupport_fastrtps_cpp.hpp
[3.460s] -- Installing: /home/y/lxy_ROS2/ROS2_git/install/base_interface_demo/lib/libbase_interface_demo__rosidl_typesupport_fastrtps_cpp.so
[3.461s] -- Set runtime path of "/home/y/lxy_ROS2/ROS2_git/install/base_interface_demo/lib/libbase_interface_demo__rosidl_typesupport_fastrtps_cpp.so" to ""
[3.461s] -- Up-to-date: /home/y/lxy_ROS2/ROS2_git/install/base_interface_demo/include/base_interface_demo/base_interface_demo
[3.461s] -- Up-to-date: /home/y/lxy_ROS2/ROS2_git/install/base_interface_demo/include/base_interface_demo/base_interface_demo/msg
[3.461s] -- Up-to-date: /home/y/lxy_ROS2/ROS2_git/install/base_interface_demo/include/base_interface_demo/base_interface_demo/msg/detail
[3.461s] -- Installing: /home/y/lxy_ROS2/ROS2_git/install/base_interface_demo/include/base_interface_demo/base_interface_demo/msg/detail/student__rosidl_typesupport_introspection_cpp.hpp
[3.461s] -- Installing: /home/y/lxy_ROS2/ROS2_git/install/base_interface_demo/include/base_interface_demo/base_interface_demo/msg/detail/student__type_support.cpp
[3.461s] -- Up-to-date: /home/y/lxy_ROS2/ROS2_git/install/base_interface_demo/include/base_interface_demo/base_interface_demo/action
[3.461s] -- Up-to-date: /home/y/lxy_ROS2/ROS2_git/install/base_interface_demo/include/base_interface_demo/base_interface_demo/action/detail
[3.461s] -- Installing: /home/y/lxy_ROS2/ROS2_git/install/base_interface_demo/include/base_interface_demo/base_interface_demo/action/detail/progress__type_support.cpp
[3.461s] -- Installing: /home/y/lxy_ROS2/ROS2_git/install/base_interface_demo/include/base_interface_demo/base_interface_demo/action/detail/progress__rosidl_typesupport_introspection_cpp.hpp
[3.461s] -- Up-to-date: /home/y/lxy_ROS2/ROS2_git/install/base_interface_demo/include/base_interface_demo/base_interface_demo/srv
[3.461s] -- Up-to-date: /home/y/lxy_ROS2/ROS2_git/install/base_interface_demo/include/base_interface_demo/base_interface_demo/srv/detail
[3.461s] -- Installing: /home/y/lxy_ROS2/ROS2_git/install/base_interface_demo/include/base_interface_demo/base_interface_demo/srv/detail/add_ints__type_support.cpp
[3.461s] -- Installing: /home/y/lxy_ROS2/ROS2_git/install/base_interface_demo/include/base_interface_demo/base_interface_demo/srv/detail/add_ints__rosidl_typesupport_introspection_cpp.hpp
[3.462s] -- Installing: /home/y/lxy_ROS2/ROS2_git/install/base_interface_demo/lib/libbase_interface_demo__rosidl_typesupport_introspection_cpp.so
[3.462s] -- Set runtime path of "/home/y/lxy_ROS2/ROS2_git/install/base_interface_demo/lib/libbase_interface_demo__rosidl_typesupport_introspection_cpp.so" to ""
[3.462s] -- Installing: /home/y/lxy_ROS2/ROS2_git/install/base_interface_demo/lib/libbase_interface_demo__rosidl_typesupport_cpp.so
[3.462s] -- Set runtime path of "/home/y/lxy_ROS2/ROS2_git/install/base_interface_demo/lib/libbase_interface_demo__rosidl_typesupport_cpp.so" to ""
[3.462s] -- Up-to-date: /home/y/lxy_ROS2/ROS2_git/install/base_interface_demo/share/base_interface_demo/environment/pythonpath.sh
[3.462s] -- Installing: /home/y/lxy_ROS2/ROS2_git/install/base_interface_demo/share/base_interface_demo/environment/pythonpath.dsv
[3.462s] -- Up-to-date: /home/y/lxy_ROS2/ROS2_git/install/base_interface_demo/local/lib/python3.10/dist-packages/base_interface_demo-0.0.0-py3.10.egg-info
[3.462s] -- Installing: /home/y/lxy_ROS2/ROS2_git/install/base_interface_demo/local/lib/python3.10/dist-packages/base_interface_demo-0.0.0-py3.10.egg-info/dependency_links.txt
[3.462s] -- Installing: /home/y/lxy_ROS2/ROS2_git/install/base_interface_demo/local/lib/python3.10/dist-packages/base_interface_demo-0.0.0-py3.10.egg-info/top_level.txt
[3.462s] -- Installing: /home/y/lxy_ROS2/ROS2_git/install/base_interface_demo/local/lib/python3.10/dist-packages/base_interface_demo-0.0.0-py3.10.egg-info/PKG-INFO
[3.462s] -- Installing: /home/y/lxy_ROS2/ROS2_git/install/base_interface_demo/local/lib/python3.10/dist-packages/base_interface_demo-0.0.0-py3.10.egg-info/SOURCES.txt
[3.462s] -- Up-to-date: /home/y/lxy_ROS2/ROS2_git/install/base_interface_demo/local/lib/python3.10/dist-packages/base_interface_demo
[3.462s] -- Installing: /home/y/lxy_ROS2/ROS2_git/install/base_interface_demo/local/lib/python3.10/dist-packages/base_interface_demo/__init__.py
[3.462s] -- Installing: /home/y/lxy_ROS2/ROS2_git/install/base_interface_demo/local/lib/python3.10/dist-packages/base_interface_demo/_base_interface_demo_s.ep.rosidl_typesupport_introspection_c.c
[3.462s] -- Up-to-date: /home/y/lxy_ROS2/ROS2_git/install/base_interface_demo/local/lib/python3.10/dist-packages/base_interface_demo/msg
[3.462s] -- Installing: /home/y/lxy_ROS2/ROS2_git/install/base_interface_demo/local/lib/python3.10/dist-packages/base_interface_demo/msg/_student_s.c
[3.462s] -- Installing: /home/y/lxy_ROS2/ROS2_git/install/base_interface_demo/local/lib/python3.10/dist-packages/base_interface_demo/msg/__init__.py
[3.462s] -- Installing: /home/y/lxy_ROS2/ROS2_git/install/base_interface_demo/local/lib/python3.10/dist-packages/base_interface_demo/msg/_student.py
[3.462s] -- Installing: /home/y/lxy_ROS2/ROS2_git/install/base_interface_demo/local/lib/python3.10/dist-packages/base_interface_demo/libbase_interface_demo__rosidl_generator_py.so
[3.462s] -- Installing: /home/y/lxy_ROS2/ROS2_git/install/base_interface_demo/local/lib/python3.10/dist-packages/base_interface_demo/_base_interface_demo_s.ep.rosidl_typesupport_fastrtps_c.c
[3.462s] -- Installing: /home/y/lxy_ROS2/ROS2_git/install/base_interface_demo/local/lib/python3.10/dist-packages/base_interface_demo/_base_interface_demo_s.ep.rosidl_typesupport_c.c
[3.463s] -- Installing: /home/y/lxy_ROS2/ROS2_git/install/base_interface_demo/local/lib/python3.10/dist-packages/base_interface_demo/base_interface_demo_s__rosidl_typesupport_fastrtps_c.cpython-310-x86_64-linux-gnu.so
[3.463s] -- Installing: /home/y/lxy_ROS2/ROS2_git/install/base_interface_demo/local/lib/python3.10/dist-packages/base_interface_demo/base_interface_demo_s__rosidl_typesupport_c.cpython-310-x86_64-linux-gnu.so
[3.463s] -- Installing: /home/y/lxy_ROS2/ROS2_git/install/base_interface_demo/local/lib/python3.10/dist-packages/base_interface_demo/action
[3.463s] -- Installing: /home/y/lxy_ROS2/ROS2_git/install/base_interface_demo/local/lib/python3.10/dist-packages/base_interface_demo/action/__init__.py
[3.463s] -- Installing: /home/y/lxy_ROS2/ROS2_git/install/base_interface_demo/local/lib/python3.10/dist-packages/base_interface_demo/action/_progress_s.c
[3.463s] -- Installing: /home/y/lxy_ROS2/ROS2_git/install/base_interface_demo/local/lib/python3.10/dist-packages/base_interface_demo/action/_progress.py
[3.463s] -- Installing: /home/y/lxy_ROS2/ROS2_git/install/base_interface_demo/local/lib/python3.10/dist-packages/base_interface_demo/base_interface_demo_s__rosidl_typesupport_introspection_c.cpython-310-x86_64-linux-gnu.so
[3.463s] -- Up-to-date: /home/y/lxy_ROS2/ROS2_git/install/base_interface_demo/local/lib/python3.10/dist-packages/base_interface_demo/srv
[3.463s] -- Installing: /home/y/lxy_ROS2/ROS2_git/install/base_interface_demo/local/lib/python3.10/dist-packages/base_interface_demo/srv/__init__.py
[3.463s] -- Installing: /home/y/lxy_ROS2/ROS2_git/install/base_interface_demo/local/lib/python3.10/dist-packages/base_interface_demo/srv/_add_ints_s.c
[3.463s] -- Installing: /home/y/lxy_ROS2/ROS2_git/install/base_interface_demo/local/lib/python3.10/dist-packages/base_interface_demo/srv/_add_ints.py
[3.490s] Listing '/home/y/lxy_ROS2/ROS2_git/install/base_interface_demo/local/lib/python3.10/dist-packages/base_interface_demo'...
[3.490s] Compiling '/home/y/lxy_ROS2/ROS2_git/install/base_interface_demo/local/lib/python3.10/dist-packages/base_interface_demo/__init__.py'...
[3.490s] Listing '/home/y/lxy_ROS2/ROS2_git/install/base_interface_demo/local/lib/python3.10/dist-packages/base_interface_demo/action'...
[3.490s] Compiling '/home/y/lxy_ROS2/ROS2_git/install/base_interface_demo/local/lib/python3.10/dist-packages/base_interface_demo/action/__init__.py'...
[3.490s] Compiling '/home/y/lxy_ROS2/ROS2_git/install/base_interface_demo/local/lib/python3.10/dist-packages/base_interface_demo/action/_progress.py'...
[3.491s] Listing '/home/y/lxy_ROS2/ROS2_git/install/base_interface_demo/local/lib/python3.10/dist-packages/base_interface_demo/msg'...
[3.491s] Compiling '/home/y/lxy_ROS2/ROS2_git/install/base_interface_demo/local/lib/python3.10/dist-packages/base_interface_demo/msg/__init__.py'...
[3.491s] Compiling '/home/y/lxy_ROS2/ROS2_git/install/base_interface_demo/local/lib/python3.10/dist-packages/base_interface_demo/msg/_student.py'...
[3.491s] Listing '/home/y/lxy_ROS2/ROS2_git/install/base_interface_demo/local/lib/python3.10/dist-packages/base_interface_demo/srv'...
[3.491s] Compiling '/home/y/lxy_ROS2/ROS2_git/install/base_interface_demo/local/lib/python3.10/dist-packages/base_interface_demo/srv/__init__.py'...
[3.491s] Compiling '/home/y/lxy_ROS2/ROS2_git/install/base_interface_demo/local/lib/python3.10/dist-packages/base_interface_demo/srv/_add_ints.py'...
[3.495s] -- Installing: /home/y/lxy_ROS2/ROS2_git/install/base_interface_demo/local/lib/python3.10/dist-packages/base_interface_demo/base_interface_demo_s__rosidl_typesupport_fastrtps_c.cpython-310-x86_64-linux-gnu.so
[3.495s] -- Set runtime path of "/home/y/lxy_ROS2/ROS2_git/install/base_interface_demo/local/lib/python3.10/dist-packages/base_interface_demo/base_interface_demo_s__rosidl_typesupport_fastrtps_c.cpython-310-x86_64-linux-gnu.so" to ""
[3.495s] -- Installing: /home/y/lxy_ROS2/ROS2_git/install/base_interface_demo/local/lib/python3.10/dist-packages/base_interface_demo/base_interface_demo_s__rosidl_typesupport_introspection_c.cpython-310-x86_64-linux-gnu.so
[3.495s] -- Set runtime path of "/home/y/lxy_ROS2/ROS2_git/install/base_interface_demo/local/lib/python3.10/dist-packages/base_interface_demo/base_interface_demo_s__rosidl_typesupport_introspection_c.cpython-310-x86_64-linux-gnu.so" to ""
[3.495s] -- Installing: /home/y/lxy_ROS2/ROS2_git/install/base_interface_demo/local/lib/python3.10/dist-packages/base_interface_demo/base_interface_demo_s__rosidl_typesupport_c.cpython-310-x86_64-linux-gnu.so
[3.495s] -- Set runtime path of "/home/y/lxy_ROS2/ROS2_git/install/base_interface_demo/local/lib/python3.10/dist-packages/base_interface_demo/base_interface_demo_s__rosidl_typesupport_c.cpython-310-x86_64-linux-gnu.so" to ""
[3.495s] -- Installing: /home/y/lxy_ROS2/ROS2_git/install/base_interface_demo/lib/libbase_interface_demo__rosidl_generator_py.so
[3.495s] -- Set runtime path of "/home/y/lxy_ROS2/ROS2_git/install/base_interface_demo/lib/libbase_interface_demo__rosidl_generator_py.so" to ""
[3.495s] -- Up-to-date: /home/y/lxy_ROS2/ROS2_git/install/base_interface_demo/share/base_interface_demo/msg/Student.idl
[3.495s] -- Up-to-date: /home/y/lxy_ROS2/ROS2_git/install/base_interface_demo/share/base_interface_demo/srv/AddInts.idl
[3.496s] -- Installing: /home/y/lxy_ROS2/ROS2_git/install/base_interface_demo/share/base_interface_demo/action/Progress.idl
[3.496s] -- Up-to-date: /home/y/lxy_ROS2/ROS2_git/install/base_interface_demo/share/base_interface_demo/msg/Student.msg
[3.496s] -- Up-to-date: /home/y/lxy_ROS2/ROS2_git/install/base_interface_demo/share/base_interface_demo/srv/AddInts.srv
[3.496s] -- Up-to-date: /home/y/lxy_ROS2/ROS2_git/install/base_interface_demo/share/base_interface_demo/srv/AddInts_Request.msg
[3.496s] -- Up-to-date: /home/y/lxy_ROS2/ROS2_git/install/base_interface_demo/share/base_interface_demo/srv/AddInts_Response.msg
[3.496s] -- Installing: /home/y/lxy_ROS2/ROS2_git/install/base_interface_demo/share/base_interface_demo/action/Progress.action
[3.496s] -- Installing: /home/y/lxy_ROS2/ROS2_git/install/base_interface_demo/share/ament_index/resource_index/package_run_dependencies/base_interface_demo
[3.496s] -- Installing: /home/y/lxy_ROS2/ROS2_git/install/base_interface_demo/share/ament_index/resource_index/parent_prefix_path/base_interface_demo
[3.497s] -- Up-to-date: /home/y/lxy_ROS2/ROS2_git/install/base_interface_demo/share/base_interface_demo/environment/ament_prefix_path.sh
[3.497s] -- Installing: /home/y/lxy_ROS2/ROS2_git/install/base_interface_demo/share/base_interface_demo/environment/ament_prefix_path.dsv
[3.497s] -- Up-to-date: /home/y/lxy_ROS2/ROS2_git/install/base_interface_demo/share/base_interface_demo/environment/path.sh
[3.497s] -- Installing: /home/y/lxy_ROS2/ROS2_git/install/base_interface_demo/share/base_interface_demo/environment/path.dsv
[3.497s] -- Up-to-date: /home/y/lxy_ROS2/ROS2_git/install/base_interface_demo/share/base_interface_demo/local_setup.bash
[3.497s] -- Up-to-date: /home/y/lxy_ROS2/ROS2_git/install/base_interface_demo/share/base_interface_demo/local_setup.sh
[3.497s] -- Up-to-date: /home/y/lxy_ROS2/ROS2_git/install/base_interface_demo/share/base_interface_demo/local_setup.zsh
[3.497s] -- Installing: /home/y/lxy_ROS2/ROS2_git/install/base_interface_demo/share/base_interface_demo/local_setup.dsv
[3.497s] -- Installing: /home/y/lxy_ROS2/ROS2_git/install/base_interface_demo/share/base_interface_demo/package.dsv
[3.497s] -- Up-to-date: /home/y/lxy_ROS2/ROS2_git/install/base_interface_demo/share/ament_index/resource_index/packages/base_interface_demo
[3.497s] -- Old export file "/home/y/lxy_ROS2/ROS2_git/install/base_interface_demo/share/base_interface_demo/cmake/export_base_interface_demo__rosidl_generator_cExport.cmake" will be replaced.  Removing files [/home/y/lxy_ROS2/ROS2_git/install/base_interface_demo/share/base_interface_demo/cmake/export_base_interface_demo__rosidl_generator_cExport-noconfig.cmake].
[3.497s] -- Installing: /home/y/lxy_ROS2/ROS2_git/install/base_interface_demo/share/base_interface_demo/cmake/export_base_interface_demo__rosidl_generator_cExport.cmake
[3.497s] -- Installing: /home/y/lxy_ROS2/ROS2_git/install/base_interface_demo/share/base_interface_demo/cmake/export_base_interface_demo__rosidl_generator_cExport-noconfig.cmake
[3.497s] -- Old export file "/home/y/lxy_ROS2/ROS2_git/install/base_interface_demo/share/base_interface_demo/cmake/export_base_interface_demo__rosidl_typesupport_fastrtps_cExport.cmake" will be replaced.  Removing files [/home/y/lxy_ROS2/ROS2_git/install/base_interface_demo/share/base_interface_demo/cmake/export_base_interface_demo__rosidl_typesupport_fastrtps_cExport-noconfig.cmake].
[3.498s] -- Installing: /home/y/lxy_ROS2/ROS2_git/install/base_interface_demo/share/base_interface_demo/cmake/export_base_interface_demo__rosidl_typesupport_fastrtps_cExport.cmake
[3.498s] -- Installing: /home/y/lxy_ROS2/ROS2_git/install/base_interface_demo/share/base_interface_demo/cmake/export_base_interface_demo__rosidl_typesupport_fastrtps_cExport-noconfig.cmake
[3.498s] -- Old export file "/home/y/lxy_ROS2/ROS2_git/install/base_interface_demo/share/base_interface_demo/cmake/base_interface_demo__rosidl_typesupport_introspection_cExport.cmake" will be replaced.  Removing files [/home/y/lxy_ROS2/ROS2_git/install/base_interface_demo/share/base_interface_demo/cmake/base_interface_demo__rosidl_typesupport_introspection_cExport-noconfig.cmake].
[3.498s] -- Installing: /home/y/lxy_ROS2/ROS2_git/install/base_interface_demo/share/base_interface_demo/cmake/base_interface_demo__rosidl_typesupport_introspection_cExport.cmake
[3.498s] -- Installing: /home/y/lxy_ROS2/ROS2_git/install/base_interface_demo/share/base_interface_demo/cmake/base_interface_demo__rosidl_typesupport_introspection_cExport-noconfig.cmake
[3.498s] -- Old export file "/home/y/lxy_ROS2/ROS2_git/install/base_interface_demo/share/base_interface_demo/cmake/base_interface_demo__rosidl_typesupport_cExport.cmake" will be replaced.  Removing files [/home/y/lxy_ROS2/ROS2_git/install/base_interface_demo/share/base_interface_demo/cmake/base_interface_demo__rosidl_typesupport_cExport-noconfig.cmake].
[3.498s] -- Installing: /home/y/lxy_ROS2/ROS2_git/install/base_interface_demo/share/base_interface_demo/cmake/base_interface_demo__rosidl_typesupport_cExport.cmake
[3.498s] -- Installing: /home/y/lxy_ROS2/ROS2_git/install/base_interface_demo/share/base_interface_demo/cmake/base_interface_demo__rosidl_typesupport_cExport-noconfig.cmake
[3.498s] -- Installing: /home/y/lxy_ROS2/ROS2_git/install/base_interface_demo/share/base_interface_demo/cmake/export_base_interface_demo__rosidl_generator_cppExport.cmake
[3.498s] -- Old export file "/home/y/lxy_ROS2/ROS2_git/install/base_interface_demo/share/base_interface_demo/cmake/export_base_interface_demo__rosidl_typesupport_fastrtps_cppExport.cmake" will be replaced.  Removing files [/home/y/lxy_ROS2/ROS2_git/install/base_interface_demo/share/base_interface_demo/cmake/export_base_interface_demo__rosidl_typesupport_fastrtps_cppExport-noconfig.cmake].
[3.498s] -- Installing: /home/y/lxy_ROS2/ROS2_git/install/base_interface_demo/share/base_interface_demo/cmake/export_base_interface_demo__rosidl_typesupport_fastrtps_cppExport.cmake
[3.498s] -- Installing: /home/y/lxy_ROS2/ROS2_git/install/base_interface_demo/share/base_interface_demo/cmake/export_base_interface_demo__rosidl_typesupport_fastrtps_cppExport-noconfig.cmake
[3.498s] -- Old export file "/home/y/lxy_ROS2/ROS2_git/install/base_interface_demo/share/base_interface_demo/cmake/base_interface_demo__rosidl_typesupport_introspection_cppExport.cmake" will be replaced.  Removing files [/home/y/lxy_ROS2/ROS2_git/install/base_interface_demo/share/base_interface_demo/cmake/base_interface_demo__rosidl_typesupport_introspection_cppExport-noconfig.cmake].
[3.498s] -- Installing: /home/y/lxy_ROS2/ROS2_git/install/base_interface_demo/share/base_interface_demo/cmake/base_interface_demo__rosidl_typesupport_introspection_cppExport.cmake
[3.498s] -- Installing: /home/y/lxy_ROS2/ROS2_git/install/base_interface_demo/share/base_interface_demo/cmake/base_interface_demo__rosidl_typesupport_introspection_cppExport-noconfig.cmake
[3.498s] -- Old export file "/home/y/lxy_ROS2/ROS2_git/install/base_interface_demo/share/base_interface_demo/cmake/base_interface_demo__rosidl_typesupport_cppExport.cmake" will be replaced.  Removing files [/home/y/lxy_ROS2/ROS2_git/install/base_interface_demo/share/base_interface_demo/cmake/base_interface_demo__rosidl_typesupport_cppExport-noconfig.cmake].
[3.498s] -- Installing: /home/y/lxy_ROS2/ROS2_git/install/base_interface_demo/share/base_interface_demo/cmake/base_interface_demo__rosidl_typesupport_cppExport.cmake
[3.498s] -- Installing: /home/y/lxy_ROS2/ROS2_git/install/base_interface_demo/share/base_interface_demo/cmake/base_interface_demo__rosidl_typesupport_cppExport-noconfig.cmake
[3.498s] -- Old export file "/home/y/lxy_ROS2/ROS2_git/install/base_interface_demo/share/base_interface_demo/cmake/export_base_interface_demo__rosidl_generator_pyExport.cmake" will be replaced.  Removing files [/home/y/lxy_ROS2/ROS2_git/install/base_interface_demo/share/base_interface_demo/cmake/export_base_interface_demo__rosidl_generator_pyExport-noconfig.cmake].
[3.498s] -- Installing: /home/y/lxy_ROS2/ROS2_git/install/base_interface_demo/share/base_interface_demo/cmake/export_base_interface_demo__rosidl_generator_pyExport.cmake
[3.498s] -- Installing: /home/y/lxy_ROS2/ROS2_git/install/base_interface_demo/share/base_interface_demo/cmake/export_base_interface_demo__rosidl_generator_pyExport-noconfig.cmake
[3.498s] -- Installing: /home/y/lxy_ROS2/ROS2_git/install/base_interface_demo/share/base_interface_demo/cmake/rosidl_cmake-extras.cmake
[3.499s] -- Installing: /home/y/lxy_ROS2/ROS2_git/install/base_interface_demo/share/base_interface_demo/cmake/ament_cmake_export_dependencies-extras.cmake
[3.499s] -- Up-to-date: /home/y/lxy_ROS2/ROS2_git/install/base_interface_demo/share/base_interface_demo/cmake/ament_cmake_export_include_directories-extras.cmake
[3.499s] -- Up-to-date: /home/y/lxy_ROS2/ROS2_git/install/base_interface_demo/share/base_interface_demo/cmake/ament_cmake_export_libraries-extras.cmake
[3.499s] -- Up-to-date: /home/y/lxy_ROS2/ROS2_git/install/base_interface_demo/share/base_interface_demo/cmake/ament_cmake_export_targets-extras.cmake
[3.499s] -- Up-to-date: /home/y/lxy_ROS2/ROS2_git/install/base_interface_demo/share/base_interface_demo/cmake/rosidl_cmake_export_typesupport_targets-extras.cmake
[3.499s] -- Up-to-date: /home/y/lxy_ROS2/ROS2_git/install/base_interface_demo/share/base_interface_demo/cmake/rosidl_cmake_export_typesupport_libraries-extras.cmake
[3.499s] -- Installing: /home/y/lxy_ROS2/ROS2_git/install/base_interface_demo/share/base_interface_demo/cmake/base_interface_demoConfig.cmake
[3.499s] -- Up-to-date: /home/y/lxy_ROS2/ROS2_git/install/base_interface_demo/share/base_interface_demo/cmake/base_interface_demoConfig-version.cmake
[3.499s] -- Installing: /home/y/lxy_ROS2/ROS2_git/install/base_interface_demo/share/base_interface_demo/package.xml
[3.503s] Invoked command in '/home/y/lxy_ROS2/ROS2_git/build/base_interface_demo' returned '0': CMAKE_PREFIX_PATH=${CMAKE_PREFIX_PATH}:/home/y/lxy_ROS2/ws00_helloworld/install/pkg02_helloworld_py:/opt/ros/humble /usr/local/bin/cmake --install /home/y/lxy_ROS2/ROS2_git/build/base_interface_demo
