[ 50%] Built target demo01_action_server
[ 75%] [32mBuilding CXX object CMakeFiles/demo02_action_client.dir/src/demo02_action_client.cpp.o[0m
[100%] [32m[1mLinking CXX executable demo02_action_client[0m
[100%] Built target demo02_action_client
-- Install configuration: ""
-- Up-to-date: /home/y/lxy_ROS2/ROS2_git/install/pk04_action_cpp/lib/pk04_action_cpp/demo01_action_server
-- Installing: /home/y/lxy_ROS2/ROS2_git/install/pk04_action_cpp/lib/pk04_action_cpp/demo02_action_client
-- Set runtime path of "/home/y/lxy_ROS2/ROS2_git/install/pk04_action_cpp/lib/pk04_action_cpp/demo02_action_client" to ""
-- Up-to-date: /home/y/lxy_ROS2/ROS2_git/install/pk04_action_cpp/share/ament_index/resource_index/package_run_dependencies/pk04_action_cpp
-- Up-to-date: /home/y/lxy_ROS2/ROS2_git/install/pk04_action_cpp/share/ament_index/resource_index/parent_prefix_path/pk04_action_cpp
-- Up-to-date: /home/y/lxy_ROS2/ROS2_git/install/pk04_action_cpp/share/pk04_action_cpp/environment/ament_prefix_path.sh
-- Up-to-date: /home/y/lxy_ROS2/ROS2_git/install/pk04_action_cpp/share/pk04_action_cpp/environment/ament_prefix_path.dsv
-- Up-to-date: /home/y/lxy_ROS2/ROS2_git/install/pk04_action_cpp/share/pk04_action_cpp/environment/path.sh
-- Up-to-date: /home/y/lxy_ROS2/ROS2_git/install/pk04_action_cpp/share/pk04_action_cpp/environment/path.dsv
-- Up-to-date: /home/y/lxy_ROS2/ROS2_git/install/pk04_action_cpp/share/pk04_action_cpp/local_setup.bash
-- Up-to-date: /home/y/lxy_ROS2/ROS2_git/install/pk04_action_cpp/share/pk04_action_cpp/local_setup.sh
-- Up-to-date: /home/y/lxy_ROS2/ROS2_git/install/pk04_action_cpp/share/pk04_action_cpp/local_setup.zsh
-- Up-to-date: /home/y/lxy_ROS2/ROS2_git/install/pk04_action_cpp/share/pk04_action_cpp/local_setup.dsv
-- Installing: /home/y/lxy_ROS2/ROS2_git/install/pk04_action_cpp/share/pk04_action_cpp/package.dsv
-- Up-to-date: /home/y/lxy_ROS2/ROS2_git/install/pk04_action_cpp/share/ament_index/resource_index/packages/pk04_action_cpp
-- Up-to-date: /home/y/lxy_ROS2/ROS2_git/install/pk04_action_cpp/share/pk04_action_cpp/cmake/pk04_action_cppConfig.cmake
-- Up-to-date: /home/y/lxy_ROS2/ROS2_git/install/pk04_action_cpp/share/pk04_action_cpp/cmake/pk04_action_cppConfig-version.cmake
-- Up-to-date: /home/y/lxy_ROS2/ROS2_git/install/pk04_action_cpp/share/pk04_action_cpp/package.xml
