[0.025s] Invoking command in '/home/y/lxy_ROS2/ROS2_git/build/base_interface_demo': CMAKE_PREFIX_PATH=${CMAKE_PREFIX_PATH}:/home/y/lxy_ROS2/ws00_helloworld/install/pkg02_helloworld_py:/opt/ros/humble /usr/local/bin/cmake /home/y/lxy_ROS2/ROS2_git/src/base_interface_demo -DCMAKE_INSTALL_PREFIX=/home/y/lxy_ROS2/ROS2_git/install/base_interface_demo
[0.136s] -- The C compiler identification is GNU 11.4.0
[0.269s] -- The CXX compiler identification is GNU 11.4.0
[0.276s] -- Detecting C compiler ABI info
[0.341s] -- Detecting C compiler ABI info - done
[0.348s] -- Check for working C compiler: /usr/bin/cc - skipped
[0.349s] -- Detecting C compile features
[0.349s] -- Detecting C compile features - done
[0.351s] -- Detecting CXX compiler ABI info
[0.412s] -- Detecting CXX compiler ABI info - done
[0.416s] -- Check for working CXX compiler: /usr/bin/c++ - skipped
[0.417s] -- Detecting CXX compile features
[0.417s] -- Detecting CXX compile features - done
[0.427s] -- Found ament_cmake: 1.3.10 (/opt/ros/humble/share/ament_cmake/cmake)
[0.536s] -- Found Python3: /usr/bin/python3 (found version "3.10.12") found components: Interpreter 
[0.613s] -- Found ament_lint_auto: 0.12.11 (/opt/ros/humble/share/ament_lint_auto/cmake)
[0.690s] -- Added test 'lint_cmake' to check CMake code style
[0.692s] -- Added test 'xmllint' to check XML markup files
[0.696s] -- Configuring done (0.7s)
[0.697s] -- Generating done (0.0s)
[0.699s] -- Build files have been written to: /home/y/lxy_ROS2/ROS2_git/build/base_interface_demo
[0.703s] Invoked command in '/home/y/lxy_ROS2/ROS2_git/build/base_interface_demo' returned '0': CMAKE_PREFIX_PATH=${CMAKE_PREFIX_PATH}:/home/y/lxy_ROS2/ws00_helloworld/install/pkg02_helloworld_py:/opt/ros/humble /usr/local/bin/cmake /home/y/lxy_ROS2/ROS2_git/src/base_interface_demo -DCMAKE_INSTALL_PREFIX=/home/y/lxy_ROS2/ROS2_git/install/base_interface_demo
[0.703s] Invoking command in '/home/y/lxy_ROS2/ROS2_git/build/base_interface_demo': CMAKE_PREFIX_PATH=${CMAKE_PREFIX_PATH}:/home/y/lxy_ROS2/ws00_helloworld/install/pkg02_helloworld_py:/opt/ros/humble /usr/local/bin/cmake --build /home/y/lxy_ROS2/ROS2_git/build/base_interface_demo -- -j4 -l4
[0.717s] Invoked command in '/home/y/lxy_ROS2/ROS2_git/build/base_interface_demo' returned '0': CMAKE_PREFIX_PATH=${CMAKE_PREFIX_PATH}:/home/y/lxy_ROS2/ws00_helloworld/install/pkg02_helloworld_py:/opt/ros/humble /usr/local/bin/cmake --build /home/y/lxy_ROS2/ROS2_git/build/base_interface_demo -- -j4 -l4
[0.733s] Invoking command in '/home/y/lxy_ROS2/ROS2_git/build/base_interface_demo': CMAKE_PREFIX_PATH=${CMAKE_PREFIX_PATH}:/home/y/lxy_ROS2/ws00_helloworld/install/pkg02_helloworld_py:/opt/ros/humble /usr/local/bin/cmake --install /home/y/lxy_ROS2/ROS2_git/build/base_interface_demo
[0.737s] -- Install configuration: ""
[0.737s] -- Installing: /home/y/lxy_ROS2/ROS2_git/install/base_interface_demo/share/ament_index/resource_index/package_run_dependencies/base_interface_demo
[0.737s] -- Installing: /home/y/lxy_ROS2/ROS2_git/install/base_interface_demo/share/ament_index/resource_index/parent_prefix_path/base_interface_demo
[0.738s] -- Installing: /home/y/lxy_ROS2/ROS2_git/install/base_interface_demo/share/base_interface_demo/environment/ament_prefix_path.sh
[0.738s] -- Installing: /home/y/lxy_ROS2/ROS2_git/install/base_interface_demo/share/base_interface_demo/environment/ament_prefix_path.dsv
[0.738s] -- Installing: /home/y/lxy_ROS2/ROS2_git/install/base_interface_demo/share/base_interface_demo/environment/path.sh
[0.738s] -- Installing: /home/y/lxy_ROS2/ROS2_git/install/base_interface_demo/share/base_interface_demo/environment/path.dsv
[0.738s] -- Installing: /home/y/lxy_ROS2/ROS2_git/install/base_interface_demo/share/base_interface_demo/local_setup.bash
[0.738s] -- Installing: /home/y/lxy_ROS2/ROS2_git/install/base_interface_demo/share/base_interface_demo/local_setup.sh
[0.738s] -- Installing: /home/y/lxy_ROS2/ROS2_git/install/base_interface_demo/share/base_interface_demo/local_setup.zsh
[0.739s] -- Installing: /home/y/lxy_ROS2/ROS2_git/install/base_interface_demo/share/base_interface_demo/local_setup.dsv
[0.739s] -- Installing: /home/y/lxy_ROS2/ROS2_git/install/base_interface_demo/share/base_interface_demo/package.dsv
[0.739s] -- Installing: /home/y/lxy_ROS2/ROS2_git/install/base_interface_demo/share/ament_index/resource_index/packages/base_interface_demo
[0.739s] -- Installing: /home/y/lxy_ROS2/ROS2_git/install/base_interface_demo/share/base_interface_demo/cmake/base_interface_demoConfig.cmake
[0.739s] -- Installing: /home/y/lxy_ROS2/ROS2_git/install/base_interface_demo/share/base_interface_demo/cmake/base_interface_demoConfig-version.cmake
[0.739s] -- Installing: /home/y/lxy_ROS2/ROS2_git/install/base_interface_demo/share/base_interface_demo/package.xml
[0.742s] Invoked command in '/home/y/lxy_ROS2/ROS2_git/build/base_interface_demo' returned '0': CMAKE_PREFIX_PATH=${CMAKE_PREFIX_PATH}:/home/y/lxy_ROS2/ws00_helloworld/install/pkg02_helloworld_py:/opt/ros/humble /usr/local/bin/cmake --install /home/y/lxy_ROS2/ROS2_git/build/base_interface_demo
