[0.015s] Invoking command in '/home/y/lxy_ROS2/ROS2_git/build/pk04_action_cpp': CMAKE_PREFIX_PATH=/home/y/lxy_ROS2/ROS2_git/install/base_interface_demo:/home/y/lxy_ROS2/ROS2_git/install/pk03_service_cpp:/home/y/lxy_ROS2/ROS2_git/src/install/pk03_service_cpp:/home/y/lxy_ROS2/ROS2_git/src/install/base_interface_demo:/home/y/lxy_ROS2/ROS2_git/install/pkg01_hello_cpp:/home/y/lxy_ROS2/ROS2_git/install/pk02_topic_cpp:/home/y/ROS2_Realman/install/rm_example:/home/y/ROS2_Realman/install/rm_driver:/home/y/ROS2_Realman/install/rm_control:/home/y/ROS2_Realman/install/get_arm_state:/home/y/ROS2_Realman/install/force_position_control:/home/y/ROS2_Realman/install/control_arm_move:/home/y/ROS2_Realman/install/rm_ros_interfaces:/home/y/ROS2_Realman/install/rm_install:/home/y/ROS2_Realman/install/rm_gen72_config:/home/y/ROS2_Realman/install/rm_gazebo:/home/y/ROS2_Realman/install/rm_eco65_config:/home/y/ROS2_Realman/install/rm_eco63_config:/home/y/ROS2_Realman/install/rm_doc:/home/y/ROS2_Realman/install/rm_75_config:/home/y/ROS2_Realman/install/rm_63_config:/home/y/ROS2_Realman/install/rm_description:/home/y/ROS2_Realman/install/rm_bringup:/home/y/ROS2_Realman/install/rm_65_config:/home/y/lxy_ROS2/ws00_helloworld/install/pkg01_helloworld_cpp:/home/y/lxy_ROS2/ws00_helloworld/install/pkg02_helloworld_py:/opt/ros/humble LD_LIBRARY_PATH=/home/y/lxy_ROS2/ROS2_git/install/base_interface_demo/lib:/home/y/lxy_ROS2/ROS2_git/src/install/base_interface_demo/lib:/home/y/ROS2_Realman/install/rm_ros_interfaces/lib:/usr/lib/x86_64-linux-gnu/gazebo-11/plugins:/opt/ros/humble/opt/rviz_ogre_vendor/lib:/opt/ros/humble/lib/x86_64-linux-gnu:/opt/ros/humble/lib:/usr/local/lib/ /usr/local/bin/cmake /home/y/lxy_ROS2/ROS2_git/src/pk04_action_cpp -DCMAKE_INSTALL_PREFIX=/home/y/lxy_ROS2/ROS2_git/install/pk04_action_cpp
[0.020s] -- Found ament_cmake: 1.3.10 (/opt/ros/humble/share/ament_cmake/cmake)
[0.084s] -- Found rclcpp: 16.0.10 (/opt/ros/humble/share/rclcpp/cmake)
[0.104s] -- Found rosidl_generator_c: 3.1.5 (/opt/ros/humble/share/rosidl_generator_c/cmake)
[0.105s] -- Found rosidl_adapter: 3.1.5 (/opt/ros/humble/share/rosidl_adapter/cmake)
[0.109s] -- Found rosidl_generator_cpp: 3.1.5 (/opt/ros/humble/share/rosidl_generator_cpp/cmake)
[0.116s] -- Using all available rosidl_typesupport_c: rosidl_typesupport_fastrtps_c;rosidl_typesupport_introspection_c
[0.125s] -- Using all available rosidl_typesupport_cpp: rosidl_typesupport_fastrtps_cpp;rosidl_typesupport_introspection_cpp
[0.150s] -- Found rmw_implementation_cmake: 6.1.2 (/opt/ros/humble/share/rmw_implementation_cmake/cmake)
[0.152s] -- Found rmw_fastrtps_cpp: 6.2.7 (/opt/ros/humble/share/rmw_fastrtps_cpp/cmake)
[0.231s] -- Using RMW implementation 'rmw_fastrtps_cpp' as default
[0.273s] -- Found rclcpp_action: 16.0.10 (/opt/ros/humble/share/rclcpp_action/cmake)
[0.297s] -- Found base_interface_demo: 0.0.0 (/home/y/lxy_ROS2/ROS2_git/install/base_interface_demo/share/base_interface_demo/cmake)
[0.315s] -- Found ament_lint_auto: 0.12.11 (/opt/ros/humble/share/ament_lint_auto/cmake)
[0.379s] -- Added test 'cppcheck' to perform static code analysis on C / C++ code
[0.379s] -- Configured cppcheck include dirs: 
[0.379s] -- Configured cppcheck exclude dirs and/or files: 
[0.379s] -- Added test 'lint_cmake' to check CMake code style
[0.380s] -- Added test 'uncrustify' to check C / C++ code style
[0.380s] -- Configured uncrustify additional arguments: 
[0.380s] -- Added test 'xmllint' to check XML markup files
[0.382s] -- Configuring done (0.4s)
[0.397s] -- Generating done (0.0s)
[0.400s] -- Build files have been written to: /home/y/lxy_ROS2/ROS2_git/build/pk04_action_cpp
[0.405s] Invoked command in '/home/y/lxy_ROS2/ROS2_git/build/pk04_action_cpp' returned '0': CMAKE_PREFIX_PATH=/home/y/lxy_ROS2/ROS2_git/install/base_interface_demo:/home/y/lxy_ROS2/ROS2_git/install/pk03_service_cpp:/home/y/lxy_ROS2/ROS2_git/src/install/pk03_service_cpp:/home/y/lxy_ROS2/ROS2_git/src/install/base_interface_demo:/home/y/lxy_ROS2/ROS2_git/install/pkg01_hello_cpp:/home/y/lxy_ROS2/ROS2_git/install/pk02_topic_cpp:/home/y/ROS2_Realman/install/rm_example:/home/y/ROS2_Realman/install/rm_driver:/home/y/ROS2_Realman/install/rm_control:/home/y/ROS2_Realman/install/get_arm_state:/home/y/ROS2_Realman/install/force_position_control:/home/y/ROS2_Realman/install/control_arm_move:/home/y/ROS2_Realman/install/rm_ros_interfaces:/home/y/ROS2_Realman/install/rm_install:/home/y/ROS2_Realman/install/rm_gen72_config:/home/y/ROS2_Realman/install/rm_gazebo:/home/y/ROS2_Realman/install/rm_eco65_config:/home/y/ROS2_Realman/install/rm_eco63_config:/home/y/ROS2_Realman/install/rm_doc:/home/y/ROS2_Realman/install/rm_75_config:/home/y/ROS2_Realman/install/rm_63_config:/home/y/ROS2_Realman/install/rm_description:/home/y/ROS2_Realman/install/rm_bringup:/home/y/ROS2_Realman/install/rm_65_config:/home/y/lxy_ROS2/ws00_helloworld/install/pkg01_helloworld_cpp:/home/y/lxy_ROS2/ws00_helloworld/install/pkg02_helloworld_py:/opt/ros/humble LD_LIBRARY_PATH=/home/y/lxy_ROS2/ROS2_git/install/base_interface_demo/lib:/home/y/lxy_ROS2/ROS2_git/src/install/base_interface_demo/lib:/home/y/ROS2_Realman/install/rm_ros_interfaces/lib:/usr/lib/x86_64-linux-gnu/gazebo-11/plugins:/opt/ros/humble/opt/rviz_ogre_vendor/lib:/opt/ros/humble/lib/x86_64-linux-gnu:/opt/ros/humble/lib:/usr/local/lib/ /usr/local/bin/cmake /home/y/lxy_ROS2/ROS2_git/src/pk04_action_cpp -DCMAKE_INSTALL_PREFIX=/home/y/lxy_ROS2/ROS2_git/install/pk04_action_cpp
[0.405s] Invoking command in '/home/y/lxy_ROS2/ROS2_git/build/pk04_action_cpp': CMAKE_PREFIX_PATH=/home/y/lxy_ROS2/ROS2_git/install/base_interface_demo:/home/y/lxy_ROS2/ROS2_git/install/pk03_service_cpp:/home/y/lxy_ROS2/ROS2_git/src/install/pk03_service_cpp:/home/y/lxy_ROS2/ROS2_git/src/install/base_interface_demo:/home/y/lxy_ROS2/ROS2_git/install/pkg01_hello_cpp:/home/y/lxy_ROS2/ROS2_git/install/pk02_topic_cpp:/home/y/ROS2_Realman/install/rm_example:/home/y/ROS2_Realman/install/rm_driver:/home/y/ROS2_Realman/install/rm_control:/home/y/ROS2_Realman/install/get_arm_state:/home/y/ROS2_Realman/install/force_position_control:/home/y/ROS2_Realman/install/control_arm_move:/home/y/ROS2_Realman/install/rm_ros_interfaces:/home/y/ROS2_Realman/install/rm_install:/home/y/ROS2_Realman/install/rm_gen72_config:/home/y/ROS2_Realman/install/rm_gazebo:/home/y/ROS2_Realman/install/rm_eco65_config:/home/y/ROS2_Realman/install/rm_eco63_config:/home/y/ROS2_Realman/install/rm_doc:/home/y/ROS2_Realman/install/rm_75_config:/home/y/ROS2_Realman/install/rm_63_config:/home/y/ROS2_Realman/install/rm_description:/home/y/ROS2_Realman/install/rm_bringup:/home/y/ROS2_Realman/install/rm_65_config:/home/y/lxy_ROS2/ws00_helloworld/install/pkg01_helloworld_cpp:/home/y/lxy_ROS2/ws00_helloworld/install/pkg02_helloworld_py:/opt/ros/humble LD_LIBRARY_PATH=/home/y/lxy_ROS2/ROS2_git/install/base_interface_demo/lib:/home/y/lxy_ROS2/ROS2_git/src/install/base_interface_demo/lib:/home/y/ROS2_Realman/install/rm_ros_interfaces/lib:/usr/lib/x86_64-linux-gnu/gazebo-11/plugins:/opt/ros/humble/opt/rviz_ogre_vendor/lib:/opt/ros/humble/lib/x86_64-linux-gnu:/opt/ros/humble/lib:/usr/local/lib/ /usr/local/bin/cmake --build /home/y/lxy_ROS2/ROS2_git/build/pk04_action_cpp -- -j4 -l4
[0.425s] [ 25%] [32mBuilding CXX object CMakeFiles/demo01_action_server.dir/src/demo01_action_server.cpp.o[0m
[0.428s] [ 50%] [32mBuilding CXX object CMakeFiles/demo02_action_client.dir/src/demo02_action_client.cpp.o[0m
[3.107s] [ 75%] [32m[1mLinking CXX executable demo01_action_server[0m
[3.257s] [100%] [32m[1mLinking CXX executable demo02_action_client[0m
[3.275s] [100%] Built target demo01_action_server
[3.362s] [100%] Built target demo02_action_client
[3.366s] Invoked command in '/home/y/lxy_ROS2/ROS2_git/build/pk04_action_cpp' returned '0': CMAKE_PREFIX_PATH=/home/y/lxy_ROS2/ROS2_git/install/base_interface_demo:/home/y/lxy_ROS2/ROS2_git/install/pk03_service_cpp:/home/y/lxy_ROS2/ROS2_git/src/install/pk03_service_cpp:/home/y/lxy_ROS2/ROS2_git/src/install/base_interface_demo:/home/y/lxy_ROS2/ROS2_git/install/pkg01_hello_cpp:/home/y/lxy_ROS2/ROS2_git/install/pk02_topic_cpp:/home/y/ROS2_Realman/install/rm_example:/home/y/ROS2_Realman/install/rm_driver:/home/y/ROS2_Realman/install/rm_control:/home/y/ROS2_Realman/install/get_arm_state:/home/y/ROS2_Realman/install/force_position_control:/home/y/ROS2_Realman/install/control_arm_move:/home/y/ROS2_Realman/install/rm_ros_interfaces:/home/y/ROS2_Realman/install/rm_install:/home/y/ROS2_Realman/install/rm_gen72_config:/home/y/ROS2_Realman/install/rm_gazebo:/home/y/ROS2_Realman/install/rm_eco65_config:/home/y/ROS2_Realman/install/rm_eco63_config:/home/y/ROS2_Realman/install/rm_doc:/home/y/ROS2_Realman/install/rm_75_config:/home/y/ROS2_Realman/install/rm_63_config:/home/y/ROS2_Realman/install/rm_description:/home/y/ROS2_Realman/install/rm_bringup:/home/y/ROS2_Realman/install/rm_65_config:/home/y/lxy_ROS2/ws00_helloworld/install/pkg01_helloworld_cpp:/home/y/lxy_ROS2/ws00_helloworld/install/pkg02_helloworld_py:/opt/ros/humble LD_LIBRARY_PATH=/home/y/lxy_ROS2/ROS2_git/install/base_interface_demo/lib:/home/y/lxy_ROS2/ROS2_git/src/install/base_interface_demo/lib:/home/y/ROS2_Realman/install/rm_ros_interfaces/lib:/usr/lib/x86_64-linux-gnu/gazebo-11/plugins:/opt/ros/humble/opt/rviz_ogre_vendor/lib:/opt/ros/humble/lib/x86_64-linux-gnu:/opt/ros/humble/lib:/usr/local/lib/ /usr/local/bin/cmake --build /home/y/lxy_ROS2/ROS2_git/build/pk04_action_cpp -- -j4 -l4
[3.388s] Invoking command in '/home/y/lxy_ROS2/ROS2_git/build/pk04_action_cpp': CMAKE_PREFIX_PATH=/home/y/lxy_ROS2/ROS2_git/install/base_interface_demo:/home/y/lxy_ROS2/ROS2_git/install/pk03_service_cpp:/home/y/lxy_ROS2/ROS2_git/src/install/pk03_service_cpp:/home/y/lxy_ROS2/ROS2_git/src/install/base_interface_demo:/home/y/lxy_ROS2/ROS2_git/install/pkg01_hello_cpp:/home/y/lxy_ROS2/ROS2_git/install/pk02_topic_cpp:/home/y/ROS2_Realman/install/rm_example:/home/y/ROS2_Realman/install/rm_driver:/home/y/ROS2_Realman/install/rm_control:/home/y/ROS2_Realman/install/get_arm_state:/home/y/ROS2_Realman/install/force_position_control:/home/y/ROS2_Realman/install/control_arm_move:/home/y/ROS2_Realman/install/rm_ros_interfaces:/home/y/ROS2_Realman/install/rm_install:/home/y/ROS2_Realman/install/rm_gen72_config:/home/y/ROS2_Realman/install/rm_gazebo:/home/y/ROS2_Realman/install/rm_eco65_config:/home/y/ROS2_Realman/install/rm_eco63_config:/home/y/ROS2_Realman/install/rm_doc:/home/y/ROS2_Realman/install/rm_75_config:/home/y/ROS2_Realman/install/rm_63_config:/home/y/ROS2_Realman/install/rm_description:/home/y/ROS2_Realman/install/rm_bringup:/home/y/ROS2_Realman/install/rm_65_config:/home/y/lxy_ROS2/ws00_helloworld/install/pkg01_helloworld_cpp:/home/y/lxy_ROS2/ws00_helloworld/install/pkg02_helloworld_py:/opt/ros/humble LD_LIBRARY_PATH=/home/y/lxy_ROS2/ROS2_git/install/base_interface_demo/lib:/home/y/lxy_ROS2/ROS2_git/src/install/base_interface_demo/lib:/home/y/ROS2_Realman/install/rm_ros_interfaces/lib:/usr/lib/x86_64-linux-gnu/gazebo-11/plugins:/opt/ros/humble/opt/rviz_ogre_vendor/lib:/opt/ros/humble/lib/x86_64-linux-gnu:/opt/ros/humble/lib:/usr/local/lib/ /usr/local/bin/cmake --install /home/y/lxy_ROS2/ROS2_git/build/pk04_action_cpp
[3.391s] -- Install configuration: ""
[3.391s] -- Installing: /home/y/lxy_ROS2/ROS2_git/install/pk04_action_cpp/lib/pk04_action_cpp/demo01_action_server
[3.391s] -- Set runtime path of "/home/y/lxy_ROS2/ROS2_git/install/pk04_action_cpp/lib/pk04_action_cpp/demo01_action_server" to ""
[3.391s] -- Installing: /home/y/lxy_ROS2/ROS2_git/install/pk04_action_cpp/lib/pk04_action_cpp/demo02_action_client
[3.392s] -- Set runtime path of "/home/y/lxy_ROS2/ROS2_git/install/pk04_action_cpp/lib/pk04_action_cpp/demo02_action_client" to ""
[3.392s] -- Installing: /home/y/lxy_ROS2/ROS2_git/install/pk04_action_cpp/share/ament_index/resource_index/package_run_dependencies/pk04_action_cpp
[3.392s] -- Installing: /home/y/lxy_ROS2/ROS2_git/install/pk04_action_cpp/share/ament_index/resource_index/parent_prefix_path/pk04_action_cpp
[3.392s] -- Installing: /home/y/lxy_ROS2/ROS2_git/install/pk04_action_cpp/share/pk04_action_cpp/environment/ament_prefix_path.sh
[3.393s] -- Installing: /home/y/lxy_ROS2/ROS2_git/install/pk04_action_cpp/share/pk04_action_cpp/environment/ament_prefix_path.dsv
[3.393s] -- Installing: /home/y/lxy_ROS2/ROS2_git/install/pk04_action_cpp/share/pk04_action_cpp/environment/path.sh
[3.393s] -- Installing: /home/y/lxy_ROS2/ROS2_git/install/pk04_action_cpp/share/pk04_action_cpp/environment/path.dsv
[3.393s] -- Installing: /home/y/lxy_ROS2/ROS2_git/install/pk04_action_cpp/share/pk04_action_cpp/local_setup.bash
[3.393s] -- Installing: /home/y/lxy_ROS2/ROS2_git/install/pk04_action_cpp/share/pk04_action_cpp/local_setup.sh
[3.393s] -- Installing: /home/y/lxy_ROS2/ROS2_git/install/pk04_action_cpp/share/pk04_action_cpp/local_setup.zsh
[3.393s] -- Installing: /home/y/lxy_ROS2/ROS2_git/install/pk04_action_cpp/share/pk04_action_cpp/local_setup.dsv
[3.393s] -- Installing: /home/y/lxy_ROS2/ROS2_git/install/pk04_action_cpp/share/pk04_action_cpp/package.dsv
[3.393s] -- Installing: /home/y/lxy_ROS2/ROS2_git/install/pk04_action_cpp/share/ament_index/resource_index/packages/pk04_action_cpp
[3.393s] -- Installing: /home/y/lxy_ROS2/ROS2_git/install/pk04_action_cpp/share/pk04_action_cpp/cmake/pk04_action_cppConfig.cmake
[3.393s] -- Installing: /home/y/lxy_ROS2/ROS2_git/install/pk04_action_cpp/share/pk04_action_cpp/cmake/pk04_action_cppConfig-version.cmake
[3.393s] -- Installing: /home/y/lxy_ROS2/ROS2_git/install/pk04_action_cpp/share/pk04_action_cpp/package.xml
[3.395s] Invoked command in '/home/y/lxy_ROS2/ROS2_git/build/pk04_action_cpp' returned '0': CMAKE_PREFIX_PATH=/home/y/lxy_ROS2/ROS2_git/install/base_interface_demo:/home/y/lxy_ROS2/ROS2_git/install/pk03_service_cpp:/home/y/lxy_ROS2/ROS2_git/src/install/pk03_service_cpp:/home/y/lxy_ROS2/ROS2_git/src/install/base_interface_demo:/home/y/lxy_ROS2/ROS2_git/install/pkg01_hello_cpp:/home/y/lxy_ROS2/ROS2_git/install/pk02_topic_cpp:/home/y/ROS2_Realman/install/rm_example:/home/y/ROS2_Realman/install/rm_driver:/home/y/ROS2_Realman/install/rm_control:/home/y/ROS2_Realman/install/get_arm_state:/home/y/ROS2_Realman/install/force_position_control:/home/y/ROS2_Realman/install/control_arm_move:/home/y/ROS2_Realman/install/rm_ros_interfaces:/home/y/ROS2_Realman/install/rm_install:/home/y/ROS2_Realman/install/rm_gen72_config:/home/y/ROS2_Realman/install/rm_gazebo:/home/y/ROS2_Realman/install/rm_eco65_config:/home/y/ROS2_Realman/install/rm_eco63_config:/home/y/ROS2_Realman/install/rm_doc:/home/y/ROS2_Realman/install/rm_75_config:/home/y/ROS2_Realman/install/rm_63_config:/home/y/ROS2_Realman/install/rm_description:/home/y/ROS2_Realman/install/rm_bringup:/home/y/ROS2_Realman/install/rm_65_config:/home/y/lxy_ROS2/ws00_helloworld/install/pkg01_helloworld_cpp:/home/y/lxy_ROS2/ws00_helloworld/install/pkg02_helloworld_py:/opt/ros/humble LD_LIBRARY_PATH=/home/y/lxy_ROS2/ROS2_git/install/base_interface_demo/lib:/home/y/lxy_ROS2/ROS2_git/src/install/base_interface_demo/lib:/home/y/ROS2_Realman/install/rm_ros_interfaces/lib:/usr/lib/x86_64-linux-gnu/gazebo-11/plugins:/opt/ros/humble/opt/rviz_ogre_vendor/lib:/opt/ros/humble/lib/x86_64-linux-gnu:/opt/ros/humble/lib:/usr/local/lib/ /usr/local/bin/cmake --install /home/y/lxy_ROS2/ROS2_git/build/pk04_action_cpp
