[0.014s] Invoking command in '/home/y/lxy_ROS2/ROS2_git/build/pk04_action_cpp': CMAKE_PREFIX_PATH=/home/y/lxy_ROS2/ROS2_git/install/base_interface_demo:/home/y/lxy_ROS2/ROS2_git/install/pk03_service_cpp:/home/y/lxy_ROS2/ROS2_git/src/install/pk03_service_cpp:/home/y/lxy_ROS2/ROS2_git/src/install/base_interface_demo:/home/y/lxy_ROS2/ROS2_git/install/pkg01_hello_cpp:/home/y/lxy_ROS2/ROS2_git/install/pk02_topic_cpp:/home/y/ROS2_Realman/install/rm_example:/home/y/ROS2_Realman/install/rm_driver:/home/y/ROS2_Realman/install/rm_control:/home/y/ROS2_Realman/install/get_arm_state:/home/y/ROS2_Realman/install/force_position_control:/home/y/ROS2_Realman/install/control_arm_move:/home/y/ROS2_Realman/install/rm_ros_interfaces:/home/y/ROS2_Realman/install/rm_install:/home/y/ROS2_Realman/install/rm_gen72_config:/home/y/ROS2_Realman/install/rm_gazebo:/home/y/ROS2_Realman/install/rm_eco65_config:/home/y/ROS2_Realman/install/rm_eco63_config:/home/y/ROS2_Realman/install/rm_doc:/home/y/ROS2_Realman/install/rm_75_config:/home/y/ROS2_Realman/install/rm_63_config:/home/y/ROS2_Realman/install/rm_description:/home/y/ROS2_Realman/install/rm_bringup:/home/y/ROS2_Realman/install/rm_65_config:/home/y/lxy_ROS2/ws00_helloworld/install/pkg01_helloworld_cpp:/home/y/lxy_ROS2/ws00_helloworld/install/pkg02_helloworld_py:/opt/ros/humble LD_LIBRARY_PATH=/home/y/lxy_ROS2/ROS2_git/install/base_interface_demo/lib:/home/y/lxy_ROS2/ROS2_git/src/install/base_interface_demo/lib:/home/y/ROS2_Realman/install/rm_ros_interfaces/lib:/usr/lib/x86_64-linux-gnu/gazebo-11/plugins:/opt/ros/humble/opt/rviz_ogre_vendor/lib:/opt/ros/humble/lib/x86_64-linux-gnu:/opt/ros/humble/lib:/usr/local/lib/ /usr/local/bin/cmake /home/y/lxy_ROS2/ROS2_git/src/pk04_action_cpp -DCMAKE_INSTALL_PREFIX=/home/y/lxy_ROS2/ROS2_git/install/pk04_action_cpp
[0.050s] -- The C compiler identification is GNU 11.4.0
[0.089s] -- The CXX compiler identification is GNU 11.4.0
[0.095s] -- Detecting C compiler ABI info
[0.140s] -- Detecting C compiler ABI info - done
[0.146s] -- Check for working C compiler: /usr/bin/cc - skipped
[0.146s] -- Detecting C compile features
[0.146s] -- Detecting C compile features - done
[0.148s] -- Detecting CXX compiler ABI info
[0.198s] -- Detecting CXX compiler ABI info - done
[0.203s] -- Check for working CXX compiler: /usr/bin/c++ - skipped
[0.204s] -- Detecting CXX compile features
[0.204s] -- Detecting CXX compile features - done
[0.210s] -- Found ament_cmake: 1.3.10 (/opt/ros/humble/share/ament_cmake/cmake)
[0.308s] -- Found Python3: /usr/bin/python3 (found version "3.10.12") found components: Interpreter 
[0.379s] -- Found rclcpp: 16.0.10 (/opt/ros/humble/share/rclcpp/cmake)
[0.418s] -- Found rosidl_generator_c: 3.1.5 (/opt/ros/humble/share/rosidl_generator_c/cmake)
[0.431s] -- Found rosidl_adapter: 3.1.5 (/opt/ros/humble/share/rosidl_adapter/cmake)
[0.439s] -- Found rosidl_generator_cpp: 3.1.5 (/opt/ros/humble/share/rosidl_generator_cpp/cmake)
[0.450s] -- Using all available rosidl_typesupport_c: rosidl_typesupport_fastrtps_c;rosidl_typesupport_introspection_c
[0.465s] -- Using all available rosidl_typesupport_cpp: rosidl_typesupport_fastrtps_cpp;rosidl_typesupport_introspection_cpp
[0.506s] -- Found rmw_implementation_cmake: 6.1.2 (/opt/ros/humble/share/rmw_implementation_cmake/cmake)
[0.509s] -- Found rmw_fastrtps_cpp: 6.2.7 (/opt/ros/humble/share/rmw_fastrtps_cpp/cmake)
[0.589s] -- Found OpenSSL: /usr/lib/x86_64-linux-gnu/libcrypto.so (found version "3.0.2")  
[0.616s] -- Found FastRTPS: /opt/ros/humble/include  
[0.655s] -- Using RMW implementation 'rmw_fastrtps_cpp' as default
[0.665s] -- Performing Test CMAKE_HAVE_LIBC_PTHREAD
[0.712s] -- Performing Test CMAKE_HAVE_LIBC_PTHREAD - Success
[0.712s] -- Found Threads: TRUE  
[0.762s] -- Found rclcpp_action: 16.0.10 (/opt/ros/humble/share/rclcpp_action/cmake)
[0.797s] -- Found base_interface_demo: 0.0.0 (/home/y/lxy_ROS2/ROS2_git/install/base_interface_demo/share/base_interface_demo/cmake)
[0.809s] [31mCMake Error at /opt/ros/humble/share/ament_cmake_target_dependencies/cmake/ament_target_dependencies.cmake:77 (message):
[0.809s]   ament_target_dependencies() the passed package name 'base_interfaces_demo'
[0.809s]   was not found before
[0.809s] Call Stack (most recent call first):
[0.809s]   CMakeLists.txt:17 (ament_target_dependencies)
[0.809s] 
[0.809s] [0m
[0.809s] -- Configuring incomplete, errors occurred!
[0.814s] Invoked command in '/home/y/lxy_ROS2/ROS2_git/build/pk04_action_cpp' returned '1': CMAKE_PREFIX_PATH=/home/y/lxy_ROS2/ROS2_git/install/base_interface_demo:/home/y/lxy_ROS2/ROS2_git/install/pk03_service_cpp:/home/y/lxy_ROS2/ROS2_git/src/install/pk03_service_cpp:/home/y/lxy_ROS2/ROS2_git/src/install/base_interface_demo:/home/y/lxy_ROS2/ROS2_git/install/pkg01_hello_cpp:/home/y/lxy_ROS2/ROS2_git/install/pk02_topic_cpp:/home/y/ROS2_Realman/install/rm_example:/home/y/ROS2_Realman/install/rm_driver:/home/y/ROS2_Realman/install/rm_control:/home/y/ROS2_Realman/install/get_arm_state:/home/y/ROS2_Realman/install/force_position_control:/home/y/ROS2_Realman/install/control_arm_move:/home/y/ROS2_Realman/install/rm_ros_interfaces:/home/y/ROS2_Realman/install/rm_install:/home/y/ROS2_Realman/install/rm_gen72_config:/home/y/ROS2_Realman/install/rm_gazebo:/home/y/ROS2_Realman/install/rm_eco65_config:/home/y/ROS2_Realman/install/rm_eco63_config:/home/y/ROS2_Realman/install/rm_doc:/home/y/ROS2_Realman/install/rm_75_config:/home/y/ROS2_Realman/install/rm_63_config:/home/y/ROS2_Realman/install/rm_description:/home/y/ROS2_Realman/install/rm_bringup:/home/y/ROS2_Realman/install/rm_65_config:/home/y/lxy_ROS2/ws00_helloworld/install/pkg01_helloworld_cpp:/home/y/lxy_ROS2/ws00_helloworld/install/pkg02_helloworld_py:/opt/ros/humble LD_LIBRARY_PATH=/home/y/lxy_ROS2/ROS2_git/install/base_interface_demo/lib:/home/y/lxy_ROS2/ROS2_git/src/install/base_interface_demo/lib:/home/y/ROS2_Realman/install/rm_ros_interfaces/lib:/usr/lib/x86_64-linux-gnu/gazebo-11/plugins:/opt/ros/humble/opt/rviz_ogre_vendor/lib:/opt/ros/humble/lib/x86_64-linux-gnu:/opt/ros/humble/lib:/usr/local/lib/ /usr/local/bin/cmake /home/y/lxy_ROS2/ROS2_git/src/pk04_action_cpp -DCMAKE_INSTALL_PREFIX=/home/y/lxy_ROS2/ROS2_git/install/pk04_action_cpp
