[0.021s] Invoking command in '/home/y/lxy_ROS2/ROS2_git/src/build/pk03_service_cpp': CMAKE_PREFIX_PATH=${CMAKE_PREFIX_PATH}:/home/y/lxy_ROS2/ws00_helloworld/install/pkg02_helloworld_py:/opt/ros/humble /usr/local/bin/cmake --build /home/y/lxy_ROS2/ROS2_git/src/build/pk03_service_cpp -- -j4 -l4
[0.051s] [ 50%] Built target demo02_client
[0.052s] [ 75%] [32mBuilding CXX object CMakeFiles/demo01_service.dir/src/demo01_service.cpp.o[0m
[2.134s] [100%] [32m[1mLinking CXX executable demo01_service[0m
[2.222s] [100%] Built target demo01_service
[2.231s] Invoked command in '/home/y/lxy_ROS2/ROS2_git/src/build/pk03_service_cpp' returned '0': CMAKE_PREFIX_PATH=${CMAKE_PREFIX_PATH}:/home/y/lxy_ROS2/ws00_helloworld/install/pkg02_helloworld_py:/opt/ros/humble /usr/local/bin/cmake --build /home/y/lxy_ROS2/ROS2_git/src/build/pk03_service_cpp -- -j4 -l4
[2.261s] Invoking command in '/home/y/lxy_ROS2/ROS2_git/src/build/pk03_service_cpp': CMAKE_PREFIX_PATH=${CMAKE_PREFIX_PATH}:/home/y/lxy_ROS2/ws00_helloworld/install/pkg02_helloworld_py:/opt/ros/humble /usr/local/bin/cmake --install /home/y/lxy_ROS2/ROS2_git/src/build/pk03_service_cpp
[2.264s] -- Install configuration: ""
[2.264s] -- Installing: /home/y/lxy_ROS2/ROS2_git/src/install/pk03_service_cpp/lib/pk03_service_cpp/demo01_service
[2.264s] -- Set runtime path of "/home/y/lxy_ROS2/ROS2_git/src/install/pk03_service_cpp/lib/pk03_service_cpp/demo01_service" to ""
[2.264s] -- Installing: /home/y/lxy_ROS2/ROS2_git/src/install/pk03_service_cpp/lib/pk03_service_cpp/demo02_client
[2.264s] -- Set runtime path of "/home/y/lxy_ROS2/ROS2_git/src/install/pk03_service_cpp/lib/pk03_service_cpp/demo02_client" to ""
[2.264s] -- Installing: /home/y/lxy_ROS2/ROS2_git/src/install/pk03_service_cpp/share/ament_index/resource_index/package_run_dependencies/pk03_service_cpp
[2.264s] -- Installing: /home/y/lxy_ROS2/ROS2_git/src/install/pk03_service_cpp/share/ament_index/resource_index/parent_prefix_path/pk03_service_cpp
[2.264s] -- Installing: /home/y/lxy_ROS2/ROS2_git/src/install/pk03_service_cpp/share/pk03_service_cpp/environment/ament_prefix_path.sh
[2.264s] -- Installing: /home/y/lxy_ROS2/ROS2_git/src/install/pk03_service_cpp/share/pk03_service_cpp/environment/ament_prefix_path.dsv
[2.264s] -- Installing: /home/y/lxy_ROS2/ROS2_git/src/install/pk03_service_cpp/share/pk03_service_cpp/environment/path.sh
[2.264s] -- Installing: /home/y/lxy_ROS2/ROS2_git/src/install/pk03_service_cpp/share/pk03_service_cpp/environment/path.dsv
[2.264s] -- Installing: /home/y/lxy_ROS2/ROS2_git/src/install/pk03_service_cpp/share/pk03_service_cpp/local_setup.bash
[2.264s] -- Installing: /home/y/lxy_ROS2/ROS2_git/src/install/pk03_service_cpp/share/pk03_service_cpp/local_setup.sh
[2.264s] -- Installing: /home/y/lxy_ROS2/ROS2_git/src/install/pk03_service_cpp/share/pk03_service_cpp/local_setup.zsh
[2.265s] -- Installing: /home/y/lxy_ROS2/ROS2_git/src/install/pk03_service_cpp/share/pk03_service_cpp/local_setup.dsv
[2.265s] -- Installing: /home/y/lxy_ROS2/ROS2_git/src/install/pk03_service_cpp/share/pk03_service_cpp/package.dsv
[2.265s] -- Installing: /home/y/lxy_ROS2/ROS2_git/src/install/pk03_service_cpp/share/ament_index/resource_index/packages/pk03_service_cpp
[2.265s] -- Installing: /home/y/lxy_ROS2/ROS2_git/src/install/pk03_service_cpp/share/pk03_service_cpp/cmake/pk03_service_cppConfig.cmake
[2.265s] -- Installing: /home/y/lxy_ROS2/ROS2_git/src/install/pk03_service_cpp/share/pk03_service_cpp/cmake/pk03_service_cppConfig-version.cmake
[2.265s] -- Installing: /home/y/lxy_ROS2/ROS2_git/src/install/pk03_service_cpp/share/pk03_service_cpp/package.xml
[2.268s] Invoked command in '/home/y/lxy_ROS2/ROS2_git/src/build/pk03_service_cpp' returned '0': CMAKE_PREFIX_PATH=${CMAKE_PREFIX_PATH}:/home/y/lxy_ROS2/ws00_helloworld/install/pkg02_helloworld_py:/opt/ros/humble /usr/local/bin/cmake --install /home/y/lxy_ROS2/ROS2_git/src/build/pk03_service_cpp
