[0.015s] Invoking command in '/home/y/lxy_ROS2/ROS2_git/build/pk03_service_cpp': CMAKE_PREFIX_PATH=/home/y/lxy_ROS2/ROS2_git/install/base_interface_demo:/home/y/lxy_ROS2/ROS2_git/src/install/pk03_service_cpp:/home/y/lxy_ROS2/ROS2_git/src/install/base_interface_demo:/home/y/lxy_ROS2/ROS2_git/install/pkg01_hello_cpp:/home/y/lxy_ROS2/ROS2_git/install/pk02_topic_cpp:/home/y/ROS2_Realman/install/rm_example:/home/y/ROS2_Realman/install/rm_driver:/home/y/ROS2_Realman/install/rm_control:/home/y/ROS2_Realman/install/get_arm_state:/home/y/ROS2_Realman/install/force_position_control:/home/y/ROS2_Realman/install/control_arm_move:/home/y/ROS2_Realman/install/rm_ros_interfaces:/home/y/ROS2_Realman/install/rm_install:/home/y/ROS2_Realman/install/rm_gen72_config:/home/y/ROS2_Realman/install/rm_gazebo:/home/y/ROS2_Realman/install/rm_eco65_config:/home/y/ROS2_Realman/install/rm_eco63_config:/home/y/ROS2_Realman/install/rm_doc:/home/y/ROS2_Realman/install/rm_75_config:/home/y/ROS2_Realman/install/rm_63_config:/home/y/ROS2_Realman/install/rm_description:/home/y/ROS2_Realman/install/rm_bringup:/home/y/ROS2_Realman/install/rm_65_config:/home/y/lxy_ROS2/ws00_helloworld/install/pkg01_helloworld_cpp:/home/y/lxy_ROS2/ws00_helloworld/install/pkg02_helloworld_py:/opt/ros/humble LD_LIBRARY_PATH=/home/y/lxy_ROS2/ROS2_git/install/base_interface_demo/lib:/home/y/lxy_ROS2/ROS2_git/src/install/base_interface_demo/lib:/home/y/ROS2_Realman/install/rm_ros_interfaces/lib:/usr/lib/x86_64-linux-gnu/gazebo-11/plugins:/opt/ros/humble/opt/rviz_ogre_vendor/lib:/opt/ros/humble/lib/x86_64-linux-gnu:/opt/ros/humble/lib:/usr/local/lib/ /usr/local/bin/cmake /home/y/lxy_ROS2/ROS2_git/src/pk03_service_cpp -DCMAKE_INSTALL_PREFIX=/home/y/lxy_ROS2/ROS2_git/install/pk03_service_cpp
[0.050s] -- The C compiler identification is GNU 11.4.0
[0.089s] -- The CXX compiler identification is GNU 11.4.0
[0.095s] -- Detecting C compiler ABI info
[0.161s] -- Detecting C compiler ABI info - done
[0.176s] -- Check for working C compiler: /usr/bin/cc - skipped
[0.176s] -- Detecting C compile features
[0.176s] -- Detecting C compile features - done
[0.176s] -- Detecting CXX compiler ABI info
[0.226s] -- Detecting CXX compiler ABI info - done
[0.232s] -- Check for working CXX compiler: /usr/bin/c++ - skipped
[0.232s] -- Detecting CXX compile features
[0.232s] -- Detecting CXX compile features - done
[0.235s] -- Found ament_cmake: 1.3.10 (/opt/ros/humble/share/ament_cmake/cmake)
[0.336s] -- Found Python3: /usr/bin/python3 (found version "3.10.12") found components: Interpreter 
[0.422s] -- Found rclcpp: 16.0.10 (/opt/ros/humble/share/rclcpp/cmake)
[0.463s] -- Found rosidl_generator_c: 3.1.5 (/opt/ros/humble/share/rosidl_generator_c/cmake)
[0.468s] -- Found rosidl_adapter: 3.1.5 (/opt/ros/humble/share/rosidl_adapter/cmake)
[0.476s] -- Found rosidl_generator_cpp: 3.1.5 (/opt/ros/humble/share/rosidl_generator_cpp/cmake)
[0.487s] -- Using all available rosidl_typesupport_c: rosidl_typesupport_fastrtps_c;rosidl_typesupport_introspection_c
[0.501s] -- Using all available rosidl_typesupport_cpp: rosidl_typesupport_fastrtps_cpp;rosidl_typesupport_introspection_cpp
[0.543s] -- Found rmw_implementation_cmake: 6.1.2 (/opt/ros/humble/share/rmw_implementation_cmake/cmake)
[0.546s] -- Found rmw_fastrtps_cpp: 6.2.7 (/opt/ros/humble/share/rmw_fastrtps_cpp/cmake)
[0.613s] -- Found OpenSSL: /usr/lib/x86_64-linux-gnu/libcrypto.so (found version "3.0.2")  
[0.638s] -- Found FastRTPS: /opt/ros/humble/include  
[0.672s] -- Using RMW implementation 'rmw_fastrtps_cpp' as default
[0.681s] -- Performing Test CMAKE_HAVE_LIBC_PTHREAD
[0.727s] -- Performing Test CMAKE_HAVE_LIBC_PTHREAD - Success
[0.727s] -- Found Threads: TRUE  
[0.774s] -- Found base_interface_demo: 0.0.0 (/home/y/lxy_ROS2/ROS2_git/install/base_interface_demo/share/base_interface_demo/cmake)
[0.785s] -- Found ament_lint_auto: 0.12.11 (/opt/ros/humble/share/ament_lint_auto/cmake)
[0.850s] -- Added test 'cppcheck' to perform static code analysis on C / C++ code
[0.851s] -- Configured cppcheck include dirs: 
[0.851s] -- Configured cppcheck exclude dirs and/or files: 
[0.851s] -- Added test 'lint_cmake' to check CMake code style
[0.852s] -- Added test 'uncrustify' to check C / C++ code style
[0.852s] -- Configured uncrustify additional arguments: 
[0.852s] -- Added test 'xmllint' to check XML markup files
[0.855s] -- Configuring done (0.8s)
[0.862s] -- Generating done (0.0s)
[0.864s] -- Build files have been written to: /home/y/lxy_ROS2/ROS2_git/build/pk03_service_cpp
[0.871s] Invoked command in '/home/y/lxy_ROS2/ROS2_git/build/pk03_service_cpp' returned '0': CMAKE_PREFIX_PATH=/home/y/lxy_ROS2/ROS2_git/install/base_interface_demo:/home/y/lxy_ROS2/ROS2_git/src/install/pk03_service_cpp:/home/y/lxy_ROS2/ROS2_git/src/install/base_interface_demo:/home/y/lxy_ROS2/ROS2_git/install/pkg01_hello_cpp:/home/y/lxy_ROS2/ROS2_git/install/pk02_topic_cpp:/home/y/ROS2_Realman/install/rm_example:/home/y/ROS2_Realman/install/rm_driver:/home/y/ROS2_Realman/install/rm_control:/home/y/ROS2_Realman/install/get_arm_state:/home/y/ROS2_Realman/install/force_position_control:/home/y/ROS2_Realman/install/control_arm_move:/home/y/ROS2_Realman/install/rm_ros_interfaces:/home/y/ROS2_Realman/install/rm_install:/home/y/ROS2_Realman/install/rm_gen72_config:/home/y/ROS2_Realman/install/rm_gazebo:/home/y/ROS2_Realman/install/rm_eco65_config:/home/y/ROS2_Realman/install/rm_eco63_config:/home/y/ROS2_Realman/install/rm_doc:/home/y/ROS2_Realman/install/rm_75_config:/home/y/ROS2_Realman/install/rm_63_config:/home/y/ROS2_Realman/install/rm_description:/home/y/ROS2_Realman/install/rm_bringup:/home/y/ROS2_Realman/install/rm_65_config:/home/y/lxy_ROS2/ws00_helloworld/install/pkg01_helloworld_cpp:/home/y/lxy_ROS2/ws00_helloworld/install/pkg02_helloworld_py:/opt/ros/humble LD_LIBRARY_PATH=/home/y/lxy_ROS2/ROS2_git/install/base_interface_demo/lib:/home/y/lxy_ROS2/ROS2_git/src/install/base_interface_demo/lib:/home/y/ROS2_Realman/install/rm_ros_interfaces/lib:/usr/lib/x86_64-linux-gnu/gazebo-11/plugins:/opt/ros/humble/opt/rviz_ogre_vendor/lib:/opt/ros/humble/lib/x86_64-linux-gnu:/opt/ros/humble/lib:/usr/local/lib/ /usr/local/bin/cmake /home/y/lxy_ROS2/ROS2_git/src/pk03_service_cpp -DCMAKE_INSTALL_PREFIX=/home/y/lxy_ROS2/ROS2_git/install/pk03_service_cpp
[0.873s] Invoking command in '/home/y/lxy_ROS2/ROS2_git/build/pk03_service_cpp': CMAKE_PREFIX_PATH=/home/y/lxy_ROS2/ROS2_git/install/base_interface_demo:/home/y/lxy_ROS2/ROS2_git/src/install/pk03_service_cpp:/home/y/lxy_ROS2/ROS2_git/src/install/base_interface_demo:/home/y/lxy_ROS2/ROS2_git/install/pkg01_hello_cpp:/home/y/lxy_ROS2/ROS2_git/install/pk02_topic_cpp:/home/y/ROS2_Realman/install/rm_example:/home/y/ROS2_Realman/install/rm_driver:/home/y/ROS2_Realman/install/rm_control:/home/y/ROS2_Realman/install/get_arm_state:/home/y/ROS2_Realman/install/force_position_control:/home/y/ROS2_Realman/install/control_arm_move:/home/y/ROS2_Realman/install/rm_ros_interfaces:/home/y/ROS2_Realman/install/rm_install:/home/y/ROS2_Realman/install/rm_gen72_config:/home/y/ROS2_Realman/install/rm_gazebo:/home/y/ROS2_Realman/install/rm_eco65_config:/home/y/ROS2_Realman/install/rm_eco63_config:/home/y/ROS2_Realman/install/rm_doc:/home/y/ROS2_Realman/install/rm_75_config:/home/y/ROS2_Realman/install/rm_63_config:/home/y/ROS2_Realman/install/rm_description:/home/y/ROS2_Realman/install/rm_bringup:/home/y/ROS2_Realman/install/rm_65_config:/home/y/lxy_ROS2/ws00_helloworld/install/pkg01_helloworld_cpp:/home/y/lxy_ROS2/ws00_helloworld/install/pkg02_helloworld_py:/opt/ros/humble LD_LIBRARY_PATH=/home/y/lxy_ROS2/ROS2_git/install/base_interface_demo/lib:/home/y/lxy_ROS2/ROS2_git/src/install/base_interface_demo/lib:/home/y/ROS2_Realman/install/rm_ros_interfaces/lib:/usr/lib/x86_64-linux-gnu/gazebo-11/plugins:/opt/ros/humble/opt/rviz_ogre_vendor/lib:/opt/ros/humble/lib/x86_64-linux-gnu:/opt/ros/humble/lib:/usr/local/lib/ /usr/local/bin/cmake --build /home/y/lxy_ROS2/ROS2_git/build/pk03_service_cpp -- -j4 -l4
[0.892s] [ 50%] [32mBuilding CXX object CMakeFiles/demo01_service.dir/src/demo01_service.cpp.o[0m
[0.892s] [ 50%] [32mBuilding CXX object CMakeFiles/demo02_client.dir/src/demo02_client.cpp.o[0m
[1.009s] [01m[K/home/y/lxy_ROS2/ROS2_git/src/pk03_service_cpp/src/demo01_service.cpp:15:10:[m[K [01;31m[Kfatal error: [m[Kbase_interfaces_demo/srv/add_ints.hpp: 没有那个文件或目录
[1.009s]    15 | #include [01;31m[K"base_interfaces_demo/srv/add_ints.hpp"[m[K
[1.009s]       |          [01;31m[K^~~~~~~~~~~~~~~~~~~~~~~~~~~~~~~~~~~~~~~[m[K
[1.009s] compilation terminated.
[1.010s] [01m[K/home/y/lxy_ROS2/ROS2_git/src/pk03_service_cpp/src/demo02_client.cpp:16:10:[m[K [01;31m[Kfatal error: [m[Kbase_interfaces_demo/srv/add_ints.hpp: 没有那个文件或目录
[1.010s]    16 | #include [01;31m[K"base_interfaces_demo/srv/add_ints.hpp"[m[K
[1.010s]       |          [01;31m[K^~~~~~~~~~~~~~~~~~~~~~~~~~~~~~~~~~~~~~~[m[K
[1.010s] compilation terminated.
[1.011s] gmake[2]: *** [CMakeFiles/demo01_service.dir/build.make:76：CMakeFiles/demo01_service.dir/src/demo01_service.cpp.o] 错误 1
[1.012s] gmake[1]: *** [CMakeFiles/Makefile2:139：CMakeFiles/demo01_service.dir/all] 错误 2
[1.012s] gmake[1]: *** 正在等待未完成的任务....
[1.012s] gmake[2]: *** [CMakeFiles/demo02_client.dir/build.make:76：CMakeFiles/demo02_client.dir/src/demo02_client.cpp.o] 错误 1
[1.013s] gmake[1]: *** [CMakeFiles/Makefile2:165：CMakeFiles/demo02_client.dir/all] 错误 2
[1.013s] gmake: *** [Makefile:146：all] 错误 2
[1.015s] Invoked command in '/home/y/lxy_ROS2/ROS2_git/build/pk03_service_cpp' returned '2': CMAKE_PREFIX_PATH=/home/y/lxy_ROS2/ROS2_git/install/base_interface_demo:/home/y/lxy_ROS2/ROS2_git/src/install/pk03_service_cpp:/home/y/lxy_ROS2/ROS2_git/src/install/base_interface_demo:/home/y/lxy_ROS2/ROS2_git/install/pkg01_hello_cpp:/home/y/lxy_ROS2/ROS2_git/install/pk02_topic_cpp:/home/y/ROS2_Realman/install/rm_example:/home/y/ROS2_Realman/install/rm_driver:/home/y/ROS2_Realman/install/rm_control:/home/y/ROS2_Realman/install/get_arm_state:/home/y/ROS2_Realman/install/force_position_control:/home/y/ROS2_Realman/install/control_arm_move:/home/y/ROS2_Realman/install/rm_ros_interfaces:/home/y/ROS2_Realman/install/rm_install:/home/y/ROS2_Realman/install/rm_gen72_config:/home/y/ROS2_Realman/install/rm_gazebo:/home/y/ROS2_Realman/install/rm_eco65_config:/home/y/ROS2_Realman/install/rm_eco63_config:/home/y/ROS2_Realman/install/rm_doc:/home/y/ROS2_Realman/install/rm_75_config:/home/y/ROS2_Realman/install/rm_63_config:/home/y/ROS2_Realman/install/rm_description:/home/y/ROS2_Realman/install/rm_bringup:/home/y/ROS2_Realman/install/rm_65_config:/home/y/lxy_ROS2/ws00_helloworld/install/pkg01_helloworld_cpp:/home/y/lxy_ROS2/ws00_helloworld/install/pkg02_helloworld_py:/opt/ros/humble LD_LIBRARY_PATH=/home/y/lxy_ROS2/ROS2_git/install/base_interface_demo/lib:/home/y/lxy_ROS2/ROS2_git/src/install/base_interface_demo/lib:/home/y/ROS2_Realman/install/rm_ros_interfaces/lib:/usr/lib/x86_64-linux-gnu/gazebo-11/plugins:/opt/ros/humble/opt/rviz_ogre_vendor/lib:/opt/ros/humble/lib/x86_64-linux-gnu:/opt/ros/humble/lib:/usr/local/lib/ /usr/local/bin/cmake --build /home/y/lxy_ROS2/ROS2_git/build/pk03_service_cpp -- -j4 -l4
