[0.178s] DEBUG:colcon:Command line arguments: ['/usr/bin/colcon', 'build']
[0.178s] DEBUG:colcon:Parsed command line arguments: Namespace(log_base=None, log_level=None, verb_name='build', build_base='build', install_base='install', merge_install=False, symlink_install=False, test_result_base=None, continue_on_error=False, executor='parallel', parallel_workers=4, event_handlers=None, ignore_user_meta=False, metas=['./colcon.meta'], base_paths=['.'], packages_ignore=None, packages_ignore_regex=None, paths=None, packages_up_to=None, packages_up_to_regex=None, packages_above=None, packages_above_and_dependencies=None, packages_above_depth=None, packages_select_by_dep=None, packages_skip_by_dep=None, packages_skip_up_to=None, packages_select_build_failed=False, packages_skip_build_finished=False, packages_select_test_failures=False, packages_skip_test_passed=False, packages_select=None, packages_skip=None, packages_select_regex=None, packages_skip_regex=None, packages_start=None, packages_end=None, allow_overriding=[], cmake_args=None, cmake_target=None, cmake_target_skip_unavailable=False, cmake_clean_cache=False, cmake_clean_first=False, cmake_force_configure=False, ament_cmake_args=None, catkin_cmake_args=None, catkin_skip_building_tests=False, mixin_files=None, mixin=None, verb_parser=<colcon_mixin.mixin.mixin_argument.MixinArgumentDecorator object at 0x7ae2cdd53250>, verb_extension=<colcon_core.verb.build.BuildVerb object at 0x7ae2cde33fd0>, main=<bound method BuildVerb.main of <colcon_core.verb.build.BuildVerb object at 0x7ae2cde33fd0>>, mixin_verb=('build',))
[0.466s] Level 1:colcon.colcon_core.package_discovery:discover_packages(colcon_meta) check parameters
[0.466s] Level 1:colcon.colcon_core.package_discovery:discover_packages(recursive) check parameters
[0.466s] Level 1:colcon.colcon_core.package_discovery:discover_packages(ignore) check parameters
[0.466s] Level 1:colcon.colcon_core.package_discovery:discover_packages(path) check parameters
[0.466s] Level 1:colcon.colcon_core.package_discovery:discover_packages(colcon_meta) discover
[0.466s] Level 1:colcon.colcon_core.package_discovery:discover_packages(recursive) discover
[0.466s] INFO:colcon.colcon_core.package_discovery:Crawling recursively for packages in '/home/y/lxy_ROS2/ROS2_git'
[0.466s] Level 1:colcon.colcon_core.package_identification:_identify(.) by extensions ['ignore', 'ignore_ament_install']
[0.466s] Level 1:colcon.colcon_core.package_identification:_identify(.) by extension 'ignore'
[0.466s] Level 1:colcon.colcon_core.package_identification:_identify(.) by extension 'ignore_ament_install'
[0.466s] Level 1:colcon.colcon_core.package_identification:_identify(.) by extensions ['colcon_pkg']
[0.466s] Level 1:colcon.colcon_core.package_identification:_identify(.) by extension 'colcon_pkg'
[0.466s] Level 1:colcon.colcon_core.package_identification:_identify(.) by extensions ['colcon_meta']
[0.466s] Level 1:colcon.colcon_core.package_identification:_identify(.) by extension 'colcon_meta'
[0.466s] Level 1:colcon.colcon_core.package_identification:_identify(.) by extensions ['ros']
[0.467s] Level 1:colcon.colcon_core.package_identification:_identify(.) by extension 'ros'
[0.474s] Level 1:colcon.colcon_core.package_identification:_identify(.) by extensions ['cmake', 'python']
[0.474s] Level 1:colcon.colcon_core.package_identification:_identify(.) by extension 'cmake'
[0.474s] Level 1:colcon.colcon_core.package_identification:_identify(.) by extension 'python'
[0.474s] Level 1:colcon.colcon_core.package_identification:_identify(.) by extensions ['python_setup_py']
[0.474s] Level 1:colcon.colcon_core.package_identification:_identify(.) by extension 'python_setup_py'
[0.474s] Level 1:colcon.colcon_core.package_identification:_identify(build) by extensions ['ignore', 'ignore_ament_install']
[0.475s] Level 1:colcon.colcon_core.package_identification:_identify(build) by extension 'ignore'
[0.475s] Level 1:colcon.colcon_core.package_identification:_identify(build) ignored
[0.475s] Level 1:colcon.colcon_core.package_identification:_identify(install) by extensions ['ignore', 'ignore_ament_install']
[0.475s] Level 1:colcon.colcon_core.package_identification:_identify(install) by extension 'ignore'
[0.475s] Level 1:colcon.colcon_core.package_identification:_identify(install) ignored
[0.475s] Level 1:colcon.colcon_core.package_identification:_identify(log) by extensions ['ignore', 'ignore_ament_install']
[0.475s] Level 1:colcon.colcon_core.package_identification:_identify(log) by extension 'ignore'
[0.475s] Level 1:colcon.colcon_core.package_identification:_identify(log) ignored
[0.475s] Level 1:colcon.colcon_core.package_identification:_identify(src) by extensions ['ignore', 'ignore_ament_install']
[0.475s] Level 1:colcon.colcon_core.package_identification:_identify(src) by extension 'ignore'
[0.475s] Level 1:colcon.colcon_core.package_identification:_identify(src) by extension 'ignore_ament_install'
[0.475s] Level 1:colcon.colcon_core.package_identification:_identify(src) by extensions ['colcon_pkg']
[0.475s] Level 1:colcon.colcon_core.package_identification:_identify(src) by extension 'colcon_pkg'
[0.475s] Level 1:colcon.colcon_core.package_identification:_identify(src) by extensions ['colcon_meta']
[0.475s] Level 1:colcon.colcon_core.package_identification:_identify(src) by extension 'colcon_meta'
[0.475s] Level 1:colcon.colcon_core.package_identification:_identify(src) by extensions ['ros']
[0.475s] Level 1:colcon.colcon_core.package_identification:_identify(src) by extension 'ros'
[0.475s] Level 1:colcon.colcon_core.package_identification:_identify(src) by extensions ['cmake', 'python']
[0.475s] Level 1:colcon.colcon_core.package_identification:_identify(src) by extension 'cmake'
[0.475s] Level 1:colcon.colcon_core.package_identification:_identify(src) by extension 'python'
[0.475s] Level 1:colcon.colcon_core.package_identification:_identify(src) by extensions ['python_setup_py']
[0.475s] Level 1:colcon.colcon_core.package_identification:_identify(src) by extension 'python_setup_py'
[0.475s] Level 1:colcon.colcon_core.package_identification:_identify(src/base_interface_demo) by extensions ['ignore', 'ignore_ament_install']
[0.475s] Level 1:colcon.colcon_core.package_identification:_identify(src/base_interface_demo) by extension 'ignore'
[0.475s] Level 1:colcon.colcon_core.package_identification:_identify(src/base_interface_demo) by extension 'ignore_ament_install'
[0.476s] Level 1:colcon.colcon_core.package_identification:_identify(src/base_interface_demo) by extensions ['colcon_pkg']
[0.476s] Level 1:colcon.colcon_core.package_identification:_identify(src/base_interface_demo) by extension 'colcon_pkg'
[0.476s] Level 1:colcon.colcon_core.package_identification:_identify(src/base_interface_demo) by extensions ['colcon_meta']
[0.476s] Level 1:colcon.colcon_core.package_identification:_identify(src/base_interface_demo) by extension 'colcon_meta'
[0.476s] Level 1:colcon.colcon_core.package_identification:_identify(src/base_interface_demo) by extensions ['ros']
[0.476s] Level 1:colcon.colcon_core.package_identification:_identify(src/base_interface_demo) by extension 'ros'
[0.480s] DEBUG:colcon.colcon_core.package_identification:Package 'src/base_interface_demo' with type 'ros.ament_cmake' and name 'base_interface_demo'
[0.480s] Level 1:colcon.colcon_core.package_identification:_identify(src/pk02_topic_cpp) by extensions ['ignore', 'ignore_ament_install']
[0.480s] Level 1:colcon.colcon_core.package_identification:_identify(src/pk02_topic_cpp) by extension 'ignore'
[0.480s] Level 1:colcon.colcon_core.package_identification:_identify(src/pk02_topic_cpp) by extension 'ignore_ament_install'
[0.480s] Level 1:colcon.colcon_core.package_identification:_identify(src/pk02_topic_cpp) by extensions ['colcon_pkg']
[0.480s] Level 1:colcon.colcon_core.package_identification:_identify(src/pk02_topic_cpp) by extension 'colcon_pkg'
[0.480s] Level 1:colcon.colcon_core.package_identification:_identify(src/pk02_topic_cpp) by extensions ['colcon_meta']
[0.480s] Level 1:colcon.colcon_core.package_identification:_identify(src/pk02_topic_cpp) by extension 'colcon_meta'
[0.480s] Level 1:colcon.colcon_core.package_identification:_identify(src/pk02_topic_cpp) by extensions ['ros']
[0.480s] Level 1:colcon.colcon_core.package_identification:_identify(src/pk02_topic_cpp) by extension 'ros'
[0.481s] DEBUG:colcon.colcon_core.package_identification:Package 'src/pk02_topic_cpp' with type 'ros.ament_cmake' and name 'pk02_topic_cpp'
[0.481s] Level 1:colcon.colcon_core.package_identification:_identify(src/pkg01_hello_cpp) by extensions ['ignore', 'ignore_ament_install']
[0.481s] Level 1:colcon.colcon_core.package_identification:_identify(src/pkg01_hello_cpp) by extension 'ignore'
[0.481s] Level 1:colcon.colcon_core.package_identification:_identify(src/pkg01_hello_cpp) by extension 'ignore_ament_install'
[0.481s] Level 1:colcon.colcon_core.package_identification:_identify(src/pkg01_hello_cpp) by extensions ['colcon_pkg']
[0.481s] Level 1:colcon.colcon_core.package_identification:_identify(src/pkg01_hello_cpp) by extension 'colcon_pkg'
[0.481s] Level 1:colcon.colcon_core.package_identification:_identify(src/pkg01_hello_cpp) by extensions ['colcon_meta']
[0.481s] Level 1:colcon.colcon_core.package_identification:_identify(src/pkg01_hello_cpp) by extension 'colcon_meta'
[0.481s] Level 1:colcon.colcon_core.package_identification:_identify(src/pkg01_hello_cpp) by extensions ['ros']
[0.481s] Level 1:colcon.colcon_core.package_identification:_identify(src/pkg01_hello_cpp) by extension 'ros'
[0.482s] DEBUG:colcon.colcon_core.package_identification:Package 'src/pkg01_hello_cpp' with type 'ros.ament_cmake' and name 'pkg01_hello_cpp'
[0.482s] Level 1:colcon.colcon_core.package_discovery:discover_packages(recursive) using defaults
[0.482s] Level 1:colcon.colcon_core.package_discovery:discover_packages(ignore) discover
[0.482s] Level 1:colcon.colcon_core.package_discovery:discover_packages(ignore) using defaults
[0.482s] Level 1:colcon.colcon_core.package_discovery:discover_packages(path) discover
[0.482s] Level 1:colcon.colcon_core.package_discovery:discover_packages(path) using defaults
[0.513s] Level 1:colcon.colcon_core.package_discovery:discover_packages(prefix_path) check parameters
[0.513s] Level 1:colcon.colcon_core.package_discovery:discover_packages(prefix_path) discover
[0.523s] DEBUG:colcon.colcon_installed_package_information.package_discovery:Found 18 installed packages in /home/y/ROS2_Realman/install
[0.523s] DEBUG:colcon.colcon_installed_package_information.package_discovery:Found 2 installed packages in /home/y/lxy_ROS2/ws00_helloworld/install
[0.526s] DEBUG:colcon.colcon_installed_package_information.package_discovery:Found 394 installed packages in /opt/ros/humble
[0.527s] Level 1:colcon.colcon_core.package_discovery:discover_packages(prefix_path) using defaults
[0.570s] Level 5:colcon.colcon_core.verb:set package 'base_interface_demo' build argument 'cmake_args' from command line to 'None'
[0.570s] Level 5:colcon.colcon_core.verb:set package 'base_interface_demo' build argument 'cmake_target' from command line to 'None'
[0.570s] Level 5:colcon.colcon_core.verb:set package 'base_interface_demo' build argument 'cmake_target_skip_unavailable' from command line to 'False'
[0.570s] Level 5:colcon.colcon_core.verb:set package 'base_interface_demo' build argument 'cmake_clean_cache' from command line to 'False'
[0.570s] Level 5:colcon.colcon_core.verb:set package 'base_interface_demo' build argument 'cmake_clean_first' from command line to 'False'
[0.570s] Level 5:colcon.colcon_core.verb:set package 'base_interface_demo' build argument 'cmake_force_configure' from command line to 'False'
[0.570s] Level 5:colcon.colcon_core.verb:set package 'base_interface_demo' build argument 'ament_cmake_args' from command line to 'None'
[0.570s] Level 5:colcon.colcon_core.verb:set package 'base_interface_demo' build argument 'catkin_cmake_args' from command line to 'None'
[0.570s] Level 5:colcon.colcon_core.verb:set package 'base_interface_demo' build argument 'catkin_skip_building_tests' from command line to 'False'
[0.570s] DEBUG:colcon.colcon_core.verb:Building package 'base_interface_demo' with the following arguments: {'ament_cmake_args': None, 'build_base': '/home/y/lxy_ROS2/ROS2_git/build/base_interface_demo', 'catkin_cmake_args': None, 'catkin_skip_building_tests': False, 'cmake_args': None, 'cmake_clean_cache': False, 'cmake_clean_first': False, 'cmake_force_configure': False, 'cmake_target': None, 'cmake_target_skip_unavailable': False, 'install_base': '/home/y/lxy_ROS2/ROS2_git/install/base_interface_demo', 'merge_install': False, 'path': '/home/y/lxy_ROS2/ROS2_git/src/base_interface_demo', 'symlink_install': False, 'test_result_base': None}
[0.570s] Level 5:colcon.colcon_core.verb:set package 'pk02_topic_cpp' build argument 'cmake_args' from command line to 'None'
[0.570s] Level 5:colcon.colcon_core.verb:set package 'pk02_topic_cpp' build argument 'cmake_target' from command line to 'None'
[0.570s] Level 5:colcon.colcon_core.verb:set package 'pk02_topic_cpp' build argument 'cmake_target_skip_unavailable' from command line to 'False'
[0.570s] Level 5:colcon.colcon_core.verb:set package 'pk02_topic_cpp' build argument 'cmake_clean_cache' from command line to 'False'
[0.570s] Level 5:colcon.colcon_core.verb:set package 'pk02_topic_cpp' build argument 'cmake_clean_first' from command line to 'False'
[0.570s] Level 5:colcon.colcon_core.verb:set package 'pk02_topic_cpp' build argument 'cmake_force_configure' from command line to 'False'
[0.570s] Level 5:colcon.colcon_core.verb:set package 'pk02_topic_cpp' build argument 'ament_cmake_args' from command line to 'None'
[0.570s] Level 5:colcon.colcon_core.verb:set package 'pk02_topic_cpp' build argument 'catkin_cmake_args' from command line to 'None'
[0.570s] Level 5:colcon.colcon_core.verb:set package 'pk02_topic_cpp' build argument 'catkin_skip_building_tests' from command line to 'False'
[0.570s] DEBUG:colcon.colcon_core.verb:Building package 'pk02_topic_cpp' with the following arguments: {'ament_cmake_args': None, 'build_base': '/home/y/lxy_ROS2/ROS2_git/build/pk02_topic_cpp', 'catkin_cmake_args': None, 'catkin_skip_building_tests': False, 'cmake_args': None, 'cmake_clean_cache': False, 'cmake_clean_first': False, 'cmake_force_configure': False, 'cmake_target': None, 'cmake_target_skip_unavailable': False, 'install_base': '/home/y/lxy_ROS2/ROS2_git/install/pk02_topic_cpp', 'merge_install': False, 'path': '/home/y/lxy_ROS2/ROS2_git/src/pk02_topic_cpp', 'symlink_install': False, 'test_result_base': None}
[0.570s] Level 5:colcon.colcon_core.verb:set package 'pkg01_hello_cpp' build argument 'cmake_args' from command line to 'None'
[0.570s] Level 5:colcon.colcon_core.verb:set package 'pkg01_hello_cpp' build argument 'cmake_target' from command line to 'None'
[0.570s] Level 5:colcon.colcon_core.verb:set package 'pkg01_hello_cpp' build argument 'cmake_target_skip_unavailable' from command line to 'False'
[0.570s] Level 5:colcon.colcon_core.verb:set package 'pkg01_hello_cpp' build argument 'cmake_clean_cache' from command line to 'False'
[0.570s] Level 5:colcon.colcon_core.verb:set package 'pkg01_hello_cpp' build argument 'cmake_clean_first' from command line to 'False'
[0.570s] Level 5:colcon.colcon_core.verb:set package 'pkg01_hello_cpp' build argument 'cmake_force_configure' from command line to 'False'
[0.571s] Level 5:colcon.colcon_core.verb:set package 'pkg01_hello_cpp' build argument 'ament_cmake_args' from command line to 'None'
[0.571s] Level 5:colcon.colcon_core.verb:set package 'pkg01_hello_cpp' build argument 'catkin_cmake_args' from command line to 'None'
[0.571s] Level 5:colcon.colcon_core.verb:set package 'pkg01_hello_cpp' build argument 'catkin_skip_building_tests' from command line to 'False'
[0.571s] DEBUG:colcon.colcon_core.verb:Building package 'pkg01_hello_cpp' with the following arguments: {'ament_cmake_args': None, 'build_base': '/home/y/lxy_ROS2/ROS2_git/build/pkg01_hello_cpp', 'catkin_cmake_args': None, 'catkin_skip_building_tests': False, 'cmake_args': None, 'cmake_clean_cache': False, 'cmake_clean_first': False, 'cmake_force_configure': False, 'cmake_target': None, 'cmake_target_skip_unavailable': False, 'install_base': '/home/y/lxy_ROS2/ROS2_git/install/pkg01_hello_cpp', 'merge_install': False, 'path': '/home/y/lxy_ROS2/ROS2_git/src/pkg01_hello_cpp', 'symlink_install': False, 'test_result_base': None}
[0.571s] INFO:colcon.colcon_core.executor:Executing jobs using 'parallel' executor
[0.572s] DEBUG:colcon.colcon_parallel_executor.executor.parallel:run_until_complete
[0.572s] INFO:colcon.colcon_ros.task.ament_cmake.build:Building ROS package in '/home/y/lxy_ROS2/ROS2_git/src/base_interface_demo' with build type 'ament_cmake'
[0.572s] INFO:colcon.colcon_cmake.task.cmake.build:Building CMake package in '/home/y/lxy_ROS2/ROS2_git/src/base_interface_demo'
[0.579s] INFO:colcon.colcon_core.plugin_system:Skipping extension 'colcon_core.shell.bat': Not used on non-Windows systems
[0.579s] INFO:colcon.colcon_core.shell:Skip shell extension 'powershell' for command environment: Not usable outside of PowerShell
[0.579s] DEBUG:colcon.colcon_core.shell:Skip shell extension 'dsv' for command environment
[0.583s] INFO:colcon.colcon_ros.task.ament_cmake.build:Building ROS package in '/home/y/lxy_ROS2/ROS2_git/src/pk02_topic_cpp' with build type 'ament_cmake'
[0.584s] INFO:colcon.colcon_cmake.task.cmake.build:Building CMake package in '/home/y/lxy_ROS2/ROS2_git/src/pk02_topic_cpp'
[0.584s] INFO:colcon.colcon_core.shell:Skip shell extension 'powershell' for command environment: Not usable outside of PowerShell
[0.584s] DEBUG:colcon.colcon_core.shell:Skip shell extension 'dsv' for command environment
[0.588s] INFO:colcon.colcon_ros.task.ament_cmake.build:Building ROS package in '/home/y/lxy_ROS2/ROS2_git/src/pkg01_hello_cpp' with build type 'ament_cmake'
[0.588s] INFO:colcon.colcon_cmake.task.cmake.build:Building CMake package in '/home/y/lxy_ROS2/ROS2_git/src/pkg01_hello_cpp'
[0.589s] INFO:colcon.colcon_core.shell:Skip shell extension 'powershell' for command environment: Not usable outside of PowerShell
[0.589s] DEBUG:colcon.colcon_core.shell:Skip shell extension 'dsv' for command environment
[0.597s] DEBUG:colcon.colcon_core.event_handler.log_command:Invoking command in '/home/y/lxy_ROS2/ROS2_git/build/base_interface_demo': CMAKE_PREFIX_PATH=${CMAKE_PREFIX_PATH}:/home/y/lxy_ROS2/ws00_helloworld/install/pkg02_helloworld_py:/opt/ros/humble /usr/local/bin/cmake /home/y/lxy_ROS2/ROS2_git/src/base_interface_demo -DCMAKE_INSTALL_PREFIX=/home/y/lxy_ROS2/ROS2_git/install/base_interface_demo
[0.600s] DEBUG:colcon.colcon_core.event_handler.log_command:Invoking command in '/home/y/lxy_ROS2/ROS2_git/build/pk02_topic_cpp': CMAKE_PREFIX_PATH=${CMAKE_PREFIX_PATH}:/home/y/lxy_ROS2/ws00_helloworld/install/pkg02_helloworld_py:/opt/ros/humble /usr/local/bin/cmake /home/y/lxy_ROS2/ROS2_git/src/pk02_topic_cpp -DCMAKE_INSTALL_PREFIX=/home/y/lxy_ROS2/ROS2_git/install/pk02_topic_cpp
[0.605s] DEBUG:colcon.colcon_core.event_handler.log_command:Invoking command in '/home/y/lxy_ROS2/ROS2_git/build/pkg01_hello_cpp': CMAKE_PREFIX_PATH=${CMAKE_PREFIX_PATH}:/home/y/lxy_ROS2/ws00_helloworld/install/pkg02_helloworld_py:/opt/ros/humble /usr/local/bin/cmake --build /home/y/lxy_ROS2/ROS2_git/build/pkg01_hello_cpp -- -j4 -l4
[1.275s] DEBUG:colcon.colcon_core.event_handler.log_command:Invoked command in '/home/y/lxy_ROS2/ROS2_git/build/base_interface_demo' returned '0': CMAKE_PREFIX_PATH=${CMAKE_PREFIX_PATH}:/home/y/lxy_ROS2/ws00_helloworld/install/pkg02_helloworld_py:/opt/ros/humble /usr/local/bin/cmake /home/y/lxy_ROS2/ROS2_git/src/base_interface_demo -DCMAKE_INSTALL_PREFIX=/home/y/lxy_ROS2/ROS2_git/install/base_interface_demo
[1.275s] DEBUG:colcon.colcon_core.event_handler.log_command:Invoking command in '/home/y/lxy_ROS2/ROS2_git/build/base_interface_demo': CMAKE_PREFIX_PATH=${CMAKE_PREFIX_PATH}:/home/y/lxy_ROS2/ws00_helloworld/install/pkg02_helloworld_py:/opt/ros/humble /usr/local/bin/cmake --build /home/y/lxy_ROS2/ROS2_git/build/base_interface_demo -- -j4 -l4
[1.289s] DEBUG:colcon.colcon_core.event_handler.log_command:Invoked command in '/home/y/lxy_ROS2/ROS2_git/build/base_interface_demo' returned '0': CMAKE_PREFIX_PATH=${CMAKE_PREFIX_PATH}:/home/y/lxy_ROS2/ws00_helloworld/install/pkg02_helloworld_py:/opt/ros/humble /usr/local/bin/cmake --build /home/y/lxy_ROS2/ROS2_git/build/base_interface_demo -- -j4 -l4
[1.305s] DEBUG:colcon.colcon_core.event_handler.log_command:Invoking command in '/home/y/lxy_ROS2/ROS2_git/build/base_interface_demo': CMAKE_PREFIX_PATH=${CMAKE_PREFIX_PATH}:/home/y/lxy_ROS2/ws00_helloworld/install/pkg02_helloworld_py:/opt/ros/humble /usr/local/bin/cmake --install /home/y/lxy_ROS2/ROS2_git/build/base_interface_demo
[1.313s] Level 1:colcon.colcon_core.environment:create_environment_scripts_only(base_interface_demo)
[1.314s] DEBUG:colcon.colcon_core.event_handler.log_command:Invoked command in '/home/y/lxy_ROS2/ROS2_git/build/base_interface_demo' returned '0': CMAKE_PREFIX_PATH=${CMAKE_PREFIX_PATH}:/home/y/lxy_ROS2/ws00_helloworld/install/pkg02_helloworld_py:/opt/ros/humble /usr/local/bin/cmake --install /home/y/lxy_ROS2/ROS2_git/build/base_interface_demo
[1.323s] Level 1:colcon.colcon_core.environment:checking '/home/y/lxy_ROS2/ROS2_git/install/base_interface_demo' for CMake module files
[1.324s] Level 1:colcon.colcon_core.environment:checking '/home/y/lxy_ROS2/ROS2_git/install/base_interface_demo' for CMake config files
[1.324s] Level 1:colcon.colcon_core.shell:create_environment_hook('base_interface_demo', 'cmake_prefix_path')
[1.324s] INFO:colcon.colcon_core.shell:Creating environment hook '/home/y/lxy_ROS2/ROS2_git/install/base_interface_demo/share/base_interface_demo/hook/cmake_prefix_path.ps1'
[1.326s] INFO:colcon.colcon_core.shell:Creating environment descriptor '/home/y/lxy_ROS2/ROS2_git/install/base_interface_demo/share/base_interface_demo/hook/cmake_prefix_path.dsv'
[1.327s] INFO:colcon.colcon_core.shell:Creating environment hook '/home/y/lxy_ROS2/ROS2_git/install/base_interface_demo/share/base_interface_demo/hook/cmake_prefix_path.sh'
[1.328s] Level 1:colcon.colcon_core.environment:checking '/home/y/lxy_ROS2/ROS2_git/install/base_interface_demo/bin'
[1.328s] Level 1:colcon.colcon_core.environment:checking '/home/y/lxy_ROS2/ROS2_git/install/base_interface_demo/lib/pkgconfig/base_interface_demo.pc'
[1.328s] Level 1:colcon.colcon_core.environment:checking '/home/y/lxy_ROS2/ROS2_git/install/base_interface_demo/lib/python3.10/site-packages'
[1.328s] Level 1:colcon.colcon_core.environment:checking '/home/y/lxy_ROS2/ROS2_git/install/base_interface_demo/bin'
[1.328s] INFO:colcon.colcon_core.shell:Creating package script '/home/y/lxy_ROS2/ROS2_git/install/base_interface_demo/share/base_interface_demo/package.ps1'
[1.331s] INFO:colcon.colcon_core.shell:Creating package descriptor '/home/y/lxy_ROS2/ROS2_git/install/base_interface_demo/share/base_interface_demo/package.dsv'
[1.332s] INFO:colcon.colcon_core.shell:Creating package script '/home/y/lxy_ROS2/ROS2_git/install/base_interface_demo/share/base_interface_demo/package.sh'
[1.333s] INFO:colcon.colcon_core.shell:Creating package script '/home/y/lxy_ROS2/ROS2_git/install/base_interface_demo/share/base_interface_demo/package.bash'
[1.334s] INFO:colcon.colcon_core.shell:Creating package script '/home/y/lxy_ROS2/ROS2_git/install/base_interface_demo/share/base_interface_demo/package.zsh'
[1.335s] Level 1:colcon.colcon_core.environment:create_file_with_runtime_dependencies(/home/y/lxy_ROS2/ROS2_git/install/base_interface_demo/share/colcon-core/packages/base_interface_demo)
[1.348s] Level 1:colcon.colcon_core.environment:create_environment_scripts_only(base_interface_demo)
[1.348s] Level 1:colcon.colcon_core.environment:checking '/home/y/lxy_ROS2/ROS2_git/install/base_interface_demo' for CMake module files
[1.349s] Level 1:colcon.colcon_core.environment:checking '/home/y/lxy_ROS2/ROS2_git/install/base_interface_demo' for CMake config files
[1.349s] Level 1:colcon.colcon_core.shell:create_environment_hook('base_interface_demo', 'cmake_prefix_path')
[1.349s] INFO:colcon.colcon_core.shell:Creating environment hook '/home/y/lxy_ROS2/ROS2_git/install/base_interface_demo/share/base_interface_demo/hook/cmake_prefix_path.ps1'
[1.350s] INFO:colcon.colcon_core.shell:Creating environment descriptor '/home/y/lxy_ROS2/ROS2_git/install/base_interface_demo/share/base_interface_demo/hook/cmake_prefix_path.dsv'
[1.351s] INFO:colcon.colcon_core.shell:Creating environment hook '/home/y/lxy_ROS2/ROS2_git/install/base_interface_demo/share/base_interface_demo/hook/cmake_prefix_path.sh'
[1.352s] Level 1:colcon.colcon_core.environment:checking '/home/y/lxy_ROS2/ROS2_git/install/base_interface_demo/bin'
[1.352s] Level 1:colcon.colcon_core.environment:checking '/home/y/lxy_ROS2/ROS2_git/install/base_interface_demo/lib/pkgconfig/base_interface_demo.pc'
[1.352s] Level 1:colcon.colcon_core.environment:checking '/home/y/lxy_ROS2/ROS2_git/install/base_interface_demo/lib/python3.10/site-packages'
[1.352s] Level 1:colcon.colcon_core.environment:checking '/home/y/lxy_ROS2/ROS2_git/install/base_interface_demo/bin'
[1.352s] INFO:colcon.colcon_core.shell:Creating package script '/home/y/lxy_ROS2/ROS2_git/install/base_interface_demo/share/base_interface_demo/package.ps1'
[1.353s] INFO:colcon.colcon_core.shell:Creating package descriptor '/home/y/lxy_ROS2/ROS2_git/install/base_interface_demo/share/base_interface_demo/package.dsv'
[1.353s] INFO:colcon.colcon_core.shell:Creating package script '/home/y/lxy_ROS2/ROS2_git/install/base_interface_demo/share/base_interface_demo/package.sh'
[1.354s] INFO:colcon.colcon_core.shell:Creating package script '/home/y/lxy_ROS2/ROS2_git/install/base_interface_demo/share/base_interface_demo/package.bash'
[1.354s] INFO:colcon.colcon_core.shell:Creating package script '/home/y/lxy_ROS2/ROS2_git/install/base_interface_demo/share/base_interface_demo/package.zsh'
[1.355s] Level 1:colcon.colcon_core.environment:create_file_with_runtime_dependencies(/home/y/lxy_ROS2/ROS2_git/install/base_interface_demo/share/colcon-core/packages/base_interface_demo)
[1.669s] DEBUG:colcon.colcon_core.event_handler.log_command:Invoked command in '/home/y/lxy_ROS2/ROS2_git/build/pk02_topic_cpp' returned '1': CMAKE_PREFIX_PATH=${CMAKE_PREFIX_PATH}:/home/y/lxy_ROS2/ws00_helloworld/install/pkg02_helloworld_py:/opt/ros/humble /usr/local/bin/cmake /home/y/lxy_ROS2/ROS2_git/src/pk02_topic_cpp -DCMAKE_INSTALL_PREFIX=/home/y/lxy_ROS2/ROS2_git/install/pk02_topic_cpp
[1.673s] Level 1:colcon.colcon_core.environment:create_environment_scripts_only(pk02_topic_cpp)
[1.674s] Level 1:colcon.colcon_core.environment:checking '/home/y/lxy_ROS2/ROS2_git/install/pk02_topic_cpp' for CMake module files
[1.674s] Level 1:colcon.colcon_core.environment:checking '/home/y/lxy_ROS2/ROS2_git/install/pk02_topic_cpp' for CMake config files
[1.674s] Level 1:colcon.colcon_core.environment:checking '/home/y/lxy_ROS2/ROS2_git/install/pk02_topic_cpp/bin'
[1.674s] Level 1:colcon.colcon_core.environment:checking '/home/y/lxy_ROS2/ROS2_git/install/pk02_topic_cpp/lib/pkgconfig/pk02_topic_cpp.pc'
[1.675s] Level 1:colcon.colcon_core.environment:checking '/home/y/lxy_ROS2/ROS2_git/install/pk02_topic_cpp/lib/python3.10/site-packages'
[1.675s] Level 1:colcon.colcon_core.environment:checking '/home/y/lxy_ROS2/ROS2_git/install/pk02_topic_cpp/bin'
[1.675s] INFO:colcon.colcon_core.shell:Creating package script '/home/y/lxy_ROS2/ROS2_git/install/pk02_topic_cpp/share/pk02_topic_cpp/package.ps1'
[1.676s] INFO:colcon.colcon_core.shell:Creating package descriptor '/home/y/lxy_ROS2/ROS2_git/install/pk02_topic_cpp/share/pk02_topic_cpp/package.dsv'
[1.676s] INFO:colcon.colcon_core.shell:Creating package script '/home/y/lxy_ROS2/ROS2_git/install/pk02_topic_cpp/share/pk02_topic_cpp/package.sh'
[1.677s] INFO:colcon.colcon_core.shell:Creating package script '/home/y/lxy_ROS2/ROS2_git/install/pk02_topic_cpp/share/pk02_topic_cpp/package.bash'
[1.677s] INFO:colcon.colcon_core.shell:Creating package script '/home/y/lxy_ROS2/ROS2_git/install/pk02_topic_cpp/share/pk02_topic_cpp/package.zsh'
[1.677s] Level 1:colcon.colcon_core.environment:create_file_with_runtime_dependencies(/home/y/lxy_ROS2/ROS2_git/install/pk02_topic_cpp/share/colcon-core/packages/pk02_topic_cpp)
[4.837s] DEBUG:colcon.colcon_parallel_executor.executor.parallel:closing loop
[4.838s] DEBUG:colcon.colcon_parallel_executor.executor.parallel:loop closed
[4.838s] DEBUG:colcon.colcon_parallel_executor.executor.parallel:run_until_complete finished with '1'
[4.838s] DEBUG:colcon.colcon_core.event_reactor:joining thread
[4.847s] INFO:colcon.colcon_core.plugin_system:Skipping extension 'colcon_notification.desktop_notification.terminal_notifier': Not used on non-Darwin systems
[4.847s] INFO:colcon.colcon_core.plugin_system:Skipping extension 'colcon_notification.desktop_notification.win32': Not used on non-Windows systems
[4.847s] INFO:colcon.colcon_notification.desktop_notification:Sending desktop notification using 'notify2'
[4.857s] DEBUG:colcon.colcon_core.event_reactor:joined thread
[4.857s] INFO:colcon.colcon_core.shell:Creating prefix script '/home/y/lxy_ROS2/ROS2_git/install/local_setup.ps1'
[4.859s] INFO:colcon.colcon_core.shell:Creating prefix util module '/home/y/lxy_ROS2/ROS2_git/install/_local_setup_util_ps1.py'
[4.861s] INFO:colcon.colcon_core.shell:Creating prefix chain script '/home/y/lxy_ROS2/ROS2_git/install/setup.ps1'
[4.862s] INFO:colcon.colcon_core.shell:Creating prefix script '/home/y/lxy_ROS2/ROS2_git/install/local_setup.sh'
[4.863s] INFO:colcon.colcon_core.shell:Creating prefix util module '/home/y/lxy_ROS2/ROS2_git/install/_local_setup_util_sh.py'
[4.864s] INFO:colcon.colcon_core.shell:Creating prefix chain script '/home/y/lxy_ROS2/ROS2_git/install/setup.sh'
[4.865s] INFO:colcon.colcon_core.shell:Creating prefix script '/home/y/lxy_ROS2/ROS2_git/install/local_setup.bash'
[4.866s] INFO:colcon.colcon_core.shell:Creating prefix chain script '/home/y/lxy_ROS2/ROS2_git/install/setup.bash'
[4.869s] INFO:colcon.colcon_core.shell:Creating prefix script '/home/y/lxy_ROS2/ROS2_git/install/local_setup.zsh'
[4.869s] INFO:colcon.colcon_core.shell:Creating prefix chain script '/home/y/lxy_ROS2/ROS2_git/install/setup.zsh'
