[0.020s] Invoking command in '/home/y/lxy_ROS2/ROS2_git/src/pk02_topic_cpp/build/pk02_topic_cpp': CMAKE_PREFIX_PATH=${CMAKE_PREFIX_PATH}:/home/y/lxy_ROS2/ws00_helloworld/install/pkg02_helloworld_py:/opt/ros/humble /usr/local/bin/cmake --build /home/y/lxy_ROS2/ROS2_git/src/pk02_topic_cpp/build/pk02_topic_cpp -- -j4 -l4
[0.035s] -- Found ament_cmake: 1.3.10 (/opt/ros/humble/share/ament_cmake/cmake)
[0.110s] -- Found rclcpp: 16.0.10 (/opt/ros/humble/share/rclcpp/cmake)
[0.132s] -- Found rosidl_generator_c: 3.1.5 (/opt/ros/humble/share/rosidl_generator_c/cmake)
[0.134s] -- Found rosidl_adapter: 3.1.5 (/opt/ros/humble/share/rosidl_adapter/cmake)
[0.138s] -- Found rosidl_generator_cpp: 3.1.5 (/opt/ros/humble/share/rosidl_generator_cpp/cmake)
[0.146s] -- Using all available rosidl_typesupport_c: rosidl_typesupport_fastrtps_c;rosidl_typesupport_introspection_c
[0.155s] -- Using all available rosidl_typesupport_cpp: rosidl_typesupport_fastrtps_cpp;rosidl_typesupport_introspection_cpp
[0.181s] -- Found rmw_implementation_cmake: 6.1.2 (/opt/ros/humble/share/rmw_implementation_cmake/cmake)
[0.182s] -- Found rmw_fastrtps_cpp: 6.2.7 (/opt/ros/humble/share/rmw_fastrtps_cpp/cmake)
[0.268s] -- Using RMW implementation 'rmw_fastrtps_cpp' as default
[0.312s] -- Found ament_lint_auto: 0.12.11 (/opt/ros/humble/share/ament_lint_auto/cmake)
[0.368s] -- Added test 'cppcheck' to perform static code analysis on C / C++ code
[0.368s] -- Configured cppcheck include dirs: 
[0.368s] -- Configured cppcheck exclude dirs and/or files: 
[0.369s] -- Added test 'flake8' to check Python code syntax and style conventions
[0.371s] -- Added test 'lint_cmake' to check CMake code style
[0.372s] -- Added test 'pep257' to check Python code against some of the docstring style conventions in PEP 257
[0.379s] -- Added test 'uncrustify' to check C / C++ code style
[0.379s] -- Configured uncrustify additional arguments: 
[0.380s] -- Added test 'xmllint' to check XML markup files
[0.380s] -- Configuring done (0.3s)
[0.389s] -- Generating done (0.0s)
[0.390s] -- Build files have been written to: /home/y/lxy_ROS2/ROS2_git/src/pk02_topic_cpp/build/pk02_topic_cpp
[0.414s] [ 50%] Built target demo01_talk_str
[0.414s] [100%] Built target demo02_listen_str
[0.420s] Invoked command in '/home/y/lxy_ROS2/ROS2_git/src/pk02_topic_cpp/build/pk02_topic_cpp' returned '0': CMAKE_PREFIX_PATH=${CMAKE_PREFIX_PATH}:/home/y/lxy_ROS2/ws00_helloworld/install/pkg02_helloworld_py:/opt/ros/humble /usr/local/bin/cmake --build /home/y/lxy_ROS2/ROS2_git/src/pk02_topic_cpp/build/pk02_topic_cpp -- -j4 -l4
[0.445s] Invoking command in '/home/y/lxy_ROS2/ROS2_git/src/pk02_topic_cpp/build/pk02_topic_cpp': CMAKE_PREFIX_PATH=${CMAKE_PREFIX_PATH}:/home/y/lxy_ROS2/ws00_helloworld/install/pkg02_helloworld_py:/opt/ros/humble /usr/local/bin/cmake --install /home/y/lxy_ROS2/ROS2_git/src/pk02_topic_cpp/build/pk02_topic_cpp
[0.447s] -- Install configuration: ""
[0.448s] -- Up-to-date: /home/y/lxy_ROS2/ROS2_git/src/pk02_topic_cpp/install/pk02_topic_cpp/lib/pk02_topic_cpp/demo01_talk_str
[0.448s] -- Up-to-date: /home/y/lxy_ROS2/ROS2_git/src/pk02_topic_cpp/install/pk02_topic_cpp/lib/pk02_topic_cpp/demo02_listen_str
[0.448s] -- Up-to-date: /home/y/lxy_ROS2/ROS2_git/src/pk02_topic_cpp/install/pk02_topic_cpp/share/ament_index/resource_index/package_run_dependencies/pk02_topic_cpp
[0.448s] -- Up-to-date: /home/y/lxy_ROS2/ROS2_git/src/pk02_topic_cpp/install/pk02_topic_cpp/share/ament_index/resource_index/parent_prefix_path/pk02_topic_cpp
[0.448s] -- Up-to-date: /home/y/lxy_ROS2/ROS2_git/src/pk02_topic_cpp/install/pk02_topic_cpp/share/pk02_topic_cpp/environment/ament_prefix_path.sh
[0.448s] -- Installing: /home/y/lxy_ROS2/ROS2_git/src/pk02_topic_cpp/install/pk02_topic_cpp/share/pk02_topic_cpp/environment/ament_prefix_path.dsv
[0.448s] -- Up-to-date: /home/y/lxy_ROS2/ROS2_git/src/pk02_topic_cpp/install/pk02_topic_cpp/share/pk02_topic_cpp/environment/path.sh
[0.448s] -- Installing: /home/y/lxy_ROS2/ROS2_git/src/pk02_topic_cpp/install/pk02_topic_cpp/share/pk02_topic_cpp/environment/path.dsv
[0.448s] -- Up-to-date: /home/y/lxy_ROS2/ROS2_git/src/pk02_topic_cpp/install/pk02_topic_cpp/share/pk02_topic_cpp/local_setup.bash
[0.448s] -- Up-to-date: /home/y/lxy_ROS2/ROS2_git/src/pk02_topic_cpp/install/pk02_topic_cpp/share/pk02_topic_cpp/local_setup.sh
[0.448s] -- Up-to-date: /home/y/lxy_ROS2/ROS2_git/src/pk02_topic_cpp/install/pk02_topic_cpp/share/pk02_topic_cpp/local_setup.zsh
[0.448s] -- Installing: /home/y/lxy_ROS2/ROS2_git/src/pk02_topic_cpp/install/pk02_topic_cpp/share/pk02_topic_cpp/local_setup.dsv
[0.448s] -- Installing: /home/y/lxy_ROS2/ROS2_git/src/pk02_topic_cpp/install/pk02_topic_cpp/share/pk02_topic_cpp/package.dsv
[0.449s] -- Up-to-date: /home/y/lxy_ROS2/ROS2_git/src/pk02_topic_cpp/install/pk02_topic_cpp/share/ament_index/resource_index/packages/pk02_topic_cpp
[0.449s] -- Up-to-date: /home/y/lxy_ROS2/ROS2_git/src/pk02_topic_cpp/install/pk02_topic_cpp/share/pk02_topic_cpp/cmake/pk02_topic_cppConfig.cmake
[0.449s] -- Up-to-date: /home/y/lxy_ROS2/ROS2_git/src/pk02_topic_cpp/install/pk02_topic_cpp/share/pk02_topic_cpp/cmake/pk02_topic_cppConfig-version.cmake
[0.449s] -- Up-to-date: /home/y/lxy_ROS2/ROS2_git/src/pk02_topic_cpp/install/pk02_topic_cpp/share/pk02_topic_cpp/package.xml
[0.450s] Invoked command in '/home/y/lxy_ROS2/ROS2_git/src/pk02_topic_cpp/build/pk02_topic_cpp' returned '0': CMAKE_PREFIX_PATH=${CMAKE_PREFIX_PATH}:/home/y/lxy_ROS2/ws00_helloworld/install/pkg02_helloworld_py:/opt/ros/humble /usr/local/bin/cmake --install /home/y/lxy_ROS2/ROS2_git/src/pk02_topic_cpp/build/pk02_topic_cpp
