[ 25%] [32mBuilding CXX object CMakeFiles/demo02_client.dir/src/demo02_client.cpp.o[0m
[ 50%] [32mBuilding CXX object CMakeFiles/demo01_service.dir/src/demo01_service.cpp.o[0m
[ 75%] [32m[1mLinking CXX executable demo01_service[0m
[ 75%] Built target demo01_service
[100%] [32m[1mLinking CXX executable demo02_client[0m
[100%] Built target demo02_client
-- Install configuration: ""
-- Installing: /home/y/lxy_ROS2/ROS2_git/install/pk03_service_cpp/lib/pk03_service_cpp/demo01_service
-- Set runtime path of "/home/y/lxy_ROS2/ROS2_git/install/pk03_service_cpp/lib/pk03_service_cpp/demo01_service" to ""
-- Installing: /home/y/lxy_ROS2/ROS2_git/install/pk03_service_cpp/lib/pk03_service_cpp/demo02_client
-- Set runtime path of "/home/y/lxy_ROS2/ROS2_git/install/pk03_service_cpp/lib/pk03_service_cpp/demo02_client" to ""
-- Installing: /home/y/lxy_ROS2/ROS2_git/install/pk03_service_cpp/share/ament_index/resource_index/package_run_dependencies/pk03_service_cpp
-- Installing: /home/y/lxy_ROS2/ROS2_git/install/pk03_service_cpp/share/ament_index/resource_index/parent_prefix_path/pk03_service_cpp
-- Installing: /home/y/lxy_ROS2/ROS2_git/install/pk03_service_cpp/share/pk03_service_cpp/environment/ament_prefix_path.sh
-- Installing: /home/y/lxy_ROS2/ROS2_git/install/pk03_service_cpp/share/pk03_service_cpp/environment/ament_prefix_path.dsv
-- Installing: /home/y/lxy_ROS2/ROS2_git/install/pk03_service_cpp/share/pk03_service_cpp/environment/path.sh
-- Installing: /home/y/lxy_ROS2/ROS2_git/install/pk03_service_cpp/share/pk03_service_cpp/environment/path.dsv
-- Installing: /home/y/lxy_ROS2/ROS2_git/install/pk03_service_cpp/share/pk03_service_cpp/local_setup.bash
-- Installing: /home/y/lxy_ROS2/ROS2_git/install/pk03_service_cpp/share/pk03_service_cpp/local_setup.sh
-- Installing: /home/y/lxy_ROS2/ROS2_git/install/pk03_service_cpp/share/pk03_service_cpp/local_setup.zsh
-- Installing: /home/y/lxy_ROS2/ROS2_git/install/pk03_service_cpp/share/pk03_service_cpp/local_setup.dsv
-- Installing: /home/y/lxy_ROS2/ROS2_git/install/pk03_service_cpp/share/pk03_service_cpp/package.dsv
-- Installing: /home/y/lxy_ROS2/ROS2_git/install/pk03_service_cpp/share/ament_index/resource_index/packages/pk03_service_cpp
-- Installing: /home/y/lxy_ROS2/ROS2_git/install/pk03_service_cpp/share/pk03_service_cpp/cmake/pk03_service_cppConfig.cmake
-- Installing: /home/y/lxy_ROS2/ROS2_git/install/pk03_service_cpp/share/pk03_service_cpp/cmake/pk03_service_cppConfig-version.cmake
-- Installing: /home/y/lxy_ROS2/ROS2_git/install/pk03_service_cpp/share/pk03_service_cpp/package.xml
