[0.013s] Invoking command in '/home/y/lxy_ROS2/ROS2_git/build/pkg01_hello_cpp': CMAKE_PREFIX_PATH=${CMAKE_PREFIX_PATH}:/home/y/lxy_ROS2/ws00_helloworld/install/pkg02_helloworld_py:/opt/ros/humble /usr/local/bin/cmake /home/y/lxy_ROS2/ROS2_git/src/pkg01_hello_cpp -DCMAKE_INSTALL_PREFIX=/home/y/lxy_ROS2/ROS2_git/install/pkg01_hello_cpp
[0.124s] -- The C compiler identification is GNU 11.4.0
[0.221s] -- The CXX compiler identification is GNU 11.4.0
[0.238s] -- Detecting C compiler ABI info
[0.293s] -- Detecting C compiler ABI info - done
[0.298s] -- Check for working C compiler: /usr/bin/cc - skipped
[0.301s] -- Detecting C compile features
[0.302s] -- Detecting C compile features - done
[0.306s] -- Detecting CXX compiler ABI info
[0.362s] -- Detecting CXX compiler ABI info - done
[0.369s] -- Check for working CXX compiler: /usr/bin/c++ - skipped
[0.369s] -- Detecting CXX compile features
[0.370s] -- Detecting CXX compile features - done
[0.390s] -- Found ament_cmake: 1.3.10 (/opt/ros/humble/share/ament_cmake/cmake)
[0.506s] -- Found Python3: /usr/bin/python3 (found version "3.10.12") found components: Interpreter 
[0.608s] -- Found rclcpp: 16.0.10 (/opt/ros/humble/share/rclcpp/cmake)
[0.679s] -- Found rosidl_generator_c: 3.1.5 (/opt/ros/humble/share/rosidl_generator_c/cmake)
[0.686s] -- Found rosidl_adapter: 3.1.5 (/opt/ros/humble/share/rosidl_adapter/cmake)
[0.699s] -- Found rosidl_generator_cpp: 3.1.5 (/opt/ros/humble/share/rosidl_generator_cpp/cmake)
[0.725s] -- Using all available rosidl_typesupport_c: rosidl_typesupport_fastrtps_c;rosidl_typesupport_introspection_c
[0.751s] -- Using all available rosidl_typesupport_cpp: rosidl_typesupport_fastrtps_cpp;rosidl_typesupport_introspection_cpp
[0.818s] -- Found rmw_implementation_cmake: 6.1.2 (/opt/ros/humble/share/rmw_implementation_cmake/cmake)
[0.824s] -- Found rmw_fastrtps_cpp: 6.2.7 (/opt/ros/humble/share/rmw_fastrtps_cpp/cmake)
[0.922s] -- Found OpenSSL: /usr/lib/x86_64-linux-gnu/libcrypto.so (found version "3.0.2")  
[0.950s] -- Found FastRTPS: /opt/ros/humble/include  
[0.983s] -- Using RMW implementation 'rmw_fastrtps_cpp' as default
[1.002s] -- Performing Test CMAKE_HAVE_LIBC_PTHREAD
[1.067s] -- Performing Test CMAKE_HAVE_LIBC_PTHREAD - Success
[1.067s] -- Found Threads: TRUE  
[1.144s] -- Found ament_lint_auto: 0.12.11 (/opt/ros/humble/share/ament_lint_auto/cmake)
[1.217s] -- Added test 'cppcheck' to perform static code analysis on C / C++ code
[1.218s] -- Configured cppcheck include dirs: $<BUILD_INTERFACE:/home/y/lxy_ROS2/ROS2_git/src/pkg01_hello_cpp/include>
[1.218s] -- Configured cppcheck exclude dirs and/or files: 
[1.219s] -- Added test 'lint_cmake' to check CMake code style
[1.221s] -- Added test 'uncrustify' to check C / C++ code style
[1.221s] -- Configured uncrustify additional arguments: 
[1.222s] -- Added test 'xmllint' to check XML markup files
[1.226s] -- Configuring done (1.2s)
[1.232s] -- Generating done (0.0s)
[1.235s] -- Build files have been written to: /home/y/lxy_ROS2/ROS2_git/build/pkg01_hello_cpp
[1.243s] Invoked command in '/home/y/lxy_ROS2/ROS2_git/build/pkg01_hello_cpp' returned '0': CMAKE_PREFIX_PATH=${CMAKE_PREFIX_PATH}:/home/y/lxy_ROS2/ws00_helloworld/install/pkg02_helloworld_py:/opt/ros/humble /usr/local/bin/cmake /home/y/lxy_ROS2/ROS2_git/src/pkg01_hello_cpp -DCMAKE_INSTALL_PREFIX=/home/y/lxy_ROS2/ROS2_git/install/pkg01_hello_cpp
[1.243s] Invoking command in '/home/y/lxy_ROS2/ROS2_git/build/pkg01_hello_cpp': CMAKE_PREFIX_PATH=${CMAKE_PREFIX_PATH}:/home/y/lxy_ROS2/ws00_helloworld/install/pkg02_helloworld_py:/opt/ros/humble /usr/local/bin/cmake --build /home/y/lxy_ROS2/ROS2_git/build/pkg01_hello_cpp -- -j4 -l4
[1.262s] [ 50%] [32mBuilding CXX object CMakeFiles/hello.dir/src/hello.cpp.o[0m
[3.429s] [100%] [32m[1mLinking CXX executable hello[0m
[3.519s] [100%] Built target hello
[3.523s] Invoked command in '/home/y/lxy_ROS2/ROS2_git/build/pkg01_hello_cpp' returned '0': CMAKE_PREFIX_PATH=${CMAKE_PREFIX_PATH}:/home/y/lxy_ROS2/ws00_helloworld/install/pkg02_helloworld_py:/opt/ros/humble /usr/local/bin/cmake --build /home/y/lxy_ROS2/ROS2_git/build/pkg01_hello_cpp -- -j4 -l4
[3.543s] Invoking command in '/home/y/lxy_ROS2/ROS2_git/build/pkg01_hello_cpp': CMAKE_PREFIX_PATH=${CMAKE_PREFIX_PATH}:/home/y/lxy_ROS2/ws00_helloworld/install/pkg02_helloworld_py:/opt/ros/humble /usr/local/bin/cmake --install /home/y/lxy_ROS2/ROS2_git/build/pkg01_hello_cpp
[3.545s] -- Install configuration: ""
[3.545s] -- Installing: /home/y/lxy_ROS2/ROS2_git/install/pkg01_hello_cpp/lib/pkg01_hello_cpp/hello
[3.546s] -- Set runtime path of "/home/y/lxy_ROS2/ROS2_git/install/pkg01_hello_cpp/lib/pkg01_hello_cpp/hello" to ""
[3.546s] -- Installing: /home/y/lxy_ROS2/ROS2_git/install/pkg01_hello_cpp/share/ament_index/resource_index/package_run_dependencies/pkg01_hello_cpp
[3.547s] -- Installing: /home/y/lxy_ROS2/ROS2_git/install/pkg01_hello_cpp/share/ament_index/resource_index/parent_prefix_path/pkg01_hello_cpp
[3.547s] -- Installing: /home/y/lxy_ROS2/ROS2_git/install/pkg01_hello_cpp/share/pkg01_hello_cpp/environment/ament_prefix_path.sh
[3.548s] -- Installing: /home/y/lxy_ROS2/ROS2_git/install/pkg01_hello_cpp/share/pkg01_hello_cpp/environment/ament_prefix_path.dsv
[3.548s] -- Installing: /home/y/lxy_ROS2/ROS2_git/install/pkg01_hello_cpp/share/pkg01_hello_cpp/environment/path.sh
[3.548s] -- Installing: /home/y/lxy_ROS2/ROS2_git/install/pkg01_hello_cpp/share/pkg01_hello_cpp/environment/path.dsv
[3.548s] -- Installing: /home/y/lxy_ROS2/ROS2_git/install/pkg01_hello_cpp/share/pkg01_hello_cpp/local_setup.bash
[3.548s] -- Installing: /home/y/lxy_ROS2/ROS2_git/install/pkg01_hello_cpp/share/pkg01_hello_cpp/local_setup.sh
[3.548s] -- Installing: /home/y/lxy_ROS2/ROS2_git/install/pkg01_hello_cpp/share/pkg01_hello_cpp/local_setup.zsh
[3.548s] -- Installing: /home/y/lxy_ROS2/ROS2_git/install/pkg01_hello_cpp/share/pkg01_hello_cpp/local_setup.dsv
[3.548s] -- Installing: /home/y/lxy_ROS2/ROS2_git/install/pkg01_hello_cpp/share/pkg01_hello_cpp/package.dsv
[3.548s] -- Installing: /home/y/lxy_ROS2/ROS2_git/install/pkg01_hello_cpp/share/ament_index/resource_index/packages/pkg01_hello_cpp
[3.548s] -- Installing: /home/y/lxy_ROS2/ROS2_git/install/pkg01_hello_cpp/share/pkg01_hello_cpp/cmake/pkg01_hello_cppConfig.cmake
[3.548s] -- Installing: /home/y/lxy_ROS2/ROS2_git/install/pkg01_hello_cpp/share/pkg01_hello_cpp/cmake/pkg01_hello_cppConfig-version.cmake
[3.548s] -- Installing: /home/y/lxy_ROS2/ROS2_git/install/pkg01_hello_cpp/share/pkg01_hello_cpp/package.xml
[3.548s] Invoked command in '/home/y/lxy_ROS2/ROS2_git/build/pkg01_hello_cpp' returned '0': CMAKE_PREFIX_PATH=${CMAKE_PREFIX_PATH}:/home/y/lxy_ROS2/ws00_helloworld/install/pkg02_helloworld_py:/opt/ros/humble /usr/local/bin/cmake --install /home/y/lxy_ROS2/ROS2_git/build/pkg01_hello_cpp
