-- Found ament_cmake: 1.3.10 (/opt/ros/humble/share/ament_cmake/cmake)
-- Found rosidl_default_generators: 1.2.0 (/opt/ros/humble/share/rosidl_default_generators/cmake)
-- Using all available rosidl_typesupport_c: rosidl_typesupport_fastrtps_c;rosidl_typesupport_introspection_c
-- Found rosidl_adapter: 3.1.5 (/opt/ros/humble/share/rosidl_adapter/cmake)
-- Using all available rosidl_typesupport_cpp: rosidl_typesupport_fastrtps_cpp;rosidl_typesupport_introspection_cpp
-- Found ament_cmake_ros: 0.10.0 (/opt/ros/humble/share/ament_cmake_ros/cmake)
-- Using all available rosidl_typesupport_c: rosidl_typesupport_fastrtps_c;rosidl_typesupport_introspection_c
-- Using all available rosidl_typesupport_cpp: rosidl_typesupport_fastrtps_cpp;rosidl_typesupport_introspection_cpp
-- Found python_cmake_module: 0.10.0 (/opt/ros/humble/share/python_cmake_module/cmake)
-- Using PYTHON_EXECUTABLE: /usr/bin/python3
-- Using PYTHON_INCLUDE_DIRS: /usr/include/python3.10
-- Using PYTHON_LIBRARIES: /usr/lib/x86_64-linux-gnu/libpython3.10.so
-- Found ament_lint_auto: 0.12.11 (/opt/ros/humble/share/ament_lint_auto/cmake)
-- Added test 'lint_cmake' to check CMake code style
-- Added test 'xmllint' to check XML markup files
-- Configuring done (0.5s)
-- Generating done (0.0s)
-- Build files have been written to: /home/y/lxy_ROS2/ROS2_git/build/base_interface_demo
[  2%] Built target base_interface_demo__cpp
[ 12%] Built target base_interface_demo__rosidl_generator_c
[ 12%] Built target ament_cmake_python_copy_base_interface_demo
[ 23%] Built target base_interface_demo__rosidl_typesupport_cpp
[ 34%] Built target base_interface_demo__rosidl_typesupport_introspection_cpp
[ 44%] Built target base_interface_demo__rosidl_typesupport_fastrtps_cpp
[ 55%] Built target base_interface_demo__rosidl_typesupport_fastrtps_c
[ 74%] Built target base_interface_demo__rosidl_typesupport_c
[ 76%] Built target base_interface_demo__rosidl_typesupport_introspection_c
[ 76%] Built target base_interface_demo
[ 78%] Built target base_interface_demo__py
[ 87%] Built target base_interface_demo__rosidl_generator_py
[ 91%] Built target base_interface_demo__rosidl_typesupport_fastrtps_c__pyext
[ 95%] Built target base_interface_demo__rosidl_typesupport_introspection_c__pyext
[100%] Built target base_interface_demo__rosidl_typesupport_c__pyext
running egg_info
writing base_interface_demo.egg-info/PKG-INFO
writing dependency_links to base_interface_demo.egg-info/dependency_links.txt
writing top-level names to base_interface_demo.egg-info/top_level.txt
reading manifest file 'base_interface_demo.egg-info/SOURCES.txt'
writing manifest file 'base_interface_demo.egg-info/SOURCES.txt'
[100%] Built target ament_cmake_python_build_base_interface_demo_egg
-- Install configuration: ""
-- Up-to-date: /home/y/lxy_ROS2/ROS2_git/install/base_interface_demo/share/ament_index/resource_index/rosidl_interfaces/base_interface_demo
-- Up-to-date: /home/y/lxy_ROS2/ROS2_git/install/base_interface_demo/include/base_interface_demo/base_interface_demo
-- Up-to-date: /home/y/lxy_ROS2/ROS2_git/install/base_interface_demo/include/base_interface_demo/base_interface_demo/msg
-- Up-to-date: /home/y/lxy_ROS2/ROS2_git/install/base_interface_demo/include/base_interface_demo/base_interface_demo/msg/rosidl_generator_c__visibility_control.h
-- Up-to-date: /home/y/lxy_ROS2/ROS2_git/install/base_interface_demo/include/base_interface_demo/base_interface_demo/msg/detail
-- Up-to-date: /home/y/lxy_ROS2/ROS2_git/install/base_interface_demo/include/base_interface_demo/base_interface_demo/msg/detail/student__type_support.h
-- Up-to-date: /home/y/lxy_ROS2/ROS2_git/install/base_interface_demo/include/base_interface_demo/base_interface_demo/msg/detail/student__functions.c
-- Up-to-date: /home/y/lxy_ROS2/ROS2_git/install/base_interface_demo/include/base_interface_demo/base_interface_demo/msg/detail/student__functions.h
-- Up-to-date: /home/y/lxy_ROS2/ROS2_git/install/base_interface_demo/include/base_interface_demo/base_interface_demo/msg/detail/student__struct.h
-- Up-to-date: /home/y/lxy_ROS2/ROS2_git/install/base_interface_demo/include/base_interface_demo/base_interface_demo/msg/student.h
-- Up-to-date: /home/y/lxy_ROS2/ROS2_git/install/base_interface_demo/include/base_interface_demo/base_interface_demo/action
-- Up-to-date: /home/y/lxy_ROS2/ROS2_git/install/base_interface_demo/include/base_interface_demo/base_interface_demo/action/progress.h
-- Up-to-date: /home/y/lxy_ROS2/ROS2_git/install/base_interface_demo/include/base_interface_demo/base_interface_demo/action/detail
-- Up-to-date: /home/y/lxy_ROS2/ROS2_git/install/base_interface_demo/include/base_interface_demo/base_interface_demo/action/detail/progress__functions.h
-- Up-to-date: /home/y/lxy_ROS2/ROS2_git/install/base_interface_demo/include/base_interface_demo/base_interface_demo/action/detail/progress__type_support.h
-- Up-to-date: /home/y/lxy_ROS2/ROS2_git/install/base_interface_demo/include/base_interface_demo/base_interface_demo/action/detail/progress__functions.c
-- Up-to-date: /home/y/lxy_ROS2/ROS2_git/install/base_interface_demo/include/base_interface_demo/base_interface_demo/action/detail/progress__struct.h
-- Up-to-date: /home/y/lxy_ROS2/ROS2_git/install/base_interface_demo/include/base_interface_demo/base_interface_demo/srv
-- Up-to-date: /home/y/lxy_ROS2/ROS2_git/install/base_interface_demo/include/base_interface_demo/base_interface_demo/srv/add_ints.h
-- Up-to-date: /home/y/lxy_ROS2/ROS2_git/install/base_interface_demo/include/base_interface_demo/base_interface_demo/srv/detail
-- Up-to-date: /home/y/lxy_ROS2/ROS2_git/install/base_interface_demo/include/base_interface_demo/base_interface_demo/srv/detail/add_ints__functions.h
-- Up-to-date: /home/y/lxy_ROS2/ROS2_git/install/base_interface_demo/include/base_interface_demo/base_interface_demo/srv/detail/add_ints__struct.h
-- Up-to-date: /home/y/lxy_ROS2/ROS2_git/install/base_interface_demo/include/base_interface_demo/base_interface_demo/srv/detail/add_ints__functions.c
-- Up-to-date: /home/y/lxy_ROS2/ROS2_git/install/base_interface_demo/include/base_interface_demo/base_interface_demo/srv/detail/add_ints__type_support.h
-- Up-to-date: /home/y/lxy_ROS2/ROS2_git/install/base_interface_demo/share/base_interface_demo/environment/library_path.sh
-- Installing: /home/y/lxy_ROS2/ROS2_git/install/base_interface_demo/share/base_interface_demo/environment/library_path.dsv
-- Up-to-date: /home/y/lxy_ROS2/ROS2_git/install/base_interface_demo/lib/libbase_interface_demo__rosidl_generator_c.so
-- Up-to-date: /home/y/lxy_ROS2/ROS2_git/install/base_interface_demo/include/base_interface_demo/base_interface_demo
-- Up-to-date: /home/y/lxy_ROS2/ROS2_git/install/base_interface_demo/include/base_interface_demo/base_interface_demo/msg
-- Up-to-date: /home/y/lxy_ROS2/ROS2_git/install/base_interface_demo/include/base_interface_demo/base_interface_demo/msg/detail
-- Up-to-date: /home/y/lxy_ROS2/ROS2_git/install/base_interface_demo/include/base_interface_demo/base_interface_demo/msg/detail/student__rosidl_typesupport_fastrtps_c.h
-- Up-to-date: /home/y/lxy_ROS2/ROS2_git/install/base_interface_demo/include/base_interface_demo/base_interface_demo/msg/rosidl_typesupport_fastrtps_c__visibility_control.h
-- Up-to-date: /home/y/lxy_ROS2/ROS2_git/install/base_interface_demo/include/base_interface_demo/base_interface_demo/action
-- Up-to-date: /home/y/lxy_ROS2/ROS2_git/install/base_interface_demo/include/base_interface_demo/base_interface_demo/action/detail
-- Up-to-date: /home/y/lxy_ROS2/ROS2_git/install/base_interface_demo/include/base_interface_demo/base_interface_demo/action/detail/progress__rosidl_typesupport_fastrtps_c.h
-- Up-to-date: /home/y/lxy_ROS2/ROS2_git/install/base_interface_demo/include/base_interface_demo/base_interface_demo/srv
-- Up-to-date: /home/y/lxy_ROS2/ROS2_git/install/base_interface_demo/include/base_interface_demo/base_interface_demo/srv/detail
-- Up-to-date: /home/y/lxy_ROS2/ROS2_git/install/base_interface_demo/include/base_interface_demo/base_interface_demo/srv/detail/add_ints__rosidl_typesupport_fastrtps_c.h
-- Up-to-date: /home/y/lxy_ROS2/ROS2_git/install/base_interface_demo/lib/libbase_interface_demo__rosidl_typesupport_fastrtps_c.so
-- Up-to-date: /home/y/lxy_ROS2/ROS2_git/install/base_interface_demo/include/base_interface_demo/base_interface_demo
-- Up-to-date: /home/y/lxy_ROS2/ROS2_git/install/base_interface_demo/include/base_interface_demo/base_interface_demo/msg
-- Up-to-date: /home/y/lxy_ROS2/ROS2_git/install/base_interface_demo/include/base_interface_demo/base_interface_demo/msg/rosidl_typesupport_introspection_c__visibility_control.h
-- Up-to-date: /home/y/lxy_ROS2/ROS2_git/install/base_interface_demo/include/base_interface_demo/base_interface_demo/msg/detail
-- Up-to-date: /home/y/lxy_ROS2/ROS2_git/install/base_interface_demo/include/base_interface_demo/base_interface_demo/msg/detail/student__type_support.c
-- Up-to-date: /home/y/lxy_ROS2/ROS2_git/install/base_interface_demo/include/base_interface_demo/base_interface_demo/msg/detail/student__rosidl_typesupport_introspection_c.h
-- Up-to-date: /home/y/lxy_ROS2/ROS2_git/install/base_interface_demo/include/base_interface_demo/base_interface_demo/action
-- Up-to-date: /home/y/lxy_ROS2/ROS2_git/install/base_interface_demo/include/base_interface_demo/base_interface_demo/action/detail
-- Up-to-date: /home/y/lxy_ROS2/ROS2_git/install/base_interface_demo/include/base_interface_demo/base_interface_demo/action/detail/progress__type_support.c
-- Up-to-date: /home/y/lxy_ROS2/ROS2_git/install/base_interface_demo/include/base_interface_demo/base_interface_demo/action/detail/progress__rosidl_typesupport_introspection_c.h
-- Up-to-date: /home/y/lxy_ROS2/ROS2_git/install/base_interface_demo/include/base_interface_demo/base_interface_demo/srv
-- Up-to-date: /home/y/lxy_ROS2/ROS2_git/install/base_interface_demo/include/base_interface_demo/base_interface_demo/srv/detail
-- Up-to-date: /home/y/lxy_ROS2/ROS2_git/install/base_interface_demo/include/base_interface_demo/base_interface_demo/srv/detail/add_ints__rosidl_typesupport_introspection_c.h
-- Up-to-date: /home/y/lxy_ROS2/ROS2_git/install/base_interface_demo/include/base_interface_demo/base_interface_demo/srv/detail/add_ints__type_support.c
-- Up-to-date: /home/y/lxy_ROS2/ROS2_git/install/base_interface_demo/lib/libbase_interface_demo__rosidl_typesupport_introspection_c.so
-- Up-to-date: /home/y/lxy_ROS2/ROS2_git/install/base_interface_demo/lib/libbase_interface_demo__rosidl_typesupport_c.so
-- Up-to-date: /home/y/lxy_ROS2/ROS2_git/install/base_interface_demo/include/base_interface_demo/base_interface_demo
-- Up-to-date: /home/y/lxy_ROS2/ROS2_git/install/base_interface_demo/include/base_interface_demo/base_interface_demo/msg
-- Up-to-date: /home/y/lxy_ROS2/ROS2_git/install/base_interface_demo/include/base_interface_demo/base_interface_demo/msg/detail
-- Up-to-date: /home/y/lxy_ROS2/ROS2_git/install/base_interface_demo/include/base_interface_demo/base_interface_demo/msg/detail/student__traits.hpp
-- Up-to-date: /home/y/lxy_ROS2/ROS2_git/install/base_interface_demo/include/base_interface_demo/base_interface_demo/msg/detail/student__builder.hpp
-- Up-to-date: /home/y/lxy_ROS2/ROS2_git/install/base_interface_demo/include/base_interface_demo/base_interface_demo/msg/detail/student__struct.hpp
-- Up-to-date: /home/y/lxy_ROS2/ROS2_git/install/base_interface_demo/include/base_interface_demo/base_interface_demo/msg/student.hpp
-- Up-to-date: /home/y/lxy_ROS2/ROS2_git/install/base_interface_demo/include/base_interface_demo/base_interface_demo/action
-- Up-to-date: /home/y/lxy_ROS2/ROS2_git/install/base_interface_demo/include/base_interface_demo/base_interface_demo/action/progress.hpp
-- Up-to-date: /home/y/lxy_ROS2/ROS2_git/install/base_interface_demo/include/base_interface_demo/base_interface_demo/action/detail
-- Up-to-date: /home/y/lxy_ROS2/ROS2_git/install/base_interface_demo/include/base_interface_demo/base_interface_demo/action/detail/progress__traits.hpp
-- Up-to-date: /home/y/lxy_ROS2/ROS2_git/install/base_interface_demo/include/base_interface_demo/base_interface_demo/action/detail/progress__builder.hpp
-- Up-to-date: /home/y/lxy_ROS2/ROS2_git/install/base_interface_demo/include/base_interface_demo/base_interface_demo/action/detail/progress__struct.hpp
-- Up-to-date: /home/y/lxy_ROS2/ROS2_git/install/base_interface_demo/include/base_interface_demo/base_interface_demo/srv
-- Up-to-date: /home/y/lxy_ROS2/ROS2_git/install/base_interface_demo/include/base_interface_demo/base_interface_demo/srv/add_ints.hpp
-- Up-to-date: /home/y/lxy_ROS2/ROS2_git/install/base_interface_demo/include/base_interface_demo/base_interface_demo/srv/detail
-- Up-to-date: /home/y/lxy_ROS2/ROS2_git/install/base_interface_demo/include/base_interface_demo/base_interface_demo/srv/detail/add_ints__builder.hpp
-- Up-to-date: /home/y/lxy_ROS2/ROS2_git/install/base_interface_demo/include/base_interface_demo/base_interface_demo/srv/detail/add_ints__struct.hpp
-- Up-to-date: /home/y/lxy_ROS2/ROS2_git/install/base_interface_demo/include/base_interface_demo/base_interface_demo/srv/detail/add_ints__traits.hpp
-- Up-to-date: /home/y/lxy_ROS2/ROS2_git/install/base_interface_demo/include/base_interface_demo/base_interface_demo
-- Up-to-date: /home/y/lxy_ROS2/ROS2_git/install/base_interface_demo/include/base_interface_demo/base_interface_demo/msg
-- Up-to-date: /home/y/lxy_ROS2/ROS2_git/install/base_interface_demo/include/base_interface_demo/base_interface_demo/msg/detail
-- Up-to-date: /home/y/lxy_ROS2/ROS2_git/install/base_interface_demo/include/base_interface_demo/base_interface_demo/msg/detail/dds_fastrtps
-- Up-to-date: /home/y/lxy_ROS2/ROS2_git/install/base_interface_demo/include/base_interface_demo/base_interface_demo/msg/detail/student__rosidl_typesupport_fastrtps_cpp.hpp
-- Up-to-date: /home/y/lxy_ROS2/ROS2_git/install/base_interface_demo/include/base_interface_demo/base_interface_demo/msg/rosidl_typesupport_fastrtps_cpp__visibility_control.h
-- Up-to-date: /home/y/lxy_ROS2/ROS2_git/install/base_interface_demo/include/base_interface_demo/base_interface_demo/action
-- Up-to-date: /home/y/lxy_ROS2/ROS2_git/install/base_interface_demo/include/base_interface_demo/base_interface_demo/action/detail
-- Up-to-date: /home/y/lxy_ROS2/ROS2_git/install/base_interface_demo/include/base_interface_demo/base_interface_demo/action/detail/progress__rosidl_typesupport_fastrtps_cpp.hpp
-- Up-to-date: /home/y/lxy_ROS2/ROS2_git/install/base_interface_demo/include/base_interface_demo/base_interface_demo/action/detail/dds_fastrtps
-- Up-to-date: /home/y/lxy_ROS2/ROS2_git/install/base_interface_demo/include/base_interface_demo/base_interface_demo/srv
-- Up-to-date: /home/y/lxy_ROS2/ROS2_git/install/base_interface_demo/include/base_interface_demo/base_interface_demo/srv/detail
-- Up-to-date: /home/y/lxy_ROS2/ROS2_git/install/base_interface_demo/include/base_interface_demo/base_interface_demo/srv/detail/dds_fastrtps
-- Up-to-date: /home/y/lxy_ROS2/ROS2_git/install/base_interface_demo/include/base_interface_demo/base_interface_demo/srv/detail/add_ints__rosidl_typesupport_fastrtps_cpp.hpp
-- Up-to-date: /home/y/lxy_ROS2/ROS2_git/install/base_interface_demo/lib/libbase_interface_demo__rosidl_typesupport_fastrtps_cpp.so
-- Up-to-date: /home/y/lxy_ROS2/ROS2_git/install/base_interface_demo/include/base_interface_demo/base_interface_demo
-- Up-to-date: /home/y/lxy_ROS2/ROS2_git/install/base_interface_demo/include/base_interface_demo/base_interface_demo/msg
-- Up-to-date: /home/y/lxy_ROS2/ROS2_git/install/base_interface_demo/include/base_interface_demo/base_interface_demo/msg/detail
-- Up-to-date: /home/y/lxy_ROS2/ROS2_git/install/base_interface_demo/include/base_interface_demo/base_interface_demo/msg/detail/student__rosidl_typesupport_introspection_cpp.hpp
-- Up-to-date: /home/y/lxy_ROS2/ROS2_git/install/base_interface_demo/include/base_interface_demo/base_interface_demo/msg/detail/student__type_support.cpp
-- Up-to-date: /home/y/lxy_ROS2/ROS2_git/install/base_interface_demo/include/base_interface_demo/base_interface_demo/action
-- Up-to-date: /home/y/lxy_ROS2/ROS2_git/install/base_interface_demo/include/base_interface_demo/base_interface_demo/action/detail
-- Up-to-date: /home/y/lxy_ROS2/ROS2_git/install/base_interface_demo/include/base_interface_demo/base_interface_demo/action/detail/progress__type_support.cpp
-- Up-to-date: /home/y/lxy_ROS2/ROS2_git/install/base_interface_demo/include/base_interface_demo/base_interface_demo/action/detail/progress__rosidl_typesupport_introspection_cpp.hpp
-- Up-to-date: /home/y/lxy_ROS2/ROS2_git/install/base_interface_demo/include/base_interface_demo/base_interface_demo/srv
-- Up-to-date: /home/y/lxy_ROS2/ROS2_git/install/base_interface_demo/include/base_interface_demo/base_interface_demo/srv/detail
-- Up-to-date: /home/y/lxy_ROS2/ROS2_git/install/base_interface_demo/include/base_interface_demo/base_interface_demo/srv/detail/add_ints__type_support.cpp
-- Up-to-date: /home/y/lxy_ROS2/ROS2_git/install/base_interface_demo/include/base_interface_demo/base_interface_demo/srv/detail/add_ints__rosidl_typesupport_introspection_cpp.hpp
-- Up-to-date: /home/y/lxy_ROS2/ROS2_git/install/base_interface_demo/lib/libbase_interface_demo__rosidl_typesupport_introspection_cpp.so
-- Up-to-date: /home/y/lxy_ROS2/ROS2_git/install/base_interface_demo/lib/libbase_interface_demo__rosidl_typesupport_cpp.so
-- Up-to-date: /home/y/lxy_ROS2/ROS2_git/install/base_interface_demo/share/base_interface_demo/environment/pythonpath.sh
-- Installing: /home/y/lxy_ROS2/ROS2_git/install/base_interface_demo/share/base_interface_demo/environment/pythonpath.dsv
-- Up-to-date: /home/y/lxy_ROS2/ROS2_git/install/base_interface_demo/local/lib/python3.10/dist-packages/base_interface_demo-0.0.0-py3.10.egg-info
-- Installing: /home/y/lxy_ROS2/ROS2_git/install/base_interface_demo/local/lib/python3.10/dist-packages/base_interface_demo-0.0.0-py3.10.egg-info/dependency_links.txt
-- Installing: /home/y/lxy_ROS2/ROS2_git/install/base_interface_demo/local/lib/python3.10/dist-packages/base_interface_demo-0.0.0-py3.10.egg-info/top_level.txt
-- Installing: /home/y/lxy_ROS2/ROS2_git/install/base_interface_demo/local/lib/python3.10/dist-packages/base_interface_demo-0.0.0-py3.10.egg-info/PKG-INFO
-- Installing: /home/y/lxy_ROS2/ROS2_git/install/base_interface_demo/local/lib/python3.10/dist-packages/base_interface_demo-0.0.0-py3.10.egg-info/SOURCES.txt
-- Up-to-date: /home/y/lxy_ROS2/ROS2_git/install/base_interface_demo/local/lib/python3.10/dist-packages/base_interface_demo
-- Installing: /home/y/lxy_ROS2/ROS2_git/install/base_interface_demo/local/lib/python3.10/dist-packages/base_interface_demo/__init__.py
-- Up-to-date: /home/y/lxy_ROS2/ROS2_git/install/base_interface_demo/local/lib/python3.10/dist-packages/base_interface_demo/_base_interface_demo_s.ep.rosidl_typesupport_introspection_c.c
-- Up-to-date: /home/y/lxy_ROS2/ROS2_git/install/base_interface_demo/local/lib/python3.10/dist-packages/base_interface_demo/msg
-- Up-to-date: /home/y/lxy_ROS2/ROS2_git/install/base_interface_demo/local/lib/python3.10/dist-packages/base_interface_demo/msg/_student_s.c
-- Up-to-date: /home/y/lxy_ROS2/ROS2_git/install/base_interface_demo/local/lib/python3.10/dist-packages/base_interface_demo/msg/__init__.py
-- Up-to-date: /home/y/lxy_ROS2/ROS2_git/install/base_interface_demo/local/lib/python3.10/dist-packages/base_interface_demo/msg/_student.py
-- Up-to-date: /home/y/lxy_ROS2/ROS2_git/install/base_interface_demo/local/lib/python3.10/dist-packages/base_interface_demo/libbase_interface_demo__rosidl_generator_py.so
-- Up-to-date: /home/y/lxy_ROS2/ROS2_git/install/base_interface_demo/local/lib/python3.10/dist-packages/base_interface_demo/_base_interface_demo_s.ep.rosidl_typesupport_fastrtps_c.c
-- Up-to-date: /home/y/lxy_ROS2/ROS2_git/install/base_interface_demo/local/lib/python3.10/dist-packages/base_interface_demo/_base_interface_demo_s.ep.rosidl_typesupport_c.c
-- Up-to-date: /home/y/lxy_ROS2/ROS2_git/install/base_interface_demo/local/lib/python3.10/dist-packages/base_interface_demo/base_interface_demo_s__rosidl_typesupport_fastrtps_c.cpython-310-x86_64-linux-gnu.so
-- Up-to-date: /home/y/lxy_ROS2/ROS2_git/install/base_interface_demo/local/lib/python3.10/dist-packages/base_interface_demo/base_interface_demo_s__rosidl_typesupport_c.cpython-310-x86_64-linux-gnu.so
-- Up-to-date: /home/y/lxy_ROS2/ROS2_git/install/base_interface_demo/local/lib/python3.10/dist-packages/base_interface_demo/action
-- Up-to-date: /home/y/lxy_ROS2/ROS2_git/install/base_interface_demo/local/lib/python3.10/dist-packages/base_interface_demo/action/__init__.py
-- Up-to-date: /home/y/lxy_ROS2/ROS2_git/install/base_interface_demo/local/lib/python3.10/dist-packages/base_interface_demo/action/_progress_s.c
-- Up-to-date: /home/y/lxy_ROS2/ROS2_git/install/base_interface_demo/local/lib/python3.10/dist-packages/base_interface_demo/action/_progress.py
-- Up-to-date: /home/y/lxy_ROS2/ROS2_git/install/base_interface_demo/local/lib/python3.10/dist-packages/base_interface_demo/base_interface_demo_s__rosidl_typesupport_introspection_c.cpython-310-x86_64-linux-gnu.so
-- Up-to-date: /home/y/lxy_ROS2/ROS2_git/install/base_interface_demo/local/lib/python3.10/dist-packages/base_interface_demo/srv
-- Up-to-date: /home/y/lxy_ROS2/ROS2_git/install/base_interface_demo/local/lib/python3.10/dist-packages/base_interface_demo/srv/__init__.py
-- Up-to-date: /home/y/lxy_ROS2/ROS2_git/install/base_interface_demo/local/lib/python3.10/dist-packages/base_interface_demo/srv/_add_ints_s.c
-- Up-to-date: /home/y/lxy_ROS2/ROS2_git/install/base_interface_demo/local/lib/python3.10/dist-packages/base_interface_demo/srv/_add_ints.py
Listing '/home/y/lxy_ROS2/ROS2_git/install/base_interface_demo/local/lib/python3.10/dist-packages/base_interface_demo'...
Compiling '/home/y/lxy_ROS2/ROS2_git/install/base_interface_demo/local/lib/python3.10/dist-packages/base_interface_demo/__init__.py'...
Listing '/home/y/lxy_ROS2/ROS2_git/install/base_interface_demo/local/lib/python3.10/dist-packages/base_interface_demo/action'...
Listing '/home/y/lxy_ROS2/ROS2_git/install/base_interface_demo/local/lib/python3.10/dist-packages/base_interface_demo/msg'...
Listing '/home/y/lxy_ROS2/ROS2_git/install/base_interface_demo/local/lib/python3.10/dist-packages/base_interface_demo/srv'...
-- Up-to-date: /home/y/lxy_ROS2/ROS2_git/install/base_interface_demo/local/lib/python3.10/dist-packages/base_interface_demo/base_interface_demo_s__rosidl_typesupport_fastrtps_c.cpython-310-x86_64-linux-gnu.so
-- Up-to-date: /home/y/lxy_ROS2/ROS2_git/install/base_interface_demo/local/lib/python3.10/dist-packages/base_interface_demo/base_interface_demo_s__rosidl_typesupport_introspection_c.cpython-310-x86_64-linux-gnu.so
-- Up-to-date: /home/y/lxy_ROS2/ROS2_git/install/base_interface_demo/local/lib/python3.10/dist-packages/base_interface_demo/base_interface_demo_s__rosidl_typesupport_c.cpython-310-x86_64-linux-gnu.so
-- Up-to-date: /home/y/lxy_ROS2/ROS2_git/install/base_interface_demo/lib/libbase_interface_demo__rosidl_generator_py.so
-- Up-to-date: /home/y/lxy_ROS2/ROS2_git/install/base_interface_demo/share/base_interface_demo/msg/Student.idl
-- Up-to-date: /home/y/lxy_ROS2/ROS2_git/install/base_interface_demo/share/base_interface_demo/srv/AddInts.idl
-- Up-to-date: /home/y/lxy_ROS2/ROS2_git/install/base_interface_demo/share/base_interface_demo/action/Progress.idl
-- Up-to-date: /home/y/lxy_ROS2/ROS2_git/install/base_interface_demo/share/base_interface_demo/msg/Student.msg
-- Up-to-date: /home/y/lxy_ROS2/ROS2_git/install/base_interface_demo/share/base_interface_demo/srv/AddInts.srv
-- Up-to-date: /home/y/lxy_ROS2/ROS2_git/install/base_interface_demo/share/base_interface_demo/srv/AddInts_Request.msg
-- Up-to-date: /home/y/lxy_ROS2/ROS2_git/install/base_interface_demo/share/base_interface_demo/srv/AddInts_Response.msg
-- Up-to-date: /home/y/lxy_ROS2/ROS2_git/install/base_interface_demo/share/base_interface_demo/action/Progress.action
-- Up-to-date: /home/y/lxy_ROS2/ROS2_git/install/base_interface_demo/share/ament_index/resource_index/package_run_dependencies/base_interface_demo
-- Up-to-date: /home/y/lxy_ROS2/ROS2_git/install/base_interface_demo/share/ament_index/resource_index/parent_prefix_path/base_interface_demo
-- Up-to-date: /home/y/lxy_ROS2/ROS2_git/install/base_interface_demo/share/base_interface_demo/environment/ament_prefix_path.sh
-- Installing: /home/y/lxy_ROS2/ROS2_git/install/base_interface_demo/share/base_interface_demo/environment/ament_prefix_path.dsv
-- Up-to-date: /home/y/lxy_ROS2/ROS2_git/install/base_interface_demo/share/base_interface_demo/environment/path.sh
-- Installing: /home/y/lxy_ROS2/ROS2_git/install/base_interface_demo/share/base_interface_demo/environment/path.dsv
-- Up-to-date: /home/y/lxy_ROS2/ROS2_git/install/base_interface_demo/share/base_interface_demo/local_setup.bash
-- Up-to-date: /home/y/lxy_ROS2/ROS2_git/install/base_interface_demo/share/base_interface_demo/local_setup.sh
-- Up-to-date: /home/y/lxy_ROS2/ROS2_git/install/base_interface_demo/share/base_interface_demo/local_setup.zsh
-- Installing: /home/y/lxy_ROS2/ROS2_git/install/base_interface_demo/share/base_interface_demo/local_setup.dsv
-- Installing: /home/y/lxy_ROS2/ROS2_git/install/base_interface_demo/share/base_interface_demo/package.dsv
-- Up-to-date: /home/y/lxy_ROS2/ROS2_git/install/base_interface_demo/share/ament_index/resource_index/packages/base_interface_demo
-- Up-to-date: /home/y/lxy_ROS2/ROS2_git/install/base_interface_demo/share/base_interface_demo/cmake/export_base_interface_demo__rosidl_generator_cExport.cmake
-- Up-to-date: /home/y/lxy_ROS2/ROS2_git/install/base_interface_demo/share/base_interface_demo/cmake/export_base_interface_demo__rosidl_generator_cExport-noconfig.cmake
-- Up-to-date: /home/y/lxy_ROS2/ROS2_git/install/base_interface_demo/share/base_interface_demo/cmake/export_base_interface_demo__rosidl_typesupport_fastrtps_cExport.cmake
-- Up-to-date: /home/y/lxy_ROS2/ROS2_git/install/base_interface_demo/share/base_interface_demo/cmake/export_base_interface_demo__rosidl_typesupport_fastrtps_cExport-noconfig.cmake
-- Up-to-date: /home/y/lxy_ROS2/ROS2_git/install/base_interface_demo/share/base_interface_demo/cmake/base_interface_demo__rosidl_typesupport_introspection_cExport.cmake
-- Up-to-date: /home/y/lxy_ROS2/ROS2_git/install/base_interface_demo/share/base_interface_demo/cmake/base_interface_demo__rosidl_typesupport_introspection_cExport-noconfig.cmake
-- Up-to-date: /home/y/lxy_ROS2/ROS2_git/install/base_interface_demo/share/base_interface_demo/cmake/base_interface_demo__rosidl_typesupport_cExport.cmake
-- Up-to-date: /home/y/lxy_ROS2/ROS2_git/install/base_interface_demo/share/base_interface_demo/cmake/base_interface_demo__rosidl_typesupport_cExport-noconfig.cmake
-- Up-to-date: /home/y/lxy_ROS2/ROS2_git/install/base_interface_demo/share/base_interface_demo/cmake/export_base_interface_demo__rosidl_generator_cppExport.cmake
-- Up-to-date: /home/y/lxy_ROS2/ROS2_git/install/base_interface_demo/share/base_interface_demo/cmake/export_base_interface_demo__rosidl_typesupport_fastrtps_cppExport.cmake
-- Up-to-date: /home/y/lxy_ROS2/ROS2_git/install/base_interface_demo/share/base_interface_demo/cmake/export_base_interface_demo__rosidl_typesupport_fastrtps_cppExport-noconfig.cmake
-- Up-to-date: /home/y/lxy_ROS2/ROS2_git/install/base_interface_demo/share/base_interface_demo/cmake/base_interface_demo__rosidl_typesupport_introspection_cppExport.cmake
-- Up-to-date: /home/y/lxy_ROS2/ROS2_git/install/base_interface_demo/share/base_interface_demo/cmake/base_interface_demo__rosidl_typesupport_introspection_cppExport-noconfig.cmake
-- Up-to-date: /home/y/lxy_ROS2/ROS2_git/install/base_interface_demo/share/base_interface_demo/cmake/base_interface_demo__rosidl_typesupport_cppExport.cmake
-- Up-to-date: /home/y/lxy_ROS2/ROS2_git/install/base_interface_demo/share/base_interface_demo/cmake/base_interface_demo__rosidl_typesupport_cppExport-noconfig.cmake
-- Up-to-date: /home/y/lxy_ROS2/ROS2_git/install/base_interface_demo/share/base_interface_demo/cmake/export_base_interface_demo__rosidl_generator_pyExport.cmake
-- Up-to-date: /home/y/lxy_ROS2/ROS2_git/install/base_interface_demo/share/base_interface_demo/cmake/export_base_interface_demo__rosidl_generator_pyExport-noconfig.cmake
-- Up-to-date: /home/y/lxy_ROS2/ROS2_git/install/base_interface_demo/share/base_interface_demo/cmake/rosidl_cmake-extras.cmake
-- Up-to-date: /home/y/lxy_ROS2/ROS2_git/install/base_interface_demo/share/base_interface_demo/cmake/ament_cmake_export_dependencies-extras.cmake
-- Up-to-date: /home/y/lxy_ROS2/ROS2_git/install/base_interface_demo/share/base_interface_demo/cmake/ament_cmake_export_include_directories-extras.cmake
-- Up-to-date: /home/y/lxy_ROS2/ROS2_git/install/base_interface_demo/share/base_interface_demo/cmake/ament_cmake_export_libraries-extras.cmake
-- Up-to-date: /home/y/lxy_ROS2/ROS2_git/install/base_interface_demo/share/base_interface_demo/cmake/ament_cmake_export_targets-extras.cmake
-- Up-to-date: /home/y/lxy_ROS2/ROS2_git/install/base_interface_demo/share/base_interface_demo/cmake/rosidl_cmake_export_typesupport_targets-extras.cmake
-- Up-to-date: /home/y/lxy_ROS2/ROS2_git/install/base_interface_demo/share/base_interface_demo/cmake/rosidl_cmake_export_typesupport_libraries-extras.cmake
-- Up-to-date: /home/y/lxy_ROS2/ROS2_git/install/base_interface_demo/share/base_interface_demo/cmake/base_interface_demoConfig.cmake
-- Up-to-date: /home/y/lxy_ROS2/ROS2_git/install/base_interface_demo/share/base_interface_demo/cmake/base_interface_demoConfig-version.cmake
-- Installing: /home/y/lxy_ROS2/ROS2_git/install/base_interface_demo/share/base_interface_demo/package.xml
