[0.013s] Invoking command in '/home/y/lxy_ROS2/ROS2_git/build/pk02_topic_cpp': CMAKE_PREFIX_PATH=${CMAKE_PREFIX_PATH}:/home/y/lxy_ROS2/ws00_helloworld/install/pkg02_helloworld_py:/opt/ros/humble /usr/local/bin/cmake --build /home/y/lxy_ROS2/ROS2_git/build/pk02_topic_cpp -- -j4 -l4
[0.036s] [ 25%] [32mBuilding CXX object CMakeFiles/demo03_talker_stu.dir/src/demo03_talk_stu.cpp.o[0m
[0.036s] [ 37%] Built target demo01_talk_str
[0.036s] [ 62%] Built target demo02_listen_str
[0.039s] [ 75%] [32mBuilding CXX object CMakeFiles/demo04_listen_stu.dir/src/demo04_listen_stu.cpp.o[0m
[3.055s] [ 87%] [32m[1mLinking CXX executable demo03_talker_stu[0m
[3.183s] [ 87%] Built target demo03_talker_stu
[5.749s] [100%] [32m[1mLinking CXX executable demo04_listen_stu[0m
[6.000s] [100%] Built target demo04_listen_stu
[6.004s] Invoked command in '/home/y/lxy_ROS2/ROS2_git/build/pk02_topic_cpp' returned '0': CMAKE_PREFIX_PATH=${CMAKE_PREFIX_PATH}:/home/y/lxy_ROS2/ws00_helloworld/install/pkg02_helloworld_py:/opt/ros/humble /usr/local/bin/cmake --build /home/y/lxy_ROS2/ROS2_git/build/pk02_topic_cpp -- -j4 -l4
[6.033s] Invoking command in '/home/y/lxy_ROS2/ROS2_git/build/pk02_topic_cpp': CMAKE_PREFIX_PATH=${CMAKE_PREFIX_PATH}:/home/y/lxy_ROS2/ws00_helloworld/install/pkg02_helloworld_py:/opt/ros/humble /usr/local/bin/cmake --install /home/y/lxy_ROS2/ROS2_git/build/pk02_topic_cpp
[6.034s] -- Install configuration: ""
[6.035s] -- Up-to-date: /home/y/lxy_ROS2/ROS2_git/install/pk02_topic_cpp/lib/pk02_topic_cpp/demo01_talk_str
[6.035s] -- Up-to-date: /home/y/lxy_ROS2/ROS2_git/install/pk02_topic_cpp/lib/pk02_topic_cpp/demo02_listen_str
[6.035s] -- Installing: /home/y/lxy_ROS2/ROS2_git/install/pk02_topic_cpp/lib/pk02_topic_cpp/demo03_talker_stu
[6.036s] -- Set runtime path of "/home/y/lxy_ROS2/ROS2_git/install/pk02_topic_cpp/lib/pk02_topic_cpp/demo03_talker_stu" to ""
[6.036s] -- Installing: /home/y/lxy_ROS2/ROS2_git/install/pk02_topic_cpp/lib/pk02_topic_cpp/demo04_listen_stu
[6.038s] -- Set runtime path of "/home/y/lxy_ROS2/ROS2_git/install/pk02_topic_cpp/lib/pk02_topic_cpp/demo04_listen_stu" to ""
[6.038s] -- Up-to-date: /home/y/lxy_ROS2/ROS2_git/install/pk02_topic_cpp/share/ament_index/resource_index/package_run_dependencies/pk02_topic_cpp
[6.038s] -- Up-to-date: /home/y/lxy_ROS2/ROS2_git/install/pk02_topic_cpp/share/ament_index/resource_index/parent_prefix_path/pk02_topic_cpp
[6.038s] -- Up-to-date: /home/y/lxy_ROS2/ROS2_git/install/pk02_topic_cpp/share/pk02_topic_cpp/environment/ament_prefix_path.sh
[6.038s] -- Up-to-date: /home/y/lxy_ROS2/ROS2_git/install/pk02_topic_cpp/share/pk02_topic_cpp/environment/ament_prefix_path.dsv
[6.038s] -- Up-to-date: /home/y/lxy_ROS2/ROS2_git/install/pk02_topic_cpp/share/pk02_topic_cpp/environment/path.sh
[6.039s] -- Up-to-date: /home/y/lxy_ROS2/ROS2_git/install/pk02_topic_cpp/share/pk02_topic_cpp/environment/path.dsv
[6.039s] -- Up-to-date: /home/y/lxy_ROS2/ROS2_git/install/pk02_topic_cpp/share/pk02_topic_cpp/local_setup.bash
[6.039s] -- Up-to-date: /home/y/lxy_ROS2/ROS2_git/install/pk02_topic_cpp/share/pk02_topic_cpp/local_setup.sh
[6.039s] -- Up-to-date: /home/y/lxy_ROS2/ROS2_git/install/pk02_topic_cpp/share/pk02_topic_cpp/local_setup.zsh
[6.039s] -- Up-to-date: /home/y/lxy_ROS2/ROS2_git/install/pk02_topic_cpp/share/pk02_topic_cpp/local_setup.dsv
[6.039s] -- Installing: /home/y/lxy_ROS2/ROS2_git/install/pk02_topic_cpp/share/pk02_topic_cpp/package.dsv
[6.039s] -- Up-to-date: /home/y/lxy_ROS2/ROS2_git/install/pk02_topic_cpp/share/ament_index/resource_index/packages/pk02_topic_cpp
[6.039s] -- Up-to-date: /home/y/lxy_ROS2/ROS2_git/install/pk02_topic_cpp/share/pk02_topic_cpp/cmake/pk02_topic_cppConfig.cmake
[6.039s] -- Up-to-date: /home/y/lxy_ROS2/ROS2_git/install/pk02_topic_cpp/share/pk02_topic_cpp/cmake/pk02_topic_cppConfig-version.cmake
[6.039s] -- Up-to-date: /home/y/lxy_ROS2/ROS2_git/install/pk02_topic_cpp/share/pk02_topic_cpp/package.xml
[6.040s] Invoked command in '/home/y/lxy_ROS2/ROS2_git/build/pk02_topic_cpp' returned '0': CMAKE_PREFIX_PATH=${CMAKE_PREFIX_PATH}:/home/y/lxy_ROS2/ws00_helloworld/install/pkg02_helloworld_py:/opt/ros/humble /usr/local/bin/cmake --install /home/y/lxy_ROS2/ROS2_git/build/pk02_topic_cpp
