[0.010s] Invoking command in '/home/y/lxy_ROS2/ROS2_git/src/pk02_topic_cpp/build/pk02_topic_cpp': CMAKE_PREFIX_PATH=${CMAKE_PREFIX_PATH}:/home/y/lxy_ROS2/ws00_helloworld/install/pkg02_helloworld_py:/opt/ros/humble /usr/local/bin/cmake --build /home/y/lxy_ROS2/ROS2_git/src/pk02_topic_cpp/build/pk02_topic_cpp -- -j4 -l4
[0.022s] -- Found ament_cmake: 1.3.10 (/opt/ros/humble/share/ament_cmake/cmake)
[0.091s] -- Found rclcpp: 16.0.10 (/opt/ros/humble/share/rclcpp/cmake)
[0.112s] -- Found rosidl_generator_c: 3.1.5 (/opt/ros/humble/share/rosidl_generator_c/cmake)
[0.114s] -- Found rosidl_adapter: 3.1.5 (/opt/ros/humble/share/rosidl_adapter/cmake)
[0.118s] -- Found rosidl_generator_cpp: 3.1.5 (/opt/ros/humble/share/rosidl_generator_cpp/cmake)
[0.126s] -- Using all available rosidl_typesupport_c: rosidl_typesupport_fastrtps_c;rosidl_typesupport_introspection_c
[0.135s] -- Using all available rosidl_typesupport_cpp: rosidl_typesupport_fastrtps_cpp;rosidl_typesupport_introspection_cpp
[0.160s] -- Found rmw_implementation_cmake: 6.1.2 (/opt/ros/humble/share/rmw_implementation_cmake/cmake)
[0.162s] -- Found rmw_fastrtps_cpp: 6.2.7 (/opt/ros/humble/share/rmw_fastrtps_cpp/cmake)
[0.243s] -- Using RMW implementation 'rmw_fastrtps_cpp' as default
[0.293s] [31mCMake Error at CMakeLists.txt:12 (find_package):
[0.293s]   By not providing "Findbase_interfaces.cmake" in CMAKE_MODULE_PATH this
[0.293s]   project has asked CMake to find a package configuration file provided by
[0.293s]   "base_interfaces", but CMake did not find one.
[0.293s] 
[0.293s]   Could not find a package configuration file provided by "base_interfaces"
[0.293s]   with any of the following names:
[0.293s] 
[0.293s]     base_interfacesConfig.cmake
[0.294s]     base_interfaces-config.cmake
[0.294s] 
[0.294s]   Add the installation prefix of "base_interfaces" to CMAKE_PREFIX_PATH or
[0.294s]   set "base_interfaces_DIR" to a directory containing one of the above files.
[0.294s]   If "base_interfaces" provides a separate development package or SDK, be
[0.294s]   sure it has been installed.
[0.294s] 
[0.294s] [0m
[0.294s] -- Configuring incomplete, errors occurred!
[0.298s] gmake: *** [Makefile:267: cmake_check_build_system] Error 1
[0.299s] Invoked command in '/home/y/lxy_ROS2/ROS2_git/src/pk02_topic_cpp/build/pk02_topic_cpp' returned '2': CMAKE_PREFIX_PATH=${CMAKE_PREFIX_PATH}:/home/y/lxy_ROS2/ws00_helloworld/install/pkg02_helloworld_py:/opt/ros/humble /usr/local/bin/cmake --build /home/y/lxy_ROS2/ROS2_git/src/pk02_topic_cpp/build/pk02_topic_cpp -- -j4 -l4
