[0.020s] Invoking command in '/home/y/lxy_ROS2/ROS2_git/build/base_interface_demo': CMAKE_PREFIX_PATH=${CMAKE_PREFIX_PATH}:/home/y/lxy_ROS2/ws00_helloworld/install/pkg02_helloworld_py:/opt/ros/humble /usr/local/bin/cmake --build /home/y/lxy_ROS2/ROS2_git/build/base_interface_demo -- -j4 -l4
[0.036s] -- Found ament_cmake: 1.3.10 (/opt/ros/humble/share/ament_cmake/cmake)
[0.134s] -- Found rosidl_default_generators: 1.2.0 (/opt/ros/humble/share/rosidl_default_generators/cmake)
[0.139s] -- Using all available rosidl_typesupport_c: rosidl_typesupport_fastrtps_c;rosidl_typesupport_introspection_c
[0.142s] -- Found rosidl_adapter: 3.1.5 (/opt/ros/humble/share/rosidl_adapter/cmake)
[0.166s] -- Using all available rosidl_typesupport_cpp: rosidl_typesupport_fastrtps_cpp;rosidl_typesupport_introspection_cpp
[0.329s] -- Found ament_cmake_ros: 0.10.0 (/opt/ros/humble/share/ament_cmake_ros/cmake)
[0.410s] -- Using all available rosidl_typesupport_c: rosidl_typesupport_fastrtps_c;rosidl_typesupport_introspection_c
[0.538s] -- Using all available rosidl_typesupport_cpp: rosidl_typesupport_fastrtps_cpp;rosidl_typesupport_introspection_cpp
[0.557s] -- Found PythonInterp: /usr/bin/python3 (found suitable version "3.10.12", minimum required is "3.6") 
[0.563s] -- Found python_cmake_module: 0.10.0 (/opt/ros/humble/share/python_cmake_module/cmake)
[0.593s] -- Found PythonLibs: /usr/lib/x86_64-linux-gnu/libpython3.10.so (found suitable version "3.10.12", minimum required is "3.5") 
[0.593s] -- Using PYTHON_EXECUTABLE: /usr/bin/python3
[0.593s] -- Using PYTHON_INCLUDE_DIRS: /usr/include/python3.10
[0.593s] -- Using PYTHON_LIBRARIES: /usr/lib/x86_64-linux-gnu/libpython3.10.so
[0.611s] -- Found PythonExtra: .so  
[0.646s] -- Found ament_lint_auto: 0.12.11 (/opt/ros/humble/share/ament_lint_auto/cmake)
[0.660s] -- Added test 'lint_cmake' to check CMake code style
[0.661s] -- Added test 'xmllint' to check XML markup files
[0.662s] -- Configuring done (0.6s)
[0.683s] -- Generating done (0.0s)
[0.685s] -- Build files have been written to: /home/y/lxy_ROS2/ROS2_git/build/base_interface_demo
[0.697s] [  3%] [34m[1mGenerating C code for ROS interfaces[0m
[0.705s] [  6%] [34m[1mGenerating C++ code for ROS interfaces[0m
[0.708s] [  6%] Built target ament_cmake_python_copy_base_interface_demo
[0.907s] [  6%] Built target base_interface_demo__cpp
[0.911s] [  9%] [34m[1mGenerating C++ type support dispatch for ROS interfaces[0m
[0.914s] [ 12%] [34m[1mGenerating C++ type support for eProsima Fast-RTPS[0m
[0.918s] [ 16%] [32mBuilding C object CMakeFiles/base_interface_demo__rosidl_generator_c.dir/rosidl_generator_c/base_interface_demo/msg/detail/student__functions.c.o[0m
[0.920s] running egg_info
[0.921s] creating base_interface_demo.egg-info
[0.921s] writing base_interface_demo.egg-info/PKG-INFO
[0.922s] writing dependency_links to base_interface_demo.egg-info/dependency_links.txt
[0.923s] writing top-level names to base_interface_demo.egg-info/top_level.txt
[0.923s] writing manifest file 'base_interface_demo.egg-info/SOURCES.txt'
[0.929s] reading manifest file 'base_interface_demo.egg-info/SOURCES.txt'
[0.932s] writing manifest file 'base_interface_demo.egg-info/SOURCES.txt'
[0.962s] [ 16%] Built target ament_cmake_python_build_base_interface_demo_egg
[0.968s] [ 19%] [34m[1mGenerating C++ introspection for ROS interfaces[0m
[1.077s] [ 22%] [32m[1mLinking C shared library libbase_interface_demo__rosidl_generator_c.so[0m
[1.094s] [ 25%] [32mBuilding CXX object CMakeFiles/base_interface_demo__rosidl_typesupport_fastrtps_cpp.dir/rosidl_typesupport_fastrtps_cpp/base_interface_demo/msg/detail/dds_fastrtps/student__type_support.cpp.o[0m
[1.109s] [ 29%] [32mBuilding CXX object CMakeFiles/base_interface_demo__rosidl_typesupport_cpp.dir/rosidl_typesupport_cpp/base_interface_demo/msg/student__type_support.cpp.o[0m
[1.113s] [ 29%] Built target base_interface_demo__rosidl_generator_c
[1.117s] [ 32%] [34m[1mGenerating C type support for eProsima Fast-RTPS[0m
[1.174s] [ 35%] [32mBuilding CXX object CMakeFiles/base_interface_demo__rosidl_typesupport_introspection_cpp.dir/rosidl_typesupport_introspection_cpp/base_interface_demo/msg/detail/student__type_support.cpp.o[0m
[1.339s] [ 38%] [32mBuilding CXX object CMakeFiles/base_interface_demo__rosidl_typesupport_fastrtps_c.dir/rosidl_typesupport_fastrtps_c/base_interface_demo/msg/detail/student__type_support_c.cpp.o[0m
[1.408s] [ 41%] [32m[1mLinking CXX shared library libbase_interface_demo__rosidl_typesupport_cpp.so[0m
[1.433s] [ 45%] Built target base_interface_demo__rosidl_typesupport_cpp
[1.435s] [ 45%] [32m[1mLinking CXX shared library libbase_interface_demo__rosidl_typesupport_fastrtps_cpp.so[0m
[1.442s] [ 48%] [34m[1mGenerating C introspection for ROS interfaces[0m
[1.482s] [ 51%] [32m[1mLinking CXX shared library libbase_interface_demo__rosidl_typesupport_introspection_cpp.so[0m
[1.526s] [ 51%] Built target base_interface_demo__rosidl_typesupport_introspection_cpp
[1.542s] [ 54%] [34m[1mGenerating C type support dispatch for ROS interfaces[0m
[1.580s] [ 54%] Built target base_interface_demo__rosidl_typesupport_fastrtps_cpp
[1.692s] [ 58%] [32m[1mLinking CXX shared library libbase_interface_demo__rosidl_typesupport_fastrtps_c.so[0m
[1.734s] [ 61%] [32mBuilding C object CMakeFiles/base_interface_demo__rosidl_typesupport_introspection_c.dir/rosidl_typesupport_introspection_c/base_interface_demo/msg/detail/student__type_support.c.o[0m
[1.769s] [ 64%] [32m[1mLinking C shared library libbase_interface_demo__rosidl_typesupport_introspection_c.so[0m
[1.795s] [ 64%] Built target base_interface_demo__rosidl_typesupport_introspection_c
[1.823s] [ 64%] Built target base_interface_demo__rosidl_typesupport_fastrtps_c
[1.853s] [ 67%] [32mBuilding CXX object CMakeFiles/base_interface_demo__rosidl_typesupport_c.dir/rosidl_typesupport_c/base_interface_demo/msg/student__type_support.cpp.o[0m
[1.877s] [ 70%] [32m[1mLinking CXX shared library libbase_interface_demo__rosidl_typesupport_c.so[0m
[1.898s] [ 70%] Built target base_interface_demo__rosidl_typesupport_c
[1.907s] [ 70%] Built target base_interface_demo
[1.915s] [ 74%] [34m[1mGenerating Python code for ROS interfaces[0m
[2.098s] [ 74%] Built target base_interface_demo__py
[2.106s] [ 77%] [32mBuilding C object CMakeFiles/base_interface_demo__rosidl_generator_py.dir/rosidl_generator_py/base_interface_demo/msg/_student_s.c.o[0m
[2.218s] [ 80%] [32m[1mLinking C shared library rosidl_generator_py/base_interface_demo/libbase_interface_demo__rosidl_generator_py.so[0m
[2.238s] [ 80%] Built target base_interface_demo__rosidl_generator_py
[2.249s] [ 87%] [32mBuilding C object CMakeFiles/base_interface_demo__rosidl_typesupport_fastrtps_c__pyext.dir/rosidl_generator_py/base_interface_demo/_base_interface_demo_s.ep.rosidl_typesupport_fastrtps_c.c.o[0m
[2.249s] [ 87%] [32mBuilding C object CMakeFiles/base_interface_demo__rosidl_typesupport_c__pyext.dir/rosidl_generator_py/base_interface_demo/_base_interface_demo_s.ep.rosidl_typesupport_c.c.o[0m
[2.251s] [ 90%] [32mBuilding C object CMakeFiles/base_interface_demo__rosidl_typesupport_introspection_c__pyext.dir/rosidl_generator_py/base_interface_demo/_base_interface_demo_s.ep.rosidl_typesupport_introspection_c.c.o[0m
[2.312s] [ 93%] [32m[1mLinking C shared library rosidl_generator_py/base_interface_demo/base_interface_demo_s__rosidl_typesupport_introspection_c.cpython-310-x86_64-linux-gnu.so[0m
[2.317s] [ 96%] [32m[1mLinking C shared library rosidl_generator_py/base_interface_demo/base_interface_demo_s__rosidl_typesupport_c.cpython-310-x86_64-linux-gnu.so[0m
[2.320s] [100%] [32m[1mLinking C shared library rosidl_generator_py/base_interface_demo/base_interface_demo_s__rosidl_typesupport_fastrtps_c.cpython-310-x86_64-linux-gnu.so[0m
[2.334s] [100%] Built target base_interface_demo__rosidl_typesupport_introspection_c__pyext
[2.340s] [100%] Built target base_interface_demo__rosidl_typesupport_fastrtps_c__pyext
[2.340s] [100%] Built target base_interface_demo__rosidl_typesupport_c__pyext
[2.345s] Invoked command in '/home/y/lxy_ROS2/ROS2_git/build/base_interface_demo' returned '0': CMAKE_PREFIX_PATH=${CMAKE_PREFIX_PATH}:/home/y/lxy_ROS2/ws00_helloworld/install/pkg02_helloworld_py:/opt/ros/humble /usr/local/bin/cmake --build /home/y/lxy_ROS2/ROS2_git/build/base_interface_demo -- -j4 -l4
[2.397s] Invoking command in '/home/y/lxy_ROS2/ROS2_git/build/base_interface_demo': CMAKE_PREFIX_PATH=${CMAKE_PREFIX_PATH}:/home/y/lxy_ROS2/ws00_helloworld/install/pkg02_helloworld_py:/opt/ros/humble /usr/local/bin/cmake --install /home/y/lxy_ROS2/ROS2_git/build/base_interface_demo
[2.400s] -- Install configuration: ""
[2.400s] -- Installing: /home/y/lxy_ROS2/ROS2_git/install/base_interface_demo/share/ament_index/resource_index/rosidl_interfaces/base_interface_demo
[2.400s] -- Installing: /home/y/lxy_ROS2/ROS2_git/install/base_interface_demo/include/base_interface_demo/base_interface_demo
[2.400s] -- Installing: /home/y/lxy_ROS2/ROS2_git/install/base_interface_demo/include/base_interface_demo/base_interface_demo/msg
[2.402s] -- Installing: /home/y/lxy_ROS2/ROS2_git/install/base_interface_demo/include/base_interface_demo/base_interface_demo/msg/rosidl_generator_c__visibility_control.h
[2.402s] -- Installing: /home/y/lxy_ROS2/ROS2_git/install/base_interface_demo/include/base_interface_demo/base_interface_demo/msg/detail
[2.402s] -- Installing: /home/y/lxy_ROS2/ROS2_git/install/base_interface_demo/include/base_interface_demo/base_interface_demo/msg/detail/student__type_support.h
[2.402s] -- Installing: /home/y/lxy_ROS2/ROS2_git/install/base_interface_demo/include/base_interface_demo/base_interface_demo/msg/detail/student__functions.c
[2.402s] -- Installing: /home/y/lxy_ROS2/ROS2_git/install/base_interface_demo/include/base_interface_demo/base_interface_demo/msg/detail/student__functions.h
[2.402s] -- Installing: /home/y/lxy_ROS2/ROS2_git/install/base_interface_demo/include/base_interface_demo/base_interface_demo/msg/detail/student__struct.h
[2.402s] -- Installing: /home/y/lxy_ROS2/ROS2_git/install/base_interface_demo/include/base_interface_demo/base_interface_demo/msg/student.h
[2.402s] -- Installing: /home/y/lxy_ROS2/ROS2_git/install/base_interface_demo/share/base_interface_demo/environment/library_path.sh
[2.402s] -- Installing: /home/y/lxy_ROS2/ROS2_git/install/base_interface_demo/share/base_interface_demo/environment/library_path.dsv
[2.402s] -- Installing: /home/y/lxy_ROS2/ROS2_git/install/base_interface_demo/lib/libbase_interface_demo__rosidl_generator_c.so
[2.402s] -- Set runtime path of "/home/y/lxy_ROS2/ROS2_git/install/base_interface_demo/lib/libbase_interface_demo__rosidl_generator_c.so" to ""
[2.402s] -- Up-to-date: /home/y/lxy_ROS2/ROS2_git/install/base_interface_demo/include/base_interface_demo/base_interface_demo
[2.402s] -- Up-to-date: /home/y/lxy_ROS2/ROS2_git/install/base_interface_demo/include/base_interface_demo/base_interface_demo/msg
[2.402s] -- Up-to-date: /home/y/lxy_ROS2/ROS2_git/install/base_interface_demo/include/base_interface_demo/base_interface_demo/msg/detail
[2.402s] -- Installing: /home/y/lxy_ROS2/ROS2_git/install/base_interface_demo/include/base_interface_demo/base_interface_demo/msg/detail/student__rosidl_typesupport_fastrtps_c.h
[2.402s] -- Installing: /home/y/lxy_ROS2/ROS2_git/install/base_interface_demo/include/base_interface_demo/base_interface_demo/msg/rosidl_typesupport_fastrtps_c__visibility_control.h
[2.402s] -- Installing: /home/y/lxy_ROS2/ROS2_git/install/base_interface_demo/lib/libbase_interface_demo__rosidl_typesupport_fastrtps_c.so
[2.402s] -- Set runtime path of "/home/y/lxy_ROS2/ROS2_git/install/base_interface_demo/lib/libbase_interface_demo__rosidl_typesupport_fastrtps_c.so" to ""
[2.402s] -- Up-to-date: /home/y/lxy_ROS2/ROS2_git/install/base_interface_demo/include/base_interface_demo/base_interface_demo
[2.402s] -- Up-to-date: /home/y/lxy_ROS2/ROS2_git/install/base_interface_demo/include/base_interface_demo/base_interface_demo/msg
[2.402s] -- Installing: /home/y/lxy_ROS2/ROS2_git/install/base_interface_demo/include/base_interface_demo/base_interface_demo/msg/rosidl_typesupport_introspection_c__visibility_control.h
[2.402s] -- Up-to-date: /home/y/lxy_ROS2/ROS2_git/install/base_interface_demo/include/base_interface_demo/base_interface_demo/msg/detail
[2.402s] -- Installing: /home/y/lxy_ROS2/ROS2_git/install/base_interface_demo/include/base_interface_demo/base_interface_demo/msg/detail/student__type_support.c
[2.402s] -- Installing: /home/y/lxy_ROS2/ROS2_git/install/base_interface_demo/include/base_interface_demo/base_interface_demo/msg/detail/student__rosidl_typesupport_introspection_c.h
[2.403s] -- Installing: /home/y/lxy_ROS2/ROS2_git/install/base_interface_demo/lib/libbase_interface_demo__rosidl_typesupport_introspection_c.so
[2.403s] -- Set runtime path of "/home/y/lxy_ROS2/ROS2_git/install/base_interface_demo/lib/libbase_interface_demo__rosidl_typesupport_introspection_c.so" to ""
[2.403s] -- Installing: /home/y/lxy_ROS2/ROS2_git/install/base_interface_demo/lib/libbase_interface_demo__rosidl_typesupport_c.so
[2.403s] -- Set runtime path of "/home/y/lxy_ROS2/ROS2_git/install/base_interface_demo/lib/libbase_interface_demo__rosidl_typesupport_c.so" to ""
[2.403s] -- Up-to-date: /home/y/lxy_ROS2/ROS2_git/install/base_interface_demo/include/base_interface_demo/base_interface_demo
[2.403s] -- Up-to-date: /home/y/lxy_ROS2/ROS2_git/install/base_interface_demo/include/base_interface_demo/base_interface_demo/msg
[2.403s] -- Up-to-date: /home/y/lxy_ROS2/ROS2_git/install/base_interface_demo/include/base_interface_demo/base_interface_demo/msg/detail
[2.403s] -- Installing: /home/y/lxy_ROS2/ROS2_git/install/base_interface_demo/include/base_interface_demo/base_interface_demo/msg/detail/student__traits.hpp
[2.403s] -- Installing: /home/y/lxy_ROS2/ROS2_git/install/base_interface_demo/include/base_interface_demo/base_interface_demo/msg/detail/student__builder.hpp
[2.403s] -- Installing: /home/y/lxy_ROS2/ROS2_git/install/base_interface_demo/include/base_interface_demo/base_interface_demo/msg/detail/student__struct.hpp
[2.403s] -- Installing: /home/y/lxy_ROS2/ROS2_git/install/base_interface_demo/include/base_interface_demo/base_interface_demo/msg/student.hpp
[2.403s] -- Up-to-date: /home/y/lxy_ROS2/ROS2_git/install/base_interface_demo/include/base_interface_demo/base_interface_demo
[2.403s] -- Up-to-date: /home/y/lxy_ROS2/ROS2_git/install/base_interface_demo/include/base_interface_demo/base_interface_demo/msg
[2.403s] -- Up-to-date: /home/y/lxy_ROS2/ROS2_git/install/base_interface_demo/include/base_interface_demo/base_interface_demo/msg/detail
[2.403s] -- Installing: /home/y/lxy_ROS2/ROS2_git/install/base_interface_demo/include/base_interface_demo/base_interface_demo/msg/detail/dds_fastrtps
[2.403s] -- Installing: /home/y/lxy_ROS2/ROS2_git/install/base_interface_demo/include/base_interface_demo/base_interface_demo/msg/detail/student__rosidl_typesupport_fastrtps_cpp.hpp
[2.403s] -- Installing: /home/y/lxy_ROS2/ROS2_git/install/base_interface_demo/include/base_interface_demo/base_interface_demo/msg/rosidl_typesupport_fastrtps_cpp__visibility_control.h
[2.403s] -- Installing: /home/y/lxy_ROS2/ROS2_git/install/base_interface_demo/lib/libbase_interface_demo__rosidl_typesupport_fastrtps_cpp.so
[2.403s] -- Set runtime path of "/home/y/lxy_ROS2/ROS2_git/install/base_interface_demo/lib/libbase_interface_demo__rosidl_typesupport_fastrtps_cpp.so" to ""
[2.403s] -- Up-to-date: /home/y/lxy_ROS2/ROS2_git/install/base_interface_demo/include/base_interface_demo/base_interface_demo
[2.404s] -- Up-to-date: /home/y/lxy_ROS2/ROS2_git/install/base_interface_demo/include/base_interface_demo/base_interface_demo/msg
[2.404s] -- Up-to-date: /home/y/lxy_ROS2/ROS2_git/install/base_interface_demo/include/base_interface_demo/base_interface_demo/msg/detail
[2.404s] -- Installing: /home/y/lxy_ROS2/ROS2_git/install/base_interface_demo/include/base_interface_demo/base_interface_demo/msg/detail/student__rosidl_typesupport_introspection_cpp.hpp
[2.404s] -- Installing: /home/y/lxy_ROS2/ROS2_git/install/base_interface_demo/include/base_interface_demo/base_interface_demo/msg/detail/student__type_support.cpp
[2.404s] -- Installing: /home/y/lxy_ROS2/ROS2_git/install/base_interface_demo/lib/libbase_interface_demo__rosidl_typesupport_introspection_cpp.so
[2.404s] -- Set runtime path of "/home/y/lxy_ROS2/ROS2_git/install/base_interface_demo/lib/libbase_interface_demo__rosidl_typesupport_introspection_cpp.so" to ""
[2.404s] -- Installing: /home/y/lxy_ROS2/ROS2_git/install/base_interface_demo/lib/libbase_interface_demo__rosidl_typesupport_cpp.so
[2.404s] -- Set runtime path of "/home/y/lxy_ROS2/ROS2_git/install/base_interface_demo/lib/libbase_interface_demo__rosidl_typesupport_cpp.so" to ""
[2.404s] -- Installing: /home/y/lxy_ROS2/ROS2_git/install/base_interface_demo/share/base_interface_demo/environment/pythonpath.sh
[2.404s] -- Installing: /home/y/lxy_ROS2/ROS2_git/install/base_interface_demo/share/base_interface_demo/environment/pythonpath.dsv
[2.404s] -- Installing: /home/y/lxy_ROS2/ROS2_git/install/base_interface_demo/local/lib/python3.10/dist-packages/base_interface_demo-0.0.0-py3.10.egg-info
[2.404s] -- Installing: /home/y/lxy_ROS2/ROS2_git/install/base_interface_demo/local/lib/python3.10/dist-packages/base_interface_demo-0.0.0-py3.10.egg-info/dependency_links.txt
[2.404s] -- Installing: /home/y/lxy_ROS2/ROS2_git/install/base_interface_demo/local/lib/python3.10/dist-packages/base_interface_demo-0.0.0-py3.10.egg-info/top_level.txt
[2.404s] -- Installing: /home/y/lxy_ROS2/ROS2_git/install/base_interface_demo/local/lib/python3.10/dist-packages/base_interface_demo-0.0.0-py3.10.egg-info/PKG-INFO
[2.404s] -- Installing: /home/y/lxy_ROS2/ROS2_git/install/base_interface_demo/local/lib/python3.10/dist-packages/base_interface_demo-0.0.0-py3.10.egg-info/SOURCES.txt
[2.404s] -- Installing: /home/y/lxy_ROS2/ROS2_git/install/base_interface_demo/local/lib/python3.10/dist-packages/base_interface_demo
[2.404s] -- Installing: /home/y/lxy_ROS2/ROS2_git/install/base_interface_demo/local/lib/python3.10/dist-packages/base_interface_demo/__init__.py
[2.404s] -- Installing: /home/y/lxy_ROS2/ROS2_git/install/base_interface_demo/local/lib/python3.10/dist-packages/base_interface_demo/_base_interface_demo_s.ep.rosidl_typesupport_introspection_c.c
[2.404s] -- Installing: /home/y/lxy_ROS2/ROS2_git/install/base_interface_demo/local/lib/python3.10/dist-packages/base_interface_demo/msg
[2.405s] -- Installing: /home/y/lxy_ROS2/ROS2_git/install/base_interface_demo/local/lib/python3.10/dist-packages/base_interface_demo/msg/_student_s.c
[2.405s] -- Installing: /home/y/lxy_ROS2/ROS2_git/install/base_interface_demo/local/lib/python3.10/dist-packages/base_interface_demo/msg/__init__.py
[2.405s] -- Installing: /home/y/lxy_ROS2/ROS2_git/install/base_interface_demo/local/lib/python3.10/dist-packages/base_interface_demo/msg/_student.py
[2.405s] -- Installing: /home/y/lxy_ROS2/ROS2_git/install/base_interface_demo/local/lib/python3.10/dist-packages/base_interface_demo/libbase_interface_demo__rosidl_generator_py.so
[2.405s] -- Installing: /home/y/lxy_ROS2/ROS2_git/install/base_interface_demo/local/lib/python3.10/dist-packages/base_interface_demo/_base_interface_demo_s.ep.rosidl_typesupport_fastrtps_c.c
[2.405s] -- Installing: /home/y/lxy_ROS2/ROS2_git/install/base_interface_demo/local/lib/python3.10/dist-packages/base_interface_demo/_base_interface_demo_s.ep.rosidl_typesupport_c.c
[2.405s] -- Installing: /home/y/lxy_ROS2/ROS2_git/install/base_interface_demo/local/lib/python3.10/dist-packages/base_interface_demo/base_interface_demo_s__rosidl_typesupport_fastrtps_c.cpython-310-x86_64-linux-gnu.so
[2.405s] -- Installing: /home/y/lxy_ROS2/ROS2_git/install/base_interface_demo/local/lib/python3.10/dist-packages/base_interface_demo/base_interface_demo_s__rosidl_typesupport_c.cpython-310-x86_64-linux-gnu.so
[2.405s] -- Installing: /home/y/lxy_ROS2/ROS2_git/install/base_interface_demo/local/lib/python3.10/dist-packages/base_interface_demo/base_interface_demo_s__rosidl_typesupport_introspection_c.cpython-310-x86_64-linux-gnu.so
[2.430s] Listing '/home/y/lxy_ROS2/ROS2_git/install/base_interface_demo/local/lib/python3.10/dist-packages/base_interface_demo'...
[2.430s] Compiling '/home/y/lxy_ROS2/ROS2_git/install/base_interface_demo/local/lib/python3.10/dist-packages/base_interface_demo/__init__.py'...
[2.430s] Listing '/home/y/lxy_ROS2/ROS2_git/install/base_interface_demo/local/lib/python3.10/dist-packages/base_interface_demo/msg'...
[2.431s] Compiling '/home/y/lxy_ROS2/ROS2_git/install/base_interface_demo/local/lib/python3.10/dist-packages/base_interface_demo/msg/__init__.py'...
[2.431s] Compiling '/home/y/lxy_ROS2/ROS2_git/install/base_interface_demo/local/lib/python3.10/dist-packages/base_interface_demo/msg/_student.py'...
[2.434s] -- Installing: /home/y/lxy_ROS2/ROS2_git/install/base_interface_demo/local/lib/python3.10/dist-packages/base_interface_demo/base_interface_demo_s__rosidl_typesupport_fastrtps_c.cpython-310-x86_64-linux-gnu.so
[2.435s] -- Set runtime path of "/home/y/lxy_ROS2/ROS2_git/install/base_interface_demo/local/lib/python3.10/dist-packages/base_interface_demo/base_interface_demo_s__rosidl_typesupport_fastrtps_c.cpython-310-x86_64-linux-gnu.so" to ""
[2.435s] -- Installing: /home/y/lxy_ROS2/ROS2_git/install/base_interface_demo/local/lib/python3.10/dist-packages/base_interface_demo/base_interface_demo_s__rosidl_typesupport_introspection_c.cpython-310-x86_64-linux-gnu.so
[2.436s] -- Set runtime path of "/home/y/lxy_ROS2/ROS2_git/install/base_interface_demo/local/lib/python3.10/dist-packages/base_interface_demo/base_interface_demo_s__rosidl_typesupport_introspection_c.cpython-310-x86_64-linux-gnu.so" to ""
[2.436s] -- Installing: /home/y/lxy_ROS2/ROS2_git/install/base_interface_demo/local/lib/python3.10/dist-packages/base_interface_demo/base_interface_demo_s__rosidl_typesupport_c.cpython-310-x86_64-linux-gnu.so
[2.436s] -- Set runtime path of "/home/y/lxy_ROS2/ROS2_git/install/base_interface_demo/local/lib/python3.10/dist-packages/base_interface_demo/base_interface_demo_s__rosidl_typesupport_c.cpython-310-x86_64-linux-gnu.so" to ""
[2.436s] -- Installing: /home/y/lxy_ROS2/ROS2_git/install/base_interface_demo/lib/libbase_interface_demo__rosidl_generator_py.so
[2.436s] -- Set runtime path of "/home/y/lxy_ROS2/ROS2_git/install/base_interface_demo/lib/libbase_interface_demo__rosidl_generator_py.so" to ""
[2.436s] -- Installing: /home/y/lxy_ROS2/ROS2_git/install/base_interface_demo/share/base_interface_demo/msg/Student.idl
[2.436s] -- Installing: /home/y/lxy_ROS2/ROS2_git/install/base_interface_demo/share/base_interface_demo/msg/Student.msg
[2.436s] -- Installing: /home/y/lxy_ROS2/ROS2_git/install/base_interface_demo/share/ament_index/resource_index/package_run_dependencies/base_interface_demo
[2.436s] -- Up-to-date: /home/y/lxy_ROS2/ROS2_git/install/base_interface_demo/share/ament_index/resource_index/parent_prefix_path/base_interface_demo
[2.436s] -- Installing: /home/y/lxy_ROS2/ROS2_git/install/base_interface_demo/share/base_interface_demo/environment/ament_prefix_path.sh
[2.436s] -- Installing: /home/y/lxy_ROS2/ROS2_git/install/base_interface_demo/share/base_interface_demo/environment/ament_prefix_path.dsv
[2.437s] -- Installing: /home/y/lxy_ROS2/ROS2_git/install/base_interface_demo/share/base_interface_demo/environment/path.sh
[2.437s] -- Installing: /home/y/lxy_ROS2/ROS2_git/install/base_interface_demo/share/base_interface_demo/environment/path.dsv
[2.437s] -- Up-to-date: /home/y/lxy_ROS2/ROS2_git/install/base_interface_demo/share/base_interface_demo/local_setup.bash
[2.437s] -- Installing: /home/y/lxy_ROS2/ROS2_git/install/base_interface_demo/share/base_interface_demo/local_setup.sh
[2.437s] -- Up-to-date: /home/y/lxy_ROS2/ROS2_git/install/base_interface_demo/share/base_interface_demo/local_setup.zsh
[2.437s] -- Installing: /home/y/lxy_ROS2/ROS2_git/install/base_interface_demo/share/base_interface_demo/local_setup.dsv
[2.437s] -- Installing: /home/y/lxy_ROS2/ROS2_git/install/base_interface_demo/share/base_interface_demo/package.dsv
[2.437s] -- Up-to-date: /home/y/lxy_ROS2/ROS2_git/install/base_interface_demo/share/ament_index/resource_index/packages/base_interface_demo
[2.437s] -- Installing: /home/y/lxy_ROS2/ROS2_git/install/base_interface_demo/share/base_interface_demo/cmake/export_base_interface_demo__rosidl_generator_cExport.cmake
[2.438s] -- Installing: /home/y/lxy_ROS2/ROS2_git/install/base_interface_demo/share/base_interface_demo/cmake/export_base_interface_demo__rosidl_generator_cExport-noconfig.cmake
[2.438s] -- Installing: /home/y/lxy_ROS2/ROS2_git/install/base_interface_demo/share/base_interface_demo/cmake/export_base_interface_demo__rosidl_typesupport_fastrtps_cExport.cmake
[2.438s] -- Installing: /home/y/lxy_ROS2/ROS2_git/install/base_interface_demo/share/base_interface_demo/cmake/export_base_interface_demo__rosidl_typesupport_fastrtps_cExport-noconfig.cmake
[2.438s] -- Installing: /home/y/lxy_ROS2/ROS2_git/install/base_interface_demo/share/base_interface_demo/cmake/base_interface_demo__rosidl_typesupport_introspection_cExport.cmake
[2.438s] -- Installing: /home/y/lxy_ROS2/ROS2_git/install/base_interface_demo/share/base_interface_demo/cmake/base_interface_demo__rosidl_typesupport_introspection_cExport-noconfig.cmake
[2.438s] -- Installing: /home/y/lxy_ROS2/ROS2_git/install/base_interface_demo/share/base_interface_demo/cmake/base_interface_demo__rosidl_typesupport_cExport.cmake
[2.438s] -- Installing: /home/y/lxy_ROS2/ROS2_git/install/base_interface_demo/share/base_interface_demo/cmake/base_interface_demo__rosidl_typesupport_cExport-noconfig.cmake
[2.438s] -- Installing: /home/y/lxy_ROS2/ROS2_git/install/base_interface_demo/share/base_interface_demo/cmake/export_base_interface_demo__rosidl_generator_cppExport.cmake
[2.438s] -- Installing: /home/y/lxy_ROS2/ROS2_git/install/base_interface_demo/share/base_interface_demo/cmake/export_base_interface_demo__rosidl_typesupport_fastrtps_cppExport.cmake
[2.438s] -- Installing: /home/y/lxy_ROS2/ROS2_git/install/base_interface_demo/share/base_interface_demo/cmake/export_base_interface_demo__rosidl_typesupport_fastrtps_cppExport-noconfig.cmake
[2.438s] -- Installing: /home/y/lxy_ROS2/ROS2_git/install/base_interface_demo/share/base_interface_demo/cmake/base_interface_demo__rosidl_typesupport_introspection_cppExport.cmake
[2.438s] -- Installing: /home/y/lxy_ROS2/ROS2_git/install/base_interface_demo/share/base_interface_demo/cmake/base_interface_demo__rosidl_typesupport_introspection_cppExport-noconfig.cmake
[2.438s] -- Installing: /home/y/lxy_ROS2/ROS2_git/install/base_interface_demo/share/base_interface_demo/cmake/base_interface_demo__rosidl_typesupport_cppExport.cmake
[2.438s] -- Installing: /home/y/lxy_ROS2/ROS2_git/install/base_interface_demo/share/base_interface_demo/cmake/base_interface_demo__rosidl_typesupport_cppExport-noconfig.cmake
[2.438s] -- Installing: /home/y/lxy_ROS2/ROS2_git/install/base_interface_demo/share/base_interface_demo/cmake/export_base_interface_demo__rosidl_generator_pyExport.cmake
[2.438s] -- Installing: /home/y/lxy_ROS2/ROS2_git/install/base_interface_demo/share/base_interface_demo/cmake/export_base_interface_demo__rosidl_generator_pyExport-noconfig.cmake
[2.438s] -- Installing: /home/y/lxy_ROS2/ROS2_git/install/base_interface_demo/share/base_interface_demo/cmake/rosidl_cmake-extras.cmake
[2.438s] -- Installing: /home/y/lxy_ROS2/ROS2_git/install/base_interface_demo/share/base_interface_demo/cmake/ament_cmake_export_include_directories-extras.cmake
[2.438s] -- Installing: /home/y/lxy_ROS2/ROS2_git/install/base_interface_demo/share/base_interface_demo/cmake/ament_cmake_export_libraries-extras.cmake
[2.438s] -- Installing: /home/y/lxy_ROS2/ROS2_git/install/base_interface_demo/share/base_interface_demo/cmake/ament_cmake_export_targets-extras.cmake
[2.438s] -- Installing: /home/y/lxy_ROS2/ROS2_git/install/base_interface_demo/share/base_interface_demo/cmake/rosidl_cmake_export_typesupport_targets-extras.cmake
[2.438s] -- Installing: /home/y/lxy_ROS2/ROS2_git/install/base_interface_demo/share/base_interface_demo/cmake/ament_cmake_export_dependencies-extras.cmake
[2.438s] -- Installing: /home/y/lxy_ROS2/ROS2_git/install/base_interface_demo/share/base_interface_demo/cmake/rosidl_cmake_export_typesupport_libraries-extras.cmake
[2.438s] -- Installing: /home/y/lxy_ROS2/ROS2_git/install/base_interface_demo/share/base_interface_demo/cmake/base_interface_demoConfig.cmake
[2.438s] -- Up-to-date: /home/y/lxy_ROS2/ROS2_git/install/base_interface_demo/share/base_interface_demo/cmake/base_interface_demoConfig-version.cmake
[2.438s] -- Installing: /home/y/lxy_ROS2/ROS2_git/install/base_interface_demo/share/base_interface_demo/package.xml
[2.440s] Invoked command in '/home/y/lxy_ROS2/ROS2_git/build/base_interface_demo' returned '0': CMAKE_PREFIX_PATH=${CMAKE_PREFIX_PATH}:/home/y/lxy_ROS2/ws00_helloworld/install/pkg02_helloworld_py:/opt/ros/humble /usr/local/bin/cmake --install /home/y/lxy_ROS2/ROS2_git/build/base_interface_demo
