[0.065s] DEBUG:colcon:Command line arguments: ['/usr/bin/colcon', 'build', '--packages-select', 'base_interface_demo']
[0.065s] DEBUG:colcon:Parsed command line arguments: Namespace(log_base=None, log_level=None, verb_name='build', build_base='build', install_base='install', merge_install=False, symlink_install=False, test_result_base=None, continue_on_error=False, executor='parallel', parallel_workers=4, event_handlers=None, ignore_user_meta=False, metas=['./colcon.meta'], base_paths=['.'], packages_ignore=None, packages_ignore_regex=None, paths=None, packages_up_to=None, packages_up_to_regex=None, packages_above=None, packages_above_and_dependencies=None, packages_above_depth=None, packages_select_by_dep=None, packages_skip_by_dep=None, packages_skip_up_to=None, packages_select_build_failed=False, packages_skip_build_finished=False, packages_select_test_failures=False, packages_skip_test_passed=False, packages_select=['base_interface_demo'], packages_skip=None, packages_select_regex=None, packages_skip_regex=None, packages_start=None, packages_end=None, allow_overriding=[], cmake_args=None, cmake_target=None, cmake_target_skip_unavailable=False, cmake_clean_cache=False, cmake_clean_first=False, cmake_force_configure=False, ament_cmake_args=None, catkin_cmake_args=None, catkin_skip_building_tests=False, mixin_files=None, mixin=None, verb_parser=<colcon_mixin.mixin.mixin_argument.MixinArgumentDecorator object at 0x7f685a62ee30>, verb_extension=<colcon_core.verb.build.BuildVerb object at 0x7f685a70fbb0>, main=<bound method BuildVerb.main of <colcon_core.verb.build.BuildVerb object at 0x7f685a70fbb0>>, mixin_verb=('build',))
[0.169s] Level 1:colcon.colcon_core.package_discovery:discover_packages(colcon_meta) check parameters
[0.169s] Level 1:colcon.colcon_core.package_discovery:discover_packages(recursive) check parameters
[0.169s] Level 1:colcon.colcon_core.package_discovery:discover_packages(ignore) check parameters
[0.169s] Level 1:colcon.colcon_core.package_discovery:discover_packages(path) check parameters
[0.169s] Level 1:colcon.colcon_core.package_discovery:discover_packages(colcon_meta) discover
[0.170s] Level 1:colcon.colcon_core.package_discovery:discover_packages(recursive) discover
[0.170s] INFO:colcon.colcon_core.package_discovery:Crawling recursively for packages in '/home/y/lxy_ROS2/ROS2_git/src'
[0.170s] Level 1:colcon.colcon_core.package_identification:_identify(.) by extensions ['ignore', 'ignore_ament_install']
[0.170s] Level 1:colcon.colcon_core.package_identification:_identify(.) by extension 'ignore'
[0.170s] Level 1:colcon.colcon_core.package_identification:_identify(.) by extension 'ignore_ament_install'
[0.170s] Level 1:colcon.colcon_core.package_identification:_identify(.) by extensions ['colcon_pkg']
[0.170s] Level 1:colcon.colcon_core.package_identification:_identify(.) by extension 'colcon_pkg'
[0.170s] Level 1:colcon.colcon_core.package_identification:_identify(.) by extensions ['colcon_meta']
[0.170s] Level 1:colcon.colcon_core.package_identification:_identify(.) by extension 'colcon_meta'
[0.170s] Level 1:colcon.colcon_core.package_identification:_identify(.) by extensions ['ros']
[0.170s] Level 1:colcon.colcon_core.package_identification:_identify(.) by extension 'ros'
[0.177s] Level 1:colcon.colcon_core.package_identification:_identify(.) by extensions ['cmake', 'python']
[0.177s] Level 1:colcon.colcon_core.package_identification:_identify(.) by extension 'cmake'
[0.177s] Level 1:colcon.colcon_core.package_identification:_identify(.) by extension 'python'
[0.177s] Level 1:colcon.colcon_core.package_identification:_identify(.) by extensions ['python_setup_py']
[0.177s] Level 1:colcon.colcon_core.package_identification:_identify(.) by extension 'python_setup_py'
[0.177s] Level 1:colcon.colcon_core.package_identification:_identify(base_interface_demo) by extensions ['ignore', 'ignore_ament_install']
[0.177s] Level 1:colcon.colcon_core.package_identification:_identify(base_interface_demo) by extension 'ignore'
[0.177s] Level 1:colcon.colcon_core.package_identification:_identify(base_interface_demo) by extension 'ignore_ament_install'
[0.177s] Level 1:colcon.colcon_core.package_identification:_identify(base_interface_demo) by extensions ['colcon_pkg']
[0.177s] Level 1:colcon.colcon_core.package_identification:_identify(base_interface_demo) by extension 'colcon_pkg'
[0.177s] Level 1:colcon.colcon_core.package_identification:_identify(base_interface_demo) by extensions ['colcon_meta']
[0.177s] Level 1:colcon.colcon_core.package_identification:_identify(base_interface_demo) by extension 'colcon_meta'
[0.177s] Level 1:colcon.colcon_core.package_identification:_identify(base_interface_demo) by extensions ['ros']
[0.178s] Level 1:colcon.colcon_core.package_identification:_identify(base_interface_demo) by extension 'ros'
[0.179s] DEBUG:colcon.colcon_core.package_identification:Package 'base_interface_demo' with type 'ros.ament_cmake' and name 'base_interface_demo'
[0.179s] Level 1:colcon.colcon_core.package_identification:_identify(build) by extensions ['ignore', 'ignore_ament_install']
[0.180s] Level 1:colcon.colcon_core.package_identification:_identify(build) by extension 'ignore'
[0.180s] Level 1:colcon.colcon_core.package_identification:_identify(build) ignored
[0.180s] Level 1:colcon.colcon_core.package_identification:_identify(install) by extensions ['ignore', 'ignore_ament_install']
[0.180s] Level 1:colcon.colcon_core.package_identification:_identify(install) by extension 'ignore'
[0.180s] Level 1:colcon.colcon_core.package_identification:_identify(install) ignored
[0.180s] Level 1:colcon.colcon_core.package_identification:_identify(log) by extensions ['ignore', 'ignore_ament_install']
[0.180s] Level 1:colcon.colcon_core.package_identification:_identify(log) by extension 'ignore'
[0.180s] Level 1:colcon.colcon_core.package_identification:_identify(log) ignored
[0.180s] Level 1:colcon.colcon_core.package_identification:_identify(pk02_topic_cpp) by extensions ['ignore', 'ignore_ament_install']
[0.180s] Level 1:colcon.colcon_core.package_identification:_identify(pk02_topic_cpp) by extension 'ignore'
[0.180s] Level 1:colcon.colcon_core.package_identification:_identify(pk02_topic_cpp) by extension 'ignore_ament_install'
[0.180s] Level 1:colcon.colcon_core.package_identification:_identify(pk02_topic_cpp) by extensions ['colcon_pkg']
[0.180s] Level 1:colcon.colcon_core.package_identification:_identify(pk02_topic_cpp) by extension 'colcon_pkg'
[0.180s] Level 1:colcon.colcon_core.package_identification:_identify(pk02_topic_cpp) by extensions ['colcon_meta']
[0.180s] Level 1:colcon.colcon_core.package_identification:_identify(pk02_topic_cpp) by extension 'colcon_meta'
[0.180s] Level 1:colcon.colcon_core.package_identification:_identify(pk02_topic_cpp) by extensions ['ros']
[0.180s] Level 1:colcon.colcon_core.package_identification:_identify(pk02_topic_cpp) by extension 'ros'
[0.180s] DEBUG:colcon.colcon_core.package_identification:Package 'pk02_topic_cpp' with type 'ros.ament_cmake' and name 'pk02_topic_cpp'
[0.181s] Level 1:colcon.colcon_core.package_identification:_identify(pk03_service_cpp) by extensions ['ignore', 'ignore_ament_install']
[0.181s] Level 1:colcon.colcon_core.package_identification:_identify(pk03_service_cpp) by extension 'ignore'
[0.181s] Level 1:colcon.colcon_core.package_identification:_identify(pk03_service_cpp) by extension 'ignore_ament_install'
[0.181s] Level 1:colcon.colcon_core.package_identification:_identify(pk03_service_cpp) by extensions ['colcon_pkg']
[0.181s] Level 1:colcon.colcon_core.package_identification:_identify(pk03_service_cpp) by extension 'colcon_pkg'
[0.181s] Level 1:colcon.colcon_core.package_identification:_identify(pk03_service_cpp) by extensions ['colcon_meta']
[0.181s] Level 1:colcon.colcon_core.package_identification:_identify(pk03_service_cpp) by extension 'colcon_meta'
[0.181s] Level 1:colcon.colcon_core.package_identification:_identify(pk03_service_cpp) by extensions ['ros']
[0.181s] Level 1:colcon.colcon_core.package_identification:_identify(pk03_service_cpp) by extension 'ros'
[0.181s] DEBUG:colcon.colcon_core.package_identification:Package 'pk03_service_cpp' with type 'ros.ament_cmake' and name 'pk03_service_cpp'
[0.181s] Level 1:colcon.colcon_core.package_identification:_identify(pkg01_hello_cpp) by extensions ['ignore', 'ignore_ament_install']
[0.181s] Level 1:colcon.colcon_core.package_identification:_identify(pkg01_hello_cpp) by extension 'ignore'
[0.181s] Level 1:colcon.colcon_core.package_identification:_identify(pkg01_hello_cpp) by extension 'ignore_ament_install'
[0.181s] Level 1:colcon.colcon_core.package_identification:_identify(pkg01_hello_cpp) by extensions ['colcon_pkg']
[0.181s] Level 1:colcon.colcon_core.package_identification:_identify(pkg01_hello_cpp) by extension 'colcon_pkg'
[0.181s] Level 1:colcon.colcon_core.package_identification:_identify(pkg01_hello_cpp) by extensions ['colcon_meta']
[0.181s] Level 1:colcon.colcon_core.package_identification:_identify(pkg01_hello_cpp) by extension 'colcon_meta'
[0.181s] Level 1:colcon.colcon_core.package_identification:_identify(pkg01_hello_cpp) by extensions ['ros']
[0.181s] Level 1:colcon.colcon_core.package_identification:_identify(pkg01_hello_cpp) by extension 'ros'
[0.182s] DEBUG:colcon.colcon_core.package_identification:Package 'pkg01_hello_cpp' with type 'ros.ament_cmake' and name 'pkg01_hello_cpp'
[0.182s] Level 1:colcon.colcon_core.package_discovery:discover_packages(recursive) using defaults
[0.182s] Level 1:colcon.colcon_core.package_discovery:discover_packages(ignore) discover
[0.182s] Level 1:colcon.colcon_core.package_discovery:discover_packages(ignore) using defaults
[0.182s] Level 1:colcon.colcon_core.package_discovery:discover_packages(path) discover
[0.182s] Level 1:colcon.colcon_core.package_discovery:discover_packages(path) using defaults
[0.212s] INFO:colcon.colcon_core.package_selection:Skipping not selected package 'pk02_topic_cpp' in 'pk02_topic_cpp'
[0.212s] INFO:colcon.colcon_core.package_selection:Skipping not selected package 'pkg01_hello_cpp' in 'pkg01_hello_cpp'
[0.212s] INFO:colcon.colcon_core.package_selection:Skipping not selected package 'pk03_service_cpp' in 'pk03_service_cpp'
[0.212s] Level 1:colcon.colcon_core.package_discovery:discover_packages(prefix_path) check parameters
[0.212s] Level 1:colcon.colcon_core.package_discovery:discover_packages(prefix_path) discover
[0.213s] DEBUG:colcon.colcon_installed_package_information.package_discovery:Found 3 installed packages in /home/y/lxy_ROS2/ROS2_git/install
[0.214s] DEBUG:colcon.colcon_installed_package_information.package_discovery:Found 18 installed packages in /home/y/ROS2_Realman/install
[0.214s] DEBUG:colcon.colcon_installed_package_information.package_discovery:Found 2 installed packages in /home/y/lxy_ROS2/ws00_helloworld/install
[0.215s] DEBUG:colcon.colcon_installed_package_information.package_discovery:Found 394 installed packages in /opt/ros/humble
[0.216s] Level 1:colcon.colcon_core.package_discovery:discover_packages(prefix_path) using defaults
[0.241s] Level 5:colcon.colcon_core.verb:set package 'base_interface_demo' build argument 'cmake_args' from command line to 'None'
[0.241s] Level 5:colcon.colcon_core.verb:set package 'base_interface_demo' build argument 'cmake_target' from command line to 'None'
[0.241s] Level 5:colcon.colcon_core.verb:set package 'base_interface_demo' build argument 'cmake_target_skip_unavailable' from command line to 'False'
[0.241s] Level 5:colcon.colcon_core.verb:set package 'base_interface_demo' build argument 'cmake_clean_cache' from command line to 'False'
[0.241s] Level 5:colcon.colcon_core.verb:set package 'base_interface_demo' build argument 'cmake_clean_first' from command line to 'False'
[0.241s] Level 5:colcon.colcon_core.verb:set package 'base_interface_demo' build argument 'cmake_force_configure' from command line to 'False'
[0.241s] Level 5:colcon.colcon_core.verb:set package 'base_interface_demo' build argument 'ament_cmake_args' from command line to 'None'
[0.241s] Level 5:colcon.colcon_core.verb:set package 'base_interface_demo' build argument 'catkin_cmake_args' from command line to 'None'
[0.241s] Level 5:colcon.colcon_core.verb:set package 'base_interface_demo' build argument 'catkin_skip_building_tests' from command line to 'False'
[0.241s] DEBUG:colcon.colcon_core.verb:Building package 'base_interface_demo' with the following arguments: {'ament_cmake_args': None, 'build_base': '/home/y/lxy_ROS2/ROS2_git/src/build/base_interface_demo', 'catkin_cmake_args': None, 'catkin_skip_building_tests': False, 'cmake_args': None, 'cmake_clean_cache': False, 'cmake_clean_first': False, 'cmake_force_configure': False, 'cmake_target': None, 'cmake_target_skip_unavailable': False, 'install_base': '/home/y/lxy_ROS2/ROS2_git/src/install/base_interface_demo', 'merge_install': False, 'path': '/home/y/lxy_ROS2/ROS2_git/src/base_interface_demo', 'symlink_install': False, 'test_result_base': None}
[0.242s] INFO:colcon.colcon_core.executor:Executing jobs using 'parallel' executor
[0.242s] DEBUG:colcon.colcon_parallel_executor.executor.parallel:run_until_complete
[0.243s] INFO:colcon.colcon_ros.task.ament_cmake.build:Building ROS package in '/home/y/lxy_ROS2/ROS2_git/src/base_interface_demo' with build type 'ament_cmake'
[0.243s] INFO:colcon.colcon_cmake.task.cmake.build:Building CMake package in '/home/y/lxy_ROS2/ROS2_git/src/base_interface_demo'
[0.244s] INFO:colcon.colcon_core.plugin_system:Skipping extension 'colcon_core.shell.bat': Not used on non-Windows systems
[0.244s] INFO:colcon.colcon_core.shell:Skip shell extension 'powershell' for command environment: Not usable outside of PowerShell
[0.244s] DEBUG:colcon.colcon_core.shell:Skip shell extension 'dsv' for command environment
[0.252s] DEBUG:colcon.colcon_core.event_handler.log_command:Invoking command in '/home/y/lxy_ROS2/ROS2_git/src/build/base_interface_demo': CMAKE_PREFIX_PATH=${CMAKE_PREFIX_PATH}:/home/y/lxy_ROS2/ws00_helloworld/install/pkg02_helloworld_py:/opt/ros/humble /usr/local/bin/cmake /home/y/lxy_ROS2/ROS2_git/src/base_interface_demo -DCMAKE_INSTALL_PREFIX=/home/y/lxy_ROS2/ROS2_git/src/install/base_interface_demo
[1.237s] DEBUG:colcon.colcon_core.event_handler.log_command:Invoked command in '/home/y/lxy_ROS2/ROS2_git/src/build/base_interface_demo' returned '0': CMAKE_PREFIX_PATH=${CMAKE_PREFIX_PATH}:/home/y/lxy_ROS2/ws00_helloworld/install/pkg02_helloworld_py:/opt/ros/humble /usr/local/bin/cmake /home/y/lxy_ROS2/ROS2_git/src/base_interface_demo -DCMAKE_INSTALL_PREFIX=/home/y/lxy_ROS2/ROS2_git/src/install/base_interface_demo
[1.238s] DEBUG:colcon.colcon_core.event_handler.log_command:Invoking command in '/home/y/lxy_ROS2/ROS2_git/src/build/base_interface_demo': CMAKE_PREFIX_PATH=${CMAKE_PREFIX_PATH}:/home/y/lxy_ROS2/ws00_helloworld/install/pkg02_helloworld_py:/opt/ros/humble /usr/local/bin/cmake --build /home/y/lxy_ROS2/ROS2_git/src/build/base_interface_demo -- -j4 -l4
[2.995s] DEBUG:colcon.colcon_core.event_handler.log_command:Invoked command in '/home/y/lxy_ROS2/ROS2_git/src/build/base_interface_demo' returned '0': CMAKE_PREFIX_PATH=${CMAKE_PREFIX_PATH}:/home/y/lxy_ROS2/ws00_helloworld/install/pkg02_helloworld_py:/opt/ros/humble /usr/local/bin/cmake --build /home/y/lxy_ROS2/ROS2_git/src/build/base_interface_demo -- -j4 -l4
[3.054s] DEBUG:colcon.colcon_core.event_handler.log_command:Invoking command in '/home/y/lxy_ROS2/ROS2_git/src/build/base_interface_demo': CMAKE_PREFIX_PATH=${CMAKE_PREFIX_PATH}:/home/y/lxy_ROS2/ws00_helloworld/install/pkg02_helloworld_py:/opt/ros/humble /usr/local/bin/cmake --install /home/y/lxy_ROS2/ROS2_git/src/build/base_interface_demo
[3.096s] Level 1:colcon.colcon_core.environment:create_environment_scripts_only(base_interface_demo)
[3.096s] DEBUG:colcon.colcon_core.event_handler.log_command:Invoked command in '/home/y/lxy_ROS2/ROS2_git/src/build/base_interface_demo' returned '0': CMAKE_PREFIX_PATH=${CMAKE_PREFIX_PATH}:/home/y/lxy_ROS2/ws00_helloworld/install/pkg02_helloworld_py:/opt/ros/humble /usr/local/bin/cmake --install /home/y/lxy_ROS2/ROS2_git/src/build/base_interface_demo
[3.098s] Level 1:colcon.colcon_core.environment:checking '/home/y/lxy_ROS2/ROS2_git/src/install/base_interface_demo' for CMake module files
[3.098s] Level 1:colcon.colcon_core.environment:checking '/home/y/lxy_ROS2/ROS2_git/src/install/base_interface_demo' for CMake config files
[3.098s] Level 1:colcon.colcon_core.shell:create_environment_hook('base_interface_demo', 'cmake_prefix_path')
[3.099s] INFO:colcon.colcon_core.shell:Creating environment hook '/home/y/lxy_ROS2/ROS2_git/src/install/base_interface_demo/share/base_interface_demo/hook/cmake_prefix_path.ps1'
[3.099s] INFO:colcon.colcon_core.shell:Creating environment descriptor '/home/y/lxy_ROS2/ROS2_git/src/install/base_interface_demo/share/base_interface_demo/hook/cmake_prefix_path.dsv'
[3.099s] INFO:colcon.colcon_core.shell:Creating environment hook '/home/y/lxy_ROS2/ROS2_git/src/install/base_interface_demo/share/base_interface_demo/hook/cmake_prefix_path.sh'
[3.100s] Level 1:colcon.colcon_core.environment:checking '/home/y/lxy_ROS2/ROS2_git/src/install/base_interface_demo/lib'
[3.100s] Level 1:colcon.colcon_core.shell:create_environment_hook('base_interface_demo', 'ld_library_path_lib')
[3.100s] INFO:colcon.colcon_core.shell:Creating environment hook '/home/y/lxy_ROS2/ROS2_git/src/install/base_interface_demo/share/base_interface_demo/hook/ld_library_path_lib.ps1'
[3.100s] INFO:colcon.colcon_core.shell:Creating environment descriptor '/home/y/lxy_ROS2/ROS2_git/src/install/base_interface_demo/share/base_interface_demo/hook/ld_library_path_lib.dsv'
[3.100s] INFO:colcon.colcon_core.shell:Creating environment hook '/home/y/lxy_ROS2/ROS2_git/src/install/base_interface_demo/share/base_interface_demo/hook/ld_library_path_lib.sh'
[3.101s] Level 1:colcon.colcon_core.environment:checking '/home/y/lxy_ROS2/ROS2_git/src/install/base_interface_demo/bin'
[3.101s] Level 1:colcon.colcon_core.environment:checking '/home/y/lxy_ROS2/ROS2_git/src/install/base_interface_demo/lib/pkgconfig/base_interface_demo.pc'
[3.101s] Level 1:colcon.colcon_core.environment:checking '/home/y/lxy_ROS2/ROS2_git/src/install/base_interface_demo/lib/python3.10/site-packages'
[3.101s] Level 1:colcon.colcon_core.environment:checking '/home/y/lxy_ROS2/ROS2_git/src/install/base_interface_demo/bin'
[3.101s] INFO:colcon.colcon_core.shell:Creating package script '/home/y/lxy_ROS2/ROS2_git/src/install/base_interface_demo/share/base_interface_demo/package.ps1'
[3.102s] INFO:colcon.colcon_core.shell:Creating package descriptor '/home/y/lxy_ROS2/ROS2_git/src/install/base_interface_demo/share/base_interface_demo/package.dsv'
[3.102s] INFO:colcon.colcon_core.shell:Creating package script '/home/y/lxy_ROS2/ROS2_git/src/install/base_interface_demo/share/base_interface_demo/package.sh'
[3.103s] INFO:colcon.colcon_core.shell:Creating package script '/home/y/lxy_ROS2/ROS2_git/src/install/base_interface_demo/share/base_interface_demo/package.bash'
[3.103s] INFO:colcon.colcon_core.shell:Creating package script '/home/y/lxy_ROS2/ROS2_git/src/install/base_interface_demo/share/base_interface_demo/package.zsh'
[3.104s] Level 1:colcon.colcon_core.environment:create_file_with_runtime_dependencies(/home/y/lxy_ROS2/ROS2_git/src/install/base_interface_demo/share/colcon-core/packages/base_interface_demo)
[3.159s] Level 1:colcon.colcon_core.environment:create_environment_scripts_only(base_interface_demo)
[3.160s] Level 1:colcon.colcon_core.environment:checking '/home/y/lxy_ROS2/ROS2_git/src/install/base_interface_demo' for CMake module files
[3.160s] Level 1:colcon.colcon_core.environment:checking '/home/y/lxy_ROS2/ROS2_git/src/install/base_interface_demo' for CMake config files
[3.160s] Level 1:colcon.colcon_core.shell:create_environment_hook('base_interface_demo', 'cmake_prefix_path')
[3.160s] INFO:colcon.colcon_core.shell:Creating environment hook '/home/y/lxy_ROS2/ROS2_git/src/install/base_interface_demo/share/base_interface_demo/hook/cmake_prefix_path.ps1'
[3.161s] INFO:colcon.colcon_core.shell:Creating environment descriptor '/home/y/lxy_ROS2/ROS2_git/src/install/base_interface_demo/share/base_interface_demo/hook/cmake_prefix_path.dsv'
[3.161s] INFO:colcon.colcon_core.shell:Creating environment hook '/home/y/lxy_ROS2/ROS2_git/src/install/base_interface_demo/share/base_interface_demo/hook/cmake_prefix_path.sh'
[3.162s] Level 1:colcon.colcon_core.environment:checking '/home/y/lxy_ROS2/ROS2_git/src/install/base_interface_demo/lib'
[3.162s] Level 1:colcon.colcon_core.shell:create_environment_hook('base_interface_demo', 'ld_library_path_lib')
[3.162s] INFO:colcon.colcon_core.shell:Creating environment hook '/home/y/lxy_ROS2/ROS2_git/src/install/base_interface_demo/share/base_interface_demo/hook/ld_library_path_lib.ps1'
[3.162s] INFO:colcon.colcon_core.shell:Creating environment descriptor '/home/y/lxy_ROS2/ROS2_git/src/install/base_interface_demo/share/base_interface_demo/hook/ld_library_path_lib.dsv'
[3.163s] INFO:colcon.colcon_core.shell:Creating environment hook '/home/y/lxy_ROS2/ROS2_git/src/install/base_interface_demo/share/base_interface_demo/hook/ld_library_path_lib.sh'
[3.163s] Level 1:colcon.colcon_core.environment:checking '/home/y/lxy_ROS2/ROS2_git/src/install/base_interface_demo/bin'
[3.163s] Level 1:colcon.colcon_core.environment:checking '/home/y/lxy_ROS2/ROS2_git/src/install/base_interface_demo/lib/pkgconfig/base_interface_demo.pc'
[3.163s] Level 1:colcon.colcon_core.environment:checking '/home/y/lxy_ROS2/ROS2_git/src/install/base_interface_demo/lib/python3.10/site-packages'
[3.163s] Level 1:colcon.colcon_core.environment:checking '/home/y/lxy_ROS2/ROS2_git/src/install/base_interface_demo/bin'
[3.163s] INFO:colcon.colcon_core.shell:Creating package script '/home/y/lxy_ROS2/ROS2_git/src/install/base_interface_demo/share/base_interface_demo/package.ps1'
[3.164s] INFO:colcon.colcon_core.shell:Creating package descriptor '/home/y/lxy_ROS2/ROS2_git/src/install/base_interface_demo/share/base_interface_demo/package.dsv'
[3.164s] INFO:colcon.colcon_core.shell:Creating package script '/home/y/lxy_ROS2/ROS2_git/src/install/base_interface_demo/share/base_interface_demo/package.sh'
[3.165s] INFO:colcon.colcon_core.shell:Creating package script '/home/y/lxy_ROS2/ROS2_git/src/install/base_interface_demo/share/base_interface_demo/package.bash'
[3.165s] INFO:colcon.colcon_core.shell:Creating package script '/home/y/lxy_ROS2/ROS2_git/src/install/base_interface_demo/share/base_interface_demo/package.zsh'
[3.165s] Level 1:colcon.colcon_core.environment:create_file_with_runtime_dependencies(/home/y/lxy_ROS2/ROS2_git/src/install/base_interface_demo/share/colcon-core/packages/base_interface_demo)
[3.166s] DEBUG:colcon.colcon_parallel_executor.executor.parallel:closing loop
[3.166s] DEBUG:colcon.colcon_parallel_executor.executor.parallel:loop closed
[3.166s] DEBUG:colcon.colcon_parallel_executor.executor.parallel:run_until_complete finished with '0'
[3.166s] DEBUG:colcon.colcon_core.event_reactor:joining thread
[3.170s] INFO:colcon.colcon_core.plugin_system:Skipping extension 'colcon_notification.desktop_notification.terminal_notifier': Not used on non-Darwin systems
[3.170s] INFO:colcon.colcon_core.plugin_system:Skipping extension 'colcon_notification.desktop_notification.win32': Not used on non-Windows systems
[3.170s] INFO:colcon.colcon_notification.desktop_notification:Sending desktop notification using 'notify2'
[3.183s] DEBUG:colcon.colcon_core.event_reactor:joined thread
[3.183s] INFO:colcon.colcon_core.shell:Creating prefix script '/home/y/lxy_ROS2/ROS2_git/src/install/local_setup.ps1'
[3.184s] INFO:colcon.colcon_core.shell:Creating prefix util module '/home/y/lxy_ROS2/ROS2_git/src/install/_local_setup_util_ps1.py'
[3.184s] INFO:colcon.colcon_core.shell:Creating prefix chain script '/home/y/lxy_ROS2/ROS2_git/src/install/setup.ps1'
[3.185s] INFO:colcon.colcon_core.shell:Creating prefix script '/home/y/lxy_ROS2/ROS2_git/src/install/local_setup.sh'
[3.186s] INFO:colcon.colcon_core.shell:Creating prefix util module '/home/y/lxy_ROS2/ROS2_git/src/install/_local_setup_util_sh.py'
[3.186s] INFO:colcon.colcon_core.shell:Creating prefix chain script '/home/y/lxy_ROS2/ROS2_git/src/install/setup.sh'
[3.187s] INFO:colcon.colcon_core.shell:Creating prefix script '/home/y/lxy_ROS2/ROS2_git/src/install/local_setup.bash'
[3.187s] INFO:colcon.colcon_core.shell:Creating prefix chain script '/home/y/lxy_ROS2/ROS2_git/src/install/setup.bash'
[3.188s] INFO:colcon.colcon_core.shell:Creating prefix script '/home/y/lxy_ROS2/ROS2_git/src/install/local_setup.zsh'
[3.188s] INFO:colcon.colcon_core.shell:Creating prefix chain script '/home/y/lxy_ROS2/ROS2_git/src/install/setup.zsh'
