[0.010s] Invoking command in '/home/y/lxy_ROS2/ROS2_git/src/pk02_topic_cpp/build/pk02_topic_cpp': CMAKE_PREFIX_PATH=${CMAKE_PREFIX_PATH}:/home/y/lxy_ROS2/ws00_helloworld/install/pkg02_helloworld_py:/opt/ros/humble /usr/local/bin/cmake --build /home/y/lxy_ROS2/ROS2_git/src/pk02_topic_cpp/build/pk02_topic_cpp -- -j4 -l4
[0.035s] -- Found ament_cmake: 1.3.10 (/opt/ros/humble/share/ament_cmake/cmake)
[0.101s] -- Found rclcpp: 16.0.10 (/opt/ros/humble/share/rclcpp/cmake)
[0.140s] -- Found rosidl_generator_c: 3.1.5 (/opt/ros/humble/share/rosidl_generator_c/cmake)
[0.142s] -- Found rosidl_adapter: 3.1.5 (/opt/ros/humble/share/rosidl_adapter/cmake)
[0.146s] -- Found rosidl_generator_cpp: 3.1.5 (/opt/ros/humble/share/rosidl_generator_cpp/cmake)
[0.153s] -- Using all available rosidl_typesupport_c: rosidl_typesupport_fastrtps_c;rosidl_typesupport_introspection_c
[0.162s] -- Using all available rosidl_typesupport_cpp: rosidl_typesupport_fastrtps_cpp;rosidl_typesupport_introspection_cpp
[0.187s] -- Found rmw_implementation_cmake: 6.1.2 (/opt/ros/humble/share/rmw_implementation_cmake/cmake)
[0.188s] -- Found rmw_fastrtps_cpp: 6.2.7 (/opt/ros/humble/share/rmw_fastrtps_cpp/cmake)
[0.277s] -- Using RMW implementation 'rmw_fastrtps_cpp' as default
[0.328s] [31mCMake Error at CMakeLists.txt:12 (find_package):
[0.328s]   By not providing "Findbase_interfaces_demo.cmake" in CMAKE_MODULE_PATH this
[0.328s]   project has asked CMake to find a package configuration file provided by
[0.328s]   "base_interfaces_demo", but CMake did not find one.
[0.328s] 
[0.328s]   Could not find a package configuration file provided by
[0.328s]   "base_interfaces_demo" with any of the following names:
[0.328s] 
[0.328s]     base_interfaces_demoConfig.cmake
[0.329s]     base_interfaces_demo-config.cmake
[0.329s] 
[0.329s]   Add the installation prefix of "base_interfaces_demo" to CMAKE_PREFIX_PATH
[0.329s]   or set "base_interfaces_demo_DIR" to a directory containing one of the
[0.329s]   above files.  If "base_interfaces_demo" provides a separate development
[0.329s]   package or SDK, be sure it has been installed.
[0.329s] 
[0.329s] [0m
[0.329s] -- Configuring incomplete, errors occurred!
[0.333s] gmake: *** [Makefile:308: cmake_check_build_system] Error 1
[0.335s] Invoked command in '/home/y/lxy_ROS2/ROS2_git/src/pk02_topic_cpp/build/pk02_topic_cpp' returned '2': CMAKE_PREFIX_PATH=${CMAKE_PREFIX_PATH}:/home/y/lxy_ROS2/ws00_helloworld/install/pkg02_helloworld_py:/opt/ros/humble /usr/local/bin/cmake --build /home/y/lxy_ROS2/ROS2_git/src/pk02_topic_cpp/build/pk02_topic_cpp -- -j4 -l4
