[0.011s] Invoking command in '/home/y/lxy_ROS2/ROS2_git/build/pk02_topic_cpp': CMAKE_PREFIX_PATH=${CMAKE_PREFIX_PATH}:/home/y/lxy_ROS2/ws00_helloworld/install/pkg02_helloworld_py:/opt/ros/humble /usr/local/bin/cmake --build /home/y/lxy_ROS2/ROS2_git/build/pk02_topic_cpp -- -j4 -l4
[0.036s] [ 25%] Built target demo02_listen_str
[0.036s] [ 50%] Built target demo03_talker_stu
[0.036s] [ 75%] Built target demo01_talk_str
[0.037s] [ 87%] [32mBuilding CXX object CMakeFiles/demo04_listen_stu.dir/src/demo04_listen_stu.cpp.o[0m
[5.972s] [100%] [32m[1mLinking CXX executable demo04_listen_stu[0m
[6.205s] [100%] Built target demo04_listen_stu
[6.210s] Invoked command in '/home/y/lxy_ROS2/ROS2_git/build/pk02_topic_cpp' returned '0': CMAKE_PREFIX_PATH=${CMAKE_PREFIX_PATH}:/home/y/lxy_ROS2/ws00_helloworld/install/pkg02_helloworld_py:/opt/ros/humble /usr/local/bin/cmake --build /home/y/lxy_ROS2/ROS2_git/build/pk02_topic_cpp -- -j4 -l4
[6.234s] Invoking command in '/home/y/lxy_ROS2/ROS2_git/build/pk02_topic_cpp': CMAKE_PREFIX_PATH=${CMAKE_PREFIX_PATH}:/home/y/lxy_ROS2/ws00_helloworld/install/pkg02_helloworld_py:/opt/ros/humble /usr/local/bin/cmake --install /home/y/lxy_ROS2/ROS2_git/build/pk02_topic_cpp
[6.236s] -- Install configuration: ""
[6.236s] -- Installing: /home/y/lxy_ROS2/ROS2_git/install/pk02_topic_cpp/lib/pk02_topic_cpp/demo01_talk_str
[6.237s] -- Set runtime path of "/home/y/lxy_ROS2/ROS2_git/install/pk02_topic_cpp/lib/pk02_topic_cpp/demo01_talk_str" to ""
[6.237s] -- Installing: /home/y/lxy_ROS2/ROS2_git/install/pk02_topic_cpp/lib/pk02_topic_cpp/demo02_listen_str
[6.239s] -- Set runtime path of "/home/y/lxy_ROS2/ROS2_git/install/pk02_topic_cpp/lib/pk02_topic_cpp/demo02_listen_str" to ""
[6.240s] -- Installing: /home/y/lxy_ROS2/ROS2_git/install/pk02_topic_cpp/lib/pk02_topic_cpp/demo03_talker_stu
[6.240s] -- Set runtime path of "/home/y/lxy_ROS2/ROS2_git/install/pk02_topic_cpp/lib/pk02_topic_cpp/demo03_talker_stu" to ""
[6.240s] -- Installing: /home/y/lxy_ROS2/ROS2_git/install/pk02_topic_cpp/lib/pk02_topic_cpp/demo04_listen_stu
[6.242s] -- Set runtime path of "/home/y/lxy_ROS2/ROS2_git/install/pk02_topic_cpp/lib/pk02_topic_cpp/demo04_listen_stu" to ""
[6.242s] -- Up-to-date: /home/y/lxy_ROS2/ROS2_git/install/pk02_topic_cpp/share/ament_index/resource_index/package_run_dependencies/pk02_topic_cpp
[6.242s] -- Installing: /home/y/lxy_ROS2/ROS2_git/install/pk02_topic_cpp/share/ament_index/resource_index/parent_prefix_path/pk02_topic_cpp
[6.242s] -- Up-to-date: /home/y/lxy_ROS2/ROS2_git/install/pk02_topic_cpp/share/pk02_topic_cpp/environment/ament_prefix_path.sh
[6.242s] -- Installing: /home/y/lxy_ROS2/ROS2_git/install/pk02_topic_cpp/share/pk02_topic_cpp/environment/ament_prefix_path.dsv
[6.243s] -- Up-to-date: /home/y/lxy_ROS2/ROS2_git/install/pk02_topic_cpp/share/pk02_topic_cpp/environment/path.sh
[6.243s] -- Installing: /home/y/lxy_ROS2/ROS2_git/install/pk02_topic_cpp/share/pk02_topic_cpp/environment/path.dsv
[6.243s] -- Up-to-date: /home/y/lxy_ROS2/ROS2_git/install/pk02_topic_cpp/share/pk02_topic_cpp/local_setup.bash
[6.243s] -- Up-to-date: /home/y/lxy_ROS2/ROS2_git/install/pk02_topic_cpp/share/pk02_topic_cpp/local_setup.sh
[6.243s] -- Up-to-date: /home/y/lxy_ROS2/ROS2_git/install/pk02_topic_cpp/share/pk02_topic_cpp/local_setup.zsh
[6.243s] -- Installing: /home/y/lxy_ROS2/ROS2_git/install/pk02_topic_cpp/share/pk02_topic_cpp/local_setup.dsv
[6.243s] -- Installing: /home/y/lxy_ROS2/ROS2_git/install/pk02_topic_cpp/share/pk02_topic_cpp/package.dsv
[6.243s] -- Up-to-date: /home/y/lxy_ROS2/ROS2_git/install/pk02_topic_cpp/share/ament_index/resource_index/packages/pk02_topic_cpp
[6.243s] -- Up-to-date: /home/y/lxy_ROS2/ROS2_git/install/pk02_topic_cpp/share/pk02_topic_cpp/cmake/pk02_topic_cppConfig.cmake
[6.243s] -- Up-to-date: /home/y/lxy_ROS2/ROS2_git/install/pk02_topic_cpp/share/pk02_topic_cpp/cmake/pk02_topic_cppConfig-version.cmake
[6.243s] -- Up-to-date: /home/y/lxy_ROS2/ROS2_git/install/pk02_topic_cpp/share/pk02_topic_cpp/package.xml
[6.244s] Invoked command in '/home/y/lxy_ROS2/ROS2_git/build/pk02_topic_cpp' returned '0': CMAKE_PREFIX_PATH=${CMAKE_PREFIX_PATH}:/home/y/lxy_ROS2/ws00_helloworld/install/pkg02_helloworld_py:/opt/ros/humble /usr/local/bin/cmake --install /home/y/lxy_ROS2/ROS2_git/build/pk02_topic_cpp
