[0.119s] DEBUG:colcon:Command line arguments: ['/usr/bin/colcon', 'build', '--packages-select', 'pk04_action_cpp']
[0.119s] DEBUG:colcon:Parsed command line arguments: Namespace(log_base=None, log_level=None, verb_name='build', build_base='build', install_base='install', merge_install=False, symlink_install=False, test_result_base=None, continue_on_error=False, executor='parallel', parallel_workers=4, event_handlers=None, ignore_user_meta=False, metas=['./colcon.meta'], base_paths=['.'], packages_ignore=None, packages_ignore_regex=None, paths=None, packages_up_to=None, packages_up_to_regex=None, packages_above=None, packages_above_and_dependencies=None, packages_above_depth=None, packages_select_by_dep=None, packages_skip_by_dep=None, packages_skip_up_to=None, packages_select_build_failed=False, packages_skip_build_finished=False, packages_select_test_failures=False, packages_skip_test_passed=False, packages_select=['pk04_action_cpp'], packages_skip=None, packages_select_regex=None, packages_skip_regex=None, packages_start=None, packages_end=None, allow_overriding=[], cmake_args=None, cmake_target=None, cmake_target_skip_unavailable=False, cmake_clean_cache=False, cmake_clean_first=False, cmake_force_configure=False, ament_cmake_args=None, catkin_cmake_args=None, catkin_skip_building_tests=False, mixin_files=None, mixin=None, verb_parser=<colcon_mixin.mixin.mixin_argument.MixinArgumentDecorator object at 0x78952bd3b160>, verb_extension=<colcon_core.verb.build.BuildVerb object at 0x78952be1fee0>, main=<bound method BuildVerb.main of <colcon_core.verb.build.BuildVerb object at 0x78952be1fee0>>, mixin_verb=('build',))
[0.225s] Level 1:colcon.colcon_core.package_discovery:discover_packages(colcon_meta) check parameters
[0.225s] Level 1:colcon.colcon_core.package_discovery:discover_packages(recursive) check parameters
[0.225s] Level 1:colcon.colcon_core.package_discovery:discover_packages(ignore) check parameters
[0.225s] Level 1:colcon.colcon_core.package_discovery:discover_packages(path) check parameters
[0.226s] Level 1:colcon.colcon_core.package_discovery:discover_packages(colcon_meta) discover
[0.226s] Level 1:colcon.colcon_core.package_discovery:discover_packages(recursive) discover
[0.226s] INFO:colcon.colcon_core.package_discovery:Crawling recursively for packages in '/home/y/lxy_ROS2/ROS2_git'
[0.226s] Level 1:colcon.colcon_core.package_identification:_identify(.) by extensions ['ignore', 'ignore_ament_install']
[0.226s] Level 1:colcon.colcon_core.package_identification:_identify(.) by extension 'ignore'
[0.226s] Level 1:colcon.colcon_core.package_identification:_identify(.) by extension 'ignore_ament_install'
[0.226s] Level 1:colcon.colcon_core.package_identification:_identify(.) by extensions ['colcon_pkg']
[0.226s] Level 1:colcon.colcon_core.package_identification:_identify(.) by extension 'colcon_pkg'
[0.226s] Level 1:colcon.colcon_core.package_identification:_identify(.) by extensions ['colcon_meta']
[0.226s] Level 1:colcon.colcon_core.package_identification:_identify(.) by extension 'colcon_meta'
[0.226s] Level 1:colcon.colcon_core.package_identification:_identify(.) by extensions ['ros']
[0.226s] Level 1:colcon.colcon_core.package_identification:_identify(.) by extension 'ros'
[0.232s] Level 1:colcon.colcon_core.package_identification:_identify(.) by extensions ['cmake', 'python']
[0.233s] Level 1:colcon.colcon_core.package_identification:_identify(.) by extension 'cmake'
[0.233s] Level 1:colcon.colcon_core.package_identification:_identify(.) by extension 'python'
[0.233s] Level 1:colcon.colcon_core.package_identification:_identify(.) by extensions ['python_setup_py']
[0.233s] Level 1:colcon.colcon_core.package_identification:_identify(.) by extension 'python_setup_py'
[0.233s] Level 1:colcon.colcon_core.package_identification:_identify(build) by extensions ['ignore', 'ignore_ament_install']
[0.233s] Level 1:colcon.colcon_core.package_identification:_identify(build) by extension 'ignore'
[0.233s] Level 1:colcon.colcon_core.package_identification:_identify(build) ignored
[0.233s] Level 1:colcon.colcon_core.package_identification:_identify(install) by extensions ['ignore', 'ignore_ament_install']
[0.233s] Level 1:colcon.colcon_core.package_identification:_identify(install) by extension 'ignore'
[0.233s] Level 1:colcon.colcon_core.package_identification:_identify(install) ignored
[0.233s] Level 1:colcon.colcon_core.package_identification:_identify(log) by extensions ['ignore', 'ignore_ament_install']
[0.233s] Level 1:colcon.colcon_core.package_identification:_identify(log) by extension 'ignore'
[0.233s] Level 1:colcon.colcon_core.package_identification:_identify(log) ignored
[0.233s] Level 1:colcon.colcon_core.package_identification:_identify(src) by extensions ['ignore', 'ignore_ament_install']
[0.233s] Level 1:colcon.colcon_core.package_identification:_identify(src) by extension 'ignore'
[0.233s] Level 1:colcon.colcon_core.package_identification:_identify(src) by extension 'ignore_ament_install'
[0.233s] Level 1:colcon.colcon_core.package_identification:_identify(src) by extensions ['colcon_pkg']
[0.233s] Level 1:colcon.colcon_core.package_identification:_identify(src) by extension 'colcon_pkg'
[0.233s] Level 1:colcon.colcon_core.package_identification:_identify(src) by extensions ['colcon_meta']
[0.233s] Level 1:colcon.colcon_core.package_identification:_identify(src) by extension 'colcon_meta'
[0.233s] Level 1:colcon.colcon_core.package_identification:_identify(src) by extensions ['ros']
[0.233s] Level 1:colcon.colcon_core.package_identification:_identify(src) by extension 'ros'
[0.234s] Level 1:colcon.colcon_core.package_identification:_identify(src) by extensions ['cmake', 'python']
[0.234s] Level 1:colcon.colcon_core.package_identification:_identify(src) by extension 'cmake'
[0.234s] Level 1:colcon.colcon_core.package_identification:_identify(src) by extension 'python'
[0.234s] Level 1:colcon.colcon_core.package_identification:_identify(src) by extensions ['python_setup_py']
[0.234s] Level 1:colcon.colcon_core.package_identification:_identify(src) by extension 'python_setup_py'
[0.234s] Level 1:colcon.colcon_core.package_identification:_identify(src/base_interface_demo) by extensions ['ignore', 'ignore_ament_install']
[0.234s] Level 1:colcon.colcon_core.package_identification:_identify(src/base_interface_demo) by extension 'ignore'
[0.234s] Level 1:colcon.colcon_core.package_identification:_identify(src/base_interface_demo) by extension 'ignore_ament_install'
[0.234s] Level 1:colcon.colcon_core.package_identification:_identify(src/base_interface_demo) by extensions ['colcon_pkg']
[0.234s] Level 1:colcon.colcon_core.package_identification:_identify(src/base_interface_demo) by extension 'colcon_pkg'
[0.234s] Level 1:colcon.colcon_core.package_identification:_identify(src/base_interface_demo) by extensions ['colcon_meta']
[0.234s] Level 1:colcon.colcon_core.package_identification:_identify(src/base_interface_demo) by extension 'colcon_meta'
[0.234s] Level 1:colcon.colcon_core.package_identification:_identify(src/base_interface_demo) by extensions ['ros']
[0.234s] Level 1:colcon.colcon_core.package_identification:_identify(src/base_interface_demo) by extension 'ros'
[0.236s] DEBUG:colcon.colcon_core.package_identification:Package 'src/base_interface_demo' with type 'ros.ament_cmake' and name 'base_interface_demo'
[0.236s] Level 1:colcon.colcon_core.package_identification:_identify(src/pk02_topic_cpp) by extensions ['ignore', 'ignore_ament_install']
[0.236s] Level 1:colcon.colcon_core.package_identification:_identify(src/pk02_topic_cpp) by extension 'ignore'
[0.236s] Level 1:colcon.colcon_core.package_identification:_identify(src/pk02_topic_cpp) by extension 'ignore_ament_install'
[0.236s] Level 1:colcon.colcon_core.package_identification:_identify(src/pk02_topic_cpp) by extensions ['colcon_pkg']
[0.236s] Level 1:colcon.colcon_core.package_identification:_identify(src/pk02_topic_cpp) by extension 'colcon_pkg'
[0.236s] Level 1:colcon.colcon_core.package_identification:_identify(src/pk02_topic_cpp) by extensions ['colcon_meta']
[0.236s] Level 1:colcon.colcon_core.package_identification:_identify(src/pk02_topic_cpp) by extension 'colcon_meta'
[0.236s] Level 1:colcon.colcon_core.package_identification:_identify(src/pk02_topic_cpp) by extensions ['ros']
[0.236s] Level 1:colcon.colcon_core.package_identification:_identify(src/pk02_topic_cpp) by extension 'ros'
[0.237s] DEBUG:colcon.colcon_core.package_identification:Package 'src/pk02_topic_cpp' with type 'ros.ament_cmake' and name 'pk02_topic_cpp'
[0.237s] Level 1:colcon.colcon_core.package_identification:_identify(src/pk03_service_cpp) by extensions ['ignore', 'ignore_ament_install']
[0.237s] Level 1:colcon.colcon_core.package_identification:_identify(src/pk03_service_cpp) by extension 'ignore'
[0.237s] Level 1:colcon.colcon_core.package_identification:_identify(src/pk03_service_cpp) by extension 'ignore_ament_install'
[0.237s] Level 1:colcon.colcon_core.package_identification:_identify(src/pk03_service_cpp) by extensions ['colcon_pkg']
[0.237s] Level 1:colcon.colcon_core.package_identification:_identify(src/pk03_service_cpp) by extension 'colcon_pkg'
[0.237s] Level 1:colcon.colcon_core.package_identification:_identify(src/pk03_service_cpp) by extensions ['colcon_meta']
[0.237s] Level 1:colcon.colcon_core.package_identification:_identify(src/pk03_service_cpp) by extension 'colcon_meta'
[0.237s] Level 1:colcon.colcon_core.package_identification:_identify(src/pk03_service_cpp) by extensions ['ros']
[0.237s] Level 1:colcon.colcon_core.package_identification:_identify(src/pk03_service_cpp) by extension 'ros'
[0.237s] DEBUG:colcon.colcon_core.package_identification:Package 'src/pk03_service_cpp' with type 'ros.ament_cmake' and name 'pk03_service_cpp'
[0.237s] Level 1:colcon.colcon_core.package_identification:_identify(src/pk04_action_cpp) by extensions ['ignore', 'ignore_ament_install']
[0.237s] Level 1:colcon.colcon_core.package_identification:_identify(src/pk04_action_cpp) by extension 'ignore'
[0.237s] Level 1:colcon.colcon_core.package_identification:_identify(src/pk04_action_cpp) by extension 'ignore_ament_install'
[0.238s] Level 1:colcon.colcon_core.package_identification:_identify(src/pk04_action_cpp) by extensions ['colcon_pkg']
[0.238s] Level 1:colcon.colcon_core.package_identification:_identify(src/pk04_action_cpp) by extension 'colcon_pkg'
[0.238s] Level 1:colcon.colcon_core.package_identification:_identify(src/pk04_action_cpp) by extensions ['colcon_meta']
[0.238s] Level 1:colcon.colcon_core.package_identification:_identify(src/pk04_action_cpp) by extension 'colcon_meta'
[0.238s] Level 1:colcon.colcon_core.package_identification:_identify(src/pk04_action_cpp) by extensions ['ros']
[0.238s] Level 1:colcon.colcon_core.package_identification:_identify(src/pk04_action_cpp) by extension 'ros'
[0.238s] DEBUG:colcon.colcon_core.package_identification:Package 'src/pk04_action_cpp' with type 'ros.ament_cmake' and name 'pk04_action_cpp'
[0.238s] Level 1:colcon.colcon_core.package_identification:_identify(src/pkg01_hello_cpp) by extensions ['ignore', 'ignore_ament_install']
[0.238s] Level 1:colcon.colcon_core.package_identification:_identify(src/pkg01_hello_cpp) by extension 'ignore'
[0.238s] Level 1:colcon.colcon_core.package_identification:_identify(src/pkg01_hello_cpp) by extension 'ignore_ament_install'
[0.238s] Level 1:colcon.colcon_core.package_identification:_identify(src/pkg01_hello_cpp) by extensions ['colcon_pkg']
[0.238s] Level 1:colcon.colcon_core.package_identification:_identify(src/pkg01_hello_cpp) by extension 'colcon_pkg'
[0.238s] Level 1:colcon.colcon_core.package_identification:_identify(src/pkg01_hello_cpp) by extensions ['colcon_meta']
[0.238s] Level 1:colcon.colcon_core.package_identification:_identify(src/pkg01_hello_cpp) by extension 'colcon_meta'
[0.238s] Level 1:colcon.colcon_core.package_identification:_identify(src/pkg01_hello_cpp) by extensions ['ros']
[0.238s] Level 1:colcon.colcon_core.package_identification:_identify(src/pkg01_hello_cpp) by extension 'ros'
[0.239s] DEBUG:colcon.colcon_core.package_identification:Package 'src/pkg01_hello_cpp' with type 'ros.ament_cmake' and name 'pkg01_hello_cpp'
[0.239s] Level 1:colcon.colcon_core.package_discovery:discover_packages(recursive) using defaults
[0.239s] Level 1:colcon.colcon_core.package_discovery:discover_packages(ignore) discover
[0.239s] Level 1:colcon.colcon_core.package_discovery:discover_packages(ignore) using defaults
[0.239s] Level 1:colcon.colcon_core.package_discovery:discover_packages(path) discover
[0.239s] Level 1:colcon.colcon_core.package_discovery:discover_packages(path) using defaults
[0.263s] INFO:colcon.colcon_core.package_selection:Skipping not selected package 'base_interface_demo' in 'src/base_interface_demo'
[0.263s] INFO:colcon.colcon_core.package_selection:Skipping not selected package 'pk02_topic_cpp' in 'src/pk02_topic_cpp'
[0.263s] INFO:colcon.colcon_core.package_selection:Skipping not selected package 'pkg01_hello_cpp' in 'src/pkg01_hello_cpp'
[0.263s] INFO:colcon.colcon_core.package_selection:Skipping not selected package 'pk03_service_cpp' in 'src/pk03_service_cpp'
[0.264s] Level 1:colcon.colcon_core.package_discovery:discover_packages(prefix_path) check parameters
[0.264s] Level 1:colcon.colcon_core.package_discovery:discover_packages(prefix_path) discover
[0.265s] WARNING:colcon.colcon_core.prefix_path.colcon:The path '/home/y/lxy_ROS2/ROS2_git/src/install' in the environment variable COLCON_PREFIX_PATH doesn't exist
[0.265s] WARNING:colcon.colcon_ros.prefix_path.ament:The path '/home/y/lxy_ROS2/ROS2_git/src/install/pk03_service_cpp' in the environment variable AMENT_PREFIX_PATH doesn't exist
[0.265s] WARNING:colcon.colcon_ros.prefix_path.ament:The path '/home/y/lxy_ROS2/ROS2_git/src/install/base_interface_demo' in the environment variable AMENT_PREFIX_PATH doesn't exist
[0.266s] WARNING:colcon.colcon_ros.prefix_path.catkin:The path '/home/y/lxy_ROS2/ROS2_git/src/install/pk03_service_cpp' in the environment variable CMAKE_PREFIX_PATH doesn't exist
[0.266s] WARNING:colcon.colcon_ros.prefix_path.catkin:The path '/home/y/lxy_ROS2/ROS2_git/src/install/base_interface_demo' in the environment variable CMAKE_PREFIX_PATH doesn't exist
[0.266s] DEBUG:colcon.colcon_installed_package_information.package_discovery:Found 5 installed packages in /home/y/lxy_ROS2/ROS2_git/install
[0.267s] DEBUG:colcon.colcon_installed_package_information.package_discovery:Found 18 installed packages in /home/y/ROS2_Realman/install
[0.268s] DEBUG:colcon.colcon_installed_package_information.package_discovery:Found 2 installed packages in /home/y/lxy_ROS2/ws00_helloworld/install
[0.268s] DEBUG:colcon.colcon_installed_package_information.package_discovery:Found 394 installed packages in /opt/ros/humble
[0.270s] Level 1:colcon.colcon_core.package_discovery:discover_packages(prefix_path) using defaults
[0.301s] Level 5:colcon.colcon_core.verb:set package 'pk04_action_cpp' build argument 'cmake_args' from command line to 'None'
[0.301s] Level 5:colcon.colcon_core.verb:set package 'pk04_action_cpp' build argument 'cmake_target' from command line to 'None'
[0.301s] Level 5:colcon.colcon_core.verb:set package 'pk04_action_cpp' build argument 'cmake_target_skip_unavailable' from command line to 'False'
[0.301s] Level 5:colcon.colcon_core.verb:set package 'pk04_action_cpp' build argument 'cmake_clean_cache' from command line to 'False'
[0.301s] Level 5:colcon.colcon_core.verb:set package 'pk04_action_cpp' build argument 'cmake_clean_first' from command line to 'False'
[0.301s] Level 5:colcon.colcon_core.verb:set package 'pk04_action_cpp' build argument 'cmake_force_configure' from command line to 'False'
[0.301s] Level 5:colcon.colcon_core.verb:set package 'pk04_action_cpp' build argument 'ament_cmake_args' from command line to 'None'
[0.301s] Level 5:colcon.colcon_core.verb:set package 'pk04_action_cpp' build argument 'catkin_cmake_args' from command line to 'None'
[0.301s] Level 5:colcon.colcon_core.verb:set package 'pk04_action_cpp' build argument 'catkin_skip_building_tests' from command line to 'False'
[0.301s] DEBUG:colcon.colcon_core.verb:Building package 'pk04_action_cpp' with the following arguments: {'ament_cmake_args': None, 'build_base': '/home/y/lxy_ROS2/ROS2_git/build/pk04_action_cpp', 'catkin_cmake_args': None, 'catkin_skip_building_tests': False, 'cmake_args': None, 'cmake_clean_cache': False, 'cmake_clean_first': False, 'cmake_force_configure': False, 'cmake_target': None, 'cmake_target_skip_unavailable': False, 'install_base': '/home/y/lxy_ROS2/ROS2_git/install/pk04_action_cpp', 'merge_install': False, 'path': '/home/y/lxy_ROS2/ROS2_git/src/pk04_action_cpp', 'symlink_install': False, 'test_result_base': None}
[0.301s] INFO:colcon.colcon_core.executor:Executing jobs using 'parallel' executor
[0.302s] DEBUG:colcon.colcon_parallel_executor.executor.parallel:run_until_complete
[0.303s] INFO:colcon.colcon_ros.task.ament_cmake.build:Building ROS package in '/home/y/lxy_ROS2/ROS2_git/src/pk04_action_cpp' with build type 'ament_cmake'
[0.303s] INFO:colcon.colcon_cmake.task.cmake.build:Building CMake package in '/home/y/lxy_ROS2/ROS2_git/src/pk04_action_cpp'
[0.308s] INFO:colcon.colcon_core.plugin_system:Skipping extension 'colcon_core.shell.bat': Not used on non-Windows systems
[0.308s] INFO:colcon.colcon_core.shell:Skip shell extension 'powershell' for command environment: Not usable outside of PowerShell
[0.308s] DEBUG:colcon.colcon_core.shell:Skip shell extension 'dsv' for command environment
[0.322s] DEBUG:colcon.colcon_core.event_handler.log_command:Invoking command in '/home/y/lxy_ROS2/ROS2_git/build/pk04_action_cpp': CMAKE_PREFIX_PATH=/home/y/lxy_ROS2/ROS2_git/install/base_interface_demo:/home/y/lxy_ROS2/ROS2_git/install/pk04_action_cpp:/home/y/lxy_ROS2/ROS2_git/install/pk03_service_cpp:/home/y/lxy_ROS2/ROS2_git/src/install/pk03_service_cpp:/home/y/lxy_ROS2/ROS2_git/src/install/base_interface_demo:/home/y/lxy_ROS2/ROS2_git/install/pkg01_hello_cpp:/home/y/lxy_ROS2/ROS2_git/install/pk02_topic_cpp:/home/y/ROS2_Realman/install/rm_example:/home/y/ROS2_Realman/install/rm_driver:/home/y/ROS2_Realman/install/rm_control:/home/y/ROS2_Realman/install/get_arm_state:/home/y/ROS2_Realman/install/force_position_control:/home/y/ROS2_Realman/install/control_arm_move:/home/y/ROS2_Realman/install/rm_ros_interfaces:/home/y/ROS2_Realman/install/rm_install:/home/y/ROS2_Realman/install/rm_gen72_config:/home/y/ROS2_Realman/install/rm_gazebo:/home/y/ROS2_Realman/install/rm_eco65_config:/home/y/ROS2_Realman/install/rm_eco63_config:/home/y/ROS2_Realman/install/rm_doc:/home/y/ROS2_Realman/install/rm_75_config:/home/y/ROS2_Realman/install/rm_63_config:/home/y/ROS2_Realman/install/rm_description:/home/y/ROS2_Realman/install/rm_bringup:/home/y/ROS2_Realman/install/rm_65_config:/home/y/lxy_ROS2/ws00_helloworld/install/pkg01_helloworld_cpp:/home/y/lxy_ROS2/ws00_helloworld/install/pkg02_helloworld_py:/opt/ros/humble LD_LIBRARY_PATH=/home/y/lxy_ROS2/ROS2_git/install/base_interface_demo/lib:/home/y/lxy_ROS2/ROS2_git/src/install/base_interface_demo/lib:/home/y/ROS2_Realman/install/rm_ros_interfaces/lib:/usr/lib/x86_64-linux-gnu/gazebo-11/plugins:/opt/ros/humble/opt/rviz_ogre_vendor/lib:/opt/ros/humble/lib/x86_64-linux-gnu:/opt/ros/humble/lib:/usr/local/lib/ /usr/local/bin/cmake --build /home/y/lxy_ROS2/ROS2_git/build/pk04_action_cpp -- -j4 -l4
[3.118s] DEBUG:colcon.colcon_core.event_handler.log_command:Invoked command in '/home/y/lxy_ROS2/ROS2_git/build/pk04_action_cpp' returned '0': CMAKE_PREFIX_PATH=/home/y/lxy_ROS2/ROS2_git/install/base_interface_demo:/home/y/lxy_ROS2/ROS2_git/install/pk04_action_cpp:/home/y/lxy_ROS2/ROS2_git/install/pk03_service_cpp:/home/y/lxy_ROS2/ROS2_git/src/install/pk03_service_cpp:/home/y/lxy_ROS2/ROS2_git/src/install/base_interface_demo:/home/y/lxy_ROS2/ROS2_git/install/pkg01_hello_cpp:/home/y/lxy_ROS2/ROS2_git/install/pk02_topic_cpp:/home/y/ROS2_Realman/install/rm_example:/home/y/ROS2_Realman/install/rm_driver:/home/y/ROS2_Realman/install/rm_control:/home/y/ROS2_Realman/install/get_arm_state:/home/y/ROS2_Realman/install/force_position_control:/home/y/ROS2_Realman/install/control_arm_move:/home/y/ROS2_Realman/install/rm_ros_interfaces:/home/y/ROS2_Realman/install/rm_install:/home/y/ROS2_Realman/install/rm_gen72_config:/home/y/ROS2_Realman/install/rm_gazebo:/home/y/ROS2_Realman/install/rm_eco65_config:/home/y/ROS2_Realman/install/rm_eco63_config:/home/y/ROS2_Realman/install/rm_doc:/home/y/ROS2_Realman/install/rm_75_config:/home/y/ROS2_Realman/install/rm_63_config:/home/y/ROS2_Realman/install/rm_description:/home/y/ROS2_Realman/install/rm_bringup:/home/y/ROS2_Realman/install/rm_65_config:/home/y/lxy_ROS2/ws00_helloworld/install/pkg01_helloworld_cpp:/home/y/lxy_ROS2/ws00_helloworld/install/pkg02_helloworld_py:/opt/ros/humble LD_LIBRARY_PATH=/home/y/lxy_ROS2/ROS2_git/install/base_interface_demo/lib:/home/y/lxy_ROS2/ROS2_git/src/install/base_interface_demo/lib:/home/y/ROS2_Realman/install/rm_ros_interfaces/lib:/usr/lib/x86_64-linux-gnu/gazebo-11/plugins:/opt/ros/humble/opt/rviz_ogre_vendor/lib:/opt/ros/humble/lib/x86_64-linux-gnu:/opt/ros/humble/lib:/usr/local/lib/ /usr/local/bin/cmake --build /home/y/lxy_ROS2/ROS2_git/build/pk04_action_cpp -- -j4 -l4
[3.145s] DEBUG:colcon.colcon_core.event_handler.log_command:Invoking command in '/home/y/lxy_ROS2/ROS2_git/build/pk04_action_cpp': CMAKE_PREFIX_PATH=/home/y/lxy_ROS2/ROS2_git/install/base_interface_demo:/home/y/lxy_ROS2/ROS2_git/install/pk04_action_cpp:/home/y/lxy_ROS2/ROS2_git/install/pk03_service_cpp:/home/y/lxy_ROS2/ROS2_git/src/install/pk03_service_cpp:/home/y/lxy_ROS2/ROS2_git/src/install/base_interface_demo:/home/y/lxy_ROS2/ROS2_git/install/pkg01_hello_cpp:/home/y/lxy_ROS2/ROS2_git/install/pk02_topic_cpp:/home/y/ROS2_Realman/install/rm_example:/home/y/ROS2_Realman/install/rm_driver:/home/y/ROS2_Realman/install/rm_control:/home/y/ROS2_Realman/install/get_arm_state:/home/y/ROS2_Realman/install/force_position_control:/home/y/ROS2_Realman/install/control_arm_move:/home/y/ROS2_Realman/install/rm_ros_interfaces:/home/y/ROS2_Realman/install/rm_install:/home/y/ROS2_Realman/install/rm_gen72_config:/home/y/ROS2_Realman/install/rm_gazebo:/home/y/ROS2_Realman/install/rm_eco65_config:/home/y/ROS2_Realman/install/rm_eco63_config:/home/y/ROS2_Realman/install/rm_doc:/home/y/ROS2_Realman/install/rm_75_config:/home/y/ROS2_Realman/install/rm_63_config:/home/y/ROS2_Realman/install/rm_description:/home/y/ROS2_Realman/install/rm_bringup:/home/y/ROS2_Realman/install/rm_65_config:/home/y/lxy_ROS2/ws00_helloworld/install/pkg01_helloworld_cpp:/home/y/lxy_ROS2/ws00_helloworld/install/pkg02_helloworld_py:/opt/ros/humble LD_LIBRARY_PATH=/home/y/lxy_ROS2/ROS2_git/install/base_interface_demo/lib:/home/y/lxy_ROS2/ROS2_git/src/install/base_interface_demo/lib:/home/y/ROS2_Realman/install/rm_ros_interfaces/lib:/usr/lib/x86_64-linux-gnu/gazebo-11/plugins:/opt/ros/humble/opt/rviz_ogre_vendor/lib:/opt/ros/humble/lib/x86_64-linux-gnu:/opt/ros/humble/lib:/usr/local/lib/ /usr/local/bin/cmake --install /home/y/lxy_ROS2/ROS2_git/build/pk04_action_cpp
[3.149s] Level 1:colcon.colcon_core.environment:create_environment_scripts_only(pk04_action_cpp)
[3.150s] DEBUG:colcon.colcon_core.event_handler.log_command:Invoked command in '/home/y/lxy_ROS2/ROS2_git/build/pk04_action_cpp' returned '0': CMAKE_PREFIX_PATH=/home/y/lxy_ROS2/ROS2_git/install/base_interface_demo:/home/y/lxy_ROS2/ROS2_git/install/pk04_action_cpp:/home/y/lxy_ROS2/ROS2_git/install/pk03_service_cpp:/home/y/lxy_ROS2/ROS2_git/src/install/pk03_service_cpp:/home/y/lxy_ROS2/ROS2_git/src/install/base_interface_demo:/home/y/lxy_ROS2/ROS2_git/install/pkg01_hello_cpp:/home/y/lxy_ROS2/ROS2_git/install/pk02_topic_cpp:/home/y/ROS2_Realman/install/rm_example:/home/y/ROS2_Realman/install/rm_driver:/home/y/ROS2_Realman/install/rm_control:/home/y/ROS2_Realman/install/get_arm_state:/home/y/ROS2_Realman/install/force_position_control:/home/y/ROS2_Realman/install/control_arm_move:/home/y/ROS2_Realman/install/rm_ros_interfaces:/home/y/ROS2_Realman/install/rm_install:/home/y/ROS2_Realman/install/rm_gen72_config:/home/y/ROS2_Realman/install/rm_gazebo:/home/y/ROS2_Realman/install/rm_eco65_config:/home/y/ROS2_Realman/install/rm_eco63_config:/home/y/ROS2_Realman/install/rm_doc:/home/y/ROS2_Realman/install/rm_75_config:/home/y/ROS2_Realman/install/rm_63_config:/home/y/ROS2_Realman/install/rm_description:/home/y/ROS2_Realman/install/rm_bringup:/home/y/ROS2_Realman/install/rm_65_config:/home/y/lxy_ROS2/ws00_helloworld/install/pkg01_helloworld_cpp:/home/y/lxy_ROS2/ws00_helloworld/install/pkg02_helloworld_py:/opt/ros/humble LD_LIBRARY_PATH=/home/y/lxy_ROS2/ROS2_git/install/base_interface_demo/lib:/home/y/lxy_ROS2/ROS2_git/src/install/base_interface_demo/lib:/home/y/ROS2_Realman/install/rm_ros_interfaces/lib:/usr/lib/x86_64-linux-gnu/gazebo-11/plugins:/opt/ros/humble/opt/rviz_ogre_vendor/lib:/opt/ros/humble/lib/x86_64-linux-gnu:/opt/ros/humble/lib:/usr/local/lib/ /usr/local/bin/cmake --install /home/y/lxy_ROS2/ROS2_git/build/pk04_action_cpp
[3.152s] Level 1:colcon.colcon_core.environment:checking '/home/y/lxy_ROS2/ROS2_git/install/pk04_action_cpp' for CMake module files
[3.152s] Level 1:colcon.colcon_core.environment:checking '/home/y/lxy_ROS2/ROS2_git/install/pk04_action_cpp' for CMake config files
[3.152s] Level 1:colcon.colcon_core.shell:create_environment_hook('pk04_action_cpp', 'cmake_prefix_path')
[3.152s] INFO:colcon.colcon_core.shell:Creating environment hook '/home/y/lxy_ROS2/ROS2_git/install/pk04_action_cpp/share/pk04_action_cpp/hook/cmake_prefix_path.ps1'
[3.153s] INFO:colcon.colcon_core.shell:Creating environment descriptor '/home/y/lxy_ROS2/ROS2_git/install/pk04_action_cpp/share/pk04_action_cpp/hook/cmake_prefix_path.dsv'
[3.153s] INFO:colcon.colcon_core.shell:Creating environment hook '/home/y/lxy_ROS2/ROS2_git/install/pk04_action_cpp/share/pk04_action_cpp/hook/cmake_prefix_path.sh'
[3.154s] Level 1:colcon.colcon_core.environment:checking '/home/y/lxy_ROS2/ROS2_git/install/pk04_action_cpp/lib'
[3.154s] Level 1:colcon.colcon_core.environment:checking '/home/y/lxy_ROS2/ROS2_git/install/pk04_action_cpp/bin'
[3.154s] Level 1:colcon.colcon_core.environment:checking '/home/y/lxy_ROS2/ROS2_git/install/pk04_action_cpp/lib/pkgconfig/pk04_action_cpp.pc'
[3.154s] Level 1:colcon.colcon_core.environment:checking '/home/y/lxy_ROS2/ROS2_git/install/pk04_action_cpp/lib/python3.10/site-packages'
[3.155s] Level 1:colcon.colcon_core.environment:checking '/home/y/lxy_ROS2/ROS2_git/install/pk04_action_cpp/bin'
[3.155s] INFO:colcon.colcon_core.shell:Creating package script '/home/y/lxy_ROS2/ROS2_git/install/pk04_action_cpp/share/pk04_action_cpp/package.ps1'
[3.156s] INFO:colcon.colcon_core.shell:Creating package descriptor '/home/y/lxy_ROS2/ROS2_git/install/pk04_action_cpp/share/pk04_action_cpp/package.dsv'
[3.156s] INFO:colcon.colcon_core.shell:Creating package script '/home/y/lxy_ROS2/ROS2_git/install/pk04_action_cpp/share/pk04_action_cpp/package.sh'
[3.157s] INFO:colcon.colcon_core.shell:Creating package script '/home/y/lxy_ROS2/ROS2_git/install/pk04_action_cpp/share/pk04_action_cpp/package.bash'
[3.158s] INFO:colcon.colcon_core.shell:Creating package script '/home/y/lxy_ROS2/ROS2_git/install/pk04_action_cpp/share/pk04_action_cpp/package.zsh'
[3.158s] Level 1:colcon.colcon_core.environment:create_file_with_runtime_dependencies(/home/y/lxy_ROS2/ROS2_git/install/pk04_action_cpp/share/colcon-core/packages/pk04_action_cpp)
[3.181s] Level 1:colcon.colcon_core.environment:create_environment_scripts_only(pk04_action_cpp)
[3.181s] Level 1:colcon.colcon_core.environment:checking '/home/y/lxy_ROS2/ROS2_git/install/pk04_action_cpp' for CMake module files
[3.181s] Level 1:colcon.colcon_core.environment:checking '/home/y/lxy_ROS2/ROS2_git/install/pk04_action_cpp' for CMake config files
[3.181s] Level 1:colcon.colcon_core.shell:create_environment_hook('pk04_action_cpp', 'cmake_prefix_path')
[3.181s] INFO:colcon.colcon_core.shell:Creating environment hook '/home/y/lxy_ROS2/ROS2_git/install/pk04_action_cpp/share/pk04_action_cpp/hook/cmake_prefix_path.ps1'
[3.182s] INFO:colcon.colcon_core.shell:Creating environment descriptor '/home/y/lxy_ROS2/ROS2_git/install/pk04_action_cpp/share/pk04_action_cpp/hook/cmake_prefix_path.dsv'
[3.182s] INFO:colcon.colcon_core.shell:Creating environment hook '/home/y/lxy_ROS2/ROS2_git/install/pk04_action_cpp/share/pk04_action_cpp/hook/cmake_prefix_path.sh'
[3.183s] Level 1:colcon.colcon_core.environment:checking '/home/y/lxy_ROS2/ROS2_git/install/pk04_action_cpp/lib'
[3.183s] Level 1:colcon.colcon_core.environment:checking '/home/y/lxy_ROS2/ROS2_git/install/pk04_action_cpp/bin'
[3.183s] Level 1:colcon.colcon_core.environment:checking '/home/y/lxy_ROS2/ROS2_git/install/pk04_action_cpp/lib/pkgconfig/pk04_action_cpp.pc'
[3.183s] Level 1:colcon.colcon_core.environment:checking '/home/y/lxy_ROS2/ROS2_git/install/pk04_action_cpp/lib/python3.10/site-packages'
[3.183s] Level 1:colcon.colcon_core.environment:checking '/home/y/lxy_ROS2/ROS2_git/install/pk04_action_cpp/bin'
[3.184s] INFO:colcon.colcon_core.shell:Creating package script '/home/y/lxy_ROS2/ROS2_git/install/pk04_action_cpp/share/pk04_action_cpp/package.ps1'
[3.184s] INFO:colcon.colcon_core.shell:Creating package descriptor '/home/y/lxy_ROS2/ROS2_git/install/pk04_action_cpp/share/pk04_action_cpp/package.dsv'
[3.184s] INFO:colcon.colcon_core.shell:Creating package script '/home/y/lxy_ROS2/ROS2_git/install/pk04_action_cpp/share/pk04_action_cpp/package.sh'
[3.185s] INFO:colcon.colcon_core.shell:Creating package script '/home/y/lxy_ROS2/ROS2_git/install/pk04_action_cpp/share/pk04_action_cpp/package.bash'
[3.185s] INFO:colcon.colcon_core.shell:Creating package script '/home/y/lxy_ROS2/ROS2_git/install/pk04_action_cpp/share/pk04_action_cpp/package.zsh'
[3.185s] Level 1:colcon.colcon_core.environment:create_file_with_runtime_dependencies(/home/y/lxy_ROS2/ROS2_git/install/pk04_action_cpp/share/colcon-core/packages/pk04_action_cpp)
[3.186s] DEBUG:colcon.colcon_parallel_executor.executor.parallel:closing loop
[3.186s] DEBUG:colcon.colcon_parallel_executor.executor.parallel:loop closed
[3.186s] DEBUG:colcon.colcon_parallel_executor.executor.parallel:run_until_complete finished with '0'
[3.186s] DEBUG:colcon.colcon_core.event_reactor:joining thread
[3.191s] INFO:colcon.colcon_core.plugin_system:Skipping extension 'colcon_notification.desktop_notification.terminal_notifier': Not used on non-Darwin systems
[3.191s] INFO:colcon.colcon_core.plugin_system:Skipping extension 'colcon_notification.desktop_notification.win32': Not used on non-Windows systems
[3.191s] INFO:colcon.colcon_notification.desktop_notification:Sending desktop notification using 'notify2'
[3.201s] DEBUG:colcon.colcon_core.event_reactor:joined thread
[3.202s] INFO:colcon.colcon_core.shell:Creating prefix script '/home/y/lxy_ROS2/ROS2_git/install/local_setup.ps1'
[3.202s] INFO:colcon.colcon_core.shell:Creating prefix util module '/home/y/lxy_ROS2/ROS2_git/install/_local_setup_util_ps1.py'
[3.203s] INFO:colcon.colcon_core.shell:Creating prefix chain script '/home/y/lxy_ROS2/ROS2_git/install/setup.ps1'
[3.205s] INFO:colcon.colcon_core.shell:Creating prefix script '/home/y/lxy_ROS2/ROS2_git/install/local_setup.sh'
[3.205s] INFO:colcon.colcon_core.shell:Creating prefix util module '/home/y/lxy_ROS2/ROS2_git/install/_local_setup_util_sh.py'
[3.206s] INFO:colcon.colcon_core.shell:Creating prefix chain script '/home/y/lxy_ROS2/ROS2_git/install/setup.sh'
[3.207s] INFO:colcon.colcon_core.shell:Creating prefix script '/home/y/lxy_ROS2/ROS2_git/install/local_setup.bash'
[3.208s] INFO:colcon.colcon_core.shell:Creating prefix chain script '/home/y/lxy_ROS2/ROS2_git/install/setup.bash'
[3.210s] INFO:colcon.colcon_core.shell:Creating prefix script '/home/y/lxy_ROS2/ROS2_git/install/local_setup.zsh'
[3.210s] INFO:colcon.colcon_core.shell:Creating prefix chain script '/home/y/lxy_ROS2/ROS2_git/install/setup.zsh'
