[0.022s] Invoking command in '/home/y/lxy_ROS2/ROS2_git/src/build/pk03_service_cpp': CMAKE_PREFIX_PATH=${CMAKE_PREFIX_PATH}:/home/y/lxy_ROS2/ws00_helloworld/install/pkg02_helloworld_py:/opt/ros/humble /usr/local/bin/cmake --build /home/y/lxy_ROS2/ROS2_git/src/build/pk03_service_cpp -- -j4 -l4
[0.047s] [ 25%] [32mBuilding CXX object CMakeFiles/demo02_client.dir/src/demo02_client.cpp.o[0m
[0.047s] [ 50%] [32mBuilding CXX object CMakeFiles/demo01_service.dir/src/demo01_service.cpp.o[0m
[1.872s] [01m[K/home/y/lxy_ROS2/ROS2_git/src/pk03_service_cpp/src/demo01_service.cpp:20:7:[m[K [01;31m[Kerror: [m[KISO C++ forbids declaration of ‘[01m[KMinimalPublisher[m[K’ with no type [[01;31m[K]8;;https://gcc.gnu.org/onlinedocs/gcc/Warning-Options.html#index-fpermissive-fpermissive]8;;[m[K]
[1.872s]    20 |       [01;31m[KMinimalPublisher[m[K() : Node("add_ints_service")
[1.873s]       |       [01;31m[K^~~~~~~~~~~~~~~~[m[K
[1.873s] [01m[K/home/y/lxy_ROS2/ROS2_git/src/pk03_service_cpp/src/demo01_service.cpp:[m[K In member function ‘[01m[Kint AddIntsService::MinimalPublisher()[m[K’:
[1.873s] [01m[K/home/y/lxy_ROS2/ROS2_git/src/pk03_service_cpp/src/demo01_service.cpp:20:28:[m[K [01;31m[Kerror: [m[Konly constructors take member initializers
[1.873s]    20 |       MinimalPublisher() : [01;31m[KNode[m[K("add_ints_service")
[1.873s]       |                            [01;31m[K^~~~[m[K
[1.873s] [01m[K/home/y/lxy_ROS2/ROS2_git/src/pk03_service_cpp/src/demo01_service.cpp:23:7:[m[K [01;35m[Kwarning: [m[Kno return statement in function returning non-void [[01;35m[K]8;;https://gcc.gnu.org/onlinedocs/gcc/Warning-Options.html#index-Wreturn-type-Wreturn-type]8;;[m[K]
[1.873s]    23 |       [01;35m[K}[m[K
[1.873s]       |       [01;35m[K^[m[K
[2.146s] In file included from [01m[K/usr/include/x86_64-linux-gnu/c++/11/bits/c++allocator.h:33[m[K,
[2.146s]                  from [01m[K/usr/include/c++/11/bits/allocator.h:46[m[K,
[2.146s]                  from [01m[K/usr/include/c++/11/memory:64[m[K,
[2.146s]                  from [01m[K/opt/ros/humble/include/rclcpp/rclcpp/rclcpp.hpp:153[m[K,
[2.146s]                  from [01m[K/home/y/lxy_ROS2/ROS2_git/src/pk03_service_cpp/src/demo01_service.cpp:14[m[K:
[2.146s] /usr/include/c++/11/ext/new_allocator.h: In instantiation of ‘[01m[Kvoid __gnu_cxx::new_allocator<_Tp>::construct(_Up*, _Args&& ...) [with _Up = AddIntsService; _Args = {}; _Tp = AddIntsService][m[K’:
[2.146s] [01m[K/usr/include/c++/11/bits/alloc_traits.h:516:17:[m[K   required from ‘[01m[Kstatic void std::allocator_traits<std::allocator<_Tp1> >::construct(std::allocator_traits<std::allocator<_Tp1> >::allocator_type&, _Up*, _Args&& ...) [with _Up = AddIntsService; _Args = {}; _Tp = AddIntsService; std::allocator_traits<std::allocator<_Tp1> >::allocator_type = std::allocator<AddIntsService>][m[K’
[2.146s] [01m[K/usr/include/c++/11/bits/shared_ptr_base.h:519:39:[m[K   required from ‘[01m[Kstd::_Sp_counted_ptr_inplace<_Tp, _Alloc, _Lp>::_Sp_counted_ptr_inplace(_Alloc, _Args&& ...) [with _Args = {}; _Tp = AddIntsService; _Alloc = std::allocator<AddIntsService>; __gnu_cxx::_Lock_policy _Lp = __gnu_cxx::_S_atomic][m[K’
[2.146s] [01m[K/usr/include/c++/11/bits/shared_ptr_base.h:650:16:[m[K   required from ‘[01m[Kstd::__shared_count<_Lp>::__shared_count(_Tp*&, std::_Sp_alloc_shared_tag<_Alloc>, _Args&& ...) [with _Tp = AddIntsService; _Alloc = std::allocator<AddIntsService>; _Args = {}; __gnu_cxx::_Lock_policy _Lp = __gnu_cxx::_S_atomic][m[K’
[2.146s] [01m[K/usr/include/c++/11/bits/shared_ptr_base.h:1342:14:[m[K   required from ‘[01m[Kstd::__shared_ptr<_Tp, _Lp>::__shared_ptr(std::_Sp_alloc_shared_tag<_Tp>, _Args&& ...) [with _Alloc = std::allocator<AddIntsService>; _Args = {}; _Tp = AddIntsService; __gnu_cxx::_Lock_policy _Lp = __gnu_cxx::_S_atomic][m[K’
[2.146s] [01m[K/usr/include/c++/11/bits/shared_ptr.h:409:59:[m[K   required from ‘[01m[Kstd::shared_ptr<_Tp>::shared_ptr(std::_Sp_alloc_shared_tag<_Tp>, _Args&& ...) [with _Alloc = std::allocator<AddIntsService>; _Args = {}; _Tp = AddIntsService][m[K’
[2.146s] [01m[K/usr/include/c++/11/bits/shared_ptr.h:862:14:[m[K   required from ‘[01m[Kstd::shared_ptr<_Tp> std::allocate_shared(const _Alloc&, _Args&& ...) [with _Tp = AddIntsService; _Alloc = std::allocator<AddIntsService>; _Args = {}][m[K’
[2.146s] [01m[K/usr/include/c++/11/bits/shared_ptr.h:878:39:[m[K   required from ‘[01m[Kstd::shared_ptr<_Tp> std::make_shared(_Args&& ...) [with _Tp = AddIntsService; _Args = {}][m[K’
[2.147s] [01m[K/home/y/lxy_ROS2/ROS2_git/src/pk03_service_cpp/src/demo01_service.cpp:32:48:[m[K   required from here
[2.147s] [01m[K/usr/include/c++/11/ext/new_allocator.h:162:11:[m[K [01;31m[Kerror: [m[Kuse of deleted function ‘[01m[KAddIntsService::AddIntsService()[m[K’
[2.147s]   162 |         { [01;31m[K::new((void *)__p) _Up(std::forward<_Args>(__args)...)[m[K; }
[2.147s]       |           [01;31m[K^~~~~~~~~~~~~~~~~~~~~~~~~~~~~~~~~~~~~~~~~~~~~~~~~~~~~~[m[K
[2.147s] [01m[K/home/y/lxy_ROS2/ROS2_git/src/pk03_service_cpp/src/demo01_service.cpp:17:7:[m[K [01;36m[Knote: [m[K‘[01m[KAddIntsService::AddIntsService()[m[K’ is implicitly deleted because the default definition would be ill-formed:
[2.147s]    17 | class [01;36m[KAddIntsService[m[K : public rclcpp::Node
[2.147s]       |       [01;36m[K^~~~~~~~~~~~~~[m[K
[2.147s] [01m[K/home/y/lxy_ROS2/ROS2_git/src/pk03_service_cpp/src/demo01_service.cpp:17:7:[m[K [01;31m[Kerror: [m[Kno matching function for call to ‘[01m[Krclcpp::Node::Node()[m[K’
[2.147s] In file included from [01m[K/opt/ros/humble/include/rclcpp/rclcpp/executors/single_threaded_executor.hpp:28[m[K,
[2.147s]                  from [01m[K/opt/ros/humble/include/rclcpp/rclcpp/executors.hpp:22[m[K,
[2.147s]                  from [01m[K/opt/ros/humble/include/rclcpp/rclcpp/rclcpp.hpp:155[m[K,
[2.147s]                  from [01m[K/home/y/lxy_ROS2/ROS2_git/src/pk03_service_cpp/src/demo01_service.cpp:14[m[K:
[2.147s] [01m[K/opt/ros/humble/include/rclcpp/rclcpp/node.hpp:1294:3:[m[K [01;36m[Knote: [m[Kcandidate: ‘[01m[Krclcpp::Node::Node(const rclcpp::Node&, const string&)[m[K’
[2.148s]  1294 |   [01;36m[KNode[m[K(
[2.148s]       |   [01;36m[K^~~~[m[K
[2.149s] [01m[K/opt/ros/humble/include/rclcpp/rclcpp/node.hpp:1294:3:[m[K [01;36m[Knote: [m[K  candidate expects 2 arguments, 0 provided
[2.149s] [01m[K/opt/ros/humble/include/rclcpp/rclcpp/node.hpp:101:12:[m[K [01;36m[Knote: [m[Kcandidate: ‘[01m[Krclcpp::Node::Node(const string&, const string&, const rclcpp::NodeOptions&)[m[K’
[2.149s]   101 |   explicit [01;36m[KNode[m[K(
[2.149s]       |            [01;36m[K^~~~[m[K
[2.149s] [01m[K/opt/ros/humble/include/rclcpp/rclcpp/node.hpp:101:12:[m[K [01;36m[Knote: [m[K  candidate expects 3 arguments, 0 provided
[2.150s] [01m[K/opt/ros/humble/include/rclcpp/rclcpp/node.hpp:89:12:[m[K [01;36m[Knote: [m[Kcandidate: ‘[01m[Krclcpp::Node::Node(const string&, const rclcpp::NodeOptions&)[m[K’
[2.150s]    89 |   explicit [01;36m[KNode[m[K(
[2.150s]       |            [01;36m[K^~~~[m[K
[2.150s] [01m[K/opt/ros/humble/include/rclcpp/rclcpp/node.hpp:89:12:[m[K [01;36m[Knote: [m[K  candidate expects 2 arguments, 0 provided
[2.205s] gmake[2]: *** [CMakeFiles/demo01_service.dir/build.make:76：CMakeFiles/demo01_service.dir/src/demo01_service.cpp.o] 错误 1
[2.206s] gmake[1]: *** [CMakeFiles/Makefile2:139：CMakeFiles/demo01_service.dir/all] 错误 2
[2.206s] gmake[1]: *** 正在等待未完成的任务....
[2.261s] [ 75%] [32m[1mLinking CXX executable demo02_client[0m
[2.371s] [ 75%] Built target demo02_client
[2.371s] gmake: *** [Makefile:146：all] 错误 2
[2.373s] Invoked command in '/home/y/lxy_ROS2/ROS2_git/src/build/pk03_service_cpp' returned '2': CMAKE_PREFIX_PATH=${CMAKE_PREFIX_PATH}:/home/y/lxy_ROS2/ws00_helloworld/install/pkg02_helloworld_py:/opt/ros/humble /usr/local/bin/cmake --build /home/y/lxy_ROS2/ROS2_git/src/build/pk03_service_cpp -- -j4 -l4
