[0.020s] Invoking command in '/home/y/lxy_ROS2/ROS2_git/build/pkg01_hello_cpp': CMAKE_PREFIX_PATH=${CMAKE_PREFIX_PATH}:/home/y/lxy_ROS2/ws00_helloworld/install/pkg02_helloworld_py:/opt/ros/humble /usr/local/bin/cmake --build /home/y/lxy_ROS2/ROS2_git/build/pkg01_hello_cpp -- -j4 -l4
[0.055s] [100%] Built target hello
[0.060s] Invoked command in '/home/y/lxy_ROS2/ROS2_git/build/pkg01_hello_cpp' returned '0': CMAKE_PREFIX_PATH=${CMAKE_PREFIX_PATH}:/home/y/lxy_ROS2/ws00_helloworld/install/pkg02_helloworld_py:/opt/ros/humble /usr/local/bin/cmake --build /home/y/lxy_ROS2/ROS2_git/build/pkg01_hello_cpp -- -j4 -l4
[0.082s] Invoking command in '/home/y/lxy_ROS2/ROS2_git/build/pkg01_hello_cpp': CMAKE_PREFIX_PATH=${CMAKE_PREFIX_PATH}:/home/y/lxy_ROS2/ws00_helloworld/install/pkg02_helloworld_py:/opt/ros/humble /usr/local/bin/cmake --install /home/y/lxy_ROS2/ROS2_git/build/pkg01_hello_cpp
[0.086s] -- Install configuration: ""
[0.086s] -- Installing: /home/y/lxy_ROS2/ROS2_git/install/pkg01_hello_cpp/lib/pkg01_hello_cpp/hello
[0.086s] -- Set runtime path of "/home/y/lxy_ROS2/ROS2_git/install/pkg01_hello_cpp/lib/pkg01_hello_cpp/hello" to ""
[0.086s] -- Up-to-date: /home/y/lxy_ROS2/ROS2_git/install/pkg01_hello_cpp/share/ament_index/resource_index/package_run_dependencies/pkg01_hello_cpp
[0.086s] -- Up-to-date: /home/y/lxy_ROS2/ROS2_git/install/pkg01_hello_cpp/share/ament_index/resource_index/parent_prefix_path/pkg01_hello_cpp
[0.086s] -- Installing: /home/y/lxy_ROS2/ROS2_git/install/pkg01_hello_cpp/share/pkg01_hello_cpp/environment/ament_prefix_path.sh
[0.086s] -- Installing: /home/y/lxy_ROS2/ROS2_git/install/pkg01_hello_cpp/share/pkg01_hello_cpp/environment/ament_prefix_path.dsv
[0.086s] -- Installing: /home/y/lxy_ROS2/ROS2_git/install/pkg01_hello_cpp/share/pkg01_hello_cpp/environment/path.sh
[0.086s] -- Installing: /home/y/lxy_ROS2/ROS2_git/install/pkg01_hello_cpp/share/pkg01_hello_cpp/environment/path.dsv
[0.086s] -- Up-to-date: /home/y/lxy_ROS2/ROS2_git/install/pkg01_hello_cpp/share/pkg01_hello_cpp/local_setup.bash
[0.086s] -- Up-to-date: /home/y/lxy_ROS2/ROS2_git/install/pkg01_hello_cpp/share/pkg01_hello_cpp/local_setup.sh
[0.086s] -- Up-to-date: /home/y/lxy_ROS2/ROS2_git/install/pkg01_hello_cpp/share/pkg01_hello_cpp/local_setup.zsh
[0.086s] -- Installing: /home/y/lxy_ROS2/ROS2_git/install/pkg01_hello_cpp/share/pkg01_hello_cpp/local_setup.dsv
[0.086s] -- Installing: /home/y/lxy_ROS2/ROS2_git/install/pkg01_hello_cpp/share/pkg01_hello_cpp/package.dsv
[0.086s] -- Up-to-date: /home/y/lxy_ROS2/ROS2_git/install/pkg01_hello_cpp/share/ament_index/resource_index/packages/pkg01_hello_cpp
[0.086s] -- Up-to-date: /home/y/lxy_ROS2/ROS2_git/install/pkg01_hello_cpp/share/pkg01_hello_cpp/cmake/pkg01_hello_cppConfig.cmake
[0.086s] -- Up-to-date: /home/y/lxy_ROS2/ROS2_git/install/pkg01_hello_cpp/share/pkg01_hello_cpp/cmake/pkg01_hello_cppConfig-version.cmake
[0.086s] -- Up-to-date: /home/y/lxy_ROS2/ROS2_git/install/pkg01_hello_cpp/share/pkg01_hello_cpp/package.xml
[0.089s] Invoked command in '/home/y/lxy_ROS2/ROS2_git/build/pkg01_hello_cpp' returned '0': CMAKE_PREFIX_PATH=${CMAKE_PREFIX_PATH}:/home/y/lxy_ROS2/ws00_helloworld/install/pkg02_helloworld_py:/opt/ros/humble /usr/local/bin/cmake --install /home/y/lxy_ROS2/ROS2_git/build/pkg01_hello_cpp
