[0.009s] Invoking command in '/home/y/lxy_ROS2/ROS2_git/src/build/base_interface_demo': CMAKE_PREFIX_PATH=${CMAKE_PREFIX_PATH}:/home/y/lxy_ROS2/ws00_helloworld/install/pkg02_helloworld_py:/opt/ros/humble /usr/local/bin/cmake /home/y/lxy_ROS2/ROS2_git/src/base_interface_demo -DCMAKE_INSTALL_PREFIX=/home/y/lxy_ROS2/ROS2_git/src/install/base_interface_demo
[0.075s] -- The C compiler identification is GNU 11.4.0
[0.120s] -- The CXX compiler identification is GNU 11.4.0
[0.133s] -- Detecting C compiler ABI info
[0.181s] -- Detecting C compiler ABI info - done
[0.187s] -- Check for working C compiler: /usr/bin/cc - skipped
[0.190s] -- Detecting C compile features
[0.191s] -- Detecting C compile features - done
[0.194s] -- Detecting CXX compiler ABI info
[0.248s] -- Detecting CXX compiler ABI info - done
[0.254s] -- Check for working CXX compiler: /usr/bin/c++ - skipped
[0.254s] -- Detecting CXX compile features
[0.254s] -- Detecting CXX compile features - done
[0.264s] -- Found ament_cmake: 1.3.10 (/opt/ros/humble/share/ament_cmake/cmake)
[0.382s] -- Found Python3: /usr/bin/python3 (found version "3.10.12") found components: Interpreter 
[0.459s] -- Found rosidl_default_generators: 1.2.0 (/opt/ros/humble/share/rosidl_default_generators/cmake)
[0.463s] -- Using all available rosidl_typesupport_c: rosidl_typesupport_fastrtps_c;rosidl_typesupport_introspection_c
[0.471s] -- Found rosidl_adapter: 3.1.5 (/opt/ros/humble/share/rosidl_adapter/cmake)
[0.507s] -- Using all available rosidl_typesupport_cpp: rosidl_typesupport_fastrtps_cpp;rosidl_typesupport_introspection_cpp
[0.714s] -- Found ament_cmake_ros: 0.10.0 (/opt/ros/humble/share/ament_cmake_ros/cmake)
[0.776s] -- Using all available rosidl_typesupport_c: rosidl_typesupport_fastrtps_c;rosidl_typesupport_introspection_c
[0.849s] -- Using all available rosidl_typesupport_cpp: rosidl_typesupport_fastrtps_cpp;rosidl_typesupport_introspection_cpp
[0.865s] -- Found PythonInterp: /usr/bin/python3 (found suitable version "3.10.12", minimum required is "3.6") 
[0.867s] -- Found python_cmake_module: 0.10.0 (/opt/ros/humble/share/python_cmake_module/cmake)
[0.902s] -- Found PythonLibs: /usr/lib/x86_64-linux-gnu/libpython3.10.so (found suitable version "3.10.12", minimum required is "3.5") 
[0.902s] -- Using PYTHON_EXECUTABLE: /usr/bin/python3
[0.902s] -- Using PYTHON_INCLUDE_DIRS: /usr/include/python3.10
[0.902s] -- Using PYTHON_LIBRARIES: /usr/lib/x86_64-linux-gnu/libpython3.10.so
[0.915s] -- Found PythonExtra: .so  
[0.945s] -- Found ament_lint_auto: 0.12.11 (/opt/ros/humble/share/ament_lint_auto/cmake)
[0.962s] -- Added test 'lint_cmake' to check CMake code style
[0.962s] -- Added test 'xmllint' to check XML markup files
[0.963s] -- Configuring done (1.0s)
[0.989s] -- Generating done (0.0s)
[0.989s] -- Build files have been written to: /home/y/lxy_ROS2/ROS2_git/src/build/base_interface_demo
[0.994s] Invoked command in '/home/y/lxy_ROS2/ROS2_git/src/build/base_interface_demo' returned '0': CMAKE_PREFIX_PATH=${CMAKE_PREFIX_PATH}:/home/y/lxy_ROS2/ws00_helloworld/install/pkg02_helloworld_py:/opt/ros/humble /usr/local/bin/cmake /home/y/lxy_ROS2/ROS2_git/src/base_interface_demo -DCMAKE_INSTALL_PREFIX=/home/y/lxy_ROS2/ROS2_git/src/install/base_interface_demo
[0.995s] Invoking command in '/home/y/lxy_ROS2/ROS2_git/src/build/base_interface_demo': CMAKE_PREFIX_PATH=${CMAKE_PREFIX_PATH}:/home/y/lxy_ROS2/ws00_helloworld/install/pkg02_helloworld_py:/opt/ros/humble /usr/local/bin/cmake --build /home/y/lxy_ROS2/ROS2_git/src/build/base_interface_demo -- -j4 -l4
[1.011s] [  2%] [34m[1mGenerating C code for ROS interfaces[0m
[1.015s] [  5%] [34m[1mGenerating C++ code for ROS interfaces[0m
[1.017s] [  5%] Built target ament_cmake_python_copy_base_interface_demo
[1.246s] [  7%] [32mBuilding C object CMakeFiles/base_interface_demo__rosidl_generator_c.dir/rosidl_generator_c/base_interface_demo/msg/detail/student__functions.c.o[0m
[1.254s] [ 10%] [32mBuilding C object CMakeFiles/base_interface_demo__rosidl_generator_c.dir/rosidl_generator_c/base_interface_demo/srv/detail/add_ints__functions.c.o[0m
[1.265s] [ 10%] Built target base_interface_demo__cpp
[1.266s] [ 12%] [34m[1mGenerating C++ type support dispatch for ROS interfaces[0m
[1.269s] running egg_info
[1.270s] creating base_interface_demo.egg-info
[1.270s] writing base_interface_demo.egg-info/PKG-INFO
[1.270s] writing dependency_links to base_interface_demo.egg-info/dependency_links.txt
[1.271s] writing top-level names to base_interface_demo.egg-info/top_level.txt
[1.271s] writing manifest file 'base_interface_demo.egg-info/SOURCES.txt'
[1.273s] reading manifest file 'base_interface_demo.egg-info/SOURCES.txt'
[1.273s] writing manifest file 'base_interface_demo.egg-info/SOURCES.txt'
[1.282s] [ 15%] [34m[1mGenerating C++ type support for eProsima Fast-RTPS[0m
[1.289s] [ 15%] Built target ament_cmake_python_build_base_interface_demo_egg
[1.293s] [ 17%] [34m[1mGenerating C++ introspection for ROS interfaces[0m
[1.325s] [ 20%] [32m[1mLinking C shared library libbase_interface_demo__rosidl_generator_c.so[0m
[1.344s] [ 20%] Built target base_interface_demo__rosidl_generator_c
[1.349s] [ 23%] [34m[1mGenerating C type support for eProsima Fast-RTPS[0m
[1.469s] [ 25%] [32mBuilding CXX object CMakeFiles/base_interface_demo__rosidl_typesupport_cpp.dir/rosidl_typesupport_cpp/base_interface_demo/msg/student__type_support.cpp.o[0m
[1.470s] [ 28%] [32mBuilding CXX object CMakeFiles/base_interface_demo__rosidl_typesupport_fastrtps_cpp.dir/rosidl_typesupport_fastrtps_cpp/base_interface_demo/msg/detail/dds_fastrtps/student__type_support.cpp.o[0m
[1.474s] [ 30%] [32mBuilding CXX object CMakeFiles/base_interface_demo__rosidl_typesupport_introspection_cpp.dir/rosidl_typesupport_introspection_cpp/base_interface_demo/msg/detail/student__type_support.cpp.o[0m
[1.593s] [ 33%] [32mBuilding CXX object CMakeFiles/base_interface_demo__rosidl_typesupport_fastrtps_c.dir/rosidl_typesupport_fastrtps_c/base_interface_demo/msg/detail/student__type_support_c.cpp.o[0m
[1.715s] [ 35%] [32mBuilding CXX object CMakeFiles/base_interface_demo__rosidl_typesupport_cpp.dir/rosidl_typesupport_cpp/base_interface_demo/srv/add_ints__type_support.cpp.o[0m
[1.800s] [ 38%] [32mBuilding CXX object CMakeFiles/base_interface_demo__rosidl_typesupport_introspection_cpp.dir/rosidl_typesupport_introspection_cpp/base_interface_demo/srv/detail/add_ints__type_support.cpp.o[0m
[1.819s] [ 41%] [32mBuilding CXX object CMakeFiles/base_interface_demo__rosidl_typesupport_fastrtps_cpp.dir/rosidl_typesupport_fastrtps_cpp/base_interface_demo/srv/detail/dds_fastrtps/add_ints__type_support.cpp.o[0m
[1.864s] [ 43%] [32mBuilding CXX object CMakeFiles/base_interface_demo__rosidl_typesupport_fastrtps_c.dir/rosidl_typesupport_fastrtps_c/base_interface_demo/srv/detail/add_ints__type_support_c.cpp.o[0m
[1.890s] [ 46%] [32m[1mLinking CXX shared library libbase_interface_demo__rosidl_typesupport_cpp.so[0m
[1.930s] [ 46%] Built target base_interface_demo__rosidl_typesupport_cpp
[1.930s] [ 48%] [34m[1mGenerating C introspection for ROS interfaces[0m
[2.021s] [ 51%] [32m[1mLinking CXX shared library libbase_interface_demo__rosidl_typesupport_introspection_cpp.so[0m
[2.056s] [ 51%] Built target base_interface_demo__rosidl_typesupport_introspection_cpp
[2.060s] [ 53%] [34m[1mGenerating C type support dispatch for ROS interfaces[0m
[2.067s] [ 56%] [32m[1mLinking CXX shared library libbase_interface_demo__rosidl_typesupport_fastrtps_c.so[0m
[2.078s] [ 58%] [32m[1mLinking CXX shared library libbase_interface_demo__rosidl_typesupport_fastrtps_cpp.so[0m
[2.130s] [ 61%] [32mBuilding C object CMakeFiles/base_interface_demo__rosidl_typesupport_introspection_c.dir/rosidl_typesupport_introspection_c/base_interface_demo/msg/detail/student__type_support.c.o[0m
[2.130s] [ 61%] Built target base_interface_demo__rosidl_typesupport_fastrtps_c
[2.131s] [ 61%] Built target base_interface_demo__rosidl_typesupport_fastrtps_cpp
[2.136s] [ 64%] [32mBuilding C object CMakeFiles/base_interface_demo__rosidl_typesupport_introspection_c.dir/rosidl_typesupport_introspection_c/base_interface_demo/srv/detail/add_ints__type_support.c.o[0m
[2.154s] [ 66%] [32m[1mLinking C shared library libbase_interface_demo__rosidl_typesupport_introspection_c.so[0m
[2.167s] [ 66%] Built target base_interface_demo__rosidl_typesupport_introspection_c
[2.241s] [ 69%] [32mBuilding CXX object CMakeFiles/base_interface_demo__rosidl_typesupport_c.dir/rosidl_typesupport_c/base_interface_demo/msg/student__type_support.cpp.o[0m
[2.242s] [ 71%] [32mBuilding CXX object CMakeFiles/base_interface_demo__rosidl_typesupport_c.dir/rosidl_typesupport_c/base_interface_demo/srv/add_ints__type_support.cpp.o[0m
[2.258s] [ 74%] [32m[1mLinking CXX shared library libbase_interface_demo__rosidl_typesupport_c.so[0m
[2.278s] [ 74%] Built target base_interface_demo__rosidl_typesupport_c
[2.287s] [ 74%] Built target base_interface_demo
[2.296s] [ 76%] [34m[1mGenerating Python code for ROS interfaces[0m
[2.566s] [ 76%] Built target base_interface_demo__py
[2.574s] [ 79%] [32mBuilding C object CMakeFiles/base_interface_demo__rosidl_generator_py.dir/rosidl_generator_py/base_interface_demo/msg/_student_s.c.o[0m
[2.574s] [ 82%] [32mBuilding C object CMakeFiles/base_interface_demo__rosidl_generator_py.dir/rosidl_generator_py/base_interface_demo/srv/_add_ints_s.c.o[0m
[2.634s] [ 84%] [32m[1mLinking C shared library rosidl_generator_py/base_interface_demo/libbase_interface_demo__rosidl_generator_py.so[0m
[2.656s] [ 84%] Built target base_interface_demo__rosidl_generator_py
[2.664s] [ 89%] [32mBuilding C object CMakeFiles/base_interface_demo__rosidl_typesupport_fastrtps_c__pyext.dir/rosidl_generator_py/base_interface_demo/_base_interface_demo_s.ep.rosidl_typesupport_fastrtps_c.c.o[0m
[2.664s] [ 89%] [32mBuilding C object CMakeFiles/base_interface_demo__rosidl_typesupport_introspection_c__pyext.dir/rosidl_generator_py/base_interface_demo/_base_interface_demo_s.ep.rosidl_typesupport_introspection_c.c.o[0m
[2.664s] [ 92%] [32mBuilding C object CMakeFiles/base_interface_demo__rosidl_typesupport_c__pyext.dir/rosidl_generator_py/base_interface_demo/_base_interface_demo_s.ep.rosidl_typesupport_c.c.o[0m
[2.722s] [ 97%] [32m[1mLinking C shared library rosidl_generator_py/base_interface_demo/base_interface_demo_s__rosidl_typesupport_c.cpython-310-x86_64-linux-gnu.so[0m
[2.722s] [ 97%] [32m[1mLinking C shared library rosidl_generator_py/base_interface_demo/base_interface_demo_s__rosidl_typesupport_introspection_c.cpython-310-x86_64-linux-gnu.so[0m
[2.726s] [100%] [32m[1mLinking C shared library rosidl_generator_py/base_interface_demo/base_interface_demo_s__rosidl_typesupport_fastrtps_c.cpython-310-x86_64-linux-gnu.so[0m
[2.738s] [100%] Built target base_interface_demo__rosidl_typesupport_introspection_c__pyext
[2.738s] [100%] Built target base_interface_demo__rosidl_typesupport_c__pyext
[2.744s] [100%] Built target base_interface_demo__rosidl_typesupport_fastrtps_c__pyext
[2.752s] Invoked command in '/home/y/lxy_ROS2/ROS2_git/src/build/base_interface_demo' returned '0': CMAKE_PREFIX_PATH=${CMAKE_PREFIX_PATH}:/home/y/lxy_ROS2/ws00_helloworld/install/pkg02_helloworld_py:/opt/ros/humble /usr/local/bin/cmake --build /home/y/lxy_ROS2/ROS2_git/src/build/base_interface_demo -- -j4 -l4
[2.811s] Invoking command in '/home/y/lxy_ROS2/ROS2_git/src/build/base_interface_demo': CMAKE_PREFIX_PATH=${CMAKE_PREFIX_PATH}:/home/y/lxy_ROS2/ws00_helloworld/install/pkg02_helloworld_py:/opt/ros/humble /usr/local/bin/cmake --install /home/y/lxy_ROS2/ROS2_git/src/build/base_interface_demo
[2.813s] -- Install configuration: ""
[2.813s] -- Installing: /home/y/lxy_ROS2/ROS2_git/src/install/base_interface_demo/share/ament_index/resource_index/rosidl_interfaces/base_interface_demo
[2.813s] -- Installing: /home/y/lxy_ROS2/ROS2_git/src/install/base_interface_demo/include/base_interface_demo/base_interface_demo
[2.813s] -- Installing: /home/y/lxy_ROS2/ROS2_git/src/install/base_interface_demo/include/base_interface_demo/base_interface_demo/msg
[2.813s] -- Installing: /home/y/lxy_ROS2/ROS2_git/src/install/base_interface_demo/include/base_interface_demo/base_interface_demo/msg/rosidl_generator_c__visibility_control.h
[2.813s] -- Installing: /home/y/lxy_ROS2/ROS2_git/src/install/base_interface_demo/include/base_interface_demo/base_interface_demo/msg/detail
[2.813s] -- Installing: /home/y/lxy_ROS2/ROS2_git/src/install/base_interface_demo/include/base_interface_demo/base_interface_demo/msg/detail/student__type_support.h
[2.813s] -- Installing: /home/y/lxy_ROS2/ROS2_git/src/install/base_interface_demo/include/base_interface_demo/base_interface_demo/msg/detail/student__functions.c
[2.814s] -- Installing: /home/y/lxy_ROS2/ROS2_git/src/install/base_interface_demo/include/base_interface_demo/base_interface_demo/msg/detail/student__functions.h
[2.814s] -- Installing: /home/y/lxy_ROS2/ROS2_git/src/install/base_interface_demo/include/base_interface_demo/base_interface_demo/msg/detail/student__struct.h
[2.814s] -- Installing: /home/y/lxy_ROS2/ROS2_git/src/install/base_interface_demo/include/base_interface_demo/base_interface_demo/msg/student.h
[2.814s] -- Installing: /home/y/lxy_ROS2/ROS2_git/src/install/base_interface_demo/include/base_interface_demo/base_interface_demo/srv
[2.814s] -- Installing: /home/y/lxy_ROS2/ROS2_git/src/install/base_interface_demo/include/base_interface_demo/base_interface_demo/srv/add_ints.h
[2.814s] -- Installing: /home/y/lxy_ROS2/ROS2_git/src/install/base_interface_demo/include/base_interface_demo/base_interface_demo/srv/detail
[2.814s] -- Installing: /home/y/lxy_ROS2/ROS2_git/src/install/base_interface_demo/include/base_interface_demo/base_interface_demo/srv/detail/add_ints__functions.h
[2.814s] -- Installing: /home/y/lxy_ROS2/ROS2_git/src/install/base_interface_demo/include/base_interface_demo/base_interface_demo/srv/detail/add_ints__struct.h
[2.814s] -- Installing: /home/y/lxy_ROS2/ROS2_git/src/install/base_interface_demo/include/base_interface_demo/base_interface_demo/srv/detail/add_ints__functions.c
[2.814s] -- Installing: /home/y/lxy_ROS2/ROS2_git/src/install/base_interface_demo/include/base_interface_demo/base_interface_demo/srv/detail/add_ints__type_support.h
[2.814s] -- Installing: /home/y/lxy_ROS2/ROS2_git/src/install/base_interface_demo/share/base_interface_demo/environment/library_path.sh
[2.814s] -- Installing: /home/y/lxy_ROS2/ROS2_git/src/install/base_interface_demo/share/base_interface_demo/environment/library_path.dsv
[2.814s] -- Installing: /home/y/lxy_ROS2/ROS2_git/src/install/base_interface_demo/lib/libbase_interface_demo__rosidl_generator_c.so
[2.815s] -- Set runtime path of "/home/y/lxy_ROS2/ROS2_git/src/install/base_interface_demo/lib/libbase_interface_demo__rosidl_generator_c.so" to ""
[2.815s] -- Up-to-date: /home/y/lxy_ROS2/ROS2_git/src/install/base_interface_demo/include/base_interface_demo/base_interface_demo
[2.815s] -- Up-to-date: /home/y/lxy_ROS2/ROS2_git/src/install/base_interface_demo/include/base_interface_demo/base_interface_demo/msg
[2.815s] -- Up-to-date: /home/y/lxy_ROS2/ROS2_git/src/install/base_interface_demo/include/base_interface_demo/base_interface_demo/msg/detail
[2.815s] -- Installing: /home/y/lxy_ROS2/ROS2_git/src/install/base_interface_demo/include/base_interface_demo/base_interface_demo/msg/detail/student__rosidl_typesupport_fastrtps_c.h
[2.815s] -- Installing: /home/y/lxy_ROS2/ROS2_git/src/install/base_interface_demo/include/base_interface_demo/base_interface_demo/msg/rosidl_typesupport_fastrtps_c__visibility_control.h
[2.815s] -- Up-to-date: /home/y/lxy_ROS2/ROS2_git/src/install/base_interface_demo/include/base_interface_demo/base_interface_demo/srv
[2.815s] -- Up-to-date: /home/y/lxy_ROS2/ROS2_git/src/install/base_interface_demo/include/base_interface_demo/base_interface_demo/srv/detail
[2.815s] -- Installing: /home/y/lxy_ROS2/ROS2_git/src/install/base_interface_demo/include/base_interface_demo/base_interface_demo/srv/detail/add_ints__rosidl_typesupport_fastrtps_c.h
[2.815s] -- Installing: /home/y/lxy_ROS2/ROS2_git/src/install/base_interface_demo/lib/libbase_interface_demo__rosidl_typesupport_fastrtps_c.so
[2.816s] -- Set runtime path of "/home/y/lxy_ROS2/ROS2_git/src/install/base_interface_demo/lib/libbase_interface_demo__rosidl_typesupport_fastrtps_c.so" to ""
[2.816s] -- Up-to-date: /home/y/lxy_ROS2/ROS2_git/src/install/base_interface_demo/include/base_interface_demo/base_interface_demo
[2.816s] -- Up-to-date: /home/y/lxy_ROS2/ROS2_git/src/install/base_interface_demo/include/base_interface_demo/base_interface_demo/msg
[2.816s] -- Installing: /home/y/lxy_ROS2/ROS2_git/src/install/base_interface_demo/include/base_interface_demo/base_interface_demo/msg/rosidl_typesupport_introspection_c__visibility_control.h
[2.816s] -- Up-to-date: /home/y/lxy_ROS2/ROS2_git/src/install/base_interface_demo/include/base_interface_demo/base_interface_demo/msg/detail
[2.816s] -- Installing: /home/y/lxy_ROS2/ROS2_git/src/install/base_interface_demo/include/base_interface_demo/base_interface_demo/msg/detail/student__type_support.c
[2.816s] -- Installing: /home/y/lxy_ROS2/ROS2_git/src/install/base_interface_demo/include/base_interface_demo/base_interface_demo/msg/detail/student__rosidl_typesupport_introspection_c.h
[2.816s] -- Up-to-date: /home/y/lxy_ROS2/ROS2_git/src/install/base_interface_demo/include/base_interface_demo/base_interface_demo/srv
[2.816s] -- Up-to-date: /home/y/lxy_ROS2/ROS2_git/src/install/base_interface_demo/include/base_interface_demo/base_interface_demo/srv/detail
[2.816s] -- Installing: /home/y/lxy_ROS2/ROS2_git/src/install/base_interface_demo/include/base_interface_demo/base_interface_demo/srv/detail/add_ints__rosidl_typesupport_introspection_c.h
[2.816s] -- Installing: /home/y/lxy_ROS2/ROS2_git/src/install/base_interface_demo/include/base_interface_demo/base_interface_demo/srv/detail/add_ints__type_support.c
[2.816s] -- Installing: /home/y/lxy_ROS2/ROS2_git/src/install/base_interface_demo/lib/libbase_interface_demo__rosidl_typesupport_introspection_c.so
[2.817s] -- Set runtime path of "/home/y/lxy_ROS2/ROS2_git/src/install/base_interface_demo/lib/libbase_interface_demo__rosidl_typesupport_introspection_c.so" to ""
[2.817s] -- Installing: /home/y/lxy_ROS2/ROS2_git/src/install/base_interface_demo/lib/libbase_interface_demo__rosidl_typesupport_c.so
[2.817s] -- Set runtime path of "/home/y/lxy_ROS2/ROS2_git/src/install/base_interface_demo/lib/libbase_interface_demo__rosidl_typesupport_c.so" to ""
[2.817s] -- Up-to-date: /home/y/lxy_ROS2/ROS2_git/src/install/base_interface_demo/include/base_interface_demo/base_interface_demo
[2.817s] -- Up-to-date: /home/y/lxy_ROS2/ROS2_git/src/install/base_interface_demo/include/base_interface_demo/base_interface_demo/msg
[2.817s] -- Up-to-date: /home/y/lxy_ROS2/ROS2_git/src/install/base_interface_demo/include/base_interface_demo/base_interface_demo/msg/detail
[2.817s] -- Installing: /home/y/lxy_ROS2/ROS2_git/src/install/base_interface_demo/include/base_interface_demo/base_interface_demo/msg/detail/student__traits.hpp
[2.817s] -- Installing: /home/y/lxy_ROS2/ROS2_git/src/install/base_interface_demo/include/base_interface_demo/base_interface_demo/msg/detail/student__builder.hpp
[2.817s] -- Installing: /home/y/lxy_ROS2/ROS2_git/src/install/base_interface_demo/include/base_interface_demo/base_interface_demo/msg/detail/student__struct.hpp
[2.817s] -- Installing: /home/y/lxy_ROS2/ROS2_git/src/install/base_interface_demo/include/base_interface_demo/base_interface_demo/msg/student.hpp
[2.817s] -- Up-to-date: /home/y/lxy_ROS2/ROS2_git/src/install/base_interface_demo/include/base_interface_demo/base_interface_demo/srv
[2.817s] -- Installing: /home/y/lxy_ROS2/ROS2_git/src/install/base_interface_demo/include/base_interface_demo/base_interface_demo/srv/add_ints.hpp
[2.817s] -- Up-to-date: /home/y/lxy_ROS2/ROS2_git/src/install/base_interface_demo/include/base_interface_demo/base_interface_demo/srv/detail
[2.818s] -- Installing: /home/y/lxy_ROS2/ROS2_git/src/install/base_interface_demo/include/base_interface_demo/base_interface_demo/srv/detail/add_ints__builder.hpp
[2.818s] -- Installing: /home/y/lxy_ROS2/ROS2_git/src/install/base_interface_demo/include/base_interface_demo/base_interface_demo/srv/detail/add_ints__struct.hpp
[2.818s] -- Installing: /home/y/lxy_ROS2/ROS2_git/src/install/base_interface_demo/include/base_interface_demo/base_interface_demo/srv/detail/add_ints__traits.hpp
[2.818s] -- Up-to-date: /home/y/lxy_ROS2/ROS2_git/src/install/base_interface_demo/include/base_interface_demo/base_interface_demo
[2.818s] -- Up-to-date: /home/y/lxy_ROS2/ROS2_git/src/install/base_interface_demo/include/base_interface_demo/base_interface_demo/msg
[2.818s] -- Up-to-date: /home/y/lxy_ROS2/ROS2_git/src/install/base_interface_demo/include/base_interface_demo/base_interface_demo/msg/detail
[2.818s] -- Installing: /home/y/lxy_ROS2/ROS2_git/src/install/base_interface_demo/include/base_interface_demo/base_interface_demo/msg/detail/dds_fastrtps
[2.818s] -- Installing: /home/y/lxy_ROS2/ROS2_git/src/install/base_interface_demo/include/base_interface_demo/base_interface_demo/msg/detail/student__rosidl_typesupport_fastrtps_cpp.hpp
[2.818s] -- Installing: /home/y/lxy_ROS2/ROS2_git/src/install/base_interface_demo/include/base_interface_demo/base_interface_demo/msg/rosidl_typesupport_fastrtps_cpp__visibility_control.h
[2.818s] -- Up-to-date: /home/y/lxy_ROS2/ROS2_git/src/install/base_interface_demo/include/base_interface_demo/base_interface_demo/srv
[2.818s] -- Up-to-date: /home/y/lxy_ROS2/ROS2_git/src/install/base_interface_demo/include/base_interface_demo/base_interface_demo/srv/detail
[2.818s] -- Installing: /home/y/lxy_ROS2/ROS2_git/src/install/base_interface_demo/include/base_interface_demo/base_interface_demo/srv/detail/dds_fastrtps
[2.818s] -- Installing: /home/y/lxy_ROS2/ROS2_git/src/install/base_interface_demo/include/base_interface_demo/base_interface_demo/srv/detail/add_ints__rosidl_typesupport_fastrtps_cpp.hpp
[2.818s] -- Installing: /home/y/lxy_ROS2/ROS2_git/src/install/base_interface_demo/lib/libbase_interface_demo__rosidl_typesupport_fastrtps_cpp.so
[2.818s] -- Set runtime path of "/home/y/lxy_ROS2/ROS2_git/src/install/base_interface_demo/lib/libbase_interface_demo__rosidl_typesupport_fastrtps_cpp.so" to ""
[2.818s] -- Up-to-date: /home/y/lxy_ROS2/ROS2_git/src/install/base_interface_demo/include/base_interface_demo/base_interface_demo
[2.818s] -- Up-to-date: /home/y/lxy_ROS2/ROS2_git/src/install/base_interface_demo/include/base_interface_demo/base_interface_demo/msg
[2.819s] -- Up-to-date: /home/y/lxy_ROS2/ROS2_git/src/install/base_interface_demo/include/base_interface_demo/base_interface_demo/msg/detail
[2.819s] -- Installing: /home/y/lxy_ROS2/ROS2_git/src/install/base_interface_demo/include/base_interface_demo/base_interface_demo/msg/detail/student__rosidl_typesupport_introspection_cpp.hpp
[2.819s] -- Installing: /home/y/lxy_ROS2/ROS2_git/src/install/base_interface_demo/include/base_interface_demo/base_interface_demo/msg/detail/student__type_support.cpp
[2.819s] -- Up-to-date: /home/y/lxy_ROS2/ROS2_git/src/install/base_interface_demo/include/base_interface_demo/base_interface_demo/srv
[2.819s] -- Up-to-date: /home/y/lxy_ROS2/ROS2_git/src/install/base_interface_demo/include/base_interface_demo/base_interface_demo/srv/detail
[2.819s] -- Installing: /home/y/lxy_ROS2/ROS2_git/src/install/base_interface_demo/include/base_interface_demo/base_interface_demo/srv/detail/add_ints__type_support.cpp
[2.819s] -- Installing: /home/y/lxy_ROS2/ROS2_git/src/install/base_interface_demo/include/base_interface_demo/base_interface_demo/srv/detail/add_ints__rosidl_typesupport_introspection_cpp.hpp
[2.819s] -- Installing: /home/y/lxy_ROS2/ROS2_git/src/install/base_interface_demo/lib/libbase_interface_demo__rosidl_typesupport_introspection_cpp.so
[2.819s] -- Set runtime path of "/home/y/lxy_ROS2/ROS2_git/src/install/base_interface_demo/lib/libbase_interface_demo__rosidl_typesupport_introspection_cpp.so" to ""
[2.819s] -- Installing: /home/y/lxy_ROS2/ROS2_git/src/install/base_interface_demo/lib/libbase_interface_demo__rosidl_typesupport_cpp.so
[2.819s] -- Set runtime path of "/home/y/lxy_ROS2/ROS2_git/src/install/base_interface_demo/lib/libbase_interface_demo__rosidl_typesupport_cpp.so" to ""
[2.819s] -- Installing: /home/y/lxy_ROS2/ROS2_git/src/install/base_interface_demo/share/base_interface_demo/environment/pythonpath.sh
[2.819s] -- Installing: /home/y/lxy_ROS2/ROS2_git/src/install/base_interface_demo/share/base_interface_demo/environment/pythonpath.dsv
[2.819s] -- Installing: /home/y/lxy_ROS2/ROS2_git/src/install/base_interface_demo/local/lib/python3.10/dist-packages/base_interface_demo-0.0.0-py3.10.egg-info
[2.819s] -- Installing: /home/y/lxy_ROS2/ROS2_git/src/install/base_interface_demo/local/lib/python3.10/dist-packages/base_interface_demo-0.0.0-py3.10.egg-info/dependency_links.txt
[2.819s] -- Installing: /home/y/lxy_ROS2/ROS2_git/src/install/base_interface_demo/local/lib/python3.10/dist-packages/base_interface_demo-0.0.0-py3.10.egg-info/top_level.txt
[2.819s] -- Installing: /home/y/lxy_ROS2/ROS2_git/src/install/base_interface_demo/local/lib/python3.10/dist-packages/base_interface_demo-0.0.0-py3.10.egg-info/PKG-INFO
[2.819s] -- Installing: /home/y/lxy_ROS2/ROS2_git/src/install/base_interface_demo/local/lib/python3.10/dist-packages/base_interface_demo-0.0.0-py3.10.egg-info/SOURCES.txt
[2.820s] -- Installing: /home/y/lxy_ROS2/ROS2_git/src/install/base_interface_demo/local/lib/python3.10/dist-packages/base_interface_demo
[2.820s] -- Installing: /home/y/lxy_ROS2/ROS2_git/src/install/base_interface_demo/local/lib/python3.10/dist-packages/base_interface_demo/__init__.py
[2.820s] -- Installing: /home/y/lxy_ROS2/ROS2_git/src/install/base_interface_demo/local/lib/python3.10/dist-packages/base_interface_demo/_base_interface_demo_s.ep.rosidl_typesupport_introspection_c.c
[2.820s] -- Installing: /home/y/lxy_ROS2/ROS2_git/src/install/base_interface_demo/local/lib/python3.10/dist-packages/base_interface_demo/msg
[2.820s] -- Installing: /home/y/lxy_ROS2/ROS2_git/src/install/base_interface_demo/local/lib/python3.10/dist-packages/base_interface_demo/msg/_student_s.c
[2.820s] -- Installing: /home/y/lxy_ROS2/ROS2_git/src/install/base_interface_demo/local/lib/python3.10/dist-packages/base_interface_demo/msg/__init__.py
[2.820s] -- Installing: /home/y/lxy_ROS2/ROS2_git/src/install/base_interface_demo/local/lib/python3.10/dist-packages/base_interface_demo/msg/_student.py
[2.820s] -- Installing: /home/y/lxy_ROS2/ROS2_git/src/install/base_interface_demo/local/lib/python3.10/dist-packages/base_interface_demo/libbase_interface_demo__rosidl_generator_py.so
[2.820s] -- Installing: /home/y/lxy_ROS2/ROS2_git/src/install/base_interface_demo/local/lib/python3.10/dist-packages/base_interface_demo/_base_interface_demo_s.ep.rosidl_typesupport_fastrtps_c.c
[2.820s] -- Installing: /home/y/lxy_ROS2/ROS2_git/src/install/base_interface_demo/local/lib/python3.10/dist-packages/base_interface_demo/_base_interface_demo_s.ep.rosidl_typesupport_c.c
[2.820s] -- Installing: /home/y/lxy_ROS2/ROS2_git/src/install/base_interface_demo/local/lib/python3.10/dist-packages/base_interface_demo/base_interface_demo_s__rosidl_typesupport_fastrtps_c.cpython-310-x86_64-linux-gnu.so
[2.820s] -- Installing: /home/y/lxy_ROS2/ROS2_git/src/install/base_interface_demo/local/lib/python3.10/dist-packages/base_interface_demo/base_interface_demo_s__rosidl_typesupport_c.cpython-310-x86_64-linux-gnu.so
[2.820s] -- Installing: /home/y/lxy_ROS2/ROS2_git/src/install/base_interface_demo/local/lib/python3.10/dist-packages/base_interface_demo/base_interface_demo_s__rosidl_typesupport_introspection_c.cpython-310-x86_64-linux-gnu.so
[2.820s] -- Installing: /home/y/lxy_ROS2/ROS2_git/src/install/base_interface_demo/local/lib/python3.10/dist-packages/base_interface_demo/srv
[2.820s] -- Installing: /home/y/lxy_ROS2/ROS2_git/src/install/base_interface_demo/local/lib/python3.10/dist-packages/base_interface_demo/srv/__init__.py
[2.820s] -- Installing: /home/y/lxy_ROS2/ROS2_git/src/install/base_interface_demo/local/lib/python3.10/dist-packages/base_interface_demo/srv/_add_ints_s.c
[2.821s] -- Installing: /home/y/lxy_ROS2/ROS2_git/src/install/base_interface_demo/local/lib/python3.10/dist-packages/base_interface_demo/srv/_add_ints.py
[2.845s] Listing '/home/y/lxy_ROS2/ROS2_git/src/install/base_interface_demo/local/lib/python3.10/dist-packages/base_interface_demo'...
[2.845s] Compiling '/home/y/lxy_ROS2/ROS2_git/src/install/base_interface_demo/local/lib/python3.10/dist-packages/base_interface_demo/__init__.py'...
[2.845s] Listing '/home/y/lxy_ROS2/ROS2_git/src/install/base_interface_demo/local/lib/python3.10/dist-packages/base_interface_demo/msg'...
[2.845s] Compiling '/home/y/lxy_ROS2/ROS2_git/src/install/base_interface_demo/local/lib/python3.10/dist-packages/base_interface_demo/msg/__init__.py'...
[2.845s] Compiling '/home/y/lxy_ROS2/ROS2_git/src/install/base_interface_demo/local/lib/python3.10/dist-packages/base_interface_demo/msg/_student.py'...
[2.845s] Listing '/home/y/lxy_ROS2/ROS2_git/src/install/base_interface_demo/local/lib/python3.10/dist-packages/base_interface_demo/srv'...
[2.845s] Compiling '/home/y/lxy_ROS2/ROS2_git/src/install/base_interface_demo/local/lib/python3.10/dist-packages/base_interface_demo/srv/__init__.py'...
[2.845s] Compiling '/home/y/lxy_ROS2/ROS2_git/src/install/base_interface_demo/local/lib/python3.10/dist-packages/base_interface_demo/srv/_add_ints.py'...
[2.847s] -- Installing: /home/y/lxy_ROS2/ROS2_git/src/install/base_interface_demo/local/lib/python3.10/dist-packages/base_interface_demo/base_interface_demo_s__rosidl_typesupport_fastrtps_c.cpython-310-x86_64-linux-gnu.so
[2.848s] -- Set runtime path of "/home/y/lxy_ROS2/ROS2_git/src/install/base_interface_demo/local/lib/python3.10/dist-packages/base_interface_demo/base_interface_demo_s__rosidl_typesupport_fastrtps_c.cpython-310-x86_64-linux-gnu.so" to ""
[2.848s] -- Installing: /home/y/lxy_ROS2/ROS2_git/src/install/base_interface_demo/local/lib/python3.10/dist-packages/base_interface_demo/base_interface_demo_s__rosidl_typesupport_introspection_c.cpython-310-x86_64-linux-gnu.so
[2.848s] -- Set runtime path of "/home/y/lxy_ROS2/ROS2_git/src/install/base_interface_demo/local/lib/python3.10/dist-packages/base_interface_demo/base_interface_demo_s__rosidl_typesupport_introspection_c.cpython-310-x86_64-linux-gnu.so" to ""
[2.848s] -- Installing: /home/y/lxy_ROS2/ROS2_git/src/install/base_interface_demo/local/lib/python3.10/dist-packages/base_interface_demo/base_interface_demo_s__rosidl_typesupport_c.cpython-310-x86_64-linux-gnu.so
[2.848s] -- Set runtime path of "/home/y/lxy_ROS2/ROS2_git/src/install/base_interface_demo/local/lib/python3.10/dist-packages/base_interface_demo/base_interface_demo_s__rosidl_typesupport_c.cpython-310-x86_64-linux-gnu.so" to ""
[2.848s] -- Installing: /home/y/lxy_ROS2/ROS2_git/src/install/base_interface_demo/lib/libbase_interface_demo__rosidl_generator_py.so
[2.849s] -- Set runtime path of "/home/y/lxy_ROS2/ROS2_git/src/install/base_interface_demo/lib/libbase_interface_demo__rosidl_generator_py.so" to ""
[2.849s] -- Installing: /home/y/lxy_ROS2/ROS2_git/src/install/base_interface_demo/share/base_interface_demo/msg/Student.idl
[2.849s] -- Installing: /home/y/lxy_ROS2/ROS2_git/src/install/base_interface_demo/share/base_interface_demo/srv/AddInts.idl
[2.849s] -- Installing: /home/y/lxy_ROS2/ROS2_git/src/install/base_interface_demo/share/base_interface_demo/msg/Student.msg
[2.849s] -- Installing: /home/y/lxy_ROS2/ROS2_git/src/install/base_interface_demo/share/base_interface_demo/srv/AddInts.srv
[2.849s] -- Installing: /home/y/lxy_ROS2/ROS2_git/src/install/base_interface_demo/share/base_interface_demo/srv/AddInts_Request.msg
[2.849s] -- Installing: /home/y/lxy_ROS2/ROS2_git/src/install/base_interface_demo/share/base_interface_demo/srv/AddInts_Response.msg
[2.849s] -- Installing: /home/y/lxy_ROS2/ROS2_git/src/install/base_interface_demo/share/ament_index/resource_index/package_run_dependencies/base_interface_demo
[2.849s] -- Installing: /home/y/lxy_ROS2/ROS2_git/src/install/base_interface_demo/share/ament_index/resource_index/parent_prefix_path/base_interface_demo
[2.849s] -- Installing: /home/y/lxy_ROS2/ROS2_git/src/install/base_interface_demo/share/base_interface_demo/environment/ament_prefix_path.sh
[2.849s] -- Installing: /home/y/lxy_ROS2/ROS2_git/src/install/base_interface_demo/share/base_interface_demo/environment/ament_prefix_path.dsv
[2.849s] -- Installing: /home/y/lxy_ROS2/ROS2_git/src/install/base_interface_demo/share/base_interface_demo/environment/path.sh
[2.849s] -- Installing: /home/y/lxy_ROS2/ROS2_git/src/install/base_interface_demo/share/base_interface_demo/environment/path.dsv
[2.849s] -- Installing: /home/y/lxy_ROS2/ROS2_git/src/install/base_interface_demo/share/base_interface_demo/local_setup.bash
[2.849s] -- Installing: /home/y/lxy_ROS2/ROS2_git/src/install/base_interface_demo/share/base_interface_demo/local_setup.sh
[2.849s] -- Installing: /home/y/lxy_ROS2/ROS2_git/src/install/base_interface_demo/share/base_interface_demo/local_setup.zsh
[2.850s] -- Installing: /home/y/lxy_ROS2/ROS2_git/src/install/base_interface_demo/share/base_interface_demo/local_setup.dsv
[2.850s] -- Installing: /home/y/lxy_ROS2/ROS2_git/src/install/base_interface_demo/share/base_interface_demo/package.dsv
[2.850s] -- Installing: /home/y/lxy_ROS2/ROS2_git/src/install/base_interface_demo/share/ament_index/resource_index/packages/base_interface_demo
[2.850s] -- Installing: /home/y/lxy_ROS2/ROS2_git/src/install/base_interface_demo/share/base_interface_demo/cmake/export_base_interface_demo__rosidl_generator_cExport.cmake
[2.850s] -- Installing: /home/y/lxy_ROS2/ROS2_git/src/install/base_interface_demo/share/base_interface_demo/cmake/export_base_interface_demo__rosidl_generator_cExport-noconfig.cmake
[2.850s] -- Installing: /home/y/lxy_ROS2/ROS2_git/src/install/base_interface_demo/share/base_interface_demo/cmake/export_base_interface_demo__rosidl_typesupport_fastrtps_cExport.cmake
[2.850s] -- Installing: /home/y/lxy_ROS2/ROS2_git/src/install/base_interface_demo/share/base_interface_demo/cmake/export_base_interface_demo__rosidl_typesupport_fastrtps_cExport-noconfig.cmake
[2.850s] -- Installing: /home/y/lxy_ROS2/ROS2_git/src/install/base_interface_demo/share/base_interface_demo/cmake/base_interface_demo__rosidl_typesupport_introspection_cExport.cmake
[2.850s] -- Installing: /home/y/lxy_ROS2/ROS2_git/src/install/base_interface_demo/share/base_interface_demo/cmake/base_interface_demo__rosidl_typesupport_introspection_cExport-noconfig.cmake
[2.850s] -- Installing: /home/y/lxy_ROS2/ROS2_git/src/install/base_interface_demo/share/base_interface_demo/cmake/base_interface_demo__rosidl_typesupport_cExport.cmake
[2.851s] -- Installing: /home/y/lxy_ROS2/ROS2_git/src/install/base_interface_demo/share/base_interface_demo/cmake/base_interface_demo__rosidl_typesupport_cExport-noconfig.cmake
[2.851s] -- Installing: /home/y/lxy_ROS2/ROS2_git/src/install/base_interface_demo/share/base_interface_demo/cmake/export_base_interface_demo__rosidl_generator_cppExport.cmake
[2.851s] -- Installing: /home/y/lxy_ROS2/ROS2_git/src/install/base_interface_demo/share/base_interface_demo/cmake/export_base_interface_demo__rosidl_typesupport_fastrtps_cppExport.cmake
[2.851s] -- Installing: /home/y/lxy_ROS2/ROS2_git/src/install/base_interface_demo/share/base_interface_demo/cmake/export_base_interface_demo__rosidl_typesupport_fastrtps_cppExport-noconfig.cmake
[2.851s] -- Installing: /home/y/lxy_ROS2/ROS2_git/src/install/base_interface_demo/share/base_interface_demo/cmake/base_interface_demo__rosidl_typesupport_introspection_cppExport.cmake
[2.851s] -- Installing: /home/y/lxy_ROS2/ROS2_git/src/install/base_interface_demo/share/base_interface_demo/cmake/base_interface_demo__rosidl_typesupport_introspection_cppExport-noconfig.cmake
[2.851s] -- Installing: /home/y/lxy_ROS2/ROS2_git/src/install/base_interface_demo/share/base_interface_demo/cmake/base_interface_demo__rosidl_typesupport_cppExport.cmake
[2.851s] -- Installing: /home/y/lxy_ROS2/ROS2_git/src/install/base_interface_demo/share/base_interface_demo/cmake/base_interface_demo__rosidl_typesupport_cppExport-noconfig.cmake
[2.851s] -- Installing: /home/y/lxy_ROS2/ROS2_git/src/install/base_interface_demo/share/base_interface_demo/cmake/export_base_interface_demo__rosidl_generator_pyExport.cmake
[2.851s] -- Installing: /home/y/lxy_ROS2/ROS2_git/src/install/base_interface_demo/share/base_interface_demo/cmake/export_base_interface_demo__rosidl_generator_pyExport-noconfig.cmake
[2.851s] -- Installing: /home/y/lxy_ROS2/ROS2_git/src/install/base_interface_demo/share/base_interface_demo/cmake/rosidl_cmake-extras.cmake
[2.851s] -- Installing: /home/y/lxy_ROS2/ROS2_git/src/install/base_interface_demo/share/base_interface_demo/cmake/ament_cmake_export_include_directories-extras.cmake
[2.851s] -- Installing: /home/y/lxy_ROS2/ROS2_git/src/install/base_interface_demo/share/base_interface_demo/cmake/ament_cmake_export_libraries-extras.cmake
[2.851s] -- Installing: /home/y/lxy_ROS2/ROS2_git/src/install/base_interface_demo/share/base_interface_demo/cmake/ament_cmake_export_targets-extras.cmake
[2.851s] -- Installing: /home/y/lxy_ROS2/ROS2_git/src/install/base_interface_demo/share/base_interface_demo/cmake/rosidl_cmake_export_typesupport_targets-extras.cmake
[2.851s] -- Installing: /home/y/lxy_ROS2/ROS2_git/src/install/base_interface_demo/share/base_interface_demo/cmake/ament_cmake_export_dependencies-extras.cmake
[2.852s] -- Installing: /home/y/lxy_ROS2/ROS2_git/src/install/base_interface_demo/share/base_interface_demo/cmake/rosidl_cmake_export_typesupport_libraries-extras.cmake
[2.852s] -- Installing: /home/y/lxy_ROS2/ROS2_git/src/install/base_interface_demo/share/base_interface_demo/cmake/base_interface_demoConfig.cmake
[2.852s] -- Installing: /home/y/lxy_ROS2/ROS2_git/src/install/base_interface_demo/share/base_interface_demo/cmake/base_interface_demoConfig-version.cmake
[2.852s] -- Installing: /home/y/lxy_ROS2/ROS2_git/src/install/base_interface_demo/share/base_interface_demo/package.xml
[2.853s] Invoked command in '/home/y/lxy_ROS2/ROS2_git/src/build/base_interface_demo' returned '0': CMAKE_PREFIX_PATH=${CMAKE_PREFIX_PATH}:/home/y/lxy_ROS2/ws00_helloworld/install/pkg02_helloworld_py:/opt/ros/humble /usr/local/bin/cmake --install /home/y/lxy_ROS2/ROS2_git/src/build/base_interface_demo
