[0.010s] Invoking command in '/home/y/lxy_ROS2/ROS2_git/build/pk02_topic_cpp': CMAKE_PREFIX_PATH=${CMAKE_PREFIX_PATH}:/home/y/lxy_ROS2/ws00_helloworld/install/pkg02_helloworld_py:/opt/ros/humble /usr/local/bin/cmake --build /home/y/lxy_ROS2/ROS2_git/build/pk02_topic_cpp -- -j4 -l4
[0.027s] -- Found ament_cmake: 1.3.10 (/opt/ros/humble/share/ament_cmake/cmake)
[0.092s] -- Found rclcpp: 16.0.10 (/opt/ros/humble/share/rclcpp/cmake)
[0.115s] -- Found rosidl_generator_c: 3.1.5 (/opt/ros/humble/share/rosidl_generator_c/cmake)
[0.117s] -- Found rosidl_adapter: 3.1.5 (/opt/ros/humble/share/rosidl_adapter/cmake)
[0.121s] -- Found rosidl_generator_cpp: 3.1.5 (/opt/ros/humble/share/rosidl_generator_cpp/cmake)
[0.129s] -- Using all available rosidl_typesupport_c: rosidl_typesupport_fastrtps_c;rosidl_typesupport_introspection_c
[0.138s] -- Using all available rosidl_typesupport_cpp: rosidl_typesupport_fastrtps_cpp;rosidl_typesupport_introspection_cpp
[0.164s] -- Found rmw_implementation_cmake: 6.1.2 (/opt/ros/humble/share/rmw_implementation_cmake/cmake)
[0.165s] -- Found rmw_fastrtps_cpp: 6.2.7 (/opt/ros/humble/share/rmw_fastrtps_cpp/cmake)
[0.252s] -- Using RMW implementation 'rmw_fastrtps_cpp' as default
[0.302s] [31mCMake Error at CMakeLists.txt:12 (find_package):
[0.302s]   By not providing "Findbase_interface_demo.cmake" in CMAKE_MODULE_PATH this
[0.302s]   project has asked CMake to find a package configuration file provided by
[0.302s]   "base_interface_demo", but CMake did not find one.
[0.302s] 
[0.302s]   Could not find a package configuration file provided by
[0.302s]   "base_interface_demo" with any of the following names:
[0.302s] 
[0.302s]     base_interface_demoConfig.cmake
[0.302s]     base_interface_demo-config.cmake
[0.302s] 
[0.302s]   Add the installation prefix of "base_interface_demo" to CMAKE_PREFIX_PATH
[0.302s]   or set "base_interface_demo_DIR" to a directory containing one of the above
[0.302s]   files.  If "base_interface_demo" provides a separate development package or
[0.302s]   SDK, be sure it has been installed.
[0.302s] 
[0.302s] [0m
[0.302s] -- Configuring incomplete, errors occurred!
[0.306s] gmake: *** [Makefile:308：cmake_check_build_system] 错误 1
[0.308s] Invoked command in '/home/y/lxy_ROS2/ROS2_git/build/pk02_topic_cpp' returned '2': CMAKE_PREFIX_PATH=${CMAKE_PREFIX_PATH}:/home/y/lxy_ROS2/ws00_helloworld/install/pkg02_helloworld_py:/opt/ros/humble /usr/local/bin/cmake --build /home/y/lxy_ROS2/ROS2_git/build/pk02_topic_cpp -- -j4 -l4
