[0.010s] Invoking command in '/home/y/lxy_ROS2/ROS2_git/src/pk02_topic_cpp/build/pk02_topic_cpp': CMAKE_PREFIX_PATH=${CMAKE_PREFIX_PATH}:/home/y/lxy_ROS2/ws00_helloworld/install/pkg02_helloworld_py:/opt/ros/humble /usr/local/bin/cmake --build /home/y/lxy_ROS2/ROS2_git/src/pk02_topic_cpp/build/pk02_topic_cpp -- -j4 -l4
[0.022s] -- Found ament_cmake: 1.3.10 (/opt/ros/humble/share/ament_cmake/cmake)
[0.087s] -- Found rclcpp: 16.0.10 (/opt/ros/humble/share/rclcpp/cmake)
[0.110s] -- Found rosidl_generator_c: 3.1.5 (/opt/ros/humble/share/rosidl_generator_c/cmake)
[0.113s] -- Found rosidl_adapter: 3.1.5 (/opt/ros/humble/share/rosidl_adapter/cmake)
[0.118s] -- Found rosidl_generator_cpp: 3.1.5 (/opt/ros/humble/share/rosidl_generator_cpp/cmake)
[0.125s] -- Using all available rosidl_typesupport_c: rosidl_typesupport_fastrtps_c;rosidl_typesupport_introspection_c
[0.136s] -- Using all available rosidl_typesupport_cpp: rosidl_typesupport_fastrtps_cpp;rosidl_typesupport_introspection_cpp
[0.162s] -- Found rmw_implementation_cmake: 6.1.2 (/opt/ros/humble/share/rmw_implementation_cmake/cmake)
[0.163s] -- Found rmw_fastrtps_cpp: 6.2.7 (/opt/ros/humble/share/rmw_fastrtps_cpp/cmake)
[0.246s] -- Using RMW implementation 'rmw_fastrtps_cpp' as default
[0.286s] -- Found ament_lint_auto: 0.12.11 (/opt/ros/humble/share/ament_lint_auto/cmake)
[0.340s] -- Added test 'cppcheck' to perform static code analysis on C / C++ code
[0.341s] -- Configured cppcheck include dirs: 
[0.341s] -- Configured cppcheck exclude dirs and/or files: 
[0.341s] -- Added test 'flake8' to check Python code syntax and style conventions
[0.343s] -- Added test 'lint_cmake' to check CMake code style
[0.343s] -- Added test 'pep257' to check Python code against some of the docstring style conventions in PEP 257
[0.348s] -- Added test 'uncrustify' to check C / C++ code style
[0.348s] -- Configured uncrustify additional arguments: 
[0.349s] -- Added test 'xmllint' to check XML markup files
[0.349s] -- Configuring done (0.3s)
[0.358s] -- Generating done (0.0s)
[0.359s] -- Build files have been written to: /home/y/lxy_ROS2/ROS2_git/src/pk02_topic_cpp/build/pk02_topic_cpp
[0.375s] [ 25%] [32mBuilding CXX object CMakeFiles/demo01_talk_str.dir/src/demo01_talk_str.cpp.o[0m
[0.375s] [ 50%] [32mBuilding CXX object CMakeFiles/demo02_listen_str.dir/src/demo02_listen_str.cpp.o[0m
[3.344s] [01m[K/home/y/lxy_ROS2/ROS2_git/src/pk02_topic_cpp/src/demo01_talk_str.cpp:18:7:[m[K [01;31m[Kerror: [m[Kexpected nested-name-specifier before ‘[01m[Knamespcace[m[K’
[3.344s]    18 | using [01;31m[Knamespcace[m[K std::chrono_literals;   //chrono_literals provides us with easy access to common time units
[3.344s]       |       [01;31m[K^~~~~~~~~~[m[K
[3.350s] [01m[K/home/y/lxy_ROS2/ROS2_git/src/pk02_topic_cpp/src/demo01_talk_str.cpp:57:27:[m[K [01;31m[Kerror: [m[K‘[01m[Kstd_msg[m[K’ was not declared in this scope; did you mean ‘[01m[Kstd_msgs[m[K’?
[3.350s]    57 |         rclcpp::Publisher<[01;31m[Kstd_msg[m[K::msg::String>::SharedPtr publisher_;
[3.350s]       |                           [01;31m[K^~~~~~~[m[K
[3.350s]       |                           [32m[Kstd_msgs[m[K
[3.350s] [01m[K/home/y/lxy_ROS2/ROS2_git/src/pk02_topic_cpp/src/demo01_talk_str.cpp:57:47:[m[K [01;31m[Kerror: [m[Ktemplate argument 1 is invalid
[3.350s]    57 |         rclcpp::Publisher<std_msg::msg::String[01;31m[K>[m[K::SharedPtr publisher_;
[3.350s]       |                                               [01;31m[K^[m[K
[3.364s] [01m[K/home/y/lxy_ROS2/ROS2_git/src/pk02_topic_cpp/src/demo01_talk_str.cpp:57:50:[m[K [01;31m[Kerror: [m[Kexpected ‘[01m[K;[m[K’ at end of member declaration
[3.364s]    57 |         rclcpp::Publisher<std_msg::msg::String>::[01;31m[KSharedPtr[m[K publisher_;
[3.364s]       |                                                  [01;31m[K^~~~~~~~~[m[K
[3.364s]       |                                                           [32m[K;[m[K
[3.365s] [01m[K/home/y/lxy_ROS2/ROS2_git/src/pk02_topic_cpp/src/demo01_talk_str.cpp:57:60:[m[K [01;31m[Kerror: [m[K‘[01m[Kpublisher_[m[K’ does not name a type; did you mean ‘[01m[Krmw_publisher_t[m[K’?
[3.365s]    57 |         rclcpp::Publisher<std_msg::msg::String>::SharedPtr [01;31m[Kpublisher_[m[K;
[3.365s]       |                                                            [01;31m[K^~~~~~~~~~[m[K
[3.365s]       |                                                            [32m[Krmw_publisher_t[m[K
[3.373s] [01m[K/home/y/lxy_ROS2/ROS2_git/src/pk02_topic_cpp/src/demo01_talk_str.cpp:[m[K In constructor ‘[01m[KMinimalPublisher::MinimalPublisher()[m[K’:
[3.373s] [01m[K/home/y/lxy_ROS2/ROS2_git/src/pk02_topic_cpp/src/demo01_talk_str.cpp:29:13:[m[K [01;31m[Kerror: [m[K‘[01m[Kpublisher_[m[K’ was not declared in this scope; did you mean ‘[01m[Krmw_publisher_t[m[K’?
[3.373s]    29 |             [01;31m[Kpublisher_[m[K = this->create_publisher<std_msg::msg::String>("topic", 10);
[3.373s]       |             [01;31m[K^~~~~~~~~~[m[K
[3.373s]       |             [32m[Krmw_publisher_t[m[K
[3.376s] [01m[K/home/y/lxy_ROS2/ROS2_git/src/pk02_topic_cpp/src/demo01_talk_str.cpp:29:49:[m[K [01;31m[Kerror: [m[K‘[01m[Kstd_msg[m[K’ was not declared in this scope; did you mean ‘[01m[Kstd_msgs[m[K’?
[3.377s]    29 |             publisher_ = this->create_publisher<[01;31m[Kstd_msg[m[K::msg::String>("topic", 10);
[3.377s]       |                                                 [01;31m[K^~~~~~~[m[K
[3.377s]       |                                                 [32m[Kstd_msgs[m[K
[3.377s] [01m[K/home/y/lxy_ROS2/ROS2_git/src/pk02_topic_cpp/src/demo01_talk_str.cpp:29:32:[m[K [01;31m[Kerror: [m[Kparse error in template argument list
[3.377s]    29 |             publisher_ = this->[01;31m[Kcreate_publisher<std_msg::msg::String>[m[K("topic", 10);
[3.377s]       |                                [01;31m[K^~~~~~~~~~~~~~~~~~~~~~~~~~~~~~~~~~~~~~[m[K
[3.377s] [01m[K/home/y/lxy_ROS2/ROS2_git/src/pk02_topic_cpp/src/demo01_talk_str.cpp:29:70:[m[K [01;31m[Kerror: [m[Kno matching function for call to ‘[01m[KMinimalPublisher::create_publisher<<expression error> >(const char [6], int)[m[K’
[3.377s]    29 |             publisher_ = [01;31m[Kthis->create_publisher<std_msg::msg::String>("topic", 10)[m[K;
[3.377s]       |                          [01;31m[K~~~~~~~~~~~~~~~~~~~~~~~~~~~~~~~~~~~~~~~~~~~~^~~~~~~~~~~~~[m[K
[3.378s] In file included from [01m[K/opt/ros/humble/include/rclcpp/rclcpp/executors/single_threaded_executor.hpp:28[m[K,
[3.378s]                  from [01m[K/opt/ros/humble/include/rclcpp/rclcpp/executors.hpp:22[m[K,
[3.379s]                  from [01m[K/opt/ros/humble/include/rclcpp/rclcpp/rclcpp.hpp:155[m[K,
[3.379s]                  from [01m[K/home/y/lxy_ROS2/ROS2_git/src/pk02_topic_cpp/src/demo01_talk_str.cpp:15[m[K:
[3.379s] [01m[K/opt/ros/humble/include/rclcpp/rclcpp/node.hpp:195:3:[m[K [01;36m[Knote: [m[Kcandidate: ‘[01m[Ktemplate<class MessageT, class AllocatorT, class PublisherT> std::shared_ptr<PublisherT> rclcpp::Node::create_publisher(const string&, const rclcpp::QoS&, const rclcpp::PublisherOptionsWithAllocator<AllocatorT>&)[m[K’
[3.379s]   195 |   [01;36m[Kcreate_publisher[m[K(
[3.379s]       |   [01;36m[K^~~~~~~~~~~~~~~~[m[K
[3.379s] [01m[K/opt/ros/humble/include/rclcpp/rclcpp/node.hpp:195:3:[m[K [01;36m[Knote: [m[K  template argument deduction/substitution failed:
[3.379s] [01m[K/home/y/lxy_ROS2/ROS2_git/src/pk02_topic_cpp/src/demo01_talk_str.cpp:29:70:[m[K [01;31m[Kerror: [m[Ktemplate argument 1 is invalid
[3.379s]    29 |             publisher_ = [01;31m[Kthis->create_publisher<std_msg::msg::String>("topic", 10)[m[K;
[3.379s]       |                          [01;31m[K~~~~~~~~~~~~~~~~~~~~~~~~~~~~~~~~~~~~~~~~~~~~^~~~~~~~~~~~~[m[K
[3.379s] [01m[K/home/y/lxy_ROS2/ROS2_git/src/pk02_topic_cpp/src/demo01_talk_str.cpp:37:46:[m[K [01;31m[Kerror: [m[Kunable to find numeric literal operator ‘[01m[Koperator""ms[m[K’
[3.379s]    37 |             timer_ = this->create_wall_timer([01;31m[K500ms[m[K,std::bind(&MinimalPublisher::timer_callback,this));
[3.379s]       |                                              [01;31m[K^~~~~[m[K
[3.383s] [01m[K/home/y/lxy_ROS2/ROS2_git/src/pk02_topic_cpp/src/demo02_listen_str.cpp:32:45:[m[K [01;31m[Kerror: [m[K‘[01m[Kmsgg[m[K’ in namespace ‘[01m[Kstd_msgs[m[K’ does not name a type; did you mean ‘[01m[Kmsg[m[K’?
[3.383s]    32 |         void topic_callback(const std_msgs::[01;31m[Kmsgg[m[K::string & msg)const
[3.383s]       |                                             [01;31m[K^~~~[m[K
[3.383s]       |                                             [32m[Kmsg[m[K
[3.383s] [01m[K/home/y/lxy_ROS2/ROS2_git/src/pk02_topic_cpp/src/demo02_listen_str.cpp:32:58:[m[K [01;31m[Kerror: [m[Kexpected unqualified-id before ‘[01m[K&[m[K’ token
[3.383s]    32 |         void topic_callback(const std_msgs::msgg::string [01;31m[K&[m[K msg)const
[3.384s]       |                                                          [01;31m[K^[m[K
[3.384s] [01m[K/home/y/lxy_ROS2/ROS2_git/src/pk02_topic_cpp/src/demo02_listen_str.cpp:32:57:[m[K [01;31m[Kerror: [m[Kexpected ‘[01m[K)[m[K’ before ‘[01m[K&[m[K’ token
[3.384s]    32 |         void topic_callback[34m[K([m[Kconst std_msgs::msgg::string[01;31m[K [m[K[32m[K&[m[K msg)const
[3.384s]       |                            [34m[K~[m[K                            [01;31m[K^[m[K[32m[K~[m[K
[3.384s]       |                                                         [32m[K)[m[K
[3.384s] [01m[K/home/y/lxy_ROS2/ROS2_git/src/pk02_topic_cpp/src/demo02_listen_str.cpp:32:58:[m[K [01;31m[Kerror: [m[Kexpected ‘[01m[K;[m[K’ at end of member declaration
[3.384s]    32 |         void topic_callback(const std_msgs::msgg::string [01;31m[K&[m[K msg)const
[3.384s]       |                                                          [01;31m[K^[m[K
[3.384s]       |                                                           [32m[K;[m[K
[3.385s] [01m[K/home/y/lxy_ROS2/ROS2_git/src/pk02_topic_cpp/src/demo02_listen_str.cpp:32:60:[m[K [01;31m[Kerror: [m[K‘[01m[Kmsg[m[K’ does not name a type
[3.385s]    32 |         void topic_callback(const std_msgs::msgg::string & [01;31m[Kmsg[m[K)const
[3.385s]       |                                                            [01;31m[K^~~[m[K
[3.385s] [01m[K/home/y/lxy_ROS2/ROS2_git/src/pk02_topic_cpp/src/demo01_talk_str.cpp:[m[K In member function ‘[01m[Kvoid MinimalPublisher::timer_callback()[m[K’:
[3.385s] [01m[K/home/y/lxy_ROS2/ROS2_git/src/pk02_topic_cpp/src/demo01_talk_str.cpp:47:28:[m[K [01;31m[Kerror: [m[K‘[01m[Kstd_msg[m[K’ has not been declared
[3.385s]    47 |             auto message = [01;31m[Kstd_msg[m[K::msg::String();
[3.385s]       |                            [01;31m[K^~~~~~~[m[K
[3.389s] [01m[K/home/y/lxy_ROS2/ROS2_git/src/pk02_topic_cpp/src/demo01_talk_str.cpp:49:13:[m[K [01;31m[Kerror: [m[K‘[01m[Kmesssage[m[K’ was not declared in this scope
[3.389s]    49 |             [01;31m[Kmesssage[m[K.data = "Hello World: " + std::to_string(count_++);
[3.389s]       |             [01;31m[K^~~~~~~~[m[K
[3.394s] [01m[K/home/y/lxy_ROS2/ROS2_git/src/pk02_topic_cpp/src/demo01_talk_str.cpp:53:13:[m[K [01;31m[Kerror: [m[K‘[01m[Kpublisher_[m[K’ was not declared in this scope; did you mean ‘[01m[Krmw_publisher_t[m[K’?
[3.394s]    53 |             [01;31m[Kpublisher_[m[K->publish(message);
[3.394s]       |             [01;31m[K^~~~~~~~~~[m[K
[3.394s]       |             [32m[Krmw_publisher_t[m[K
[3.877s] gmake[2]: *** [CMakeFiles/demo01_talk_str.dir/build.make:76: CMakeFiles/demo01_talk_str.dir/src/demo01_talk_str.cpp.o] Error 1
[3.877s] gmake[1]: *** [CMakeFiles/Makefile2:139: CMakeFiles/demo01_talk_str.dir/all] Error 2
[3.877s] gmake[1]: *** Waiting for unfinished jobs....
[3.902s] In file included from [01m[K/opt/ros/humble/include/rclcpp/rclcpp/client.hpp:39[m[K,
[3.902s]                  from [01m[K/opt/ros/humble/include/rclcpp/rclcpp/callback_group.hpp:24[m[K,
[3.902s]                  from [01m[K/opt/ros/humble/include/rclcpp/rclcpp/any_executable.hpp:20[m[K,
[3.902s]                  from [01m[K/opt/ros/humble/include/rclcpp/rclcpp/memory_strategy.hpp:25[m[K,
[3.902s]                  from [01m[K/opt/ros/humble/include/rclcpp/rclcpp/memory_strategies.hpp:18[m[K,
[3.902s]                  from [01m[K/opt/ros/humble/include/rclcpp/rclcpp/executor_options.hpp:20[m[K,
[3.902s]                  from [01m[K/opt/ros/humble/include/rclcpp/rclcpp/executor.hpp:37[m[K,
[3.902s]                  from [01m[K/opt/ros/humble/include/rclcpp/rclcpp/executors/multi_threaded_executor.hpp:25[m[K,
[3.902s]                  from [01m[K/opt/ros/humble/include/rclcpp/rclcpp/executors.hpp:21[m[K,
[3.902s]                  from [01m[K/opt/ros/humble/include/rclcpp/rclcpp/rclcpp.hpp:155[m[K,
[3.902s]                  from [01m[K/home/y/lxy_ROS2/ROS2_git/src/pk02_topic_cpp/src/demo02_listen_str.cpp:14[m[K:
[3.902s] /opt/ros/humble/include/rclcpp/rclcpp/function_traits.hpp: In instantiation of ‘[01m[Kstruct rclcpp::function_traits::function_traits<std::_Bind<void (MinialSubscriber::*(MinialSubscriber*, std::_Placeholder<1>))(...) &> >[m[K’:
[3.902s] [01m[K/opt/ros/humble/include/rclcpp/rclcpp/any_subscription_callback.hpp:380:10:[m[K   recursively required by substitution of ‘[01m[Ktemplate<class MessageT, class CallbackT> struct rclcpp::detail::SubscriptionCallbackTypeHelper<MessageT, CallbackT, typename std::enable_if<rclcpp::function_traits::same_arguments<CallbackT, std::function<void(std::shared_ptr<_Tp>, const rclcpp::MessageInfo&)> >::value, void>::type> [with MessageT = std_msgs::msg::String_<std::allocator<void> >; CallbackT = std::_Bind<void (MinialSubscriber::*(MinialSubscriber*, std::_Placeholder<1>))(...) &>][m[K’
[3.902s] [01m[K/opt/ros/humble/include/rclcpp/rclcpp/any_subscription_callback.hpp:380:10:[m[K   required from ‘[01m[Krclcpp::AnySubscriptionCallback<MessageT, AllocatorT> rclcpp::AnySubscriptionCallback<MessageT, AllocatorT>::set(CallbackT) [with CallbackT = std::_Bind<void (MinialSubscriber::*(MinialSubscriber*, std::_Placeholder<1>))(...) &>; MessageT = std_msgs::msg::String_<std::allocator<void> >; AllocatorT = std::allocator<void>][m[K’
[3.902s] [01m[K/opt/ros/humble/include/rclcpp/rclcpp/subscription_factory.hpp:94:32:[m[K   required from ‘[01m[Krclcpp::SubscriptionFactory rclcpp::create_subscription_factory(CallbackT&&, const rclcpp::SubscriptionOptionsWithAllocator<AllocatorT>&, typename MessageMemoryStrategyT::SharedPtr, std::shared_ptr<rclcpp::topic_statistics::SubscriptionTopicStatistics<ROSMessageType> >) [with MessageT = std_msgs::msg::String_<std::allocator<void> >; CallbackT = std::_Bind<void (MinialSubscriber::*(MinialSubscriber*, std::_Placeholder<1>))(...) &>; AllocatorT = std::allocator<void>; SubscriptionT = rclcpp::Subscription<std_msgs::msg::String_<std::allocator<void> > >; MessageMemoryStrategyT = rclcpp::message_memory_strategy::MessageMemoryStrategy<std_msgs::msg::String_<std::allocator<void> >, std::allocator<void> >; ROSMessageType = std_msgs::msg::String_<std::allocator<void> >; typename MessageMemoryStrategyT::SharedPtr = std::shared_ptr<rclcpp::message_memory_strategy::MessageMemoryStrategy<std_msgs::msg::String_<std::allocator<void> >, std::allocator<void> > >][m[K’
[3.902s] [01m[K/opt/ros/humble/include/rclcpp/rclcpp/create_subscription.hpp:122:63:[m[K   required from ‘[01m[Kstd::shared_ptr<ROSMessageT> rclcpp::detail::create_subscription(NodeParametersT&, NodeTopicsT&, const string&, const rclcpp::QoS&, CallbackT&&, const rclcpp::SubscriptionOptionsWithAllocator<AllocatorT>&, typename MessageMemoryStrategyT::SharedPtr) [with MessageT = std_msgs::msg::String_<std::allocator<void> >; CallbackT = std::_Bind<void (MinialSubscriber::*(MinialSubscriber*, std::_Placeholder<1>))(...) &>; AllocatorT = std::allocator<void>; SubscriptionT = rclcpp::Subscription<std_msgs::msg::String_<std::allocator<void> > >; MessageMemoryStrategyT = rclcpp::message_memory_strategy::MessageMemoryStrategy<std_msgs::msg::String_<std::allocator<void> >, std::allocator<void> >; NodeParametersT = rclcpp::Node; NodeTopicsT = rclcpp::Node; ROSMessageType = std_msgs::msg::String_<std::allocator<void> >; std::string = std::__cxx11::basic_string<char>; typename MessageMemoryStrategyT::SharedPtr = std::shared_ptr<rclcpp::message_memory_strategy::MessageMemoryStrategy<std_msgs::msg::String_<std::allocator<void> >, std::allocator<void> > >][m[K’
[3.902s] [01m[K/opt/ros/humble/include/rclcpp/rclcpp/create_subscription.hpp:191:76:[m[K   required from ‘[01m[Kstd::shared_ptr<ROSMessageT> rclcpp::create_subscription(NodeT&, const string&, const rclcpp::QoS&, CallbackT&&, const rclcpp::SubscriptionOptionsWithAllocator<AllocatorT>&, typename MessageMemoryStrategyT::SharedPtr) [with MessageT = std_msgs::msg::String_<std::allocator<void> >; CallbackT = std::_Bind<void (MinialSubscriber::*(MinialSubscriber*, std::_Placeholder<1>))(...) &>; AllocatorT = std::allocator<void>; SubscriptionT = rclcpp::Subscription<std_msgs::msg::String_<std::allocator<void> > >; MessageMemoryStrategyT = rclcpp::message_memory_strategy::MessageMemoryStrategy<std_msgs::msg::String_<std::allocator<void> >, std::allocator<void> >; NodeT = rclcpp::Node; std::string = std::__cxx11::basic_string<char>; typename MessageMemoryStrategyT::SharedPtr = std::shared_ptr<rclcpp::message_memory_strategy::MessageMemoryStrategy<std_msgs::msg::String_<std::allocator<void> >, std::allocator<void> > >][m[K’
[3.902s] [01m[K/opt/ros/humble/include/rclcpp/rclcpp/node_impl.hpp:99:47:[m[K   required from ‘[01m[Kstd::shared_ptr<ROSMessageT> rclcpp::Node::create_subscription(const string&, const rclcpp::QoS&, CallbackT&&, const rclcpp::SubscriptionOptionsWithAllocator<AllocatorT>&, typename MessageMemoryStrategyT::SharedPtr) [with MessageT = std_msgs::msg::String_<std::allocator<void> >; CallbackT = std::_Bind<void (MinialSubscriber::*(MinialSubscriber*, std::_Placeholder<1>))(...) &>; AllocatorT = std::allocator<void>; SubscriptionT = rclcpp::Subscription<std_msgs::msg::String_<std::allocator<void> > >; MessageMemoryStrategyT = rclcpp::message_memory_strategy::MessageMemoryStrategy<std_msgs::msg::String_<std::allocator<void> >, std::allocator<void> >; std::string = std::__cxx11::basic_string<char>; typename MessageMemoryStrategyT::SharedPtr = std::shared_ptr<rclcpp::message_memory_strategy::MessageMemoryStrategy<std_msgs::msg::String_<std::allocator<void> >, std::allocator<void> > >][m[K’
[3.902s] [01m[K/home/y/lxy_ROS2/ROS2_git/src/pk02_topic_cpp/src/demo02_listen_str.cpp:26:77:[m[K   required from here
[3.903s] [01m[K/opt/ros/humble/include/rclcpp/rclcpp/function_traits.hpp:51:9:[m[K [01;31m[Kerror: [m[K‘[01m[Kdecltype[m[K’ cannot resolve address of overloaded function
[3.903s]    51 |   using [01;31m[Karguments[m[K = typename tuple_tail<
[3.903s]       |         [01;31m[K^~~~~~~~~[m[K
[3.903s] [01m[K/opt/ros/humble/include/rclcpp/rclcpp/function_traits.hpp:57:9:[m[K [01;31m[Kerror: [m[K‘[01m[Kdecltype[m[K’ cannot resolve address of overloaded function
[3.903s]    57 |   using [01;31m[Kargument_type[m[K = typename std::tuple_element<N, arguments>::type;
[3.903s]       |         [01;31m[K^~~~~~~~~~~~~[m[K
[3.903s] [01m[K/opt/ros/humble/include/rclcpp/rclcpp/function_traits.hpp:59:9:[m[K [01;31m[Kerror: [m[K‘[01m[Kdecltype[m[K’ cannot resolve address of overloaded function
[3.903s]    59 |   using [01;31m[Kreturn_type[m[K = typename function_traits<decltype( &FunctionT::operator())>::return_type;
[3.903s]       |         [01;31m[K^~~~~~~~~~~[m[K
[5.289s] gmake[2]: *** [CMakeFiles/demo02_listen_str.dir/build.make:76: CMakeFiles/demo02_listen_str.dir/src/demo02_listen_str.cpp.o] Error 1
[5.289s] gmake[1]: *** [CMakeFiles/Makefile2:165: CMakeFiles/demo02_listen_str.dir/all] Error 2
[5.290s] gmake: *** [Makefile:146: all] Error 2
[5.290s] Invoked command in '/home/y/lxy_ROS2/ROS2_git/src/pk02_topic_cpp/build/pk02_topic_cpp' returned '2': CMAKE_PREFIX_PATH=${CMAKE_PREFIX_PATH}:/home/y/lxy_ROS2/ws00_helloworld/install/pkg02_helloworld_py:/opt/ros/humble /usr/local/bin/cmake --build /home/y/lxy_ROS2/ROS2_git/src/pk02_topic_cpp/build/pk02_topic_cpp -- -j4 -l4
