[0.017s] Invoking command in '/home/y/lxy_ROS2/ROS2_git/build/pk02_topic_cpp': CMAKE_PREFIX_PATH=${CMAKE_PREFIX_PATH}:/home/y/lxy_ROS2/ws00_helloworld/install/pkg02_helloworld_py:/opt/ros/humble /usr/local/bin/cmake --build /home/y/lxy_ROS2/ROS2_git/build/pk02_topic_cpp -- -j4 -l4
[0.029s] -- Found ament_cmake: 1.3.10 (/opt/ros/humble/share/ament_cmake/cmake)
[0.098s] -- Found rclcpp: 16.0.10 (/opt/ros/humble/share/rclcpp/cmake)
[0.121s] -- Found rosidl_generator_c: 3.1.5 (/opt/ros/humble/share/rosidl_generator_c/cmake)
[0.124s] -- Found rosidl_adapter: 3.1.5 (/opt/ros/humble/share/rosidl_adapter/cmake)
[0.128s] -- Found rosidl_generator_cpp: 3.1.5 (/opt/ros/humble/share/rosidl_generator_cpp/cmake)
[0.135s] -- Using all available rosidl_typesupport_c: rosidl_typesupport_fastrtps_c;rosidl_typesupport_introspection_c
[0.146s] -- Using all available rosidl_typesupport_cpp: rosidl_typesupport_fastrtps_cpp;rosidl_typesupport_introspection_cpp
[0.173s] -- Found rmw_implementation_cmake: 6.1.2 (/opt/ros/humble/share/rmw_implementation_cmake/cmake)
[0.173s] -- Found rmw_fastrtps_cpp: 6.2.7 (/opt/ros/humble/share/rmw_fastrtps_cpp/cmake)
[0.270s] -- Using RMW implementation 'rmw_fastrtps_cpp' as default
[0.317s] -- Found ament_lint_auto: 0.12.11 (/opt/ros/humble/share/ament_lint_auto/cmake)
[0.373s] -- Added test 'cppcheck' to perform static code analysis on C / C++ code
[0.373s] -- Configured cppcheck include dirs: 
[0.374s] -- Configured cppcheck exclude dirs and/or files: 
[0.374s] -- Added test 'flake8' to check Python code syntax and style conventions
[0.376s] -- Added test 'lint_cmake' to check CMake code style
[0.378s] -- Added test 'pep257' to check Python code against some of the docstring style conventions in PEP 257
[0.385s] -- Added test 'uncrustify' to check C / C++ code style
[0.385s] -- Configured uncrustify additional arguments: 
[0.386s] -- Added test 'xmllint' to check XML markup files
[0.387s] -- Configuring done (0.4s)
[0.400s] -- Generating done (0.0s)
[0.400s] -- Build files have been written to: /home/y/lxy_ROS2/ROS2_git/build/pk02_topic_cpp
[0.430s] [ 50%] [32mBuilding CXX object CMakeFiles/demo01_talk_str.dir/src/demo01_talk_str.cpp.o[0m
[0.430s] [ 50%] [32mBuilding CXX object CMakeFiles/demo02_listen_str.dir/src/demo02_listen_str.cpp.o[0m
[3.658s] [ 75%] [32m[1mLinking CXX executable demo01_talk_str[0m
[3.774s] [ 75%] Built target demo01_talk_str
[6.189s] [100%] [32m[1mLinking CXX executable demo02_listen_str[0m
[6.411s] [100%] Built target demo02_listen_str
